[ 2015-09-22T19:27:15+08:00 ] 127.0.0.1 /1/webroot/index.php/home/scheduling/show
INFO: [ app_init ] --START--
INFO: Run Behavior\BuildLiteBehavior [ RunTime:0.000027s ]
INFO: [ app_init ] --END-- [ RunTime:0.001067s ]
INFO: [ app_begin ] --START--
INFO: Run Behavior\ReadHtmlCacheBehavior [ RunTime:0.001871s ]
INFO: [ app_begin ] --END-- [ RunTime:0.002010s ]
NOTIC: [2048] Declaration of Home\Controller\SchedulingController::show() should be compatible with Think\Controller::show($content, $charset = '', $contentType = '', $prefix = '') F:\Apache24\htdocs\1\webroot\Application\Home\Controller\SchedulingController.class.php 第 20 行.
SQL: SHOW COLUMNS FROM `sy_scheduling` [ RunTime:0.0353s ]
SQL: SHOW COLUMNS FROM `sy_scheduling` [ RunTime:0.0349s ]
SQL: SELECT * FROM `sy_scheduling` WHERE ( scheduling_id=1 ) LIMIT 1   [ RunTime:0.0344s ]
NOTIC: [8] Undefined variable: arraylist F:\Apache24\htdocs\1\webroot\Application\Home\Logic\SchedulingLogic.class.php 第 187 行.
NOTIC: [8] Undefined variable: arraylist F:\Apache24\htdocs\1\webroot\Application\Home\Logic\SchedulingLogic.class.php 第 187 行.
NOTIC: [8] Undefined variable: arraylist F:\Apache24\htdocs\1\webroot\Application\Home\Logic\SchedulingLogic.class.php 第 187 行.
NOTIC: [8] Undefined variable: arraylist F:\Apache24\htdocs\1\webroot\Application\Home\Logic\SchedulingLogic.class.php 第 187 行.
NOTIC: [8] Undefined variable: arraylist F:\Apache24\htdocs\1\webroot\Application\Home\Logic\SchedulingLogic.class.php 第 187 行.
NOTIC: [8] Undefined variable: arraylist F:\Apache24\htdocs\1\webroot\Application\Home\Logic\SchedulingLogic.class.php 第 187 行.
NOTIC: [8] Undefined variable: arraylist F:\Apache24\htdocs\1\webroot\Application\Home\Logic\SchedulingLogic.class.php 第 187 行.
NOTIC: [8] Undefined variable: arraylist F:\Apache24\htdocs\1\webroot\Application\Home\Logic\SchedulingLogic.class.php 第 187 行.
NOTIC: [8] Undefined variable: arraylist F:\Apache24\htdocs\1\webroot\Application\Home\Logic\SchedulingLogic.class.php 第 187 行.
NOTIC: [8] Undefined variable: arraylist F:\Apache24\htdocs\1\webroot\Application\Home\Logic\SchedulingLogic.class.php 第 187 行.
NOTIC: [8] Undefined variable: arraylist F:\Apache24\htdocs\1\webroot\Application\Home\Logic\SchedulingLogic.class.php 第 187 行.
NOTIC: [8] Undefined variable: arraylist F:\Apache24\htdocs\1\webroot\Application\Home\Logic\SchedulingLogic.class.php 第 187 行.
SQL: SELECT * FROM `sy_scheduling` WHERE `course` = '4-1' AND `time` = 1443628800  [ RunTime:0.0362s ]
SQL: SELECT * FROM `sy_scheduling` WHERE `course` = '4-2' AND `time` = 1443628800  [ RunTime:0.0341s ]
SQL: SELECT * FROM `sy_scheduling` WHERE `course` = '4-3' AND `time` = 1443628800  [ RunTime:0.0343s ]
SQL: SELECT * FROM `sy_scheduling` WHERE `course` = '4-4' AND `time` = 1443628800  [ RunTime:0.0343s ]
SQL: SELECT * FROM `sy_scheduling` WHERE `course` = '5-1' AND `time` = 1443715200  [ RunTime:0.0343s ]
SQL: SELECT * FROM `sy_scheduling` WHERE `course` = '5-2' AND `time` = 1443715200  [ RunTime:0.0353s ]
SQL: SELECT * FROM `sy_scheduling` WHERE `course` = '5-3' AND `time` = 1443715200  [ RunTime:0.0344s ]
SQL: SELECT * FROM `sy_scheduling` WHERE `course` = '5-4' AND `time` = 1443715200  [ RunTime:0.0343s ]
SQL: SELECT * FROM `sy_scheduling` WHERE `course` = '5-4' AND `time` = 1443974400  [ RunTime:0.0344s ]
NOTIC: [8] Undefined variable: list F:\Apache24\htdocs\1\webroot\Application\Home\Controller\SchedulingController.class.php 第 16 行.
INFO: [ view_parse ] --START--
INFO: [ template_filter ] --START--
INFO: Run Behavior\ContentReplaceBehavior [ RunTime:0.000163s ]
INFO: [ template_filter ] --END-- [ RunTime:0.000326s ]
NOTIC: [8] Undefined offset: 1 F:\Apache24\htdocs\1\webroot\Application\Runtime\Cache\Home\06230f8581b6788d87c57ff473d75273.php 第 81 行.
NOTIC: [8] Undefined offset: 1 F:\Apache24\htdocs\1\webroot\Application\Runtime\Cache\Home\06230f8581b6788d87c57ff473d75273.php 第 85 行.
NOTIC: [8] Undefined offset: 1 F:\Apache24\htdocs\1\webroot\Application\Runtime\Cache\Home\06230f8581b6788d87c57ff473d75273.php 第 89 行.
INFO: Run Behavior\ParseTemplateBehavior [ RunTime:0.026267s ]
INFO: [ view_parse ] --END-- [ RunTime:0.026389s ]
INFO: [ view_filter ] --START--
INFO: Run Behavior\WriteHtmlCacheBehavior [ RunTime:0.033307s ]
INFO: [ view_filter ] --END-- [ RunTime:0.033407s ]
NOTIC: [2] Cannot modify header information - headers already sent by (output started at F:\Apache24\htdocs\1\webroot\Application\Home\Controller\SchedulingController.class.php:14) F:\Apache24\htdocs\1\webroot\ThinkPHP\Library\Think\View.class.php 第 91 行.
NOTIC: [2] Cannot modify header information - headers already sent by (output started at F:\Apache24\htdocs\1\webroot\Application\Home\Controller\SchedulingController.class.php:14) F:\Apache24\htdocs\1\webroot\ThinkPHP\Library\Think\View.class.php 第 92 行.
NOTIC: [2] Cannot modify header information - headers already sent by (output started at F:\Apache24\htdocs\1\webroot\Application\Home\Controller\SchedulingController.class.php:14) F:\Apache24\htdocs\1\webroot\ThinkPHP\Library\Think\View.class.php 第 93 行.
INFO: [ app_end ] --START--
INFO: Run Behavior\ShowPageTraceBehavior [ RunTime:0.002073s ]
INFO: [ app_end ] --END-- [ RunTime:0.002154s ]

