[ 2015-09-23T11:29:50+08:00 ] 127.0.0.1 /1/webroot/index.php/home/scheduling/show
INFO: [ app_init ] --START--
INFO: Run Behavior\BuildLiteBehavior [ RunTime:0.000013s ]
INFO: [ app_init ] --END-- [ RunTime:0.000614s ]
INFO: [ app_begin ] --START--
INFO: Run Behavior\ReadHtmlCacheBehavior [ RunTime:0.001052s ]
INFO: [ app_begin ] --END-- [ RunTime:0.001122s ]
NOTIC: [2048] Declaration of Home\Controller\SchedulingController::show() should be compatible with Think\Controller::show($content, $charset = '', $contentType = '', $prefix = '') F:\Apache24\htdocs\1\webroot\Application\Home\Controller\SchedulingController.class.php 第 20 行.
SQL: SHOW COLUMNS FROM `sy_scheduling` [ RunTime:0.0410s ]
SQL: SHOW COLUMNS FROM `sy_scheduling` [ RunTime:0.0411s ]
SQL: SELECT * FROM `sy_scheduling` WHERE ( scheduling_id=1 ) LIMIT 1   [ RunTime:0.0410s ]
NOTIC: [8] Undefined variable: arraylist F:\Apache24\htdocs\1\webroot\Application\Home\Logic\SchedulingLogic.class.php 第 187 行.
NOTIC: [8] Undefined variable: arraylist F:\Apache24\htdocs\1\webroot\Application\Home\Logic\SchedulingLogic.class.php 第 187 行.
NOTIC: [8] Undefined variable: arraylist F:\Apache24\htdocs\1\webroot\Application\Home\Logic\SchedulingLogic.class.php 第 187 行.
NOTIC: [8] Undefined variable: arraylist F:\Apache24\htdocs\1\webroot\Application\Home\Logic\SchedulingLogic.class.php 第 187 行.
NOTIC: [8] Undefined variable: arraylist F:\Apache24\htdocs\1\webroot\Application\Home\Logic\SchedulingLogic.class.php 第 187 行.
NOTIC: [8] Undefined variable: arraylist F:\Apache24\htdocs\1\webroot\Application\Home\Logic\SchedulingLogic.class.php 第 187 行.
NOTIC: [8] Undefined variable: arraylist F:\Apache24\htdocs\1\webroot\Application\Home\Logic\SchedulingLogic.class.php 第 187 行.
NOTIC: [8] Undefined variable: arraylist F:\Apache24\htdocs\1\webroot\Application\Home\Logic\SchedulingLogic.class.php 第 187 行.
NOTIC: [8] Undefined variable: arraylist F:\Apache24\htdocs\1\webroot\Application\Home\Logic\SchedulingLogic.class.php 第 187 行.
NOTIC: [8] Undefined variable: arraylist F:\Apache24\htdocs\1\webroot\Application\Home\Logic\SchedulingLogic.class.php 第 187 行.
NOTIC: [8] Undefined variable: arraylist F:\Apache24\htdocs\1\webroot\Application\Home\Logic\SchedulingLogic.class.php 第 187 行.
NOTIC: [8] Undefined variable: arraylist F:\Apache24\htdocs\1\webroot\Application\Home\Logic\SchedulingLogic.class.php 第 187 行.
SQL: SELECT * FROM `sy_scheduling` WHERE `course` = '4-1' AND `time` = 1443628800  [ RunTime:0.0411s ]
SQL: SELECT * FROM `sy_scheduling` WHERE `course` = '4-2' AND `time` = 1443628800  [ RunTime:0.0405s ]
SQL: SELECT * FROM `sy_scheduling` WHERE `course` = '4-3' AND `time` = 1443628800  [ RunTime:0.0405s ]
SQL: SELECT * FROM `sy_scheduling` WHERE `course` = '4-4' AND `time` = 1443628800  [ RunTime:0.0411s ]
SQL: SELECT * FROM `sy_scheduling` WHERE `course` = '5-1' AND `time` = 1443715200  [ RunTime:0.0404s ]
SQL: SELECT * FROM `sy_scheduling` WHERE `course` = '5-2' AND `time` = 1443715200  [ RunTime:0.0403s ]
SQL: SELECT * FROM `sy_scheduling` WHERE `course` = '5-3' AND `time` = 1443715200  [ RunTime:0.0403s ]
SQL: SELECT * FROM `sy_scheduling` WHERE `course` = '5-4' AND `time` = 1443715200  [ RunTime:0.0405s ]
SQL: SELECT * FROM `sy_scheduling` WHERE `course` = '5-4' AND `time` = 1443974400  [ RunTime:0.0403s ]
NOTIC: [8] Undefined variable: list F:\Apache24\htdocs\1\webroot\Application\Home\Controller\SchedulingController.class.php 第 16 行.
INFO: [ view_parse ] --START--
INFO: [ template_filter ] --START--
INFO: Run Behavior\ContentReplaceBehavior [ RunTime:0.000124s ]
INFO: [ template_filter ] --END-- [ RunTime:0.000249s ]
NOTIC: [8] Undefined offset: 1 F:\Apache24\htdocs\1\webroot\Application\Runtime\Cache\Home\06230f8581b6788d87c57ff473d75273.php 第 81 行.
NOTIC: [8] Undefined offset: 1 F:\Apache24\htdocs\1\webroot\Application\Runtime\Cache\Home\06230f8581b6788d87c57ff473d75273.php 第 85 行.
NOTIC: [8] Undefined offset: 1 F:\Apache24\htdocs\1\webroot\Application\Runtime\Cache\Home\06230f8581b6788d87c57ff473d75273.php 第 89 行.
INFO: Run Behavior\ParseTemplateBehavior [ RunTime:0.042354s ]
INFO: [ view_parse ] --END-- [ RunTime:0.042495s ]
INFO: [ view_filter ] --START--
INFO: Run Behavior\WriteHtmlCacheBehavior [ RunTime:0.001221s ]
INFO: [ view_filter ] --END-- [ RunTime:0.001334s ]
NOTIC: [2] Cannot modify header information - headers already sent by (output started at F:\Apache24\htdocs\1\webroot\Application\Home\Controller\SchedulingController.class.php:14) F:\Apache24\htdocs\1\webroot\ThinkPHP\Library\Think\View.class.php 第 91 行.
NOTIC: [2] Cannot modify header information - headers already sent by (output started at F:\Apache24\htdocs\1\webroot\Application\Home\Controller\SchedulingController.class.php:14) F:\Apache24\htdocs\1\webroot\ThinkPHP\Library\Think\View.class.php 第 92 行.
NOTIC: [2] Cannot modify header information - headers already sent by (output started at F:\Apache24\htdocs\1\webroot\Application\Home\Controller\SchedulingController.class.php:14) F:\Apache24\htdocs\1\webroot\ThinkPHP\Library\Think\View.class.php 第 93 行.
INFO: [ app_end ] --START--
INFO: Run Behavior\ShowPageTraceBehavior [ RunTime:0.001608s ]
INFO: [ app_end ] --END-- [ RunTime:0.001704s ]

[ 2015-09-23T18:07:31+08:00 ] 127.0.0.1 /1/webroot/index.php/home/scheduling/show
INFO: [ app_init ] --START--
INFO: Run Behavior\BuildLiteBehavior [ RunTime:0.000019s ]
INFO: [ app_init ] --END-- [ RunTime:0.061232s ]
INFO: [ app_begin ] --START--
INFO: Run Behavior\ReadHtmlCacheBehavior [ RunTime:0.002359s ]
INFO: [ app_begin ] --END-- [ RunTime:0.002527s ]
NOTIC: [2048] Declaration of Home\Controller\SchedulingController::show() should be compatible with Think\Controller::show($content, $charset = '', $contentType = '', $prefix = '') F:\Apache24\htdocs\1\webroot\Application\Home\Controller\SchedulingController.class.php 第 20 行.
SQL: SHOW COLUMNS FROM `sy_scheduling` [ RunTime:0.0380s ]
SQL: SHOW COLUMNS FROM `sy_scheduling` [ RunTime:0.0368s ]
SQL: SELECT * FROM `sy_scheduling` WHERE ( scheduling_id=1 ) LIMIT 1   [ RunTime:0.0362s ]
NOTIC: [8] Undefined variable: arraylist F:\Apache24\htdocs\1\webroot\Application\Home\Logic\SchedulingLogic.class.php 第 187 行.
NOTIC: [8] Undefined variable: arraylist F:\Apache24\htdocs\1\webroot\Application\Home\Logic\SchedulingLogic.class.php 第 187 行.
NOTIC: [8] Undefined variable: arraylist F:\Apache24\htdocs\1\webroot\Application\Home\Logic\SchedulingLogic.class.php 第 187 行.
NOTIC: [8] Undefined variable: arraylist F:\Apache24\htdocs\1\webroot\Application\Home\Logic\SchedulingLogic.class.php 第 187 行.
NOTIC: [8] Undefined variable: arraylist F:\Apache24\htdocs\1\webroot\Application\Home\Logic\SchedulingLogic.class.php 第 187 行.
NOTIC: [8] Undefined variable: arraylist F:\Apache24\htdocs\1\webroot\Application\Home\Logic\SchedulingLogic.class.php 第 187 行.
NOTIC: [8] Undefined variable: arraylist F:\Apache24\htdocs\1\webroot\Application\Home\Logic\SchedulingLogic.class.php 第 187 行.
NOTIC: [8] Undefined variable: arraylist F:\Apache24\htdocs\1\webroot\Application\Home\Logic\SchedulingLogic.class.php 第 187 行.
NOTIC: [8] Undefined variable: arraylist F:\Apache24\htdocs\1\webroot\Application\Home\Logic\SchedulingLogic.class.php 第 187 行.
NOTIC: [8] Undefined variable: arraylist F:\Apache24\htdocs\1\webroot\Application\Home\Logic\SchedulingLogic.class.php 第 187 行.
NOTIC: [8] Undefined variable: arraylist F:\Apache24\htdocs\1\webroot\Application\Home\Logic\SchedulingLogic.class.php 第 187 行.
NOTIC: [8] Undefined variable: arraylist F:\Apache24\htdocs\1\webroot\Application\Home\Logic\SchedulingLogic.class.php 第 187 行.
SQL: SELECT * FROM `sy_scheduling` WHERE `course` = '4-1' AND `time` = 1443628800  [ RunTime:0.0362s ]
SQL: SELECT * FROM `sy_scheduling` WHERE `course` = '4-2' AND `time` = 1443628800  [ RunTime:0.0367s ]
SQL: SELECT * FROM `sy_scheduling` WHERE `course` = '4-3' AND `time` = 1443628800  [ RunTime:0.0363s ]
SQL: SELECT * FROM `sy_scheduling` WHERE `course` = '4-4' AND `time` = 1443628800  [ RunTime:0.0362s ]
SQL: SELECT * FROM `sy_scheduling` WHERE `course` = '5-1' AND `time` = 1443715200  [ RunTime:0.0379s ]
SQL: SELECT * FROM `sy_scheduling` WHERE `course` = '5-2' AND `time` = 1443715200  [ RunTime:0.0362s ]
SQL: SELECT * FROM `sy_scheduling` WHERE `course` = '5-3' AND `time` = 1443715200  [ RunTime:0.0362s ]
SQL: SELECT * FROM `sy_scheduling` WHERE `course` = '5-4' AND `time` = 1443715200  [ RunTime:0.0363s ]
SQL: SELECT * FROM `sy_scheduling` WHERE `course` = '5-4' AND `time` = 1443974400  [ RunTime:0.0368s ]
NOTIC: [8] Undefined variable: list F:\Apache24\htdocs\1\webroot\Application\Home\Controller\SchedulingController.class.php 第 16 行.
INFO: [ view_parse ] --START--
INFO: [ template_filter ] --START--
INFO: Run Behavior\ContentReplaceBehavior [ RunTime:0.000056s ]
INFO: [ template_filter ] --END-- [ RunTime:0.000120s ]
NOTIC: [8] Undefined offset: 1 F:\Apache24\htdocs\1\webroot\Application\Runtime\Cache\Home\06230f8581b6788d87c57ff473d75273.php 第 81 行.
NOTIC: [8] Undefined offset: 1 F:\Apache24\htdocs\1\webroot\Application\Runtime\Cache\Home\06230f8581b6788d87c57ff473d75273.php 第 85 行.
NOTIC: [8] Undefined offset: 1 F:\Apache24\htdocs\1\webroot\Application\Runtime\Cache\Home\06230f8581b6788d87c57ff473d75273.php 第 89 行.
INFO: Run Behavior\ParseTemplateBehavior [ RunTime:1.408236s ]
INFO: [ view_parse ] --END-- [ RunTime:1.408311s ]
INFO: [ view_filter ] --START--
INFO: Run Behavior\WriteHtmlCacheBehavior [ RunTime:0.113259s ]
INFO: [ view_filter ] --END-- [ RunTime:0.113315s ]
NOTIC: [2] Cannot modify header information - headers already sent by (output started at F:\Apache24\htdocs\1\webroot\Application\Home\Controller\SchedulingController.class.php:14) F:\Apache24\htdocs\1\webroot\ThinkPHP\Library\Think\View.class.php 第 91 行.
NOTIC: [2] Cannot modify header information - headers already sent by (output started at F:\Apache24\htdocs\1\webroot\Application\Home\Controller\SchedulingController.class.php:14) F:\Apache24\htdocs\1\webroot\ThinkPHP\Library\Think\View.class.php 第 92 行.
NOTIC: [2] Cannot modify header information - headers already sent by (output started at F:\Apache24\htdocs\1\webroot\Application\Home\Controller\SchedulingController.class.php:14) F:\Apache24\htdocs\1\webroot\ThinkPHP\Library\Think\View.class.php 第 93 行.
INFO: [ app_end ] --START--
INFO: Run Behavior\ShowPageTraceBehavior [ RunTime:0.075075s ]
INFO: [ app_end ] --END-- [ RunTime:0.075171s ]

