[ 2015-10-01T23:18:50+08:00 ] 127.0.0.1 /1/webroot/index.php/home/scheduling/show
INFO: [ app_init ] --START--
INFO: Run Behavior\BuildLiteBehavior [ RunTime:0.000013s ]
INFO: [ app_init ] --END-- [ RunTime:0.000318s ]
INFO: [ app_begin ] --START--
INFO: Run Behavior\ReadHtmlCacheBehavior [ RunTime:0.001039s ]
INFO: [ app_begin ] --END-- [ RunTime:0.001157s ]
NOTIC: [2048] Declaration of Home\Controller\SchedulingController::show() should be compatible with Think\Controller::show($content, $charset = '', $contentType = '', $prefix = '') F:\Apache24\htdocs\1\webroot\Application\Home\Controller\SchedulingController.class.php 第 20 行.
SQL: SHOW COLUMNS FROM `sy_scheduling` [ RunTime:0.0458s ]
SQL: SHOW COLUMNS FROM `sy_scheduling` [ RunTime:0.0433s ]
SQL: SELECT * FROM `sy_scheduling` WHERE ( scheduling_id=1 ) LIMIT 1   [ RunTime:0.0421s ]
NOTIC: [8] Undefined variable: arraylist F:\Apache24\htdocs\1\webroot\Application\Home\Logic\SchedulingLogic.class.php 第 187 行.
NOTIC: [8] Undefined variable: arraylist F:\Apache24\htdocs\1\webroot\Application\Home\Logic\SchedulingLogic.class.php 第 187 行.
NOTIC: [8] Undefined variable: arraylist F:\Apache24\htdocs\1\webroot\Application\Home\Logic\SchedulingLogic.class.php 第 187 行.
NOTIC: [8] Undefined variable: arraylist F:\Apache24\htdocs\1\webroot\Application\Home\Logic\SchedulingLogic.class.php 第 187 行.
NOTIC: [8] Undefined variable: arraylist F:\Apache24\htdocs\1\webroot\Application\Home\Logic\SchedulingLogic.class.php 第 187 行.
NOTIC: [8] Undefined variable: arraylist F:\Apache24\htdocs\1\webroot\Application\Home\Logic\SchedulingLogic.class.php 第 187 行.
NOTIC: [8] Undefined variable: arraylist F:\Apache24\htdocs\1\webroot\Application\Home\Logic\SchedulingLogic.class.php 第 187 行.
NOTIC: [8] Undefined variable: arraylist F:\Apache24\htdocs\1\webroot\Application\Home\Logic\SchedulingLogic.class.php 第 187 行.
NOTIC: [8] Undefined variable: arraylist F:\Apache24\htdocs\1\webroot\Application\Home\Logic\SchedulingLogic.class.php 第 187 行.
NOTIC: [8] Undefined variable: arraylist F:\Apache24\htdocs\1\webroot\Application\Home\Logic\SchedulingLogic.class.php 第 187 行.
NOTIC: [8] Undefined variable: arraylist F:\Apache24\htdocs\1\webroot\Application\Home\Logic\SchedulingLogic.class.php 第 187 行.
NOTIC: [8] Undefined variable: arraylist F:\Apache24\htdocs\1\webroot\Application\Home\Logic\SchedulingLogic.class.php 第 187 行.
SQL: SELECT * FROM `sy_scheduling` WHERE `course` = '4-1' AND `time` = 1443628800  [ RunTime:0.0463s ]
SQL: SELECT * FROM `sy_scheduling` WHERE `course` = '4-2' AND `time` = 1443628800  [ RunTime:0.0419s ]
SQL: SELECT * FROM `sy_scheduling` WHERE `course` = '4-3' AND `time` = 1443628800  [ RunTime:0.0425s ]
SQL: SELECT * FROM `sy_scheduling` WHERE `course` = '4-4' AND `time` = 1443628800  [ RunTime:0.0423s ]
SQL: SELECT * FROM `sy_scheduling` WHERE `course` = '5-1' AND `time` = 1443715200  [ RunTime:0.0467s ]
SQL: SELECT * FROM `sy_scheduling` WHERE `course` = '5-2' AND `time` = 1443715200  [ RunTime:0.0448s ]
SQL: SELECT * FROM `sy_scheduling` WHERE `course` = '5-3' AND `time` = 1443715200  [ RunTime:0.0631s ]
SQL: SELECT * FROM `sy_scheduling` WHERE `course` = '5-4' AND `time` = 1443715200  [ RunTime:0.0598s ]
SQL: SELECT * FROM `sy_scheduling` WHERE `course` = '5-4' AND `time` = 1443974400  [ RunTime:0.0436s ]
NOTIC: [8] Undefined variable: list F:\Apache24\htdocs\1\webroot\Application\Home\Controller\SchedulingController.class.php 第 16 行.
INFO: [ view_parse ] --START--
INFO: [ template_filter ] --START--
INFO: Run Behavior\ContentReplaceBehavior [ RunTime:0.000074s ]
INFO: [ template_filter ] --END-- [ RunTime:0.000151s ]
NOTIC: [8] Undefined offset: 1 F:\Apache24\htdocs\1\webroot\Application\Runtime\Cache\Home\06230f8581b6788d87c57ff473d75273.php 第 81 行.
NOTIC: [8] Undefined offset: 1 F:\Apache24\htdocs\1\webroot\Application\Runtime\Cache\Home\06230f8581b6788d87c57ff473d75273.php 第 85 行.
NOTIC: [8] Undefined offset: 1 F:\Apache24\htdocs\1\webroot\Application\Runtime\Cache\Home\06230f8581b6788d87c57ff473d75273.php 第 89 行.
INFO: Run Behavior\ParseTemplateBehavior [ RunTime:0.055371s ]
INFO: [ view_parse ] --END-- [ RunTime:0.055499s ]
INFO: [ view_filter ] --START--
INFO: Run Behavior\WriteHtmlCacheBehavior [ RunTime:0.000812s ]
INFO: [ view_filter ] --END-- [ RunTime:0.000886s ]
NOTIC: [2] Cannot modify header information - headers already sent by (output started at F:\Apache24\htdocs\1\webroot\Application\Home\Controller\SchedulingController.class.php:14) F:\Apache24\htdocs\1\webroot\ThinkPHP\Library\Think\View.class.php 第 91 行.
NOTIC: [2] Cannot modify header information - headers already sent by (output started at F:\Apache24\htdocs\1\webroot\Application\Home\Controller\SchedulingController.class.php:14) F:\Apache24\htdocs\1\webroot\ThinkPHP\Library\Think\View.class.php 第 92 行.
NOTIC: [2] Cannot modify header information - headers already sent by (output started at F:\Apache24\htdocs\1\webroot\Application\Home\Controller\SchedulingController.class.php:14) F:\Apache24\htdocs\1\webroot\ThinkPHP\Library\Think\View.class.php 第 93 行.
INFO: [ app_end ] --START--
INFO: Run Behavior\ShowPageTraceBehavior [ RunTime:0.001313s ]
INFO: [ app_end ] --END-- [ RunTime:0.001390s ]

[ 2015-10-01T23:19:00+08:00 ] 127.0.0.1 /1/webroot/index.php
INFO: [ app_init ] --START--
INFO: Run Behavior\BuildLiteBehavior [ RunTime:0.000025s ]
INFO: [ app_init ] --END-- [ RunTime:0.000448s ]
INFO: [ app_begin ] --START--
INFO: Run Behavior\ReadHtmlCacheBehavior [ RunTime:0.000476s ]
INFO: [ app_begin ] --END-- [ RunTime:0.000520s ]
SQL: SHOW COLUMNS FROM `sy_article` [ RunTime:0.0391s ]
SQL: SELECT * FROM `sy_article` ORDER BY id desc LIMIT 10   [ RunTime:0.1980s ]
SQL: SHOW COLUMNS FROM `sy_activity` [ RunTime:0.0573s ]
SQL: SELECT * FROM `sy_activity`  [ RunTime:0.0429s ]
INFO: [ view_parse ] --START--
INFO: [ template_filter ] --START--
INFO: Run Behavior\ContentReplaceBehavior [ RunTime:0.000075s ]
INFO: [ template_filter ] --END-- [ RunTime:0.000132s ]
NOTIC: [8] Undefined offset: 1 F:\Apache24\htdocs\1\webroot\Application\Runtime\Cache\Home\9f3194e72bdc509fe5c1644316ad2336.php 第 32 行.
NOTIC: [8] Undefined offset: 2 F:\Apache24\htdocs\1\webroot\Application\Runtime\Cache\Home\9f3194e72bdc509fe5c1644316ad2336.php 第 33 行.
NOTIC: [8] Undefined offset: 3 F:\Apache24\htdocs\1\webroot\Application\Runtime\Cache\Home\9f3194e72bdc509fe5c1644316ad2336.php 第 34 行.
NOTIC: [8] Undefined offset: 4 F:\Apache24\htdocs\1\webroot\Application\Runtime\Cache\Home\9f3194e72bdc509fe5c1644316ad2336.php 第 35 行.
INFO: Run Behavior\ParseTemplateBehavior [ RunTime:0.007685s ]
INFO: [ view_parse ] --END-- [ RunTime:0.007759s ]
INFO: [ view_filter ] --START--
INFO: Run Behavior\WriteHtmlCacheBehavior [ RunTime:0.000640s ]
INFO: [ view_filter ] --END-- [ RunTime:0.000713s ]
INFO: [ view_parse ] --START--
INFO: [ template_filter ] --START--
INFO: Run Behavior\ContentReplaceBehavior [ RunTime:0.000082s ]
INFO: [ template_filter ] --END-- [ RunTime:-0.007574s ]
INFO: Run Behavior\ParseTemplateBehavior [ RunTime:0.006587s ]
INFO: [ view_parse ] --END-- [ RunTime:-0.001053s ]
INFO: [ view_filter ] --START--
INFO: Run Behavior\WriteHtmlCacheBehavior [ RunTime:0.000015s ]
INFO: [ view_filter ] --END-- [ RunTime:-0.006977s ]
NOTIC: [2] Cannot modify header information - headers already sent by (output started at F:\Apache24\htdocs\1\webroot\ThinkPHP\Library\Think\View.class.php:95) F:\Apache24\htdocs\1\webroot\ThinkPHP\Library\Think\View.class.php 第 91 行.
NOTIC: [2] Cannot modify header information - headers already sent by (output started at F:\Apache24\htdocs\1\webroot\ThinkPHP\Library\Think\View.class.php:95) F:\Apache24\htdocs\1\webroot\ThinkPHP\Library\Think\View.class.php 第 92 行.
NOTIC: [2] Cannot modify header information - headers already sent by (output started at F:\Apache24\htdocs\1\webroot\ThinkPHP\Library\Think\View.class.php:95) F:\Apache24\htdocs\1\webroot\ThinkPHP\Library\Think\View.class.php 第 93 行.
INFO: [ view_parse ] --START--
INFO: [ template_filter ] --START--
INFO: Run Behavior\ContentReplaceBehavior [ RunTime:0.000054s ]
INFO: [ template_filter ] --END-- [ RunTime:-0.013283s ]
INFO: Run Behavior\ParseTemplateBehavior [ RunTime:0.003266s ]
INFO: [ view_parse ] --END-- [ RunTime:-0.009654s ]
INFO: [ view_filter ] --START--
INFO: Run Behavior\WriteHtmlCacheBehavior [ RunTime:0.000019s ]
INFO: [ view_filter ] --END-- [ RunTime:-0.012292s ]
NOTIC: [2] Cannot modify header information - headers already sent by (output started at F:\Apache24\htdocs\1\webroot\ThinkPHP\Library\Think\View.class.php:95) F:\Apache24\htdocs\1\webroot\ThinkPHP\Library\Think\View.class.php 第 91 行.
NOTIC: [2] Cannot modify header information - headers already sent by (output started at F:\Apache24\htdocs\1\webroot\ThinkPHP\Library\Think\View.class.php:95) F:\Apache24\htdocs\1\webroot\ThinkPHP\Library\Think\View.class.php 第 92 行.
NOTIC: [2] Cannot modify header information - headers already sent by (output started at F:\Apache24\htdocs\1\webroot\ThinkPHP\Library\Think\View.class.php:95) F:\Apache24\htdocs\1\webroot\ThinkPHP\Library\Think\View.class.php 第 93 行.
INFO: [ app_end ] --START--
INFO: Run Behavior\ShowPageTraceBehavior [ RunTime:0.001043s ]
INFO: [ app_end ] --END-- [ RunTime:0.001136s ]

[ 2015-10-01T23:29:18+08:00 ] 127.0.0.1 /1/webroot/index.php
INFO: [ app_init ] --START--
INFO: Run Behavior\BuildLiteBehavior [ RunTime:0.000012s ]
INFO: [ app_init ] --END-- [ RunTime:0.000315s ]
INFO: [ app_begin ] --START--
INFO: Run Behavior\ReadHtmlCacheBehavior [ RunTime:0.000557s ]
INFO: [ app_begin ] --END-- [ RunTime:0.000600s ]
SQL: SHOW COLUMNS FROM `sy_article` [ RunTime:0.0713s ]
SQL: SELECT * FROM `sy_article` ORDER BY id desc LIMIT 10   [ RunTime:0.2463s ]
SQL: SHOW COLUMNS FROM `sy_activity` [ RunTime:0.0386s ]
SQL: SELECT * FROM `sy_activity`  [ RunTime:0.0581s ]
INFO: [ view_parse ] --START--
INFO: [ template_filter ] --START--
INFO: Run Behavior\ContentReplaceBehavior [ RunTime:0.000057s ]
INFO: [ template_filter ] --END-- [ RunTime:0.000105s ]
NOTIC: [8] Undefined offset: 1 F:\Apache24\htdocs\1\webroot\Application\Runtime\Cache\Home\9f3194e72bdc509fe5c1644316ad2336.php 第 32 行.
NOTIC: [8] Undefined offset: 2 F:\Apache24\htdocs\1\webroot\Application\Runtime\Cache\Home\9f3194e72bdc509fe5c1644316ad2336.php 第 33 行.
NOTIC: [8] Undefined offset: 3 F:\Apache24\htdocs\1\webroot\Application\Runtime\Cache\Home\9f3194e72bdc509fe5c1644316ad2336.php 第 34 行.
NOTIC: [8] Undefined offset: 4 F:\Apache24\htdocs\1\webroot\Application\Runtime\Cache\Home\9f3194e72bdc509fe5c1644316ad2336.php 第 35 行.
INFO: Run Behavior\ParseTemplateBehavior [ RunTime:0.006696s ]
INFO: [ view_parse ] --END-- [ RunTime:0.006742s ]
INFO: [ view_filter ] --START--
INFO: Run Behavior\WriteHtmlCacheBehavior [ RunTime:0.000417s ]
INFO: [ view_filter ] --END-- [ RunTime:0.000448s ]
INFO: [ view_parse ] --START--
INFO: [ template_filter ] --START--
INFO: Run Behavior\ContentReplaceBehavior [ RunTime:0.000090s ]
INFO: [ template_filter ] --END-- [ RunTime:-0.005094s ]
INFO: Run Behavior\ParseTemplateBehavior [ RunTime:0.005330s ]
INFO: [ view_parse ] --END-- [ RunTime:-0.000675s ]
INFO: [ view_filter ] --START--
INFO: Run Behavior\WriteHtmlCacheBehavior [ RunTime:0.000013s ]
INFO: [ view_filter ] --END-- [ RunTime:-0.005607s ]
NOTIC: [2] Cannot modify header information - headers already sent by (output started at F:\Apache24\htdocs\1\webroot\ThinkPHP\Library\Think\View.class.php:95) F:\Apache24\htdocs\1\webroot\ThinkPHP\Library\Think\View.class.php 第 91 行.
NOTIC: [2] Cannot modify header information - headers already sent by (output started at F:\Apache24\htdocs\1\webroot\ThinkPHP\Library\Think\View.class.php:95) F:\Apache24\htdocs\1\webroot\ThinkPHP\Library\Think\View.class.php 第 92 行.
NOTIC: [2] Cannot modify header information - headers already sent by (output started at F:\Apache24\htdocs\1\webroot\ThinkPHP\Library\Think\View.class.php:95) F:\Apache24\htdocs\1\webroot\ThinkPHP\Library\Think\View.class.php 第 93 行.
INFO: [ view_parse ] --START--
INFO: [ template_filter ] --START--
INFO: Run Behavior\ContentReplaceBehavior [ RunTime:0.000032s ]
INFO: [ template_filter ] --END-- [ RunTime:-0.012304s ]
INFO: Run Behavior\ParseTemplateBehavior [ RunTime:0.002380s ]
INFO: [ view_parse ] --END-- [ RunTime:-0.009731s ]
INFO: [ view_filter ] --START--
INFO: Run Behavior\WriteHtmlCacheBehavior [ RunTime:0.000011s ]
INFO: [ view_filter ] --END-- [ RunTime:-0.011741s ]
NOTIC: [2] Cannot modify header information - headers already sent by (output started at F:\Apache24\htdocs\1\webroot\ThinkPHP\Library\Think\View.class.php:95) F:\Apache24\htdocs\1\webroot\ThinkPHP\Library\Think\View.class.php 第 91 行.
NOTIC: [2] Cannot modify header information - headers already sent by (output started at F:\Apache24\htdocs\1\webroot\ThinkPHP\Library\Think\View.class.php:95) F:\Apache24\htdocs\1\webroot\ThinkPHP\Library\Think\View.class.php 第 92 行.
NOTIC: [2] Cannot modify header information - headers already sent by (output started at F:\Apache24\htdocs\1\webroot\ThinkPHP\Library\Think\View.class.php:95) F:\Apache24\htdocs\1\webroot\ThinkPHP\Library\Think\View.class.php 第 93 行.
INFO: [ app_end ] --START--
INFO: Run Behavior\ShowPageTraceBehavior [ RunTime:0.000604s ]
INFO: [ app_end ] --END-- [ RunTime:0.000647s ]

[ 2015-10-01T23:32:52+08:00 ] 127.0.0.1 /1/webroot/index.php
INFO: [ app_init ] --START--
INFO: Run Behavior\BuildLiteBehavior [ RunTime:0.000013s ]
INFO: [ app_init ] --END-- [ RunTime:0.000343s ]
INFO: [ app_begin ] --START--
INFO: Run Behavior\ReadHtmlCacheBehavior [ RunTime:0.000868s ]
INFO: [ app_begin ] --END-- [ RunTime:0.001092s ]
SQL: SHOW COLUMNS FROM `sy_article` [ RunTime:0.0363s ]
SQL: SELECT * FROM `sy_article` ORDER BY id desc LIMIT 10   [ RunTime:0.1814s ]
SQL: SHOW COLUMNS FROM `sy_activity` [ RunTime:0.0376s ]
SQL: SELECT * FROM `sy_activity`  [ RunTime:0.0365s ]
INFO: [ view_parse ] --START--
INFO: [ template_filter ] --START--
INFO: Run Behavior\ContentReplaceBehavior [ RunTime:0.000068s ]
INFO: [ template_filter ] --END-- [ RunTime:0.000121s ]
NOTIC: [8] Undefined offset: 1 F:\Apache24\htdocs\1\webroot\Application\Runtime\Cache\Home\9f3194e72bdc509fe5c1644316ad2336.php 第 32 行.
NOTIC: [8] Undefined offset: 2 F:\Apache24\htdocs\1\webroot\Application\Runtime\Cache\Home\9f3194e72bdc509fe5c1644316ad2336.php 第 33 行.
NOTIC: [8] Undefined offset: 3 F:\Apache24\htdocs\1\webroot\Application\Runtime\Cache\Home\9f3194e72bdc509fe5c1644316ad2336.php 第 34 行.
NOTIC: [8] Undefined offset: 4 F:\Apache24\htdocs\1\webroot\Application\Runtime\Cache\Home\9f3194e72bdc509fe5c1644316ad2336.php 第 35 行.
INFO: Run Behavior\ParseTemplateBehavior [ RunTime:0.006751s ]
INFO: [ view_parse ] --END-- [ RunTime:0.006816s ]
INFO: [ view_filter ] --START--
INFO: Run Behavior\WriteHtmlCacheBehavior [ RunTime:0.000426s ]
INFO: [ view_filter ] --END-- [ RunTime:0.000467s ]
INFO: [ view_parse ] --START--
INFO: [ template_filter ] --START--
INFO: Run Behavior\ContentReplaceBehavior [ RunTime:0.000081s ]
INFO: [ template_filter ] --END-- [ RunTime:-0.006354s ]
INFO: Run Behavior\ParseTemplateBehavior [ RunTime:0.007279s ]
INFO: [ view_parse ] --END-- [ RunTime:-0.000715s ]
INFO: [ view_filter ] --START--
INFO: Run Behavior\WriteHtmlCacheBehavior [ RunTime:0.000019s ]
INFO: [ view_filter ] --END-- [ RunTime:-0.007622s ]
NOTIC: [2] Cannot modify header information - headers already sent by (output started at F:\Apache24\htdocs\1\webroot\ThinkPHP\Library\Think\View.class.php:95) F:\Apache24\htdocs\1\webroot\ThinkPHP\Library\Think\View.class.php 第 91 行.
NOTIC: [2] Cannot modify header information - headers already sent by (output started at F:\Apache24\htdocs\1\webroot\ThinkPHP\Library\Think\View.class.php:95) F:\Apache24\htdocs\1\webroot\ThinkPHP\Library\Think\View.class.php 第 92 行.
NOTIC: [2] Cannot modify header information - headers already sent by (output started at F:\Apache24\htdocs\1\webroot\ThinkPHP\Library\Think\View.class.php:95) F:\Apache24\htdocs\1\webroot\ThinkPHP\Library\Think\View.class.php 第 93 行.
INFO: [ view_parse ] --START--
INFO: [ template_filter ] --START--
INFO: Run Behavior\ContentReplaceBehavior [ RunTime:0.000053s ]
INFO: [ template_filter ] --END-- [ RunTime:-0.015960s ]
INFO: Run Behavior\ParseTemplateBehavior [ RunTime:0.003250s ]
INFO: [ view_parse ] --END-- [ RunTime:-0.012809s ]
INFO: [ view_filter ] --START--
INFO: Run Behavior\WriteHtmlCacheBehavior [ RunTime:0.000019s ]
INFO: [ view_filter ] --END-- [ RunTime:-0.015694s ]
NOTIC: [2] Cannot modify header information - headers already sent by (output started at F:\Apache24\htdocs\1\webroot\ThinkPHP\Library\Think\View.class.php:95) F:\Apache24\htdocs\1\webroot\ThinkPHP\Library\Think\View.class.php 第 91 行.
NOTIC: [2] Cannot modify header information - headers already sent by (output started at F:\Apache24\htdocs\1\webroot\ThinkPHP\Library\Think\View.class.php:95) F:\Apache24\htdocs\1\webroot\ThinkPHP\Library\Think\View.class.php 第 92 行.
NOTIC: [2] Cannot modify header information - headers already sent by (output started at F:\Apache24\htdocs\1\webroot\ThinkPHP\Library\Think\View.class.php:95) F:\Apache24\htdocs\1\webroot\ThinkPHP\Library\Think\View.class.php 第 93 行.
INFO: [ app_end ] --START--
INFO: Run Behavior\ShowPageTraceBehavior [ RunTime:0.000884s ]
INFO: [ app_end ] --END-- [ RunTime:0.000937s ]

[ 2015-10-01T23:38:50+08:00 ] 127.0.0.1 /1/webroot/index.php/home/test
INFO: [ app_init ] --START--
INFO: Run Behavior\BuildLiteBehavior [ RunTime:0.000015s ]
INFO: [ app_init ] --END-- [ RunTime:0.000344s ]
INFO: [ app_begin ] --START--
INFO: Run Behavior\ReadHtmlCacheBehavior [ RunTime:0.000584s ]
INFO: [ app_begin ] --END-- [ RunTime:0.000632s ]
INFO: [ app_end ] --START--
INFO: Run Behavior\ShowPageTraceBehavior [ RunTime:0.000659s ]
INFO: [ app_end ] --END-- [ RunTime:0.000716s ]

[ 2015-10-01T23:40:26+08:00 ] 127.0.0.1 /1/webroot/index.php/home/test
INFO: [ app_init ] --START--
INFO: Run Behavior\BuildLiteBehavior [ RunTime:0.000018s ]
INFO: [ app_init ] --END-- [ RunTime:0.000417s ]
INFO: [ app_begin ] --START--
INFO: Run Behavior\ReadHtmlCacheBehavior [ RunTime:0.000554s ]
INFO: [ app_begin ] --END-- [ RunTime:0.000603s ]
INFO: [ app_end ] --START--
INFO: Run Behavior\ShowPageTraceBehavior [ RunTime:0.001240s ]
INFO: [ app_end ] --END-- [ RunTime:0.001319s ]

[ 2015-10-01T23:42:35+08:00 ] 127.0.0.1 /1/webroot/index.php/home/test
INFO: [ app_init ] --START--
INFO: Run Behavior\BuildLiteBehavior [ RunTime:0.000015s ]
INFO: [ app_init ] --END-- [ RunTime:0.000351s ]
INFO: [ app_begin ] --START--
INFO: Run Behavior\ReadHtmlCacheBehavior [ RunTime:0.001885s ]
INFO: [ app_begin ] --END-- [ RunTime:0.001960s ]
INFO: [ app_end ] --START--
INFO: Run Behavior\ShowPageTraceBehavior [ RunTime:0.000632s ]
INFO: [ app_end ] --END-- [ RunTime:0.000690s ]

[ 2015-10-01T23:42:36+08:00 ] 127.0.0.1 /1/webroot/index.php/home/test
INFO: [ app_init ] --START--
INFO: Run Behavior\BuildLiteBehavior [ RunTime:0.000014s ]
INFO: [ app_init ] --END-- [ RunTime:0.000332s ]
INFO: [ app_begin ] --START--
INFO: Run Behavior\ReadHtmlCacheBehavior [ RunTime:0.000951s ]
INFO: [ app_begin ] --END-- [ RunTime:0.001047s ]
INFO: [ app_end ] --START--
INFO: Run Behavior\ShowPageTraceBehavior [ RunTime:0.000643s ]
INFO: [ app_end ] --END-- [ RunTime:0.000704s ]

[ 2015-10-01T23:42:40+08:00 ] 127.0.0.1 /1/webroot/index.php/home/test
INFO: [ app_init ] --START--
INFO: Run Behavior\BuildLiteBehavior [ RunTime:0.000012s ]
INFO: [ app_init ] --END-- [ RunTime:0.000299s ]
INFO: [ app_begin ] --START--
INFO: Run Behavior\ReadHtmlCacheBehavior [ RunTime:0.000481s ]
INFO: [ app_begin ] --END-- [ RunTime:0.000530s ]
INFO: [ app_end ] --START--
INFO: Run Behavior\ShowPageTraceBehavior [ RunTime:0.000466s ]
INFO: [ app_end ] --END-- [ RunTime:0.000517s ]

[ 2015-10-01T23:44:01+08:00 ] 127.0.0.1 /1/webroot/index.php
INFO: [ app_init ] --START--
INFO: Run Behavior\BuildLiteBehavior [ RunTime:0.000016s ]
INFO: [ app_init ] --END-- [ RunTime:0.000404s ]
INFO: [ app_begin ] --START--
INFO: Run Behavior\ReadHtmlCacheBehavior [ RunTime:0.001110s ]
INFO: [ app_begin ] --END-- [ RunTime:0.001455s ]
SQL: SHOW COLUMNS FROM `sy_article` [ RunTime:0.0361s ]
SQL: SELECT * FROM `sy_article` ORDER BY id desc LIMIT 10   [ RunTime:0.1854s ]
SQL: SHOW COLUMNS FROM `sy_activity` [ RunTime:0.0373s ]
SQL: SELECT * FROM `sy_activity`  [ RunTime:0.0372s ]
INFO: [ view_parse ] --START--
INFO: [ template_filter ] --START--
INFO: Run Behavior\ContentReplaceBehavior [ RunTime:0.000069s ]
INFO: [ template_filter ] --END-- [ RunTime:0.000131s ]
NOTIC: [8] Undefined offset: 1 F:\Apache24\htdocs\1\webroot\Application\Runtime\Cache\Home\9f3194e72bdc509fe5c1644316ad2336.php 第 32 行.
NOTIC: [8] Undefined offset: 2 F:\Apache24\htdocs\1\webroot\Application\Runtime\Cache\Home\9f3194e72bdc509fe5c1644316ad2336.php 第 33 行.
NOTIC: [8] Undefined offset: 3 F:\Apache24\htdocs\1\webroot\Application\Runtime\Cache\Home\9f3194e72bdc509fe5c1644316ad2336.php 第 34 行.
NOTIC: [8] Undefined offset: 4 F:\Apache24\htdocs\1\webroot\Application\Runtime\Cache\Home\9f3194e72bdc509fe5c1644316ad2336.php 第 35 行.
INFO: Run Behavior\ParseTemplateBehavior [ RunTime:0.007181s ]
INFO: [ view_parse ] --END-- [ RunTime:0.007242s ]
INFO: [ view_filter ] --START--
INFO: Run Behavior\WriteHtmlCacheBehavior [ RunTime:0.000375s ]
INFO: [ view_filter ] --END-- [ RunTime:0.000411s ]
INFO: [ view_parse ] --START--
INFO: [ template_filter ] --START--
INFO: Run Behavior\ContentReplaceBehavior [ RunTime:0.000099s ]
INFO: [ template_filter ] --END-- [ RunTime:-0.005776s ]
INFO: Run Behavior\ParseTemplateBehavior [ RunTime:0.006338s ]
INFO: [ view_parse ] --END-- [ RunTime:-0.000654s ]
INFO: [ view_filter ] --START--
INFO: Run Behavior\WriteHtmlCacheBehavior [ RunTime:0.000021s ]
INFO: [ view_filter ] --END-- [ RunTime:-0.006670s ]
NOTIC: [2] Cannot modify header information - headers already sent by (output started at F:\Apache24\htdocs\1\webroot\ThinkPHP\Library\Think\View.class.php:95) F:\Apache24\htdocs\1\webroot\ThinkPHP\Library\Think\View.class.php 第 91 行.
NOTIC: [2] Cannot modify header information - headers already sent by (output started at F:\Apache24\htdocs\1\webroot\ThinkPHP\Library\Think\View.class.php:95) F:\Apache24\htdocs\1\webroot\ThinkPHP\Library\Think\View.class.php 第 92 行.
NOTIC: [2] Cannot modify header information - headers already sent by (output started at F:\Apache24\htdocs\1\webroot\ThinkPHP\Library\Think\View.class.php:95) F:\Apache24\htdocs\1\webroot\ThinkPHP\Library\Think\View.class.php 第 93 行.
INFO: [ view_parse ] --START--
INFO: [ template_filter ] --START--
INFO: Run Behavior\ContentReplaceBehavior [ RunTime:0.000052s ]
INFO: [ template_filter ] --END-- [ RunTime:-0.014062s ]
INFO: Run Behavior\ParseTemplateBehavior [ RunTime:0.003265s ]
INFO: [ view_parse ] --END-- [ RunTime:-0.011035s ]
INFO: [ view_filter ] --START--
INFO: Run Behavior\WriteHtmlCacheBehavior [ RunTime:0.000022s ]
INFO: [ view_filter ] --END-- [ RunTime:-0.014006s ]
NOTIC: [2] Cannot modify header information - headers already sent by (output started at F:\Apache24\htdocs\1\webroot\ThinkPHP\Library\Think\View.class.php:95) F:\Apache24\htdocs\1\webroot\ThinkPHP\Library\Think\View.class.php 第 91 行.
NOTIC: [2] Cannot modify header information - headers already sent by (output started at F:\Apache24\htdocs\1\webroot\ThinkPHP\Library\Think\View.class.php:95) F:\Apache24\htdocs\1\webroot\ThinkPHP\Library\Think\View.class.php 第 92 行.
NOTIC: [2] Cannot modify header information - headers already sent by (output started at F:\Apache24\htdocs\1\webroot\ThinkPHP\Library\Think\View.class.php:95) F:\Apache24\htdocs\1\webroot\ThinkPHP\Library\Think\View.class.php 第 93 行.
INFO: [ app_end ] --START--
INFO: Run Behavior\ShowPageTraceBehavior [ RunTime:0.000984s ]
INFO: [ app_end ] --END-- [ RunTime:0.001061s ]

[ 2015-10-01T23:46:23+08:00 ] 127.0.0.1 /1/webroot/index.php
INFO: [ app_init ] --START--
INFO: Run Behavior\BuildLiteBehavior [ RunTime:0.000014s ]
INFO: [ app_init ] --END-- [ RunTime:0.000352s ]
INFO: [ app_begin ] --START--
INFO: Run Behavior\ReadHtmlCacheBehavior [ RunTime:0.000476s ]
INFO: [ app_begin ] --END-- [ RunTime:0.000518s ]
SQL: SHOW COLUMNS FROM `sy_article` [ RunTime:0.0539s ]
SQL: SELECT * FROM `sy_article` ORDER BY id desc LIMIT 10   [ RunTime:0.2192s ]
SQL: SHOW COLUMNS FROM `sy_activity` [ RunTime:0.0657s ]
SQL: SELECT * FROM `sy_activity`  [ RunTime:0.0435s ]
INFO: [ view_parse ] --START--
INFO: [ template_filter ] --START--
INFO: Run Behavior\ContentReplaceBehavior [ RunTime:0.000060s ]
INFO: [ template_filter ] --END-- [ RunTime:0.000110s ]
NOTIC: [8] Undefined offset: 1 F:\Apache24\htdocs\1\webroot\Application\Runtime\Cache\Home\9f3194e72bdc509fe5c1644316ad2336.php 第 32 行.
NOTIC: [8] Undefined offset: 2 F:\Apache24\htdocs\1\webroot\Application\Runtime\Cache\Home\9f3194e72bdc509fe5c1644316ad2336.php 第 33 行.
NOTIC: [8] Undefined offset: 3 F:\Apache24\htdocs\1\webroot\Application\Runtime\Cache\Home\9f3194e72bdc509fe5c1644316ad2336.php 第 34 行.
NOTIC: [8] Undefined offset: 4 F:\Apache24\htdocs\1\webroot\Application\Runtime\Cache\Home\9f3194e72bdc509fe5c1644316ad2336.php 第 35 行.
INFO: Run Behavior\ParseTemplateBehavior [ RunTime:0.006829s ]
INFO: [ view_parse ] --END-- [ RunTime:0.006891s ]
INFO: [ view_filter ] --START--
INFO: Run Behavior\WriteHtmlCacheBehavior [ RunTime:0.000505s ]
INFO: [ view_filter ] --END-- [ RunTime:0.000552s ]
INFO: [ view_parse ] --START--
INFO: [ template_filter ] --START--
INFO: Run Behavior\ContentReplaceBehavior [ RunTime:0.000066s ]
INFO: [ template_filter ] --END-- [ RunTime:-0.006443s ]
INFO: Run Behavior\ParseTemplateBehavior [ RunTime:0.005604s ]
INFO: [ view_parse ] --END-- [ RunTime:-0.000797s ]
INFO: [ view_filter ] --START--
INFO: Run Behavior\WriteHtmlCacheBehavior [ RunTime:0.000011s ]
INFO: [ view_filter ] --END-- [ RunTime:-0.005884s ]
NOTIC: [2] Cannot modify header information - headers already sent by (output started at F:\Apache24\htdocs\1\webroot\ThinkPHP\Library\Think\View.class.php:95) F:\Apache24\htdocs\1\webroot\ThinkPHP\Library\Think\View.class.php 第 91 行.
NOTIC: [2] Cannot modify header information - headers already sent by (output started at F:\Apache24\htdocs\1\webroot\ThinkPHP\Library\Think\View.class.php:95) F:\Apache24\htdocs\1\webroot\ThinkPHP\Library\Think\View.class.php 第 92 行.
NOTIC: [2] Cannot modify header information - headers already sent by (output started at F:\Apache24\htdocs\1\webroot\ThinkPHP\Library\Think\View.class.php:95) F:\Apache24\htdocs\1\webroot\ThinkPHP\Library\Think\View.class.php 第 93 行.
INFO: [ view_parse ] --START--
INFO: [ template_filter ] --START--
INFO: Run Behavior\ContentReplaceBehavior [ RunTime:0.000048s ]
INFO: [ template_filter ] --END-- [ RunTime:-0.011823s ]
INFO: Run Behavior\ParseTemplateBehavior [ RunTime:0.003220s ]
INFO: [ view_parse ] --END-- [ RunTime:-0.008313s ]
INFO: [ view_filter ] --START--
INFO: Run Behavior\WriteHtmlCacheBehavior [ RunTime:0.000020s ]
INFO: [ view_filter ] --END-- [ RunTime:-0.011070s ]
NOTIC: [2] Cannot modify header information - headers already sent by (output started at F:\Apache24\htdocs\1\webroot\ThinkPHP\Library\Think\View.class.php:95) F:\Apache24\htdocs\1\webroot\ThinkPHP\Library\Think\View.class.php 第 91 行.
NOTIC: [2] Cannot modify header information - headers already sent by (output started at F:\Apache24\htdocs\1\webroot\ThinkPHP\Library\Think\View.class.php:95) F:\Apache24\htdocs\1\webroot\ThinkPHP\Library\Think\View.class.php 第 92 行.
NOTIC: [2] Cannot modify header information - headers already sent by (output started at F:\Apache24\htdocs\1\webroot\ThinkPHP\Library\Think\View.class.php:95) F:\Apache24\htdocs\1\webroot\ThinkPHP\Library\Think\View.class.php 第 93 行.
INFO: [ app_end ] --START--
INFO: Run Behavior\ShowPageTraceBehavior [ RunTime:0.000898s ]
INFO: [ app_end ] --END-- [ RunTime:0.000970s ]

[ 2015-10-01T23:46:32+08:00 ] 127.0.0.1 /1/webroot/index.php
INFO: [ app_init ] --START--
INFO: Run Behavior\BuildLiteBehavior [ RunTime:0.000015s ]
INFO: [ app_init ] --END-- [ RunTime:0.000390s ]
INFO: [ app_begin ] --START--
INFO: Run Behavior\ReadHtmlCacheBehavior [ RunTime:0.000665s ]
INFO: [ app_begin ] --END-- [ RunTime:0.000714s ]
SQL: SHOW COLUMNS FROM `sy_article` [ RunTime:0.0462s ]
SQL: SELECT * FROM `sy_article` ORDER BY id desc LIMIT 10   [ RunTime:0.2366s ]
SQL: SHOW COLUMNS FROM `sy_activity` [ RunTime:0.0426s ]
SQL: SELECT * FROM `sy_activity`  [ RunTime:0.0496s ]
INFO: [ view_parse ] --START--
INFO: [ template_filter ] --START--
INFO: Run Behavior\ContentReplaceBehavior [ RunTime:0.000084s ]
INFO: [ template_filter ] --END-- [ RunTime:0.000150s ]
NOTIC: [8] Undefined offset: 1 F:\Apache24\htdocs\1\webroot\Application\Runtime\Cache\Home\9f3194e72bdc509fe5c1644316ad2336.php 第 32 行.
NOTIC: [8] Undefined offset: 2 F:\Apache24\htdocs\1\webroot\Application\Runtime\Cache\Home\9f3194e72bdc509fe5c1644316ad2336.php 第 33 行.
NOTIC: [8] Undefined offset: 3 F:\Apache24\htdocs\1\webroot\Application\Runtime\Cache\Home\9f3194e72bdc509fe5c1644316ad2336.php 第 34 行.
NOTIC: [8] Undefined offset: 4 F:\Apache24\htdocs\1\webroot\Application\Runtime\Cache\Home\9f3194e72bdc509fe5c1644316ad2336.php 第 35 行.
INFO: Run Behavior\ParseTemplateBehavior [ RunTime:0.009158s ]
INFO: [ view_parse ] --END-- [ RunTime:0.009287s ]
INFO: [ view_filter ] --START--
INFO: Run Behavior\WriteHtmlCacheBehavior [ RunTime:0.000927s ]
INFO: [ view_filter ] --END-- [ RunTime:0.001018s ]
INFO: [ view_parse ] --START--
INFO: [ template_filter ] --START--
INFO: Run Behavior\ContentReplaceBehavior [ RunTime:0.000087s ]
INFO: [ template_filter ] --END-- [ RunTime:-0.007737s ]
INFO: Run Behavior\ParseTemplateBehavior [ RunTime:0.006314s ]
INFO: [ view_parse ] --END-- [ RunTime:-0.001508s ]
INFO: [ view_filter ] --START--
INFO: Run Behavior\WriteHtmlCacheBehavior [ RunTime:0.000014s ]
INFO: [ view_filter ] --END-- [ RunTime:-0.006856s ]
NOTIC: [2] Cannot modify header information - headers already sent by (output started at F:\Apache24\htdocs\1\webroot\ThinkPHP\Library\Think\View.class.php:95) F:\Apache24\htdocs\1\webroot\ThinkPHP\Library\Think\View.class.php 第 91 行.
NOTIC: [2] Cannot modify header information - headers already sent by (output started at F:\Apache24\htdocs\1\webroot\ThinkPHP\Library\Think\View.class.php:95) F:\Apache24\htdocs\1\webroot\ThinkPHP\Library\Think\View.class.php 第 92 行.
NOTIC: [2] Cannot modify header information - headers already sent by (output started at F:\Apache24\htdocs\1\webroot\ThinkPHP\Library\Think\View.class.php:95) F:\Apache24\htdocs\1\webroot\ThinkPHP\Library\Think\View.class.php 第 93 行.
INFO: [ view_parse ] --START--
INFO: [ template_filter ] --START--
INFO: Run Behavior\ContentReplaceBehavior [ RunTime:0.000059s ]
INFO: [ template_filter ] --END-- [ RunTime:-0.015957s ]
INFO: Run Behavior\ParseTemplateBehavior [ RunTime:0.004077s ]
INFO: [ view_parse ] --END-- [ RunTime:-0.011885s ]
INFO: [ view_filter ] --START--
INFO: Run Behavior\WriteHtmlCacheBehavior [ RunTime:0.000024s ]
INFO: [ view_filter ] --END-- [ RunTime:-0.015049s ]
NOTIC: [2] Cannot modify header information - headers already sent by (output started at F:\Apache24\htdocs\1\webroot\ThinkPHP\Library\Think\View.class.php:95) F:\Apache24\htdocs\1\webroot\ThinkPHP\Library\Think\View.class.php 第 91 行.
NOTIC: [2] Cannot modify header information - headers already sent by (output started at F:\Apache24\htdocs\1\webroot\ThinkPHP\Library\Think\View.class.php:95) F:\Apache24\htdocs\1\webroot\ThinkPHP\Library\Think\View.class.php 第 92 行.
NOTIC: [2] Cannot modify header information - headers already sent by (output started at F:\Apache24\htdocs\1\webroot\ThinkPHP\Library\Think\View.class.php:95) F:\Apache24\htdocs\1\webroot\ThinkPHP\Library\Think\View.class.php 第 93 行.
INFO: [ app_end ] --START--
INFO: Run Behavior\ShowPageTraceBehavior [ RunTime:0.001104s ]
INFO: [ app_end ] --END-- [ RunTime:0.001176s ]

[ 2015-10-01T23:46:35+08:00 ] 127.0.0.1 /1/webroot/index.php/home/index/news
INFO: [ app_init ] --START--
INFO: Run Behavior\BuildLiteBehavior [ RunTime:0.000014s ]
INFO: [ app_init ] --END-- [ RunTime:0.000338s ]
INFO: [ app_begin ] --START--
INFO: Run Behavior\ReadHtmlCacheBehavior [ RunTime:0.000637s ]
INFO: [ app_begin ] --END-- [ RunTime:0.000710s ]
SQL: SHOW COLUMNS FROM `sy_article` [ RunTime:0.0384s ]
SQL: SELECT COUNT(*) AS tp_count FROM `sy_article` LIMIT 1   [ RunTime:0.0381s ]
SQL: SELECT * FROM `sy_article` ORDER BY id desc LIMIT 0,3   [ RunTime:0.1211s ]
NOTIC: [8] Undefined variable: article F:\Apache24\htdocs\1\webroot\Application\Home\Controller\IndexController.class.php 第 36 行.
INFO: [ view_parse ] --START--
INFO: [ template_filter ] --START--
INFO: Run Behavior\ContentReplaceBehavior [ RunTime:0.000130s ]
INFO: [ template_filter ] --END-- [ RunTime:0.000228s ]
NOTIC: [8] Undefined offset: 0 F:\Apache24\htdocs\1\webroot\Application\Runtime\Cache\Home\9f3194e72bdc509fe5c1644316ad2336.php 第 31 行.
NOTIC: [8] Undefined offset: 2 F:\Apache24\htdocs\1\webroot\Application\Runtime\Cache\Home\9f3194e72bdc509fe5c1644316ad2336.php 第 33 行.
NOTIC: [8] Undefined offset: 3 F:\Apache24\htdocs\1\webroot\Application\Runtime\Cache\Home\9f3194e72bdc509fe5c1644316ad2336.php 第 34 行.
NOTIC: [8] Undefined offset: 4 F:\Apache24\htdocs\1\webroot\Application\Runtime\Cache\Home\9f3194e72bdc509fe5c1644316ad2336.php 第 35 行.
INFO: Run Behavior\ParseTemplateBehavior [ RunTime:0.013997s ]
INFO: [ view_parse ] --END-- [ RunTime:0.014092s ]
INFO: [ view_filter ] --START--
INFO: Run Behavior\WriteHtmlCacheBehavior [ RunTime:0.000707s ]
INFO: [ view_filter ] --END-- [ RunTime:0.000796s ]
INFO: [ view_parse ] --START--
INFO: [ template_filter ] --START--
INFO: Run Behavior\ContentReplaceBehavior [ RunTime:0.000124s ]
INFO: [ template_filter ] --END-- [ RunTime:-0.010127s ]
INFO: Run Behavior\ParseTemplateBehavior [ RunTime:0.011681s ]
INFO: [ view_parse ] --END-- [ RunTime:-0.001248s ]
INFO: [ view_filter ] --START--
INFO: Run Behavior\WriteHtmlCacheBehavior [ RunTime:0.000011s ]
INFO: [ view_filter ] --END-- [ RunTime:-0.012182s ]
NOTIC: [2] Cannot modify header information - headers already sent by (output started at F:\Apache24\htdocs\1\webroot\ThinkPHP\Library\Think\View.class.php:95) F:\Apache24\htdocs\1\webroot\ThinkPHP\Library\Think\View.class.php 第 91 行.
NOTIC: [2] Cannot modify header information - headers already sent by (output started at F:\Apache24\htdocs\1\webroot\ThinkPHP\Library\Think\View.class.php:95) F:\Apache24\htdocs\1\webroot\ThinkPHP\Library\Think\View.class.php 第 92 行.
NOTIC: [2] Cannot modify header information - headers already sent by (output started at F:\Apache24\htdocs\1\webroot\ThinkPHP\Library\Think\View.class.php:95) F:\Apache24\htdocs\1\webroot\ThinkPHP\Library\Think\View.class.php 第 93 行.
INFO: [ view_parse ] --START--
INFO: [ template_filter ] --START--
INFO: Run Behavior\ContentReplaceBehavior [ RunTime:0.000045s ]
INFO: [ template_filter ] --END-- [ RunTime:-0.018007s ]
INFO: Run Behavior\ParseTemplateBehavior [ RunTime:0.002826s ]
INFO: [ view_parse ] --END-- [ RunTime:-0.013824s ]
INFO: [ view_filter ] --START--
INFO: Run Behavior\WriteHtmlCacheBehavior [ RunTime:0.000017s ]
INFO: [ view_filter ] --END-- [ RunTime:-0.015920s ]
NOTIC: [2] Cannot modify header information - headers already sent by (output started at F:\Apache24\htdocs\1\webroot\ThinkPHP\Library\Think\View.class.php:95) F:\Apache24\htdocs\1\webroot\ThinkPHP\Library\Think\View.class.php 第 91 行.
NOTIC: [2] Cannot modify header information - headers already sent by (output started at F:\Apache24\htdocs\1\webroot\ThinkPHP\Library\Think\View.class.php:95) F:\Apache24\htdocs\1\webroot\ThinkPHP\Library\Think\View.class.php 第 92 行.
NOTIC: [2] Cannot modify header information - headers already sent by (output started at F:\Apache24\htdocs\1\webroot\ThinkPHP\Library\Think\View.class.php:95) F:\Apache24\htdocs\1\webroot\ThinkPHP\Library\Think\View.class.php 第 93 行.
INFO: [ app_end ] --START--
INFO: Run Behavior\ShowPageTraceBehavior [ RunTime:0.000551s ]
INFO: [ app_end ] --END-- [ RunTime:0.000600s ]

[ 2015-10-01T23:46:43+08:00 ] 127.0.0.1 /1/webroot/index.php/
INFO: [ app_init ] --START--
INFO: Run Behavior\BuildLiteBehavior [ RunTime:0.000019s ]
INFO: [ app_init ] --END-- [ RunTime:0.000446s ]
INFO: [ app_begin ] --START--
INFO: Run Behavior\ReadHtmlCacheBehavior [ RunTime:0.000383s ]
INFO: [ app_begin ] --END-- [ RunTime:0.000437s ]
SQL: SHOW COLUMNS FROM `sy_article` [ RunTime:0.0356s ]
SQL: SELECT * FROM `sy_article` ORDER BY id desc LIMIT 10   [ RunTime:0.1998s ]
SQL: SHOW COLUMNS FROM `sy_activity` [ RunTime:0.0376s ]
SQL: SELECT * FROM `sy_activity`  [ RunTime:0.0668s ]
INFO: [ view_parse ] --START--
INFO: [ template_filter ] --START--
INFO: Run Behavior\ContentReplaceBehavior [ RunTime:0.000060s ]
INFO: [ template_filter ] --END-- [ RunTime:0.000108s ]
NOTIC: [8] Undefined offset: 1 F:\Apache24\htdocs\1\webroot\Application\Runtime\Cache\Home\9f3194e72bdc509fe5c1644316ad2336.php 第 32 行.
NOTIC: [8] Undefined offset: 2 F:\Apache24\htdocs\1\webroot\Application\Runtime\Cache\Home\9f3194e72bdc509fe5c1644316ad2336.php 第 33 行.
NOTIC: [8] Undefined offset: 3 F:\Apache24\htdocs\1\webroot\Application\Runtime\Cache\Home\9f3194e72bdc509fe5c1644316ad2336.php 第 34 行.
NOTIC: [8] Undefined offset: 4 F:\Apache24\htdocs\1\webroot\Application\Runtime\Cache\Home\9f3194e72bdc509fe5c1644316ad2336.php 第 35 行.
INFO: Run Behavior\ParseTemplateBehavior [ RunTime:0.005140s ]
INFO: [ view_parse ] --END-- [ RunTime:0.005189s ]
INFO: [ view_filter ] --START--
INFO: Run Behavior\WriteHtmlCacheBehavior [ RunTime:0.000270s ]
INFO: [ view_filter ] --END-- [ RunTime:0.000300s ]
INFO: [ view_parse ] --START--
INFO: [ template_filter ] --START--
INFO: Run Behavior\ContentReplaceBehavior [ RunTime:0.000063s ]
INFO: [ template_filter ] --END-- [ RunTime:-0.005180s ]
INFO: Run Behavior\ParseTemplateBehavior [ RunTime:0.005486s ]
INFO: [ view_parse ] --END-- [ RunTime:-0.000477s ]
INFO: [ view_filter ] --START--
INFO: Run Behavior\WriteHtmlCacheBehavior [ RunTime:0.000017s ]
INFO: [ view_filter ] --END-- [ RunTime:-0.005751s ]
NOTIC: [2] Cannot modify header information - headers already sent by (output started at F:\Apache24\htdocs\1\webroot\ThinkPHP\Library\Think\View.class.php:95) F:\Apache24\htdocs\1\webroot\ThinkPHP\Library\Think\View.class.php 第 91 行.
NOTIC: [2] Cannot modify header information - headers already sent by (output started at F:\Apache24\htdocs\1\webroot\ThinkPHP\Library\Think\View.class.php:95) F:\Apache24\htdocs\1\webroot\ThinkPHP\Library\Think\View.class.php 第 92 行.
NOTIC: [2] Cannot modify header information - headers already sent by (output started at F:\Apache24\htdocs\1\webroot\ThinkPHP\Library\Think\View.class.php:95) F:\Apache24\htdocs\1\webroot\ThinkPHP\Library\Think\View.class.php 第 93 行.
INFO: [ view_parse ] --START--
INFO: [ template_filter ] --START--
INFO: Run Behavior\ContentReplaceBehavior [ RunTime:0.000046s ]
INFO: [ template_filter ] --END-- [ RunTime:-0.011008s ]
INFO: Run Behavior\ParseTemplateBehavior [ RunTime:0.002806s ]
INFO: [ view_parse ] --END-- [ RunTime:-0.008379s ]
INFO: [ view_filter ] --START--
INFO: Run Behavior\WriteHtmlCacheBehavior [ RunTime:0.000015s ]
INFO: [ view_filter ] --END-- [ RunTime:-0.010967s ]
NOTIC: [2] Cannot modify header information - headers already sent by (output started at F:\Apache24\htdocs\1\webroot\ThinkPHP\Library\Think\View.class.php:95) F:\Apache24\htdocs\1\webroot\ThinkPHP\Library\Think\View.class.php 第 91 行.
NOTIC: [2] Cannot modify header information - headers already sent by (output started at F:\Apache24\htdocs\1\webroot\ThinkPHP\Library\Think\View.class.php:95) F:\Apache24\htdocs\1\webroot\ThinkPHP\Library\Think\View.class.php 第 92 行.
NOTIC: [2] Cannot modify header information - headers already sent by (output started at F:\Apache24\htdocs\1\webroot\ThinkPHP\Library\Think\View.class.php:95) F:\Apache24\htdocs\1\webroot\ThinkPHP\Library\Think\View.class.php 第 93 行.
INFO: [ app_end ] --START--
INFO: Run Behavior\ShowPageTraceBehavior [ RunTime:0.000811s ]
INFO: [ app_end ] --END-- [ RunTime:0.000871s ]

