[ 2015-10-13T12:25:15+08:00 ] 127.0.0.1 /scausy/index.php/home/admin/administrateActivity
INFO: [ app_init ] --START--
INFO: Run Behavior\BuildLiteBehavior [ RunTime:0.000027s ]
INFO: [ app_init ] --END-- [ RunTime:0.143857s ]
INFO: [ app_begin ] --START--
INFO: Run Behavior\ReadHtmlCacheBehavior [ RunTime:0.035739s ]
INFO: [ app_begin ] --END-- [ RunTime:0.035908s ]
NOTIC: [8] Use of undefined constant ture - assumed 'ture' F:\Apache24\htdocs\scausy\ThinkPHP\Common\functions.php 第 1640 行.
SQL: SHOW COLUMNS FROM `sy_activity` [ RunTime:0.0453s ]
SQL: SELECT * FROM `sy_activity` ORDER BY id desc  [ RunTime:0.0450s ]
INFO: [ view_parse ] --START--
INFO: [ template_filter ] --START--
INFO: Run Behavior\ContentReplaceBehavior [ RunTime:0.000094s ]
INFO: [ template_filter ] --END-- [ RunTime:0.000177s ]
NOTIC: [8] Undefined index: content2 F:\Apache24\htdocs\scausy\Application\Runtime\Cache\Home\1fa0a3c4921c3a61cdaaf7eb6e05cbff.php 第 44 行.
NOTIC: [8] Undefined index: content3 F:\Apache24\htdocs\scausy\Application\Runtime\Cache\Home\1fa0a3c4921c3a61cdaaf7eb6e05cbff.php 第 45 行.
NOTIC: [8] Undefined index: content1 F:\Apache24\htdocs\scausy\Application\Runtime\Cache\Home\1fa0a3c4921c3a61cdaaf7eb6e05cbff.php 第 46 行.
INFO: Run Behavior\ParseTemplateBehavior [ RunTime:0.179124s ]
INFO: [ view_parse ] --END-- [ RunTime:0.179274s ]
INFO: [ view_filter ] --START--
INFO: Run Behavior\WriteHtmlCacheBehavior [ RunTime:0.000732s ]
INFO: [ view_filter ] --END-- [ RunTime:0.000800s ]
INFO: [ view_parse ] --START--
INFO: [ template_filter ] --START--
INFO: Run Behavior\ContentReplaceBehavior [ RunTime:0.000032s ]
INFO: [ template_filter ] --END-- [ RunTime:-0.088382s ]
NOTIC: [8] A non well formed numeric value encountered F:\Apache24\htdocs\scausy\Application\Runtime\Cache\Home\28689a9ab1df8cc76f2572cc4d4f8300.php 第 34 行.
NOTIC: [8] A non well formed numeric value encountered F:\Apache24\htdocs\scausy\Application\Runtime\Cache\Home\28689a9ab1df8cc76f2572cc4d4f8300.php 第 34 行.
INFO: Run Behavior\ParseTemplateBehavior [ RunTime:0.012524s ]
INFO: [ view_parse ] --END-- [ RunTime:-0.001125s ]
INFO: [ view_filter ] --START--
INFO: Run Behavior\WriteHtmlCacheBehavior [ RunTime:0.000011s ]
INFO: [ view_filter ] --END-- [ RunTime:-0.012880s ]
INFO: [ app_end ] --START--
INFO: Run Behavior\ShowPageTraceBehavior [ RunTime:0.000820s ]
INFO: [ app_end ] --END-- [ RunTime:0.000865s ]

[ 2015-10-13T18:37:29+08:00 ] 127.0.0.1 /scausy/index.php/home/admin/administrateActivity
INFO: [ app_init ] --START--
INFO: Run Behavior\BuildLiteBehavior [ RunTime:0.000028s ]
INFO: [ app_init ] --END-- [ RunTime:0.264713s ]
INFO: [ app_begin ] --START--
INFO: Run Behavior\ReadHtmlCacheBehavior [ RunTime:0.000930s ]
INFO: [ app_begin ] --END-- [ RunTime:0.001009s ]
NOTIC: [8] Use of undefined constant ture - assumed 'ture' F:\Apache24\htdocs\scausy\ThinkPHP\Common\functions.php 第 1640 行.
SQL: SHOW COLUMNS FROM `sy_activity` [ RunTime:0.0557s ]
SQL: SELECT * FROM `sy_activity` ORDER BY id desc  [ RunTime:0.0548s ]
INFO: [ view_parse ] --START--
INFO: [ template_filter ] --START--
INFO: Run Behavior\ContentReplaceBehavior [ RunTime:0.000079s ]
INFO: [ template_filter ] --END-- [ RunTime:0.000153s ]
NOTIC: [8] Undefined index: content2 F:\Apache24\htdocs\scausy\Application\Runtime\Cache\Home\1fa0a3c4921c3a61cdaaf7eb6e05cbff.php 第 44 行.
NOTIC: [8] Undefined index: content3 F:\Apache24\htdocs\scausy\Application\Runtime\Cache\Home\1fa0a3c4921c3a61cdaaf7eb6e05cbff.php 第 45 行.
NOTIC: [8] Undefined index: content1 F:\Apache24\htdocs\scausy\Application\Runtime\Cache\Home\1fa0a3c4921c3a61cdaaf7eb6e05cbff.php 第 46 行.
INFO: Run Behavior\ParseTemplateBehavior [ RunTime:0.299342s ]
INFO: [ view_parse ] --END-- [ RunTime:0.299424s ]
INFO: [ view_filter ] --START--
INFO: Run Behavior\WriteHtmlCacheBehavior [ RunTime:0.149972s ]
INFO: [ view_filter ] --END-- [ RunTime:0.150161s ]
INFO: [ view_parse ] --START--
INFO: [ template_filter ] --START--
INFO: Run Behavior\ContentReplaceBehavior [ RunTime:0.000065s ]
INFO: [ template_filter ] --END-- [ RunTime:-0.254280s ]
NOTIC: [8] A non well formed numeric value encountered F:\Apache24\htdocs\scausy\Application\Runtime\Cache\Home\28689a9ab1df8cc76f2572cc4d4f8300.php 第 34 行.
NOTIC: [8] A non well formed numeric value encountered F:\Apache24\htdocs\scausy\Application\Runtime\Cache\Home\28689a9ab1df8cc76f2572cc4d4f8300.php 第 34 行.
INFO: Run Behavior\ParseTemplateBehavior [ RunTime:0.104237s ]
INFO: [ view_parse ] --END-- [ RunTime:-0.150570s ]
INFO: [ view_filter ] --START--
INFO: Run Behavior\WriteHtmlCacheBehavior [ RunTime:0.000026s ]
INFO: [ view_filter ] --END-- [ RunTime:-0.104730s ]
INFO: [ app_end ] --START--
INFO: Run Behavior\ShowPageTraceBehavior [ RunTime:0.046428s ]
INFO: [ app_end ] --END-- [ RunTime:0.046588s ]

