[ 2015-10-21T11:29:40+08:00 ] 127.0.0.1 /scausy/index.php
INFO: [ app_init ] --START--
INFO: Run Behavior\BuildLiteBehavior [ RunTime:0.000031s ]
INFO: [ app_init ] --END-- [ RunTime:0.001346s ]
INFO: [ app_begin ] --START--
INFO: Run Behavior\ReadHtmlCacheBehavior [ RunTime:0.002421s ]
INFO: [ app_begin ] --END-- [ RunTime:0.002612s ]
SQL: SHOW COLUMNS FROM `sy_article` [ RunTime:0.0451s ]
SQL: SELECT * FROM `sy_article` ORDER BY id desc LIMIT 8   [ RunTime:0.7452s ]
SQL: SHOW COLUMNS FROM `sy_activity` [ RunTime:0.0454s ]
SQL: SELECT * FROM `sy_activity`  [ RunTime:0.0447s ]
INFO: [ view_parse ] --START--
INFO: [ template_filter ] --START--
INFO: Run Behavior\ContentReplaceBehavior [ RunTime:0.000194s ]
INFO: [ template_filter ] --END-- [ RunTime:0.000369s ]
NOTIC: [8] Undefined offset: 1 F:\Apache24\htdocs\scausy\Application\Runtime\Cache\Home\9f3194e72bdc509fe5c1644316ad2336.php 第 41 行.
NOTIC: [8] Undefined offset: 2 F:\Apache24\htdocs\scausy\Application\Runtime\Cache\Home\9f3194e72bdc509fe5c1644316ad2336.php 第 42 行.
NOTIC: [8] Undefined offset: 3 F:\Apache24\htdocs\scausy\Application\Runtime\Cache\Home\9f3194e72bdc509fe5c1644316ad2336.php 第 43 行.
NOTIC: [8] Undefined offset: 4 F:\Apache24\htdocs\scausy\Application\Runtime\Cache\Home\9f3194e72bdc509fe5c1644316ad2336.php 第 44 行.
INFO: Run Behavior\ParseTemplateBehavior [ RunTime:0.037335s ]
INFO: [ view_parse ] --END-- [ RunTime:0.037485s ]
INFO: [ view_filter ] --START--
INFO: Run Behavior\WriteHtmlCacheBehavior [ RunTime:0.001454s ]
INFO: [ view_filter ] --END-- [ RunTime:0.001561s ]
INFO: [ view_parse ] --START--
INFO: [ template_filter ] --START--
INFO: Run Behavior\ContentReplaceBehavior [ RunTime:0.000228s ]
INFO: [ template_filter ] --END-- [ RunTime:-0.013873s ]
INFO: Run Behavior\ParseTemplateBehavior [ RunTime:0.014129s ]
INFO: [ view_parse ] --END-- [ RunTime:-0.002276s ]
INFO: [ view_filter ] --START--
INFO: Run Behavior\WriteHtmlCacheBehavior [ RunTime:0.000036s ]
INFO: [ view_filter ] --END-- [ RunTime:-0.014987s ]
NOTIC: [2] Cannot modify header information - headers already sent by (output started at F:\Apache24\htdocs\scausy\ThinkPHP\Library\Think\View.class.php:95) F:\Apache24\htdocs\scausy\ThinkPHP\Library\Think\View.class.php 第 91 行.
NOTIC: [2] Cannot modify header information - headers already sent by (output started at F:\Apache24\htdocs\scausy\ThinkPHP\Library\Think\View.class.php:95) F:\Apache24\htdocs\scausy\ThinkPHP\Library\Think\View.class.php 第 92 行.
NOTIC: [2] Cannot modify header information - headers already sent by (output started at F:\Apache24\htdocs\scausy\ThinkPHP\Library\Think\View.class.php:95) F:\Apache24\htdocs\scausy\ThinkPHP\Library\Think\View.class.php 第 93 行.
INFO: [ view_parse ] --START--
INFO: [ template_filter ] --START--
INFO: Run Behavior\ContentReplaceBehavior [ RunTime:0.000054s ]
INFO: [ template_filter ] --END-- [ RunTime:-0.027342s ]
INFO: Run Behavior\ParseTemplateBehavior [ RunTime:0.007063s ]
INFO: [ view_parse ] --END-- [ RunTime:-0.019916s ]
INFO: [ view_filter ] --START--
INFO: Run Behavior\WriteHtmlCacheBehavior [ RunTime:0.000022s ]
INFO: [ view_filter ] --END-- [ RunTime:-0.025542s ]
NOTIC: [2] Cannot modify header information - headers already sent by (output started at F:\Apache24\htdocs\scausy\ThinkPHP\Library\Think\View.class.php:95) F:\Apache24\htdocs\scausy\ThinkPHP\Library\Think\View.class.php 第 91 行.
NOTIC: [2] Cannot modify header information - headers already sent by (output started at F:\Apache24\htdocs\scausy\ThinkPHP\Library\Think\View.class.php:95) F:\Apache24\htdocs\scausy\ThinkPHP\Library\Think\View.class.php 第 92 行.
NOTIC: [2] Cannot modify header information - headers already sent by (output started at F:\Apache24\htdocs\scausy\ThinkPHP\Library\Think\View.class.php:95) F:\Apache24\htdocs\scausy\ThinkPHP\Library\Think\View.class.php 第 93 行.
INFO: [ app_end ] --START--
INFO: Run Behavior\ShowPageTraceBehavior [ RunTime:0.005802s ]
INFO: [ app_end ] --END-- [ RunTime:0.005892s ]

[ 2015-10-21T11:29:41+08:00 ] 127.0.0.1 /scausy/index.php/home/login/code
INFO: [ app_init ] --START--
INFO: Run Behavior\BuildLiteBehavior [ RunTime:0.000015s ]
INFO: [ app_init ] --END-- [ RunTime:0.000393s ]
INFO: [ app_begin ] --START--
INFO: Run Behavior\ReadHtmlCacheBehavior [ RunTime:0.000520s ]
INFO: [ app_begin ] --END-- [ RunTime:0.000574s ]
INFO: [ app_end ] --START--
INFO: Run Behavior\ShowPageTraceBehavior [ RunTime:0.000907s ]
INFO: [ app_end ] --END-- [ RunTime:0.001008s ]

[ 2015-10-21T11:29:41+08:00 ] 127.0.0.1 /scausy/index.php/home/login/islogin
INFO: [ app_init ] --START--
INFO: Run Behavior\BuildLiteBehavior [ RunTime:0.000020s ]
INFO: [ app_init ] --END-- [ RunTime:0.000428s ]
INFO: [ app_begin ] --START--
INFO: Run Behavior\ReadHtmlCacheBehavior [ RunTime:0.000906s ]
INFO: [ app_begin ] --END-- [ RunTime:0.001175s ]
INFO: [ app_end ] --START--
INFO: Run Behavior\ShowPageTraceBehavior [ RunTime:0.000547s ]
INFO: [ app_end ] --END-- [ RunTime:0.000616s ]

[ 2015-10-21T11:29:51+08:00 ] 127.0.0.1 /scausy/index.php/home/login/zhengfang%20?%20username=admin&password=1111&code=&%20i
INFO: [ app_init ] --START--
INFO: Run Behavior\BuildLiteBehavior [ RunTime:0.000018s ]
INFO: [ app_init ] --END-- [ RunTime:0.000431s ]
INFO: [ app_begin ] --START--
INFO: Run Behavior\ReadHtmlCacheBehavior [ RunTime:0.000805s ]
INFO: [ app_begin ] --END-- [ RunTime:0.000879s ]
NOTIC: [8] Constant SCRIPT_ROOT already defined F:\Apache24\htdocs\scausy\Application\Home\Api\ZhengfangApi.class.php 第 4 行.
SQL: SHOW COLUMNS FROM `sy_students` [ RunTime:0.0478s ]
NOTIC: [8] Undefined index: username F:\Apache24\htdocs\scausy\Application\Home\Controller\LoginController.class.php 第 92 行.
NOTIC: [8] Undefined index: password F:\Apache24\htdocs\scausy\Application\Home\Controller\LoginController.class.php 第 93 行.
SQL: SHOW COLUMNS FROM `sy_students` [ RunTime:0.0455s ]
SQL: select * from sy_students where id ='' AND password ='d41d8cd98f00b204e9800998ecf8427e' [ RunTime:0.0453s ]
INFO: [ app_end ] --START--
INFO: Run Behavior\ShowPageTraceBehavior [ RunTime:0.001641s ]
INFO: [ app_end ] --END-- [ RunTime:0.001775s ]

[ 2015-10-21T11:29:51+08:00 ] 127.0.0.1 /scausy/index.php/home/login/zhengfang
INFO: [ app_init ] --START--
INFO: Run Behavior\BuildLiteBehavior [ RunTime:0.000024s ]
INFO: [ app_init ] --END-- [ RunTime:0.001005s ]
INFO: [ app_begin ] --START--
INFO: Run Behavior\ReadHtmlCacheBehavior [ RunTime:0.000669s ]
INFO: [ app_begin ] --END-- [ RunTime:0.000748s ]
NOTIC: [8] Constant SCRIPT_ROOT already defined F:\Apache24\htdocs\scausy\Application\Home\Api\ZhengfangApi.class.php 第 4 行.
SQL: SHOW COLUMNS FROM `sy_students` [ RunTime:0.0477s ]
SQL: SHOW COLUMNS FROM `sy_students` [ RunTime:0.0463s ]
SQL: select * from sy_students where id ='admin' AND password ='b59c67bf196a4758191e42f76670ceba' [ RunTime:0.0460s ]
INFO: [ view_parse ] --START--
INFO: [ template_filter ] --START--
INFO: Run Behavior\ContentReplaceBehavior [ RunTime:0.000125s ]
INFO: [ template_filter ] --END-- [ RunTime:0.000234s ]
NOTIC: [8] Undefined variable: array F:\Apache24\htdocs\scausy\Application\Runtime\Cache\Home\1fa0a3c4921c3a61cdaaf7eb6e05cbff.php 第 44 行.
NOTIC: [8] Undefined variable: array F:\Apache24\htdocs\scausy\Application\Runtime\Cache\Home\1fa0a3c4921c3a61cdaaf7eb6e05cbff.php 第 45 行.
NOTIC: [8] Undefined variable: array F:\Apache24\htdocs\scausy\Application\Runtime\Cache\Home\1fa0a3c4921c3a61cdaaf7eb6e05cbff.php 第 46 行.
NOTIC: [8] Undefined variable: array F:\Apache24\htdocs\scausy\Application\Runtime\Cache\Home\1fa0a3c4921c3a61cdaaf7eb6e05cbff.php 第 47 行.
INFO: Run Behavior\ParseTemplateBehavior [ RunTime:0.017050s ]
INFO: [ view_parse ] --END-- [ RunTime:0.017300s ]
INFO: [ view_filter ] --START--
INFO: Run Behavior\WriteHtmlCacheBehavior [ RunTime:0.001205s ]
INFO: [ view_filter ] --END-- [ RunTime:0.001325s ]
INFO: [ view_parse ] --START--
INFO: [ template_filter ] --START--
INFO: Run Behavior\ContentReplaceBehavior [ RunTime:0.000093s ]
INFO: [ template_filter ] --END-- [ RunTime:-0.007815s ]
NOTIC: [8] Undefined variable: article_item F:\Apache24\htdocs\scausy\Application\Runtime\Cache\Home\0369c7ff58afe6cbfddee81f980ccc4a.php 第 31 行.
NOTIC: [8] Undefined variable: article_item F:\Apache24\htdocs\scausy\Application\Runtime\Cache\Home\0369c7ff58afe6cbfddee81f980ccc4a.php 第 38 行.
NOTIC: [8] Undefined variable: article_item F:\Apache24\htdocs\scausy\Application\Runtime\Cache\Home\0369c7ff58afe6cbfddee81f980ccc4a.php 第 44 行.
NOTIC: [8] Undefined variable: group F:\Apache24\htdocs\scausy\Application\Runtime\Cache\Home\0369c7ff58afe6cbfddee81f980ccc4a.php 第 45 行.
INFO: Run Behavior\ParseTemplateBehavior [ RunTime:0.005114s ]
INFO: [ view_parse ] --END-- [ RunTime:-0.001814s ]
INFO: [ view_filter ] --START--
INFO: Run Behavior\WriteHtmlCacheBehavior [ RunTime:0.000024s ]
INFO: [ view_filter ] --END-- [ RunTime:-0.005660s ]
INFO: [ app_end ] --START--
INFO: Run Behavior\ShowPageTraceBehavior [ RunTime:0.001220s ]
INFO: [ app_end ] --END-- [ RunTime:0.001329s ]

[ 2015-10-21T11:29:56+08:00 ] 127.0.0.1 /scausy/index.php/home/admin/administrateOrganization
INFO: [ app_init ] --START--
INFO: Run Behavior\BuildLiteBehavior [ RunTime:0.000012s ]
INFO: [ app_init ] --END-- [ RunTime:0.000270s ]
INFO: [ app_begin ] --START--
INFO: Run Behavior\ReadHtmlCacheBehavior [ RunTime:0.000403s ]
INFO: [ app_begin ] --END-- [ RunTime:0.000451s ]
NOTIC: [8] Use of undefined constant ture - assumed 'ture' F:\Apache24\htdocs\scausy\ThinkPHP\Common\functions.php 第 1640 行.
SQL: SHOW COLUMNS FROM `sy_organization` [ RunTime:0.0540s ]
SQL: SELECT * FROM `sy_organization` WHERE `id` = 1  [ RunTime:0.7050s ]
INFO: [ view_parse ] --START--
INFO: [ template_filter ] --START--
INFO: Run Behavior\ContentReplaceBehavior [ RunTime:0.000072s ]
INFO: [ template_filter ] --END-- [ RunTime:0.000157s ]
NOTIC: [8] Undefined index: content4 F:\Apache24\htdocs\scausy\Application\Runtime\Cache\Home\1fa0a3c4921c3a61cdaaf7eb6e05cbff.php 第 47 行.
INFO: Run Behavior\ParseTemplateBehavior [ RunTime:0.011022s ]
INFO: [ view_parse ] --END-- [ RunTime:0.011115s ]
INFO: [ view_filter ] --START--
INFO: Run Behavior\WriteHtmlCacheBehavior [ RunTime:0.000572s ]
INFO: [ view_filter ] --END-- [ RunTime:0.000662s ]
INFO: [ view_parse ] --START--
INFO: [ template_filter ] --START--
INFO: Run Behavior\ContentReplaceBehavior [ RunTime:0.000047s ]
INFO: [ template_filter ] --END-- [ RunTime:-0.066436s ]
INFO: Run Behavior\ParseTemplateBehavior [ RunTime:0.069117s ]
INFO: [ view_parse ] --END-- [ RunTime:-0.000910s ]
INFO: [ view_filter ] --START--
INFO: Run Behavior\WriteHtmlCacheBehavior [ RunTime:0.000012s ]
INFO: [ view_filter ] --END-- [ RunTime:-0.069401s ]
INFO: [ app_end ] --START--
INFO: Run Behavior\ShowPageTraceBehavior [ RunTime:0.000555s ]
INFO: [ app_end ] --END-- [ RunTime:0.000589s ]

[ 2015-10-21T11:29:58+08:00 ] 127.0.0.1 /scausy/index.php/home/admin/administrateActivity
INFO: [ app_init ] --START--
INFO: Run Behavior\BuildLiteBehavior [ RunTime:0.000013s ]
INFO: [ app_init ] --END-- [ RunTime:0.000283s ]
INFO: [ app_begin ] --START--
INFO: Run Behavior\ReadHtmlCacheBehavior [ RunTime:0.000319s ]
INFO: [ app_begin ] --END-- [ RunTime:0.000355s ]
NOTIC: [8] Use of undefined constant ture - assumed 'ture' F:\Apache24\htdocs\scausy\ThinkPHP\Common\functions.php 第 1640 行.
SQL: SHOW COLUMNS FROM `sy_activity` [ RunTime:0.0456s ]
SQL: SELECT * FROM `sy_activity` ORDER BY id desc  [ RunTime:0.0453s ]
INFO: [ view_parse ] --START--
INFO: [ template_filter ] --START--
INFO: Run Behavior\ContentReplaceBehavior [ RunTime:0.000153s ]
INFO: [ template_filter ] --END-- [ RunTime:0.000264s ]
NOTIC: [8] Undefined index: content2 F:\Apache24\htdocs\scausy\Application\Runtime\Cache\Home\1fa0a3c4921c3a61cdaaf7eb6e05cbff.php 第 44 行.
NOTIC: [8] Undefined index: content3 F:\Apache24\htdocs\scausy\Application\Runtime\Cache\Home\1fa0a3c4921c3a61cdaaf7eb6e05cbff.php 第 45 行.
NOTIC: [8] Undefined index: content1 F:\Apache24\htdocs\scausy\Application\Runtime\Cache\Home\1fa0a3c4921c3a61cdaaf7eb6e05cbff.php 第 46 行.
INFO: Run Behavior\ParseTemplateBehavior [ RunTime:0.012438s ]
INFO: [ view_parse ] --END-- [ RunTime:0.012592s ]
INFO: [ view_filter ] --START--
INFO: Run Behavior\WriteHtmlCacheBehavior [ RunTime:0.001172s ]
INFO: [ view_filter ] --END-- [ RunTime:0.001336s ]
INFO: [ view_parse ] --START--
INFO: [ template_filter ] --START--
INFO: Run Behavior\ContentReplaceBehavior [ RunTime:0.000034s ]
INFO: [ template_filter ] --END-- [ RunTime:-0.052746s ]
NOTIC: [8] A non well formed numeric value encountered F:\Apache24\htdocs\scausy\Application\Runtime\Cache\Home\28689a9ab1df8cc76f2572cc4d4f8300.php 第 34 行.
NOTIC: [8] A non well formed numeric value encountered F:\Apache24\htdocs\scausy\Application\Runtime\Cache\Home\28689a9ab1df8cc76f2572cc4d4f8300.php 第 34 行.
INFO: Run Behavior\ParseTemplateBehavior [ RunTime:0.049526s ]
INFO: [ view_parse ] --END-- [ RunTime:-0.002046s ]
INFO: [ view_filter ] --START--
INFO: Run Behavior\WriteHtmlCacheBehavior [ RunTime:0.000017s ]
INFO: [ view_filter ] --END-- [ RunTime:-0.050294s ]
INFO: [ app_end ] --START--
INFO: Run Behavior\ShowPageTraceBehavior [ RunTime:0.000586s ]
INFO: [ app_end ] --END-- [ RunTime:0.000638s ]

[ 2015-10-21T13:17:52+08:00 ] 127.0.0.1 /scausy/index.php/home/admin/administrateActivity
INFO: [ app_init ] --START--
INFO: Run Behavior\BuildLiteBehavior [ RunTime:0.000020s ]
INFO: [ app_init ] --END-- [ RunTime:0.000505s ]
INFO: [ app_begin ] --START--
INFO: Run Behavior\ReadHtmlCacheBehavior [ RunTime:0.000791s ]
INFO: [ app_begin ] --END-- [ RunTime:0.000870s ]
NOTIC: [8] Use of undefined constant ture - assumed 'ture' F:\Apache24\htdocs\scausy\ThinkPHP\Common\functions.php 第 1640 行.
SQL: SHOW COLUMNS FROM `sy_activity` [ RunTime:0.0469s ]
SQL: SELECT * FROM `sy_activity` ORDER BY id desc  [ RunTime:0.0465s ]
INFO: [ view_parse ] --START--
INFO: [ template_filter ] --START--
INFO: Run Behavior\ContentReplaceBehavior [ RunTime:0.000055s ]
INFO: [ template_filter ] --END-- [ RunTime:0.000103s ]
NOTIC: [8] Undefined index: content2 F:\Apache24\htdocs\scausy\Application\Runtime\Cache\Home\1fa0a3c4921c3a61cdaaf7eb6e05cbff.php 第 44 行.
NOTIC: [8] Undefined index: content3 F:\Apache24\htdocs\scausy\Application\Runtime\Cache\Home\1fa0a3c4921c3a61cdaaf7eb6e05cbff.php 第 45 行.
NOTIC: [8] Undefined index: content1 F:\Apache24\htdocs\scausy\Application\Runtime\Cache\Home\1fa0a3c4921c3a61cdaaf7eb6e05cbff.php 第 46 行.
INFO: Run Behavior\ParseTemplateBehavior [ RunTime:0.006135s ]
INFO: [ view_parse ] --END-- [ RunTime:0.006192s ]
INFO: [ view_filter ] --START--
INFO: Run Behavior\WriteHtmlCacheBehavior [ RunTime:0.000400s ]
INFO: [ view_filter ] --END-- [ RunTime:0.000469s ]
INFO: [ view_parse ] --START--
INFO: [ template_filter ] --START--
INFO: Run Behavior\ContentReplaceBehavior [ RunTime:0.000028s ]
INFO: [ template_filter ] --END-- [ RunTime:-0.004443s ]
NOTIC: [8] A non well formed numeric value encountered F:\Apache24\htdocs\scausy\Application\Runtime\Cache\Home\28689a9ab1df8cc76f2572cc4d4f8300.php 第 34 行.
NOTIC: [8] A non well formed numeric value encountered F:\Apache24\htdocs\scausy\Application\Runtime\Cache\Home\28689a9ab1df8cc76f2572cc4d4f8300.php 第 34 行.
INFO: Run Behavior\ParseTemplateBehavior [ RunTime:0.003406s ]
INFO: [ view_parse ] --END-- [ RunTime:-0.000999s ]
INFO: [ view_filter ] --START--
INFO: Run Behavior\WriteHtmlCacheBehavior [ RunTime:0.000010s ]
INFO: [ view_filter ] --END-- [ RunTime:-0.003986s ]
INFO: [ app_end ] --START--
INFO: Run Behavior\ShowPageTraceBehavior [ RunTime:0.000501s ]
INFO: [ app_end ] --END-- [ RunTime:0.000538s ]

[ 2015-10-21T13:30:18+08:00 ] 127.0.0.1 /scausy/index.php/home/admin/administrateActivity
INFO: [ app_init ] --START--
INFO: Run Behavior\BuildLiteBehavior [ RunTime:0.000018s ]
INFO: [ app_init ] --END-- [ RunTime:0.000438s ]
INFO: [ app_begin ] --START--
INFO: Run Behavior\ReadHtmlCacheBehavior [ RunTime:0.000714s ]
INFO: [ app_begin ] --END-- [ RunTime:0.000780s ]
NOTIC: [8] Use of undefined constant ture - assumed 'ture' F:\Apache24\htdocs\scausy\ThinkPHP\Common\functions.php 第 1640 行.
SQL: SHOW COLUMNS FROM `sy_activity` [ RunTime:0.0543s ]
SQL: SELECT * FROM `sy_activity` ORDER BY id desc  [ RunTime:0.0558s ]
INFO: [ view_parse ] --START--
INFO: [ template_filter ] --START--
INFO: Run Behavior\ContentReplaceBehavior [ RunTime:0.000056s ]
INFO: [ template_filter ] --END-- [ RunTime:0.000119s ]
NOTIC: [8] Undefined index: content2 F:\Apache24\htdocs\scausy\Application\Runtime\Cache\Home\1fa0a3c4921c3a61cdaaf7eb6e05cbff.php 第 44 行.
NOTIC: [8] Undefined index: content3 F:\Apache24\htdocs\scausy\Application\Runtime\Cache\Home\1fa0a3c4921c3a61cdaaf7eb6e05cbff.php 第 45 行.
NOTIC: [8] Undefined index: content1 F:\Apache24\htdocs\scausy\Application\Runtime\Cache\Home\1fa0a3c4921c3a61cdaaf7eb6e05cbff.php 第 46 行.
INFO: Run Behavior\ParseTemplateBehavior [ RunTime:0.006489s ]
INFO: [ view_parse ] --END-- [ RunTime:0.006548s ]
INFO: [ view_filter ] --START--
INFO: Run Behavior\WriteHtmlCacheBehavior [ RunTime:0.000269s ]
INFO: [ view_filter ] --END-- [ RunTime:0.000300s ]
INFO: [ view_parse ] --START--
INFO: [ template_filter ] --START--
INFO: Run Behavior\ContentReplaceBehavior [ RunTime:0.000047s ]
INFO: [ template_filter ] --END-- [ RunTime:-0.003878s ]
NOTIC: [8] A non well formed numeric value encountered F:\Apache24\htdocs\scausy\Application\Runtime\Cache\Home\28689a9ab1df8cc76f2572cc4d4f8300.php 第 34 行.
NOTIC: [8] A non well formed numeric value encountered F:\Apache24\htdocs\scausy\Application\Runtime\Cache\Home\28689a9ab1df8cc76f2572cc4d4f8300.php 第 34 行.
INFO: Run Behavior\ParseTemplateBehavior [ RunTime:0.003837s ]
INFO: [ view_parse ] --END-- [ RunTime:-0.000541s ]
INFO: [ view_filter ] --START--
INFO: Run Behavior\WriteHtmlCacheBehavior [ RunTime:0.000015s ]
INFO: [ view_filter ] --END-- [ RunTime:-0.004119s ]
INFO: [ app_end ] --START--
INFO: Run Behavior\ShowPageTraceBehavior [ RunTime:0.000822s ]
INFO: [ app_end ] --END-- [ RunTime:0.000875s ]

[ 2015-10-21T15:34:04+08:00 ] 127.0.0.1 /scausy/index.php/home/admin/administrateActivity
INFO: [ app_init ] --START--
INFO: Run Behavior\BuildLiteBehavior [ RunTime:0.000023s ]
INFO: [ app_init ] --END-- [ RunTime:0.000600s ]
INFO: [ app_begin ] --START--
INFO: Run Behavior\ReadHtmlCacheBehavior [ RunTime:0.000783s ]
INFO: [ app_begin ] --END-- [ RunTime:0.000871s ]
NOTIC: [8] Use of undefined constant ture - assumed 'ture' F:\Apache24\htdocs\scausy\ThinkPHP\Common\functions.php 第 1640 行.
SQL: SHOW COLUMNS FROM `sy_activity` [ RunTime:0.0460s ]
SQL: SELECT * FROM `sy_activity` ORDER BY id desc  [ RunTime:0.0448s ]
INFO: [ view_parse ] --START--
INFO: [ template_filter ] --START--
INFO: Run Behavior\ContentReplaceBehavior [ RunTime:0.000073s ]
INFO: [ template_filter ] --END-- [ RunTime:0.000148s ]
NOTIC: [8] Undefined index: content2 F:\Apache24\htdocs\scausy\Application\Runtime\Cache\Home\1fa0a3c4921c3a61cdaaf7eb6e05cbff.php 第 44 行.
NOTIC: [8] Undefined index: content3 F:\Apache24\htdocs\scausy\Application\Runtime\Cache\Home\1fa0a3c4921c3a61cdaaf7eb6e05cbff.php 第 45 行.
NOTIC: [8] Undefined index: content1 F:\Apache24\htdocs\scausy\Application\Runtime\Cache\Home\1fa0a3c4921c3a61cdaaf7eb6e05cbff.php 第 46 行.
INFO: Run Behavior\ParseTemplateBehavior [ RunTime:0.009400s ]
INFO: [ view_parse ] --END-- [ RunTime:0.009471s ]
INFO: [ view_filter ] --START--
INFO: Run Behavior\WriteHtmlCacheBehavior [ RunTime:0.000430s ]
INFO: [ view_filter ] --END-- [ RunTime:0.000485s ]
INFO: [ view_parse ] --START--
INFO: [ template_filter ] --START--
INFO: Run Behavior\ContentReplaceBehavior [ RunTime:0.000042s ]
INFO: [ template_filter ] --END-- [ RunTime:-0.004499s ]
NOTIC: [8] A non well formed numeric value encountered F:\Apache24\htdocs\scausy\Application\Runtime\Cache\Home\28689a9ab1df8cc76f2572cc4d4f8300.php 第 34 行.
NOTIC: [8] A non well formed numeric value encountered F:\Apache24\htdocs\scausy\Application\Runtime\Cache\Home\28689a9ab1df8cc76f2572cc4d4f8300.php 第 34 行.
INFO: Run Behavior\ParseTemplateBehavior [ RunTime:0.003430s ]
INFO: [ view_parse ] --END-- [ RunTime:-0.000875s ]
INFO: [ view_filter ] --START--
INFO: Run Behavior\WriteHtmlCacheBehavior [ RunTime:0.000015s ]
INFO: [ view_filter ] --END-- [ RunTime:-0.003880s ]
INFO: [ app_end ] --START--
INFO: Run Behavior\ShowPageTraceBehavior [ RunTime:0.000631s ]
INFO: [ app_end ] --END-- [ RunTime:0.000675s ]

[ 2015-10-21T19:12:48+08:00 ] 127.0.0.1 /scausy/index.php
INFO: [ app_init ] --START--
INFO: Run Behavior\BuildLiteBehavior [ RunTime:0.000012s ]
INFO: [ app_init ] --END-- [ RunTime:0.000288s ]
INFO: [ app_begin ] --START--
INFO: Run Behavior\ReadHtmlCacheBehavior [ RunTime:0.000398s ]
INFO: [ app_begin ] --END-- [ RunTime:0.000435s ]
SQL: SHOW COLUMNS FROM `sy_article` [ RunTime:0.0522s ]
SQL: SELECT * FROM `sy_article` ORDER BY id desc LIMIT 8   [ RunTime:0.7510s ]
SQL: SHOW COLUMNS FROM `sy_activity` [ RunTime:0.0531s ]
SQL: SELECT * FROM `sy_activity`  [ RunTime:0.0508s ]
INFO: [ view_parse ] --START--
INFO: [ template_filter ] --START--
INFO: Run Behavior\ContentReplaceBehavior [ RunTime:0.000093s ]
INFO: [ template_filter ] --END-- [ RunTime:0.000183s ]
NOTIC: [8] Undefined offset: 1 F:\Apache24\htdocs\scausy\Application\Runtime\Cache\Home\9f3194e72bdc509fe5c1644316ad2336.php 第 41 行.
NOTIC: [8] Undefined offset: 2 F:\Apache24\htdocs\scausy\Application\Runtime\Cache\Home\9f3194e72bdc509fe5c1644316ad2336.php 第 42 行.
NOTIC: [8] Undefined offset: 3 F:\Apache24\htdocs\scausy\Application\Runtime\Cache\Home\9f3194e72bdc509fe5c1644316ad2336.php 第 43 行.
NOTIC: [8] Undefined offset: 4 F:\Apache24\htdocs\scausy\Application\Runtime\Cache\Home\9f3194e72bdc509fe5c1644316ad2336.php 第 44 行.
INFO: Run Behavior\ParseTemplateBehavior [ RunTime:0.006181s ]
INFO: [ view_parse ] --END-- [ RunTime:0.006227s ]
INFO: [ view_filter ] --START--
INFO: Run Behavior\WriteHtmlCacheBehavior [ RunTime:0.000227s ]
INFO: [ view_filter ] --END-- [ RunTime:0.000257s ]
INFO: [ view_parse ] --START--
INFO: [ template_filter ] --START--
INFO: Run Behavior\ContentReplaceBehavior [ RunTime:0.000085s ]
INFO: [ template_filter ] --END-- [ RunTime:-0.004859s ]
INFO: Run Behavior\ParseTemplateBehavior [ RunTime:0.004688s ]
INFO: [ view_parse ] --END-- [ RunTime:-0.000426s ]
INFO: [ view_filter ] --START--
INFO: Run Behavior\WriteHtmlCacheBehavior [ RunTime:0.000013s ]
INFO: [ view_filter ] --END-- [ RunTime:-0.004911s ]
NOTIC: [2] Cannot modify header information - headers already sent by (output started at F:\Apache24\htdocs\scausy\ThinkPHP\Library\Think\View.class.php:95) F:\Apache24\htdocs\scausy\ThinkPHP\Library\Think\View.class.php 第 91 行.
NOTIC: [2] Cannot modify header information - headers already sent by (output started at F:\Apache24\htdocs\scausy\ThinkPHP\Library\Think\View.class.php:95) F:\Apache24\htdocs\scausy\ThinkPHP\Library\Think\View.class.php 第 92 行.
NOTIC: [2] Cannot modify header information - headers already sent by (output started at F:\Apache24\htdocs\scausy\ThinkPHP\Library\Think\View.class.php:95) F:\Apache24\htdocs\scausy\ThinkPHP\Library\Think\View.class.php 第 93 行.
INFO: [ view_parse ] --START--
INFO: [ template_filter ] --START--
INFO: Run Behavior\ContentReplaceBehavior [ RunTime:0.000047s ]
INFO: [ template_filter ] --END-- [ RunTime:-0.009484s ]
INFO: Run Behavior\ParseTemplateBehavior [ RunTime:0.002161s ]
INFO: [ view_parse ] --END-- [ RunTime:-0.007184s ]
INFO: [ view_filter ] --START--
INFO: Run Behavior\WriteHtmlCacheBehavior [ RunTime:0.000018s ]
INFO: [ view_filter ] --END-- [ RunTime:-0.009186s ]
NOTIC: [2] Cannot modify header information - headers already sent by (output started at F:\Apache24\htdocs\scausy\ThinkPHP\Library\Think\View.class.php:95) F:\Apache24\htdocs\scausy\ThinkPHP\Library\Think\View.class.php 第 91 行.
NOTIC: [2] Cannot modify header information - headers already sent by (output started at F:\Apache24\htdocs\scausy\ThinkPHP\Library\Think\View.class.php:95) F:\Apache24\htdocs\scausy\ThinkPHP\Library\Think\View.class.php 第 92 行.
NOTIC: [2] Cannot modify header information - headers already sent by (output started at F:\Apache24\htdocs\scausy\ThinkPHP\Library\Think\View.class.php:95) F:\Apache24\htdocs\scausy\ThinkPHP\Library\Think\View.class.php 第 93 行.
INFO: [ app_end ] --START--
INFO: Run Behavior\ShowPageTraceBehavior [ RunTime:0.000831s ]
INFO: [ app_end ] --END-- [ RunTime:0.000902s ]

[ 2015-10-21T19:12:49+08:00 ] 127.0.0.1 /scausy/index.php/home/login/code
INFO: [ app_init ] --START--
INFO: Run Behavior\BuildLiteBehavior [ RunTime:0.000019s ]
INFO: [ app_init ] --END-- [ RunTime:0.000392s ]
INFO: [ app_begin ] --START--
INFO: Run Behavior\ReadHtmlCacheBehavior [ RunTime:0.000613s ]
INFO: [ app_begin ] --END-- [ RunTime:0.000699s ]
INFO: [ app_end ] --START--
INFO: Run Behavior\ShowPageTraceBehavior [ RunTime:0.000842s ]
INFO: [ app_end ] --END-- [ RunTime:0.000943s ]

[ 2015-10-21T19:12:49+08:00 ] 127.0.0.1 /scausy/index.php/home/login/islogin
INFO: [ app_init ] --START--
INFO: Run Behavior\BuildLiteBehavior [ RunTime:0.000013s ]
INFO: [ app_init ] --END-- [ RunTime:0.000272s ]
INFO: [ app_begin ] --START--
INFO: Run Behavior\ReadHtmlCacheBehavior [ RunTime:0.000350s ]
INFO: [ app_begin ] --END-- [ RunTime:0.000392s ]
INFO: [ app_end ] --START--
INFO: Run Behavior\ShowPageTraceBehavior [ RunTime:0.000480s ]
INFO: [ app_end ] --END-- [ RunTime:0.000525s ]

[ 2015-10-21T19:42:41+08:00 ] 125.88.24.240 /scausy/
INFO: [ app_init ] --START--
INFO: Run Behavior\BuildLiteBehavior [ RunTime:0.000021s ]
INFO: [ app_init ] --END-- [ RunTime:0.000396s ]
INFO: [ app_begin ] --START--
INFO: Run Behavior\ReadHtmlCacheBehavior [ RunTime:0.000447s ]
INFO: [ app_begin ] --END-- [ RunTime:0.000496s ]
SQL: SHOW COLUMNS FROM `sy_article` [ RunTime:0.0008s ]
SQL: SELECT * FROM `sy_article` ORDER BY id desc LIMIT 8   [ RunTime:0.0005s ]
SQL: SHOW COLUMNS FROM `sy_activity` [ RunTime:0.0005s ]
SQL: SELECT * FROM `sy_activity`  [ RunTime:0.0002s ]
INFO: [ view_parse ] --START--
INFO: [ template_filter ] --START--
INFO: Run Behavior\ContentReplaceBehavior [ RunTime:0.000095s ]
INFO: [ template_filter ] --END-- [ RunTime:0.000149s ]
NOTIC: [8] Undefined offset: 1 /alidata/www/default/scausy/Application/Runtime/Cache/Home/9f3194e72bdc509fe5c1644316ad2336.php 第 41 行.
NOTIC: [8] Undefined offset: 2 /alidata/www/default/scausy/Application/Runtime/Cache/Home/9f3194e72bdc509fe5c1644316ad2336.php 第 42 行.
NOTIC: [8] Undefined offset: 3 /alidata/www/default/scausy/Application/Runtime/Cache/Home/9f3194e72bdc509fe5c1644316ad2336.php 第 43 行.
NOTIC: [8] Undefined offset: 4 /alidata/www/default/scausy/Application/Runtime/Cache/Home/9f3194e72bdc509fe5c1644316ad2336.php 第 44 行.
INFO: Run Behavior\ParseTemplateBehavior [ RunTime:0.006598s ]
INFO: [ view_parse ] --END-- [ RunTime:0.006642s ]
INFO: [ view_filter ] --START--
INFO: Run Behavior\WriteHtmlCacheBehavior [ RunTime:0.000205s ]
INFO: [ view_filter ] --END-- [ RunTime:0.000248s ]
INFO: [ view_parse ] --START--
INFO: [ template_filter ] --START--
INFO: Run Behavior\ContentReplaceBehavior [ RunTime:0.000035s ]
INFO: [ template_filter ] --END-- [ RunTime:-0.005141s ]
INFO: Run Behavior\ParseTemplateBehavior [ RunTime:0.005054s ]
INFO: [ view_parse ] --END-- [ RunTime:-0.000362s ]
INFO: [ view_filter ] --START--
INFO: Run Behavior\WriteHtmlCacheBehavior [ RunTime:0.000011s ]
INFO: [ view_filter ] --END-- [ RunTime:-0.005212s ]
NOTIC: [2] Cannot modify header information - headers already sent by (output started at /alidata/www/default/scausy/ThinkPHP/Library/Think/View.class.php:95) /alidata/www/default/scausy/ThinkPHP/Library/Think/View.class.php 第 91 行.
NOTIC: [2] Cannot modify header information - headers already sent by (output started at /alidata/www/default/scausy/ThinkPHP/Library/Think/View.class.php:95) /alidata/www/default/scausy/ThinkPHP/Library/Think/View.class.php 第 92 行.
NOTIC: [2] Cannot modify header information - headers already sent by (output started at /alidata/www/default/scausy/ThinkPHP/Library/Think/View.class.php:95) /alidata/www/default/scausy/ThinkPHP/Library/Think/View.class.php 第 93 行.
INFO: [ view_parse ] --START--
INFO: [ template_filter ] --START--
INFO: Run Behavior\ContentReplaceBehavior [ RunTime:0.000025s ]
INFO: [ template_filter ] --END-- [ RunTime:-0.007422s ]
INFO: Run Behavior\ParseTemplateBehavior [ RunTime:0.001457s ]
INFO: [ view_parse ] --END-- [ RunTime:-0.005731s ]
INFO: [ view_filter ] --START--
INFO: Run Behavior\WriteHtmlCacheBehavior [ RunTime:0.000010s ]
INFO: [ view_filter ] --END-- [ RunTime:-0.006980s ]
NOTIC: [2] Cannot modify header information - headers already sent by (output started at /alidata/www/default/scausy/ThinkPHP/Library/Think/View.class.php:95) /alidata/www/default/scausy/ThinkPHP/Library/Think/View.class.php 第 91 行.
NOTIC: [2] Cannot modify header information - headers already sent by (output started at /alidata/www/default/scausy/ThinkPHP/Library/Think/View.class.php:95) /alidata/www/default/scausy/ThinkPHP/Library/Think/View.class.php 第 92 行.
NOTIC: [2] Cannot modify header information - headers already sent by (output started at /alidata/www/default/scausy/ThinkPHP/Library/Think/View.class.php:95) /alidata/www/default/scausy/ThinkPHP/Library/Think/View.class.php 第 93 行.
INFO: [ app_end ] --START--
INFO: Run Behavior\ShowPageTraceBehavior [ RunTime:0.000439s ]
INFO: [ app_end ] --END-- [ RunTime:0.000483s ]

[ 2015-10-21T19:42:44+08:00 ] 125.88.24.240 /scausy/index.php/home/login/code
INFO: [ app_init ] --START--
INFO: Run Behavior\BuildLiteBehavior [ RunTime:0.000022s ]
INFO: [ app_init ] --END-- [ RunTime:0.000346s ]
INFO: [ app_begin ] --START--
INFO: Run Behavior\ReadHtmlCacheBehavior [ RunTime:0.000418s ]
INFO: [ app_begin ] --END-- [ RunTime:0.000468s ]
INFO: [ app_end ] --START--
INFO: Run Behavior\ShowPageTraceBehavior [ RunTime:0.000594s ]
INFO: [ app_end ] --END-- [ RunTime:0.000737s ]

[ 2015-10-21T19:42:44+08:00 ] 125.88.24.240 /scausy/index.php/home/login/islogin
INFO: [ app_init ] --START--
INFO: Run Behavior\BuildLiteBehavior [ RunTime:0.000019s ]
INFO: [ app_init ] --END-- [ RunTime:0.000321s ]
INFO: [ app_begin ] --START--
INFO: Run Behavior\ReadHtmlCacheBehavior [ RunTime:0.000435s ]
INFO: [ app_begin ] --END-- [ RunTime:0.000487s ]
INFO: [ app_end ] --START--
INFO: Run Behavior\ShowPageTraceBehavior [ RunTime:0.000428s ]
INFO: [ app_end ] --END-- [ RunTime:0.000488s ]

[ 2015-10-21T19:43:31+08:00 ] 125.88.24.240 /scausy/index.php/home/index/organization
INFO: [ app_init ] --START--
INFO: Run Behavior\BuildLiteBehavior [ RunTime:0.000019s ]
INFO: [ app_init ] --END-- [ RunTime:0.000325s ]
INFO: [ app_begin ] --START--
INFO: Run Behavior\ReadHtmlCacheBehavior [ RunTime:0.000443s ]
INFO: [ app_begin ] --END-- [ RunTime:0.000492s ]
SQL: SHOW COLUMNS FROM `sy_organization` [ RunTime:0.0009s ]
SQL: SELECT * FROM `sy_organization` WHERE `id` = 1  [ RunTime:0.0004s ]
INFO: [ view_parse ] --START--
INFO: [ template_filter ] --START--
INFO: Run Behavior\ContentReplaceBehavior [ RunTime:0.000047s ]
INFO: [ template_filter ] --END-- [ RunTime:0.000098s ]
NOTIC: [8] Undefined offset: 0 /alidata/www/default/scausy/Application/Runtime/Cache/Home/9f3194e72bdc509fe5c1644316ad2336.php 第 40 行.
NOTIC: [8] Undefined offset: 1 /alidata/www/default/scausy/Application/Runtime/Cache/Home/9f3194e72bdc509fe5c1644316ad2336.php 第 41 行.
NOTIC: [8] Undefined offset: 2 /alidata/www/default/scausy/Application/Runtime/Cache/Home/9f3194e72bdc509fe5c1644316ad2336.php 第 42 行.
NOTIC: [8] Undefined offset: 3 /alidata/www/default/scausy/Application/Runtime/Cache/Home/9f3194e72bdc509fe5c1644316ad2336.php 第 43 行.
INFO: Run Behavior\ParseTemplateBehavior [ RunTime:0.006696s ]
INFO: [ view_parse ] --END-- [ RunTime:0.006743s ]
INFO: [ view_filter ] --START--
INFO: Run Behavior\WriteHtmlCacheBehavior [ RunTime:0.000146s ]
INFO: [ view_filter ] --END-- [ RunTime:0.000187s ]
INFO: [ view_parse ] --START--
INFO: [ template_filter ] --START--
INFO: Run Behavior\ContentReplaceBehavior [ RunTime:0.000031s ]
INFO: [ template_filter ] --END-- [ RunTime:-0.002773s ]
INFO: Run Behavior\ParseTemplateBehavior [ RunTime:0.002625s ]
INFO: [ view_parse ] --END-- [ RunTime:-0.000306s ]
INFO: [ view_filter ] --START--
INFO: Run Behavior\WriteHtmlCacheBehavior [ RunTime:0.000011s ]
INFO: [ view_filter ] --END-- [ RunTime:-0.002827s ]
NOTIC: [2] Cannot modify header information - headers already sent by (output started at /alidata/www/default/scausy/ThinkPHP/Library/Think/View.class.php:95) /alidata/www/default/scausy/ThinkPHP/Library/Think/View.class.php 第 91 行.
NOTIC: [2] Cannot modify header information - headers already sent by (output started at /alidata/www/default/scausy/ThinkPHP/Library/Think/View.class.php:95) /alidata/www/default/scausy/ThinkPHP/Library/Think/View.class.php 第 92 行.
NOTIC: [2] Cannot modify header information - headers already sent by (output started at /alidata/www/default/scausy/ThinkPHP/Library/Think/View.class.php:95) /alidata/www/default/scausy/ThinkPHP/Library/Think/View.class.php 第 93 行.
INFO: [ view_parse ] --START--
INFO: [ template_filter ] --START--
INFO: Run Behavior\ContentReplaceBehavior [ RunTime:0.000031s ]
INFO: [ template_filter ] --END-- [ RunTime:-0.358083s ]
INFO: Run Behavior\ParseTemplateBehavior [ RunTime:0.001929s ]
INFO: [ view_parse ] --END-- [ RunTime:-0.356086s ]
INFO: [ view_filter ] --START--
INFO: Run Behavior\WriteHtmlCacheBehavior [ RunTime:0.000013s ]
INFO: [ view_filter ] --END-- [ RunTime:-0.357965s ]
NOTIC: [2] Cannot modify header information - headers already sent by (output started at /alidata/www/default/scausy/ThinkPHP/Library/Think/View.class.php:95) /alidata/www/default/scausy/ThinkPHP/Library/Think/View.class.php 第 91 行.
NOTIC: [2] Cannot modify header information - headers already sent by (output started at /alidata/www/default/scausy/ThinkPHP/Library/Think/View.class.php:95) /alidata/www/default/scausy/ThinkPHP/Library/Think/View.class.php 第 92 行.
NOTIC: [2] Cannot modify header information - headers already sent by (output started at /alidata/www/default/scausy/ThinkPHP/Library/Think/View.class.php:95) /alidata/www/default/scausy/ThinkPHP/Library/Think/View.class.php 第 93 行.
INFO: [ app_end ] --START--
INFO: Run Behavior\ShowPageTraceBehavior [ RunTime:0.000576s ]
INFO: [ app_end ] --END-- [ RunTime:0.000621s ]

[ 2015-10-21T19:43:31+08:00 ] 125.88.24.240 /scausy/index.php/home/login/code
INFO: [ app_init ] --START--
INFO: Run Behavior\BuildLiteBehavior [ RunTime:0.000019s ]
INFO: [ app_init ] --END-- [ RunTime:0.000384s ]
INFO: [ app_begin ] --START--
INFO: Run Behavior\ReadHtmlCacheBehavior [ RunTime:0.000445s ]
INFO: [ app_begin ] --END-- [ RunTime:0.000494s ]
INFO: [ app_end ] --START--
INFO: Run Behavior\ShowPageTraceBehavior [ RunTime:0.000612s ]
INFO: [ app_end ] --END-- [ RunTime:0.000712s ]

[ 2015-10-21T19:43:31+08:00 ] 125.88.24.240 /scausy/index.php/home/login/islogin
INFO: [ app_init ] --START--
INFO: Run Behavior\BuildLiteBehavior [ RunTime:0.000017s ]
INFO: [ app_init ] --END-- [ RunTime:0.000311s ]
INFO: [ app_begin ] --START--
INFO: Run Behavior\ReadHtmlCacheBehavior [ RunTime:0.000397s ]
INFO: [ app_begin ] --END-- [ RunTime:0.000445s ]
INFO: [ app_end ] --START--
INFO: Run Behavior\ShowPageTraceBehavior [ RunTime:0.000528s ]
INFO: [ app_end ] --END-- [ RunTime:0.000602s ]

