[ 2015-11-01T02:10:19+08:00 ] 220.181.108.161 /scausy/
INFO: [ app_init ] --START--
INFO: Run Behavior\BuildLiteBehavior [ RunTime:0.000015s ]
INFO: [ app_init ] --END-- [ RunTime:0.000352s ]
INFO: [ app_begin ] --START--
INFO: Run Behavior\ReadHtmlCacheBehavior [ RunTime:0.000375s ]
INFO: [ app_begin ] --END-- [ RunTime:0.000480s ]
SQL: SHOW COLUMNS FROM `sy_article` [ RunTime:0.0008s ]
SQL: SELECT * FROM `sy_article` ORDER BY id desc LIMIT 8   [ RunTime:0.0005s ]
SQL: SHOW COLUMNS FROM `sy_activity` [ RunTime:0.0005s ]
SQL: SELECT * FROM `sy_activity`  [ RunTime:0.0002s ]
INFO: [ view_parse ] --START--
INFO: [ template_filter ] --START--
INFO: Run Behavior\ContentReplaceBehavior [ RunTime:0.000050s ]
INFO: [ template_filter ] --END-- [ RunTime:0.000105s ]
NOTIC: [8] Undefined offset: 1 /alidata/www/default/scausy/Application/Runtime/Cache/Home/9f3194e72bdc509fe5c1644316ad2336.php 第 41 行.
NOTIC: [8] Undefined offset: 2 /alidata/www/default/scausy/Application/Runtime/Cache/Home/9f3194e72bdc509fe5c1644316ad2336.php 第 42 行.
NOTIC: [8] Undefined offset: 3 /alidata/www/default/scausy/Application/Runtime/Cache/Home/9f3194e72bdc509fe5c1644316ad2336.php 第 43 行.
NOTIC: [8] Undefined offset: 4 /alidata/www/default/scausy/Application/Runtime/Cache/Home/9f3194e72bdc509fe5c1644316ad2336.php 第 44 行.
INFO: Run Behavior\ParseTemplateBehavior [ RunTime:0.006067s ]
INFO: [ view_parse ] --END-- [ RunTime:0.006112s ]
INFO: [ view_filter ] --START--
INFO: Run Behavior\WriteHtmlCacheBehavior [ RunTime:0.000139s ]
INFO: [ view_filter ] --END-- [ RunTime:0.000180s ]
INFO: [ view_parse ] --START--
INFO: [ template_filter ] --START--
INFO: Run Behavior\ContentReplaceBehavior [ RunTime:0.000035s ]
INFO: [ template_filter ] --END-- [ RunTime:-0.005213s ]
INFO: Run Behavior\ParseTemplateBehavior [ RunTime:0.005178s ]
INFO: [ view_parse ] --END-- [ RunTime:-0.000348s ]
INFO: [ view_filter ] --START--
INFO: Run Behavior\WriteHtmlCacheBehavior [ RunTime:0.000010s ]
INFO: [ view_filter ] --END-- [ RunTime:-0.005389s ]
NOTIC: [2] Cannot modify header information - headers already sent by (output started at /alidata/www/default/scausy/ThinkPHP/Library/Think/View.class.php:95) /alidata/www/default/scausy/ThinkPHP/Library/Think/View.class.php 第 91 行.
NOTIC: [2] Cannot modify header information - headers already sent by (output started at /alidata/www/default/scausy/ThinkPHP/Library/Think/View.class.php:95) /alidata/www/default/scausy/ThinkPHP/Library/Think/View.class.php 第 92 行.
NOTIC: [2] Cannot modify header information - headers already sent by (output started at /alidata/www/default/scausy/ThinkPHP/Library/Think/View.class.php:95) /alidata/www/default/scausy/ThinkPHP/Library/Think/View.class.php 第 93 行.
INFO: [ view_parse ] --START--
INFO: [ template_filter ] --START--
INFO: Run Behavior\ContentReplaceBehavior [ RunTime:0.000024s ]
INFO: [ template_filter ] --END-- [ RunTime:-0.007541s ]
INFO: Run Behavior\ParseTemplateBehavior [ RunTime:0.001396s ]
INFO: [ view_parse ] --END-- [ RunTime:-0.005838s ]
INFO: [ view_filter ] --START--
INFO: Run Behavior\WriteHtmlCacheBehavior [ RunTime:0.000010s ]
INFO: [ view_filter ] --END-- [ RunTime:-0.007144s ]
NOTIC: [2] Cannot modify header information - headers already sent by (output started at /alidata/www/default/scausy/ThinkPHP/Library/Think/View.class.php:95) /alidata/www/default/scausy/ThinkPHP/Library/Think/View.class.php 第 91 行.
NOTIC: [2] Cannot modify header information - headers already sent by (output started at /alidata/www/default/scausy/ThinkPHP/Library/Think/View.class.php:95) /alidata/www/default/scausy/ThinkPHP/Library/Think/View.class.php 第 92 行.
NOTIC: [2] Cannot modify header information - headers already sent by (output started at /alidata/www/default/scausy/ThinkPHP/Library/Think/View.class.php:95) /alidata/www/default/scausy/ThinkPHP/Library/Think/View.class.php 第 93 行.
INFO: [ app_end ] --START--
INFO: Run Behavior\ShowPageTraceBehavior [ RunTime:0.000420s ]
INFO: [ app_end ] --END-- [ RunTime:0.000462s ]

[ 2015-11-01T02:43:39+08:00 ] 123.125.71.91 /scausy/index.php/home/index/organization
INFO: [ app_init ] --START--
INFO: Run Behavior\BuildLiteBehavior [ RunTime:0.000019s ]
INFO: [ app_init ] --END-- [ RunTime:0.000328s ]
INFO: [ app_begin ] --START--
INFO: Run Behavior\ReadHtmlCacheBehavior [ RunTime:0.000395s ]
INFO: [ app_begin ] --END-- [ RunTime:0.000502s ]
SQL: SHOW COLUMNS FROM `sy_organization` [ RunTime:0.0009s ]
SQL: SELECT * FROM `sy_organization` WHERE `id` = 1  [ RunTime:0.0005s ]
INFO: [ view_parse ] --START--
INFO: [ template_filter ] --START--
INFO: Run Behavior\ContentReplaceBehavior [ RunTime:0.000048s ]
INFO: [ template_filter ] --END-- [ RunTime:0.000478s ]
NOTIC: [8] Undefined offset: 0 /alidata/www/default/scausy/Application/Runtime/Cache/Home/9f3194e72bdc509fe5c1644316ad2336.php 第 40 行.
NOTIC: [8] Undefined offset: 1 /alidata/www/default/scausy/Application/Runtime/Cache/Home/9f3194e72bdc509fe5c1644316ad2336.php 第 41 行.
NOTIC: [8] Undefined offset: 2 /alidata/www/default/scausy/Application/Runtime/Cache/Home/9f3194e72bdc509fe5c1644316ad2336.php 第 42 行.
NOTIC: [8] Undefined offset: 3 /alidata/www/default/scausy/Application/Runtime/Cache/Home/9f3194e72bdc509fe5c1644316ad2336.php 第 43 行.
INFO: Run Behavior\ParseTemplateBehavior [ RunTime:0.007968s ]
INFO: [ view_parse ] --END-- [ RunTime:0.008019s ]
INFO: [ view_filter ] --START--
INFO: Run Behavior\WriteHtmlCacheBehavior [ RunTime:0.000172s ]
INFO: [ view_filter ] --END-- [ RunTime:0.000221s ]
INFO: [ view_parse ] --START--
INFO: [ template_filter ] --START--
INFO: Run Behavior\ContentReplaceBehavior [ RunTime:0.000032s ]
INFO: [ template_filter ] --END-- [ RunTime:-0.003174s ]
INFO: Run Behavior\ParseTemplateBehavior [ RunTime:0.003057s ]
INFO: [ view_parse ] --END-- [ RunTime:-0.000389s ]
INFO: [ view_filter ] --START--
INFO: Run Behavior\WriteHtmlCacheBehavior [ RunTime:0.000012s ]
INFO: [ view_filter ] --END-- [ RunTime:-0.003244s ]
NOTIC: [2] Cannot modify header information - headers already sent by (output started at /alidata/www/default/scausy/ThinkPHP/Library/Think/View.class.php:95) /alidata/www/default/scausy/ThinkPHP/Library/Think/View.class.php 第 91 行.
NOTIC: [2] Cannot modify header information - headers already sent by (output started at /alidata/www/default/scausy/ThinkPHP/Library/Think/View.class.php:95) /alidata/www/default/scausy/ThinkPHP/Library/Think/View.class.php 第 92 行.
NOTIC: [2] Cannot modify header information - headers already sent by (output started at /alidata/www/default/scausy/ThinkPHP/Library/Think/View.class.php:95) /alidata/www/default/scausy/ThinkPHP/Library/Think/View.class.php 第 93 行.
INFO: [ view_parse ] --START--
INFO: [ template_filter ] --START--
INFO: Run Behavior\ContentReplaceBehavior [ RunTime:0.000031s ]
INFO: [ template_filter ] --END-- [ RunTime:-0.272373s ]
INFO: Run Behavior\ParseTemplateBehavior [ RunTime:0.001823s ]
INFO: [ view_parse ] --END-- [ RunTime:-0.270481s ]
INFO: [ view_filter ] --START--
INFO: Run Behavior\WriteHtmlCacheBehavior [ RunTime:0.000012s ]
INFO: [ view_filter ] --END-- [ RunTime:-0.272096s ]
NOTIC: [2] Cannot modify header information - headers already sent by (output started at /alidata/www/default/scausy/ThinkPHP/Library/Think/View.class.php:95) /alidata/www/default/scausy/ThinkPHP/Library/Think/View.class.php 第 91 行.
NOTIC: [2] Cannot modify header information - headers already sent by (output started at /alidata/www/default/scausy/ThinkPHP/Library/Think/View.class.php:95) /alidata/www/default/scausy/ThinkPHP/Library/Think/View.class.php 第 92 行.
NOTIC: [2] Cannot modify header information - headers already sent by (output started at /alidata/www/default/scausy/ThinkPHP/Library/Think/View.class.php:95) /alidata/www/default/scausy/ThinkPHP/Library/Think/View.class.php 第 93 行.
INFO: [ app_end ] --START--
INFO: Run Behavior\ShowPageTraceBehavior [ RunTime:0.000543s ]
INFO: [ app_end ] --END-- [ RunTime:0.000588s ]

[ 2015-11-01T03:16:59+08:00 ] 220.181.108.106 /scausy/index.php/home/index/showArticle?group=Article&id=44
INFO: [ app_init ] --START--
INFO: Run Behavior\BuildLiteBehavior [ RunTime:0.000015s ]
INFO: [ app_init ] --END-- [ RunTime:0.000305s ]
INFO: [ app_begin ] --START--
INFO: Run Behavior\ReadHtmlCacheBehavior [ RunTime:0.000485s ]
INFO: [ app_begin ] --END-- [ RunTime:0.000532s ]
SQL: SHOW COLUMNS FROM `sy_article` [ RunTime:0.0008s ]
SQL: UPDATE `sy_article` SET `createtime`=createtime+1 WHERE `id` = 44 [ RunTime:0.1166s ]
SQL: SELECT * FROM `sy_article` WHERE `id` = 44  [ RunTime:0.0004s ]
INFO: [ view_parse ] --START--
INFO: [ template_filter ] --START--
INFO: Run Behavior\ContentReplaceBehavior [ RunTime:0.000075s ]
INFO: [ template_filter ] --END-- [ RunTime:0.000161s ]
INFO: Run Behavior\ParseTemplateBehavior [ RunTime:0.008788s ]
INFO: [ view_parse ] --END-- [ RunTime:0.008858s ]
INFO: [ view_filter ] --START--
INFO: Run Behavior\WriteHtmlCacheBehavior [ RunTime:0.000260s ]
INFO: [ view_filter ] --END-- [ RunTime:0.000333s ]
INFO: [ app_end ] --START--
INFO: Run Behavior\ShowPageTraceBehavior [ RunTime:0.000799s ]
INFO: [ app_end ] --END-- [ RunTime:0.000878s ]

[ 2015-11-01T03:50:19+08:00 ] 123.125.71.113 /scausy/index.php/home/index/showArticle?group=Article&id=40
INFO: [ app_init ] --START--
INFO: Run Behavior\BuildLiteBehavior [ RunTime:0.000017s ]
INFO: [ app_init ] --END-- [ RunTime:0.000308s ]
INFO: [ app_begin ] --START--
INFO: Run Behavior\ReadHtmlCacheBehavior [ RunTime:0.000380s ]
INFO: [ app_begin ] --END-- [ RunTime:0.000428s ]
SQL: SHOW COLUMNS FROM `sy_article` [ RunTime:0.0008s ]
SQL: UPDATE `sy_article` SET `createtime`=createtime+1 WHERE `id` = 40 [ RunTime:0.0061s ]
SQL: SELECT * FROM `sy_article` WHERE `id` = 40  [ RunTime:0.0002s ]
INFO: [ view_parse ] --START--
INFO: [ template_filter ] --START--
INFO: Run Behavior\ContentReplaceBehavior [ RunTime:0.000046s ]
INFO: [ template_filter ] --END-- [ RunTime:0.000096s ]
INFO: Run Behavior\ParseTemplateBehavior [ RunTime:0.005875s ]
INFO: [ view_parse ] --END-- [ RunTime:0.005924s ]
INFO: [ view_filter ] --START--
INFO: Run Behavior\WriteHtmlCacheBehavior [ RunTime:0.000143s ]
INFO: [ view_filter ] --END-- [ RunTime:0.000183s ]
INFO: [ app_end ] --START--
INFO: Run Behavior\ShowPageTraceBehavior [ RunTime:0.000474s ]
INFO: [ app_end ] --END-- [ RunTime:0.000521s ]

[ 2015-11-01T04:23:40+08:00 ] 123.125.71.71 /scausy/index.php/home/index/showArticle?group=Article&id=43
INFO: [ app_init ] --START--
INFO: Run Behavior\BuildLiteBehavior [ RunTime:0.000019s ]
INFO: [ app_init ] --END-- [ RunTime:0.000318s ]
INFO: [ app_begin ] --START--
INFO: Run Behavior\ReadHtmlCacheBehavior [ RunTime:0.000388s ]
INFO: [ app_begin ] --END-- [ RunTime:0.000437s ]
SQL: SHOW COLUMNS FROM `sy_article` [ RunTime:0.0007s ]
SQL: UPDATE `sy_article` SET `createtime`=createtime+1 WHERE `id` = 43 [ RunTime:0.0384s ]
SQL: SELECT * FROM `sy_article` WHERE `id` = 43  [ RunTime:0.0004s ]
INFO: [ view_parse ] --START--
INFO: [ template_filter ] --START--
INFO: Run Behavior\ContentReplaceBehavior [ RunTime:0.000054s ]
INFO: [ template_filter ] --END-- [ RunTime:0.000106s ]
INFO: Run Behavior\ParseTemplateBehavior [ RunTime:0.006873s ]
INFO: [ view_parse ] --END-- [ RunTime:0.006922s ]
INFO: [ view_filter ] --START--
INFO: Run Behavior\WriteHtmlCacheBehavior [ RunTime:0.000157s ]
INFO: [ view_filter ] --END-- [ RunTime:0.000198s ]
INFO: [ app_end ] --START--
INFO: Run Behavior\ShowPageTraceBehavior [ RunTime:0.000490s ]
INFO: [ app_end ] --END-- [ RunTime:0.000546s ]

[ 2015-11-01T04:57:00+08:00 ] 123.125.71.71 /scausy/index.php/home/index/index
INFO: [ app_init ] --START--
INFO: Run Behavior\BuildLiteBehavior [ RunTime:0.000049s ]
INFO: [ app_init ] --END-- [ RunTime:0.000367s ]
INFO: [ app_begin ] --START--
INFO: Run Behavior\ReadHtmlCacheBehavior [ RunTime:0.000389s ]
INFO: [ app_begin ] --END-- [ RunTime:0.000490s ]
SQL: SHOW COLUMNS FROM `sy_article` [ RunTime:0.0007s ]
SQL: SELECT * FROM `sy_article` ORDER BY id desc LIMIT 8   [ RunTime:0.0005s ]
SQL: SHOW COLUMNS FROM `sy_activity` [ RunTime:0.0006s ]
SQL: SELECT * FROM `sy_activity`  [ RunTime:0.0002s ]
INFO: [ view_parse ] --START--
INFO: [ template_filter ] --START--
INFO: Run Behavior\ContentReplaceBehavior [ RunTime:0.000043s ]
INFO: [ template_filter ] --END-- [ RunTime:0.000091s ]
NOTIC: [8] Undefined offset: 1 /alidata/www/default/scausy/Application/Runtime/Cache/Home/9f3194e72bdc509fe5c1644316ad2336.php 第 41 行.
NOTIC: [8] Undefined offset: 2 /alidata/www/default/scausy/Application/Runtime/Cache/Home/9f3194e72bdc509fe5c1644316ad2336.php 第 42 行.
NOTIC: [8] Undefined offset: 3 /alidata/www/default/scausy/Application/Runtime/Cache/Home/9f3194e72bdc509fe5c1644316ad2336.php 第 43 行.
NOTIC: [8] Undefined offset: 4 /alidata/www/default/scausy/Application/Runtime/Cache/Home/9f3194e72bdc509fe5c1644316ad2336.php 第 44 行.
INFO: Run Behavior\ParseTemplateBehavior [ RunTime:0.006490s ]
INFO: [ view_parse ] --END-- [ RunTime:0.006535s ]
INFO: [ view_filter ] --START--
INFO: Run Behavior\WriteHtmlCacheBehavior [ RunTime:0.000144s ]
INFO: [ view_filter ] --END-- [ RunTime:0.000186s ]
INFO: [ view_parse ] --START--
INFO: [ template_filter ] --START--
INFO: Run Behavior\ContentReplaceBehavior [ RunTime:0.000034s ]
INFO: [ template_filter ] --END-- [ RunTime:-0.005049s ]
INFO: Run Behavior\ParseTemplateBehavior [ RunTime:0.005062s ]
INFO: [ view_parse ] --END-- [ RunTime:-0.000297s ]
INFO: [ view_filter ] --START--
INFO: Run Behavior\WriteHtmlCacheBehavior [ RunTime:0.000010s ]
INFO: [ view_filter ] --END-- [ RunTime:-0.005215s ]
NOTIC: [2] Cannot modify header information - headers already sent by (output started at /alidata/www/default/scausy/ThinkPHP/Library/Think/View.class.php:95) /alidata/www/default/scausy/ThinkPHP/Library/Think/View.class.php 第 91 行.
NOTIC: [2] Cannot modify header information - headers already sent by (output started at /alidata/www/default/scausy/ThinkPHP/Library/Think/View.class.php:95) /alidata/www/default/scausy/ThinkPHP/Library/Think/View.class.php 第 92 行.
NOTIC: [2] Cannot modify header information - headers already sent by (output started at /alidata/www/default/scausy/ThinkPHP/Library/Think/View.class.php:95) /alidata/www/default/scausy/ThinkPHP/Library/Think/View.class.php 第 93 行.
INFO: [ view_parse ] --START--
INFO: [ template_filter ] --START--
INFO: Run Behavior\ContentReplaceBehavior [ RunTime:0.000024s ]
INFO: [ template_filter ] --END-- [ RunTime:-0.007412s ]
INFO: Run Behavior\ParseTemplateBehavior [ RunTime:0.001385s ]
INFO: [ view_parse ] --END-- [ RunTime:-0.005718s ]
INFO: [ view_filter ] --START--
INFO: Run Behavior\WriteHtmlCacheBehavior [ RunTime:0.000010s ]
INFO: [ view_filter ] --END-- [ RunTime:-0.006957s ]
NOTIC: [2] Cannot modify header information - headers already sent by (output started at /alidata/www/default/scausy/ThinkPHP/Library/Think/View.class.php:95) /alidata/www/default/scausy/ThinkPHP/Library/Think/View.class.php 第 91 行.
NOTIC: [2] Cannot modify header information - headers already sent by (output started at /alidata/www/default/scausy/ThinkPHP/Library/Think/View.class.php:95) /alidata/www/default/scausy/ThinkPHP/Library/Think/View.class.php 第 92 行.
NOTIC: [2] Cannot modify header information - headers already sent by (output started at /alidata/www/default/scausy/ThinkPHP/Library/Think/View.class.php:95) /alidata/www/default/scausy/ThinkPHP/Library/Think/View.class.php 第 93 行.
INFO: [ app_end ] --START--
INFO: Run Behavior\ShowPageTraceBehavior [ RunTime:0.000469s ]
INFO: [ app_end ] --END-- [ RunTime:0.000514s ]

[ 2015-11-01T05:30:20+08:00 ] 123.125.71.52 /scausy/index.php/home/index/news
INFO: [ app_init ] --START--
INFO: Run Behavior\BuildLiteBehavior [ RunTime:0.000017s ]
INFO: [ app_init ] --END-- [ RunTime:0.000310s ]
INFO: [ app_begin ] --START--
INFO: Run Behavior\ReadHtmlCacheBehavior [ RunTime:0.000396s ]
INFO: [ app_begin ] --END-- [ RunTime:0.000446s ]
SQL: SHOW COLUMNS FROM `sy_article` [ RunTime:0.0010s ]
SQL: SELECT COUNT(*) AS tp_count FROM `sy_article` LIMIT 1   [ RunTime:0.0002s ]
SQL: SELECT * FROM `sy_article` ORDER BY id desc LIMIT 0,3   [ RunTime:0.0003s ]
NOTIC: [8] Undefined variable: article /alidata/www/default/scausy/Application/Home/Controller/IndexController.class.php 第 36 行.
INFO: [ view_parse ] --START--
INFO: [ template_filter ] --START--
INFO: Run Behavior\ContentReplaceBehavior [ RunTime:0.000049s ]
INFO: [ template_filter ] --END-- [ RunTime:0.000110s ]
NOTIC: [8] Undefined offset: 0 /alidata/www/default/scausy/Application/Runtime/Cache/Home/9f3194e72bdc509fe5c1644316ad2336.php 第 40 行.
NOTIC: [8] Undefined offset: 2 /alidata/www/default/scausy/Application/Runtime/Cache/Home/9f3194e72bdc509fe5c1644316ad2336.php 第 42 行.
NOTIC: [8] Undefined offset: 3 /alidata/www/default/scausy/Application/Runtime/Cache/Home/9f3194e72bdc509fe5c1644316ad2336.php 第 43 行.
NOTIC: [8] Undefined offset: 4 /alidata/www/default/scausy/Application/Runtime/Cache/Home/9f3194e72bdc509fe5c1644316ad2336.php 第 44 行.
INFO: Run Behavior\ParseTemplateBehavior [ RunTime:0.006685s ]
INFO: [ view_parse ] --END-- [ RunTime:0.006732s ]
INFO: [ view_filter ] --START--
INFO: Run Behavior\WriteHtmlCacheBehavior [ RunTime:0.000205s ]
INFO: [ view_filter ] --END-- [ RunTime:0.000246s ]
INFO: [ view_parse ] --START--
INFO: [ template_filter ] --START--
INFO: Run Behavior\ContentReplaceBehavior [ RunTime:0.000031s ]
INFO: [ template_filter ] --END-- [ RunTime:-0.003753s ]
INFO: Run Behavior\ParseTemplateBehavior [ RunTime:0.006942s ]
INFO: [ view_parse ] --END-- [ RunTime:-0.000383s ]
INFO: [ view_filter ] --START--
INFO: Run Behavior\WriteHtmlCacheBehavior [ RunTime:0.000026s ]
INFO: [ view_filter ] --END-- [ RunTime:-0.007130s ]
NOTIC: [2] Cannot modify header information - headers already sent by (output started at /alidata/www/default/scausy/ThinkPHP/Library/Think/View.class.php:95) /alidata/www/default/scausy/ThinkPHP/Library/Think/View.class.php 第 91 行.
NOTIC: [2] Cannot modify header information - headers already sent by (output started at /alidata/www/default/scausy/ThinkPHP/Library/Think/View.class.php:95) /alidata/www/default/scausy/ThinkPHP/Library/Think/View.class.php 第 92 行.
NOTIC: [2] Cannot modify header information - headers already sent by (output started at /alidata/www/default/scausy/ThinkPHP/Library/Think/View.class.php:95) /alidata/www/default/scausy/ThinkPHP/Library/Think/View.class.php 第 93 行.
INFO: [ view_parse ] --START--
INFO: [ template_filter ] --START--
INFO: Run Behavior\ContentReplaceBehavior [ RunTime:0.000025s ]
INFO: [ template_filter ] --END-- [ RunTime:-0.009516s ]
INFO: Run Behavior\ParseTemplateBehavior [ RunTime:0.001532s ]
INFO: [ view_parse ] --END-- [ RunTime:-0.007697s ]
INFO: [ view_filter ] --START--
INFO: Run Behavior\WriteHtmlCacheBehavior [ RunTime:0.000010s ]
INFO: [ view_filter ] --END-- [ RunTime:-0.009025s ]
NOTIC: [2] Cannot modify header information - headers already sent by (output started at /alidata/www/default/scausy/ThinkPHP/Library/Think/View.class.php:95) /alidata/www/default/scausy/ThinkPHP/Library/Think/View.class.php 第 91 行.
NOTIC: [2] Cannot modify header information - headers already sent by (output started at /alidata/www/default/scausy/ThinkPHP/Library/Think/View.class.php:95) /alidata/www/default/scausy/ThinkPHP/Library/Think/View.class.php 第 92 行.
NOTIC: [2] Cannot modify header information - headers already sent by (output started at /alidata/www/default/scausy/ThinkPHP/Library/Think/View.class.php:95) /alidata/www/default/scausy/ThinkPHP/Library/Think/View.class.php 第 93 行.
INFO: [ app_end ] --START--
INFO: Run Behavior\ShowPageTraceBehavior [ RunTime:0.000478s ]
INFO: [ app_end ] --END-- [ RunTime:0.000520s ]

[ 2015-11-01T06:03:40+08:00 ] 220.181.108.77 /scausy/index.php/home/index/showArticle?group=Article&id=45
INFO: [ app_init ] --START--
INFO: Run Behavior\BuildLiteBehavior [ RunTime:0.000022s ]
INFO: [ app_init ] --END-- [ RunTime:0.000321s ]
INFO: [ app_begin ] --START--
INFO: Run Behavior\ReadHtmlCacheBehavior [ RunTime:0.000436s ]
INFO: [ app_begin ] --END-- [ RunTime:0.000485s ]
SQL: SHOW COLUMNS FROM `sy_article` [ RunTime:0.0008s ]
SQL: UPDATE `sy_article` SET `createtime`=createtime+1 WHERE `id` = 45 [ RunTime:0.0199s ]
SQL: SELECT * FROM `sy_article` WHERE `id` = 45  [ RunTime:0.0003s ]
INFO: [ view_parse ] --START--
INFO: [ template_filter ] --START--
INFO: Run Behavior\ContentReplaceBehavior [ RunTime:0.000045s ]
INFO: [ template_filter ] --END-- [ RunTime:0.000094s ]
INFO: Run Behavior\ParseTemplateBehavior [ RunTime:0.006199s ]
INFO: [ view_parse ] --END-- [ RunTime:0.006250s ]
INFO: [ view_filter ] --START--
INFO: Run Behavior\WriteHtmlCacheBehavior [ RunTime:0.000159s ]
INFO: [ view_filter ] --END-- [ RunTime:0.000205s ]
INFO: [ app_end ] --START--
INFO: Run Behavior\ShowPageTraceBehavior [ RunTime:0.000528s ]
INFO: [ app_end ] --END-- [ RunTime:0.000579s ]

[ 2015-11-01T06:37:00+08:00 ] 220.181.108.76 /scausy/index.php/home/index/train
INFO: [ app_init ] --START--
INFO: Run Behavior\BuildLiteBehavior [ RunTime:0.000025s ]
INFO: [ app_init ] --END-- [ RunTime:0.000350s ]
INFO: [ app_begin ] --START--
INFO: Run Behavior\ReadHtmlCacheBehavior [ RunTime:0.000416s ]
INFO: [ app_begin ] --END-- [ RunTime:0.000524s ]
INFO: [ view_parse ] --START--
INFO: [ template_filter ] --START--
INFO: Run Behavior\ContentReplaceBehavior [ RunTime:0.000041s ]
INFO: [ template_filter ] --END-- [ RunTime:0.000090s ]
NOTIC: [8] Undefined offset: 0 /alidata/www/default/scausy/Application/Runtime/Cache/Home/9f3194e72bdc509fe5c1644316ad2336.php 第 40 行.
NOTIC: [8] Undefined offset: 1 /alidata/www/default/scausy/Application/Runtime/Cache/Home/9f3194e72bdc509fe5c1644316ad2336.php 第 41 行.
NOTIC: [8] Undefined offset: 2 /alidata/www/default/scausy/Application/Runtime/Cache/Home/9f3194e72bdc509fe5c1644316ad2336.php 第 42 行.
NOTIC: [8] Undefined offset: 4 /alidata/www/default/scausy/Application/Runtime/Cache/Home/9f3194e72bdc509fe5c1644316ad2336.php 第 44 行.
INFO: Run Behavior\ParseTemplateBehavior [ RunTime:0.006374s ]
INFO: [ view_parse ] --END-- [ RunTime:0.006418s ]
INFO: [ view_filter ] --START--
INFO: Run Behavior\WriteHtmlCacheBehavior [ RunTime:0.000191s ]
INFO: [ view_filter ] --END-- [ RunTime:0.000243s ]
INFO: [ view_parse ] --START--
INFO: [ template_filter ] --START--
INFO: Run Behavior\ContentReplaceBehavior [ RunTime:0.000026s ]
INFO: [ template_filter ] --END-- [ RunTime:-0.002028s ]
INFO: Run Behavior\ParseTemplateBehavior [ RunTime:0.001349s ]
INFO: [ view_parse ] --END-- [ RunTime:-0.000369s ]
INFO: [ view_filter ] --START--
INFO: Run Behavior\WriteHtmlCacheBehavior [ RunTime:0.000010s ]
INFO: [ view_filter ] --END-- [ RunTime:-0.001503s ]
NOTIC: [2] Cannot modify header information - headers already sent by (output started at /alidata/www/default/scausy/ThinkPHP/Library/Think/View.class.php:95) /alidata/www/default/scausy/ThinkPHP/Library/Think/View.class.php 第 91 行.
NOTIC: [2] Cannot modify header information - headers already sent by (output started at /alidata/www/default/scausy/ThinkPHP/Library/Think/View.class.php:95) /alidata/www/default/scausy/ThinkPHP/Library/Think/View.class.php 第 92 行.
NOTIC: [2] Cannot modify header information - headers already sent by (output started at /alidata/www/default/scausy/ThinkPHP/Library/Think/View.class.php:95) /alidata/www/default/scausy/ThinkPHP/Library/Think/View.class.php 第 93 行.
INFO: [ view_parse ] --START--
INFO: [ template_filter ] --START--
INFO: Run Behavior\ContentReplaceBehavior [ RunTime:0.000024s ]
INFO: [ template_filter ] --END-- [ RunTime:-0.003728s ]
INFO: Run Behavior\ParseTemplateBehavior [ RunTime:0.001491s ]
INFO: [ view_parse ] --END-- [ RunTime:-0.001938s ]
INFO: [ view_filter ] --START--
INFO: Run Behavior\WriteHtmlCacheBehavior [ RunTime:0.000011s ]
INFO: [ view_filter ] --END-- [ RunTime:-0.003249s ]
NOTIC: [2] Cannot modify header information - headers already sent by (output started at /alidata/www/default/scausy/ThinkPHP/Library/Think/View.class.php:95) /alidata/www/default/scausy/ThinkPHP/Library/Think/View.class.php 第 91 行.
NOTIC: [2] Cannot modify header information - headers already sent by (output started at /alidata/www/default/scausy/ThinkPHP/Library/Think/View.class.php:95) /alidata/www/default/scausy/ThinkPHP/Library/Think/View.class.php 第 92 行.
NOTIC: [2] Cannot modify header information - headers already sent by (output started at /alidata/www/default/scausy/ThinkPHP/Library/Think/View.class.php:95) /alidata/www/default/scausy/ThinkPHP/Library/Think/View.class.php 第 93 行.
INFO: [ app_end ] --START--
INFO: Run Behavior\ShowPageTraceBehavior [ RunTime:0.000468s ]
INFO: [ app_end ] --END-- [ RunTime:0.000510s ]

[ 2015-11-01T07:10:20+08:00 ] 123.125.71.19 /scausy/index.php/home/index/showArticle?group=Article&id=37
INFO: [ app_init ] --START--
INFO: Run Behavior\BuildLiteBehavior [ RunTime:0.000019s ]
INFO: [ app_init ] --END-- [ RunTime:0.000373s ]
INFO: [ app_begin ] --START--
INFO: Run Behavior\ReadHtmlCacheBehavior [ RunTime:0.000446s ]
INFO: [ app_begin ] --END-- [ RunTime:0.000495s ]
SQL: SHOW COLUMNS FROM `sy_article` [ RunTime:0.0008s ]
SQL: UPDATE `sy_article` SET `createtime`=createtime+1 WHERE `id` = 37 [ RunTime:0.0061s ]
SQL: SELECT * FROM `sy_article` WHERE `id` = 37  [ RunTime:0.0003s ]
INFO: [ view_parse ] --START--
INFO: [ template_filter ] --START--
INFO: Run Behavior\ContentReplaceBehavior [ RunTime:0.000045s ]
INFO: [ template_filter ] --END-- [ RunTime:0.000096s ]
INFO: Run Behavior\ParseTemplateBehavior [ RunTime:0.007001s ]
INFO: [ view_parse ] --END-- [ RunTime:0.007050s ]
INFO: [ view_filter ] --START--
INFO: Run Behavior\WriteHtmlCacheBehavior [ RunTime:0.000178s ]
INFO: [ view_filter ] --END-- [ RunTime:0.000219s ]
INFO: [ app_end ] --START--
INFO: Run Behavior\ShowPageTraceBehavior [ RunTime:0.000860s ]
INFO: [ app_end ] --END-- [ RunTime:0.000965s ]

[ 2015-11-01T07:43:40+08:00 ] 220.181.108.140 /scausy/index.php/home/index/showArticle?group=Article&id=39
INFO: [ app_init ] --START--
INFO: Run Behavior\BuildLiteBehavior [ RunTime:0.000018s ]
INFO: [ app_init ] --END-- [ RunTime:0.000361s ]
INFO: [ app_begin ] --START--
INFO: Run Behavior\ReadHtmlCacheBehavior [ RunTime:0.000389s ]
INFO: [ app_begin ] --END-- [ RunTime:0.000484s ]
SQL: SHOW COLUMNS FROM `sy_article` [ RunTime:0.0008s ]
SQL: UPDATE `sy_article` SET `createtime`=createtime+1 WHERE `id` = 39 [ RunTime:0.0077s ]
SQL: SELECT * FROM `sy_article` WHERE `id` = 39  [ RunTime:0.0003s ]
INFO: [ view_parse ] --START--
INFO: [ template_filter ] --START--
INFO: Run Behavior\ContentReplaceBehavior [ RunTime:0.000043s ]
INFO: [ template_filter ] --END-- [ RunTime:0.000090s ]
INFO: Run Behavior\ParseTemplateBehavior [ RunTime:0.006540s ]
INFO: [ view_parse ] --END-- [ RunTime:0.006589s ]
INFO: [ view_filter ] --START--
INFO: Run Behavior\WriteHtmlCacheBehavior [ RunTime:0.000147s ]
INFO: [ view_filter ] --END-- [ RunTime:0.000188s ]
INFO: [ app_end ] --START--
INFO: Run Behavior\ShowPageTraceBehavior [ RunTime:0.000581s ]
INFO: [ app_end ] --END-- [ RunTime:0.000646s ]

[ 2015-11-01T08:17:01+08:00 ] 220.181.108.119 /scausy/index.php/home/personalInfo/personalInfo
INFO: [ app_init ] --START--
INFO: Run Behavior\BuildLiteBehavior [ RunTime:0.000016s ]
INFO: [ app_init ] --END-- [ RunTime:0.000379s ]
INFO: [ app_begin ] --START--
INFO: Run Behavior\ReadHtmlCacheBehavior [ RunTime:0.000447s ]
INFO: [ app_begin ] --END-- [ RunTime:0.000497s ]
INFO: [ app_end ] --START--
INFO: Run Behavior\ShowPageTraceBehavior [ RunTime:0.000479s ]
INFO: [ app_end ] --END-- [ RunTime:0.000529s ]

[ 2015-11-01T08:17:01+08:00 ] 220.181.108.82 /scausy/index.php
INFO: [ app_init ] --START--
INFO: Run Behavior\BuildLiteBehavior [ RunTime:0.000020s ]
INFO: [ app_init ] --END-- [ RunTime:0.000384s ]
INFO: [ app_begin ] --START--
INFO: Run Behavior\ReadHtmlCacheBehavior [ RunTime:0.000435s ]
INFO: [ app_begin ] --END-- [ RunTime:0.000487s ]
SQL: SHOW COLUMNS FROM `sy_article` [ RunTime:0.0008s ]
SQL: SELECT * FROM `sy_article` ORDER BY id desc LIMIT 8   [ RunTime:0.0005s ]
SQL: SHOW COLUMNS FROM `sy_activity` [ RunTime:0.0007s ]
SQL: SELECT * FROM `sy_activity`  [ RunTime:0.0002s ]
INFO: [ view_parse ] --START--
INFO: [ template_filter ] --START--
INFO: Run Behavior\ContentReplaceBehavior [ RunTime:0.000049s ]
INFO: [ template_filter ] --END-- [ RunTime:0.000099s ]
NOTIC: [8] Undefined offset: 1 /alidata/www/default/scausy/Application/Runtime/Cache/Home/9f3194e72bdc509fe5c1644316ad2336.php 第 41 行.
NOTIC: [8] Undefined offset: 2 /alidata/www/default/scausy/Application/Runtime/Cache/Home/9f3194e72bdc509fe5c1644316ad2336.php 第 42 行.
NOTIC: [8] Undefined offset: 3 /alidata/www/default/scausy/Application/Runtime/Cache/Home/9f3194e72bdc509fe5c1644316ad2336.php 第 43 行.
NOTIC: [8] Undefined offset: 4 /alidata/www/default/scausy/Application/Runtime/Cache/Home/9f3194e72bdc509fe5c1644316ad2336.php 第 44 行.
INFO: Run Behavior\ParseTemplateBehavior [ RunTime:0.007041s ]
INFO: [ view_parse ] --END-- [ RunTime:0.007099s ]
INFO: [ view_filter ] --START--
INFO: Run Behavior\WriteHtmlCacheBehavior [ RunTime:0.000150s ]
INFO: [ view_filter ] --END-- [ RunTime:0.000192s ]
INFO: [ view_parse ] --START--
INFO: [ template_filter ] --START--
INFO: Run Behavior\ContentReplaceBehavior [ RunTime:0.000033s ]
INFO: [ template_filter ] --END-- [ RunTime:-0.005318s ]
INFO: Run Behavior\ParseTemplateBehavior [ RunTime:0.005246s ]
INFO: [ view_parse ] --END-- [ RunTime:-0.000306s ]
INFO: [ view_filter ] --START--
INFO: Run Behavior\WriteHtmlCacheBehavior [ RunTime:0.000010s ]
INFO: [ view_filter ] --END-- [ RunTime:-0.005401s ]
NOTIC: [2] Cannot modify header information - headers already sent by (output started at /alidata/www/default/scausy/ThinkPHP/Library/Think/View.class.php:95) /alidata/www/default/scausy/ThinkPHP/Library/Think/View.class.php 第 91 行.
NOTIC: [2] Cannot modify header information - headers already sent by (output started at /alidata/www/default/scausy/ThinkPHP/Library/Think/View.class.php:95) /alidata/www/default/scausy/ThinkPHP/Library/Think/View.class.php 第 92 行.
NOTIC: [2] Cannot modify header information - headers already sent by (output started at /alidata/www/default/scausy/ThinkPHP/Library/Think/View.class.php:95) /alidata/www/default/scausy/ThinkPHP/Library/Think/View.class.php 第 93 行.
INFO: [ view_parse ] --START--
INFO: [ template_filter ] --START--
INFO: Run Behavior\ContentReplaceBehavior [ RunTime:0.000024s ]
INFO: [ template_filter ] --END-- [ RunTime:-0.007734s ]
INFO: Run Behavior\ParseTemplateBehavior [ RunTime:0.001424s ]
INFO: [ view_parse ] --END-- [ RunTime:-0.005916s ]
INFO: [ view_filter ] --START--
INFO: Run Behavior\WriteHtmlCacheBehavior [ RunTime:0.000011s ]
INFO: [ view_filter ] --END-- [ RunTime:-0.007197s ]
NOTIC: [2] Cannot modify header information - headers already sent by (output started at /alidata/www/default/scausy/ThinkPHP/Library/Think/View.class.php:95) /alidata/www/default/scausy/ThinkPHP/Library/Think/View.class.php 第 91 行.
NOTIC: [2] Cannot modify header information - headers already sent by (output started at /alidata/www/default/scausy/ThinkPHP/Library/Think/View.class.php:95) /alidata/www/default/scausy/ThinkPHP/Library/Think/View.class.php 第 92 行.
NOTIC: [2] Cannot modify header information - headers already sent by (output started at /alidata/www/default/scausy/ThinkPHP/Library/Think/View.class.php:95) /alidata/www/default/scausy/ThinkPHP/Library/Think/View.class.php 第 93 行.
INFO: [ app_end ] --START--
INFO: Run Behavior\ShowPageTraceBehavior [ RunTime:0.000497s ]
INFO: [ app_end ] --END-- [ RunTime:0.000540s ]

[ 2015-11-01T08:50:21+08:00 ] 220.181.108.91 /scausy/index.php/home/index/activity
INFO: [ app_init ] --START--
INFO: Run Behavior\BuildLiteBehavior [ RunTime:0.000018s ]
INFO: [ app_init ] --END-- [ RunTime:0.000313s ]
INFO: [ app_begin ] --START--
INFO: Run Behavior\ReadHtmlCacheBehavior [ RunTime:0.000457s ]
INFO: [ app_begin ] --END-- [ RunTime:0.000508s ]
SQL: SHOW COLUMNS FROM `sy_news` [ RunTime:0.0008s ]
SQL: SELECT COUNT(*) AS tp_count FROM `sy_news` LIMIT 1   [ RunTime:0.0002s ]
SQL: SELECT * FROM `sy_news` ORDER BY id desc LIMIT 0,3   [ RunTime:0.0003s ]
NOTIC: [8] Undefined variable: article /alidata/www/default/scausy/Application/Home/Controller/IndexController.class.php 第 58 行.
INFO: [ view_parse ] --START--
INFO: [ template_filter ] --START--
INFO: Run Behavior\ContentReplaceBehavior [ RunTime:0.000043s ]
INFO: [ template_filter ] --END-- [ RunTime:0.000090s ]
NOTIC: [8] Undefined offset: 0 /alidata/www/default/scausy/Application/Runtime/Cache/Home/9f3194e72bdc509fe5c1644316ad2336.php 第 40 行.
NOTIC: [8] Undefined offset: 1 /alidata/www/default/scausy/Application/Runtime/Cache/Home/9f3194e72bdc509fe5c1644316ad2336.php 第 41 行.
NOTIC: [8] Undefined offset: 3 /alidata/www/default/scausy/Application/Runtime/Cache/Home/9f3194e72bdc509fe5c1644316ad2336.php 第 43 行.
NOTIC: [8] Undefined offset: 4 /alidata/www/default/scausy/Application/Runtime/Cache/Home/9f3194e72bdc509fe5c1644316ad2336.php 第 44 行.
INFO: Run Behavior\ParseTemplateBehavior [ RunTime:0.006542s ]
INFO: [ view_parse ] --END-- [ RunTime:0.006585s ]
INFO: [ view_filter ] --START--
INFO: Run Behavior\WriteHtmlCacheBehavior [ RunTime:0.000141s ]
INFO: [ view_filter ] --END-- [ RunTime:0.000180s ]
INFO: [ view_parse ] --START--
INFO: [ template_filter ] --START--
INFO: Run Behavior\ContentReplaceBehavior [ RunTime:0.000023s ]
INFO: [ template_filter ] --END-- [ RunTime:-0.003162s ]
INFO: Run Behavior\ParseTemplateBehavior [ RunTime:0.004308s ]
INFO: [ view_parse ] --END-- [ RunTime:-0.000294s ]
INFO: [ view_filter ] --START--
INFO: Run Behavior\WriteHtmlCacheBehavior [ RunTime:0.000011s ]
INFO: [ view_filter ] --END-- [ RunTime:-0.004506s ]
NOTIC: [2] Cannot modify header information - headers already sent by (output started at /alidata/www/default/scausy/ThinkPHP/Library/Think/View.class.php:95) /alidata/www/default/scausy/ThinkPHP/Library/Think/View.class.php 第 91 行.
NOTIC: [2] Cannot modify header information - headers already sent by (output started at /alidata/www/default/scausy/ThinkPHP/Library/Think/View.class.php:95) /alidata/www/default/scausy/ThinkPHP/Library/Think/View.class.php 第 92 行.
NOTIC: [2] Cannot modify header information - headers already sent by (output started at /alidata/www/default/scausy/ThinkPHP/Library/Think/View.class.php:95) /alidata/www/default/scausy/ThinkPHP/Library/Think/View.class.php 第 93 行.
INFO: [ view_parse ] --START--
INFO: [ template_filter ] --START--
INFO: Run Behavior\ContentReplaceBehavior [ RunTime:0.000032s ]
INFO: [ template_filter ] --END-- [ RunTime:-0.006567s ]
INFO: Run Behavior\ParseTemplateBehavior [ RunTime:0.001490s ]
INFO: [ view_parse ] --END-- [ RunTime:-0.004857s ]
INFO: [ view_filter ] --START--
INFO: Run Behavior\WriteHtmlCacheBehavior [ RunTime:0.000010s ]
INFO: [ view_filter ] --END-- [ RunTime:-0.006207s ]
NOTIC: [2] Cannot modify header information - headers already sent by (output started at /alidata/www/default/scausy/ThinkPHP/Library/Think/View.class.php:95) /alidata/www/default/scausy/ThinkPHP/Library/Think/View.class.php 第 91 行.
NOTIC: [2] Cannot modify header information - headers already sent by (output started at /alidata/www/default/scausy/ThinkPHP/Library/Think/View.class.php:95) /alidata/www/default/scausy/ThinkPHP/Library/Think/View.class.php 第 92 行.
NOTIC: [2] Cannot modify header information - headers already sent by (output started at /alidata/www/default/scausy/ThinkPHP/Library/Think/View.class.php:95) /alidata/www/default/scausy/ThinkPHP/Library/Think/View.class.php 第 93 行.
INFO: [ app_end ] --START--
INFO: Run Behavior\ShowPageTraceBehavior [ RunTime:0.000432s ]
INFO: [ app_end ] --END-- [ RunTime:0.000479s ]

[ 2015-11-01T09:01:35+08:00 ] 220.181.108.113 /scausy/index.php/home/login/code
INFO: [ app_init ] --START--
INFO: Run Behavior\BuildLiteBehavior [ RunTime:0.000024s ]
INFO: [ app_init ] --END-- [ RunTime:0.000378s ]
INFO: [ app_begin ] --START--
INFO: Run Behavior\ReadHtmlCacheBehavior [ RunTime:0.000382s ]
INFO: [ app_begin ] --END-- [ RunTime:0.000480s ]
INFO: [ app_end ] --START--
INFO: Run Behavior\ShowPageTraceBehavior [ RunTime:0.000659s ]
INFO: [ app_end ] --END-- [ RunTime:0.000769s ]

[ 2015-11-01T09:12:50+08:00 ] 123.125.71.114 /scausy/index.php/home/index/showArticle?group=Article&id=42
INFO: [ app_init ] --START--
INFO: Run Behavior\BuildLiteBehavior [ RunTime:0.000016s ]
INFO: [ app_init ] --END-- [ RunTime:0.000304s ]
INFO: [ app_begin ] --START--
INFO: Run Behavior\ReadHtmlCacheBehavior [ RunTime:0.000383s ]
INFO: [ app_begin ] --END-- [ RunTime:0.000431s ]
SQL: SHOW COLUMNS FROM `sy_article` [ RunTime:0.0007s ]
SQL: UPDATE `sy_article` SET `createtime`=createtime+1 WHERE `id` = 42 [ RunTime:0.0280s ]
SQL: SELECT * FROM `sy_article` WHERE `id` = 42  [ RunTime:0.0003s ]
INFO: [ view_parse ] --START--
INFO: [ template_filter ] --START--
INFO: Run Behavior\ContentReplaceBehavior [ RunTime:0.000044s ]
INFO: [ template_filter ] --END-- [ RunTime:0.000091s ]
INFO: Run Behavior\ParseTemplateBehavior [ RunTime:0.006471s ]
INFO: [ view_parse ] --END-- [ RunTime:0.006527s ]
INFO: [ view_filter ] --START--
INFO: Run Behavior\WriteHtmlCacheBehavior [ RunTime:0.000151s ]
INFO: [ view_filter ] --END-- [ RunTime:0.000192s ]
INFO: [ app_end ] --START--
INFO: Run Behavior\ShowPageTraceBehavior [ RunTime:0.000517s ]
INFO: [ app_end ] --END-- [ RunTime:0.000573s ]

[ 2015-11-01T09:24:05+08:00 ] 123.125.71.70 /scausy/index.php/home/index/showArticle?group=Article&id=41
INFO: [ app_init ] --START--
INFO: Run Behavior\BuildLiteBehavior [ RunTime:0.000017s ]
INFO: [ app_init ] --END-- [ RunTime:0.000410s ]
INFO: [ app_begin ] --START--
INFO: Run Behavior\ReadHtmlCacheBehavior [ RunTime:0.000454s ]
INFO: [ app_begin ] --END-- [ RunTime:0.000502s ]
SQL: SHOW COLUMNS FROM `sy_article` [ RunTime:0.0008s ]
SQL: UPDATE `sy_article` SET `createtime`=createtime+1 WHERE `id` = 41 [ RunTime:0.0050s ]
SQL: SELECT * FROM `sy_article` WHERE `id` = 41  [ RunTime:0.0002s ]
INFO: [ view_parse ] --START--
INFO: [ template_filter ] --START--
INFO: Run Behavior\ContentReplaceBehavior [ RunTime:0.000045s ]
INFO: [ template_filter ] --END-- [ RunTime:0.000093s ]
INFO: Run Behavior\ParseTemplateBehavior [ RunTime:0.006012s ]
INFO: [ view_parse ] --END-- [ RunTime:0.006059s ]
INFO: [ view_filter ] --START--
INFO: Run Behavior\WriteHtmlCacheBehavior [ RunTime:0.000190s ]
INFO: [ view_filter ] --END-- [ RunTime:0.000240s ]
INFO: [ app_end ] --START--
INFO: Run Behavior\ShowPageTraceBehavior [ RunTime:0.000435s ]
INFO: [ app_end ] --END-- [ RunTime:0.000482s ]

[ 2015-11-01T09:35:19+08:00 ] 123.125.71.42 /scausy/index.php/home/index/news?P=2
INFO: [ app_init ] --START--
INFO: Run Behavior\BuildLiteBehavior [ RunTime:0.000021s ]
INFO: [ app_init ] --END-- [ RunTime:0.000372s ]
INFO: [ app_begin ] --START--
INFO: Run Behavior\ReadHtmlCacheBehavior [ RunTime:0.000442s ]
INFO: [ app_begin ] --END-- [ RunTime:0.000490s ]
SQL: SHOW COLUMNS FROM `sy_article` [ RunTime:0.0008s ]
SQL: SELECT COUNT(*) AS tp_count FROM `sy_article` LIMIT 1   [ RunTime:0.0003s ]
SQL: SELECT * FROM `sy_article` ORDER BY id desc LIMIT 3,3   [ RunTime:0.0004s ]
NOTIC: [8] Undefined variable: article /alidata/www/default/scausy/Application/Home/Controller/IndexController.class.php 第 36 行.
INFO: [ view_parse ] --START--
INFO: [ template_filter ] --START--
INFO: Run Behavior\ContentReplaceBehavior [ RunTime:0.000046s ]
INFO: [ template_filter ] --END-- [ RunTime:0.000096s ]
NOTIC: [8] Undefined offset: 0 /alidata/www/default/scausy/Application/Runtime/Cache/Home/9f3194e72bdc509fe5c1644316ad2336.php 第 40 行.
NOTIC: [8] Undefined offset: 2 /alidata/www/default/scausy/Application/Runtime/Cache/Home/9f3194e72bdc509fe5c1644316ad2336.php 第 42 行.
NOTIC: [8] Undefined offset: 3 /alidata/www/default/scausy/Application/Runtime/Cache/Home/9f3194e72bdc509fe5c1644316ad2336.php 第 43 行.
NOTIC: [8] Undefined offset: 4 /alidata/www/default/scausy/Application/Runtime/Cache/Home/9f3194e72bdc509fe5c1644316ad2336.php 第 44 行.
INFO: Run Behavior\ParseTemplateBehavior [ RunTime:0.006796s ]
INFO: [ view_parse ] --END-- [ RunTime:0.006843s ]
INFO: [ view_filter ] --START--
INFO: Run Behavior\WriteHtmlCacheBehavior [ RunTime:0.000143s ]
INFO: [ view_filter ] --END-- [ RunTime:0.000183s ]
INFO: [ view_parse ] --START--
INFO: [ template_filter ] --START--
INFO: Run Behavior\ContentReplaceBehavior [ RunTime:0.000024s ]
INFO: [ template_filter ] --END-- [ RunTime:-0.003294s ]
INFO: Run Behavior\ParseTemplateBehavior [ RunTime:0.006597s ]
INFO: [ view_parse ] --END-- [ RunTime:-0.000294s ]
INFO: [ view_filter ] --START--
INFO: Run Behavior\WriteHtmlCacheBehavior [ RunTime:0.000011s ]
INFO: [ view_filter ] --END-- [ RunTime:-0.006755s ]
NOTIC: [2] Cannot modify header information - headers already sent by (output started at /alidata/www/default/scausy/ThinkPHP/Library/Think/View.class.php:95) /alidata/www/default/scausy/ThinkPHP/Library/Think/View.class.php 第 91 行.
NOTIC: [2] Cannot modify header information - headers already sent by (output started at /alidata/www/default/scausy/ThinkPHP/Library/Think/View.class.php:95) /alidata/www/default/scausy/ThinkPHP/Library/Think/View.class.php 第 92 行.
NOTIC: [2] Cannot modify header information - headers already sent by (output started at /alidata/www/default/scausy/ThinkPHP/Library/Think/View.class.php:95) /alidata/www/default/scausy/ThinkPHP/Library/Think/View.class.php 第 93 行.
INFO: [ view_parse ] --START--
INFO: [ template_filter ] --START--
INFO: Run Behavior\ContentReplaceBehavior [ RunTime:0.000039s ]
INFO: [ template_filter ] --END-- [ RunTime:-0.009054s ]
INFO: Run Behavior\ParseTemplateBehavior [ RunTime:0.001636s ]
INFO: [ view_parse ] --END-- [ RunTime:-0.007203s ]
INFO: [ view_filter ] --START--
INFO: Run Behavior\WriteHtmlCacheBehavior [ RunTime:0.000011s ]
INFO: [ view_filter ] --END-- [ RunTime:-0.008698s ]
NOTIC: [2] Cannot modify header information - headers already sent by (output started at /alidata/www/default/scausy/ThinkPHP/Library/Think/View.class.php:95) /alidata/www/default/scausy/ThinkPHP/Library/Think/View.class.php 第 91 行.
NOTIC: [2] Cannot modify header information - headers already sent by (output started at /alidata/www/default/scausy/ThinkPHP/Library/Think/View.class.php:95) /alidata/www/default/scausy/ThinkPHP/Library/Think/View.class.php 第 92 行.
NOTIC: [2] Cannot modify header information - headers already sent by (output started at /alidata/www/default/scausy/ThinkPHP/Library/Think/View.class.php:95) /alidata/www/default/scausy/ThinkPHP/Library/Think/View.class.php 第 93 行.
INFO: [ app_end ] --START--
INFO: Run Behavior\ShowPageTraceBehavior [ RunTime:0.000464s ]
INFO: [ app_end ] --END-- [ RunTime:0.000509s ]

[ 2015-11-01T09:46:34+08:00 ] 123.125.71.15 /scausy/index.php/home/index/news?P=4
INFO: [ app_init ] --START--
INFO: Run Behavior\BuildLiteBehavior [ RunTime:0.000016s ]
INFO: [ app_init ] --END-- [ RunTime:0.000359s ]
INFO: [ app_begin ] --START--
INFO: Run Behavior\ReadHtmlCacheBehavior [ RunTime:0.000454s ]
INFO: [ app_begin ] --END-- [ RunTime:0.000504s ]
SQL: SHOW COLUMNS FROM `sy_article` [ RunTime:0.0008s ]
SQL: SELECT COUNT(*) AS tp_count FROM `sy_article` LIMIT 1   [ RunTime:0.0002s ]
SQL: SELECT * FROM `sy_article` ORDER BY id desc LIMIT 9,3   [ RunTime:0.0003s ]
NOTIC: [8] Undefined variable: article /alidata/www/default/scausy/Application/Home/Controller/IndexController.class.php 第 36 行.
INFO: [ view_parse ] --START--
INFO: [ template_filter ] --START--
INFO: Run Behavior\ContentReplaceBehavior [ RunTime:0.000047s ]
INFO: [ template_filter ] --END-- [ RunTime:0.000099s ]
NOTIC: [8] Undefined offset: 0 /alidata/www/default/scausy/Application/Runtime/Cache/Home/9f3194e72bdc509fe5c1644316ad2336.php 第 40 行.
NOTIC: [8] Undefined offset: 2 /alidata/www/default/scausy/Application/Runtime/Cache/Home/9f3194e72bdc509fe5c1644316ad2336.php 第 42 行.
NOTIC: [8] Undefined offset: 3 /alidata/www/default/scausy/Application/Runtime/Cache/Home/9f3194e72bdc509fe5c1644316ad2336.php 第 43 行.
NOTIC: [8] Undefined offset: 4 /alidata/www/default/scausy/Application/Runtime/Cache/Home/9f3194e72bdc509fe5c1644316ad2336.php 第 44 行.
INFO: Run Behavior\ParseTemplateBehavior [ RunTime:0.005955s ]
INFO: [ view_parse ] --END-- [ RunTime:0.006010s ]
INFO: [ view_filter ] --START--
INFO: Run Behavior\WriteHtmlCacheBehavior [ RunTime:0.000154s ]
INFO: [ view_filter ] --END-- [ RunTime:0.000256s ]
INFO: [ view_parse ] --START--
INFO: [ template_filter ] --START--
INFO: Run Behavior\ContentReplaceBehavior [ RunTime:0.000024s ]
INFO: [ template_filter ] --END-- [ RunTime:-0.003321s ]
INFO: Run Behavior\ParseTemplateBehavior [ RunTime:0.003295s ]
INFO: [ view_parse ] --END-- [ RunTime:-0.000397s ]
INFO: [ view_filter ] --START--
INFO: Run Behavior\WriteHtmlCacheBehavior [ RunTime:0.000010s ]
INFO: [ view_filter ] --END-- [ RunTime:-0.003486s ]
NOTIC: [2] Cannot modify header information - headers already sent by (output started at /alidata/www/default/scausy/ThinkPHP/Library/Think/View.class.php:95) /alidata/www/default/scausy/ThinkPHP/Library/Think/View.class.php 第 91 行.
NOTIC: [2] Cannot modify header information - headers already sent by (output started at /alidata/www/default/scausy/ThinkPHP/Library/Think/View.class.php:95) /alidata/www/default/scausy/ThinkPHP/Library/Think/View.class.php 第 92 行.
NOTIC: [2] Cannot modify header information - headers already sent by (output started at /alidata/www/default/scausy/ThinkPHP/Library/Think/View.class.php:95) /alidata/www/default/scausy/ThinkPHP/Library/Think/View.class.php 第 93 行.
INFO: [ view_parse ] --START--
INFO: [ template_filter ] --START--
INFO: Run Behavior\ContentReplaceBehavior [ RunTime:0.000024s ]
INFO: [ template_filter ] --END-- [ RunTime:-0.005649s ]
INFO: Run Behavior\ParseTemplateBehavior [ RunTime:0.001489s ]
INFO: [ view_parse ] --END-- [ RunTime:-0.003916s ]
INFO: [ view_filter ] --START--
INFO: Run Behavior\WriteHtmlCacheBehavior [ RunTime:0.000013s ]
INFO: [ view_filter ] --END-- [ RunTime:-0.005186s ]
NOTIC: [2] Cannot modify header information - headers already sent by (output started at /alidata/www/default/scausy/ThinkPHP/Library/Think/View.class.php:95) /alidata/www/default/scausy/ThinkPHP/Library/Think/View.class.php 第 91 行.
NOTIC: [2] Cannot modify header information - headers already sent by (output started at /alidata/www/default/scausy/ThinkPHP/Library/Think/View.class.php:95) /alidata/www/default/scausy/ThinkPHP/Library/Think/View.class.php 第 92 行.
NOTIC: [2] Cannot modify header information - headers already sent by (output started at /alidata/www/default/scausy/ThinkPHP/Library/Think/View.class.php:95) /alidata/www/default/scausy/ThinkPHP/Library/Think/View.class.php 第 93 行.
INFO: [ app_end ] --START--
INFO: Run Behavior\ShowPageTraceBehavior [ RunTime:0.000423s ]
INFO: [ app_end ] --END-- [ RunTime:0.000465s ]

[ 2015-11-01T09:57:49+08:00 ] 123.125.71.24 /scausy/index.php/home/index/news?P=3
INFO: [ app_init ] --START--
INFO: Run Behavior\BuildLiteBehavior [ RunTime:0.000018s ]
INFO: [ app_init ] --END-- [ RunTime:0.000316s ]
INFO: [ app_begin ] --START--
INFO: Run Behavior\ReadHtmlCacheBehavior [ RunTime:0.000388s ]
INFO: [ app_begin ] --END-- [ RunTime:0.000437s ]
SQL: SHOW COLUMNS FROM `sy_article` [ RunTime:0.0008s ]
SQL: SELECT COUNT(*) AS tp_count FROM `sy_article` LIMIT 1   [ RunTime:0.0002s ]
SQL: SELECT * FROM `sy_article` ORDER BY id desc LIMIT 6,3   [ RunTime:0.0004s ]
NOTIC: [8] Undefined variable: article /alidata/www/default/scausy/Application/Home/Controller/IndexController.class.php 第 36 行.
INFO: [ view_parse ] --START--
INFO: [ template_filter ] --START--
INFO: Run Behavior\ContentReplaceBehavior [ RunTime:0.000048s ]
INFO: [ template_filter ] --END-- [ RunTime:0.000097s ]
NOTIC: [8] Undefined offset: 0 /alidata/www/default/scausy/Application/Runtime/Cache/Home/9f3194e72bdc509fe5c1644316ad2336.php 第 40 行.
NOTIC: [8] Undefined offset: 2 /alidata/www/default/scausy/Application/Runtime/Cache/Home/9f3194e72bdc509fe5c1644316ad2336.php 第 42 行.
NOTIC: [8] Undefined offset: 3 /alidata/www/default/scausy/Application/Runtime/Cache/Home/9f3194e72bdc509fe5c1644316ad2336.php 第 43 行.
NOTIC: [8] Undefined offset: 4 /alidata/www/default/scausy/Application/Runtime/Cache/Home/9f3194e72bdc509fe5c1644316ad2336.php 第 44 行.
INFO: Run Behavior\ParseTemplateBehavior [ RunTime:0.006819s ]
INFO: [ view_parse ] --END-- [ RunTime:0.006863s ]
INFO: [ view_filter ] --START--
INFO: Run Behavior\WriteHtmlCacheBehavior [ RunTime:0.000145s ]
INFO: [ view_filter ] --END-- [ RunTime:0.000185s ]
INFO: [ view_parse ] --START--
INFO: [ template_filter ] --START--
INFO: Run Behavior\ContentReplaceBehavior [ RunTime:0.000024s ]
INFO: [ template_filter ] --END-- [ RunTime:-0.003253s ]
INFO: Run Behavior\ParseTemplateBehavior [ RunTime:0.009109s ]
INFO: [ view_parse ] --END-- [ RunTime:-0.000297s ]
INFO: [ view_filter ] --START--
INFO: Run Behavior\WriteHtmlCacheBehavior [ RunTime:0.000012s ]
INFO: [ view_filter ] --END-- [ RunTime:-0.009281s ]
NOTIC: [2] Cannot modify header information - headers already sent by (output started at /alidata/www/default/scausy/ThinkPHP/Library/Think/View.class.php:95) /alidata/www/default/scausy/ThinkPHP/Library/Think/View.class.php 第 91 行.
NOTIC: [2] Cannot modify header information - headers already sent by (output started at /alidata/www/default/scausy/ThinkPHP/Library/Think/View.class.php:95) /alidata/www/default/scausy/ThinkPHP/Library/Think/View.class.php 第 92 行.
NOTIC: [2] Cannot modify header information - headers already sent by (output started at /alidata/www/default/scausy/ThinkPHP/Library/Think/View.class.php:95) /alidata/www/default/scausy/ThinkPHP/Library/Think/View.class.php 第 93 行.
INFO: [ view_parse ] --START--
INFO: [ template_filter ] --START--
INFO: Run Behavior\ContentReplaceBehavior [ RunTime:0.000027s ]
INFO: [ template_filter ] --END-- [ RunTime:-0.011538s ]
INFO: Run Behavior\ParseTemplateBehavior [ RunTime:0.001546s ]
INFO: [ view_parse ] --END-- [ RunTime:-0.009755s ]
INFO: [ view_filter ] --START--
INFO: Run Behavior\WriteHtmlCacheBehavior [ RunTime:0.000011s ]
INFO: [ view_filter ] --END-- [ RunTime:-0.011157s ]
NOTIC: [2] Cannot modify header information - headers already sent by (output started at /alidata/www/default/scausy/ThinkPHP/Library/Think/View.class.php:95) /alidata/www/default/scausy/ThinkPHP/Library/Think/View.class.php 第 91 行.
NOTIC: [2] Cannot modify header information - headers already sent by (output started at /alidata/www/default/scausy/ThinkPHP/Library/Think/View.class.php:95) /alidata/www/default/scausy/ThinkPHP/Library/Think/View.class.php 第 92 行.
NOTIC: [2] Cannot modify header information - headers already sent by (output started at /alidata/www/default/scausy/ThinkPHP/Library/Think/View.class.php:95) /alidata/www/default/scausy/ThinkPHP/Library/Think/View.class.php 第 93 行.
INFO: [ app_end ] --START--
INFO: Run Behavior\ShowPageTraceBehavior [ RunTime:0.000458s ]
INFO: [ app_end ] --END-- [ RunTime:0.000502s ]

[ 2015-11-01T10:09:03+08:00 ] 123.125.71.13 /scausy/index.php
INFO: [ app_init ] --START--
INFO: Run Behavior\BuildLiteBehavior [ RunTime:0.000015s ]
INFO: [ app_init ] --END-- [ RunTime:0.000316s ]
INFO: [ app_begin ] --START--
INFO: Run Behavior\ReadHtmlCacheBehavior [ RunTime:0.000436s ]
INFO: [ app_begin ] --END-- [ RunTime:0.000485s ]
SQL: SHOW COLUMNS FROM `sy_article` [ RunTime:0.0007s ]
SQL: SELECT * FROM `sy_article` ORDER BY id desc LIMIT 8   [ RunTime:0.0006s ]
SQL: SHOW COLUMNS FROM `sy_activity` [ RunTime:0.0006s ]
SQL: SELECT * FROM `sy_activity`  [ RunTime:0.0002s ]
INFO: [ view_parse ] --START--
INFO: [ template_filter ] --START--
INFO: Run Behavior\ContentReplaceBehavior [ RunTime:0.000044s ]
INFO: [ template_filter ] --END-- [ RunTime:0.000092s ]
NOTIC: [8] Undefined offset: 1 /alidata/www/default/scausy/Application/Runtime/Cache/Home/9f3194e72bdc509fe5c1644316ad2336.php 第 41 行.
NOTIC: [8] Undefined offset: 2 /alidata/www/default/scausy/Application/Runtime/Cache/Home/9f3194e72bdc509fe5c1644316ad2336.php 第 42 行.
NOTIC: [8] Undefined offset: 3 /alidata/www/default/scausy/Application/Runtime/Cache/Home/9f3194e72bdc509fe5c1644316ad2336.php 第 43 行.
NOTIC: [8] Undefined offset: 4 /alidata/www/default/scausy/Application/Runtime/Cache/Home/9f3194e72bdc509fe5c1644316ad2336.php 第 44 行.
INFO: Run Behavior\ParseTemplateBehavior [ RunTime:0.006150s ]
INFO: [ view_parse ] --END-- [ RunTime:0.006194s ]
INFO: [ view_filter ] --START--
INFO: Run Behavior\WriteHtmlCacheBehavior [ RunTime:0.000152s ]
INFO: [ view_filter ] --END-- [ RunTime:0.000195s ]
INFO: [ view_parse ] --START--
INFO: [ template_filter ] --START--
INFO: Run Behavior\ContentReplaceBehavior [ RunTime:0.000034s ]
INFO: [ template_filter ] --END-- [ RunTime:-0.005202s ]
INFO: Run Behavior\ParseTemplateBehavior [ RunTime:0.005142s ]
INFO: [ view_parse ] --END-- [ RunTime:-0.000311s ]
INFO: [ view_filter ] --START--
INFO: Run Behavior\WriteHtmlCacheBehavior [ RunTime:0.000019s ]
INFO: [ view_filter ] --END-- [ RunTime:-0.005300s ]
NOTIC: [2] Cannot modify header information - headers already sent by (output started at /alidata/www/default/scausy/ThinkPHP/Library/Think/View.class.php:95) /alidata/www/default/scausy/ThinkPHP/Library/Think/View.class.php 第 91 行.
NOTIC: [2] Cannot modify header information - headers already sent by (output started at /alidata/www/default/scausy/ThinkPHP/Library/Think/View.class.php:95) /alidata/www/default/scausy/ThinkPHP/Library/Think/View.class.php 第 92 行.
NOTIC: [2] Cannot modify header information - headers already sent by (output started at /alidata/www/default/scausy/ThinkPHP/Library/Think/View.class.php:95) /alidata/www/default/scausy/ThinkPHP/Library/Think/View.class.php 第 93 行.
INFO: [ view_parse ] --START--
INFO: [ template_filter ] --START--
INFO: Run Behavior\ContentReplaceBehavior [ RunTime:0.000025s ]
INFO: [ template_filter ] --END-- [ RunTime:-0.007723s ]
INFO: Run Behavior\ParseTemplateBehavior [ RunTime:0.001572s ]
INFO: [ view_parse ] --END-- [ RunTime:-0.005812s ]
INFO: [ view_filter ] --START--
INFO: Run Behavior\WriteHtmlCacheBehavior [ RunTime:0.000010s ]
INFO: [ view_filter ] --END-- [ RunTime:-0.007225s ]
NOTIC: [2] Cannot modify header information - headers already sent by (output started at /alidata/www/default/scausy/ThinkPHP/Library/Think/View.class.php:95) /alidata/www/default/scausy/ThinkPHP/Library/Think/View.class.php 第 91 行.
NOTIC: [2] Cannot modify header information - headers already sent by (output started at /alidata/www/default/scausy/ThinkPHP/Library/Think/View.class.php:95) /alidata/www/default/scausy/ThinkPHP/Library/Think/View.class.php 第 92 行.
NOTIC: [2] Cannot modify header information - headers already sent by (output started at /alidata/www/default/scausy/ThinkPHP/Library/Think/View.class.php:95) /alidata/www/default/scausy/ThinkPHP/Library/Think/View.class.php 第 93 行.
INFO: [ app_end ] --START--
INFO: Run Behavior\ShowPageTraceBehavior [ RunTime:0.000485s ]
INFO: [ app_end ] --END-- [ RunTime:0.000529s ]

[ 2015-11-01T10:09:03+08:00 ] 123.125.71.18 /scausy/
INFO: [ app_init ] --START--
INFO: Run Behavior\BuildLiteBehavior [ RunTime:0.000025s ]
INFO: [ app_init ] --END-- [ RunTime:0.000334s ]
INFO: [ app_begin ] --START--
INFO: Run Behavior\ReadHtmlCacheBehavior [ RunTime:0.000387s ]
INFO: [ app_begin ] --END-- [ RunTime:0.000437s ]
SQL: SHOW COLUMNS FROM `sy_article` [ RunTime:0.0008s ]
SQL: SELECT * FROM `sy_article` ORDER BY id desc LIMIT 8   [ RunTime:0.0005s ]
SQL: SHOW COLUMNS FROM `sy_activity` [ RunTime:0.0005s ]
SQL: SELECT * FROM `sy_activity`  [ RunTime:0.0002s ]
INFO: [ view_parse ] --START--
INFO: [ template_filter ] --START--
INFO: Run Behavior\ContentReplaceBehavior [ RunTime:0.000066s ]
INFO: [ template_filter ] --END-- [ RunTime:0.000118s ]
NOTIC: [8] Undefined offset: 1 /alidata/www/default/scausy/Application/Runtime/Cache/Home/9f3194e72bdc509fe5c1644316ad2336.php 第 41 行.
NOTIC: [8] Undefined offset: 2 /alidata/www/default/scausy/Application/Runtime/Cache/Home/9f3194e72bdc509fe5c1644316ad2336.php 第 42 行.
NOTIC: [8] Undefined offset: 3 /alidata/www/default/scausy/Application/Runtime/Cache/Home/9f3194e72bdc509fe5c1644316ad2336.php 第 43 行.
NOTIC: [8] Undefined offset: 4 /alidata/www/default/scausy/Application/Runtime/Cache/Home/9f3194e72bdc509fe5c1644316ad2336.php 第 44 行.
INFO: Run Behavior\ParseTemplateBehavior [ RunTime:0.006118s ]
INFO: [ view_parse ] --END-- [ RunTime:0.006160s ]
INFO: [ view_filter ] --START--
INFO: Run Behavior\WriteHtmlCacheBehavior [ RunTime:0.000142s ]
INFO: [ view_filter ] --END-- [ RunTime:0.000182s ]
INFO: [ view_parse ] --START--
INFO: [ template_filter ] --START--
INFO: Run Behavior\ContentReplaceBehavior [ RunTime:0.000037s ]
INFO: [ template_filter ] --END-- [ RunTime:-0.005198s ]
INFO: Run Behavior\ParseTemplateBehavior [ RunTime:0.005322s ]
INFO: [ view_parse ] --END-- [ RunTime:-0.000297s ]
INFO: [ view_filter ] --START--
INFO: Run Behavior\WriteHtmlCacheBehavior [ RunTime:0.000012s ]
INFO: [ view_filter ] --END-- [ RunTime:-0.005479s ]
NOTIC: [2] Cannot modify header information - headers already sent by (output started at /alidata/www/default/scausy/ThinkPHP/Library/Think/View.class.php:95) /alidata/www/default/scausy/ThinkPHP/Library/Think/View.class.php 第 91 行.
NOTIC: [2] Cannot modify header information - headers already sent by (output started at /alidata/www/default/scausy/ThinkPHP/Library/Think/View.class.php:95) /alidata/www/default/scausy/ThinkPHP/Library/Think/View.class.php 第 92 行.
NOTIC: [2] Cannot modify header information - headers already sent by (output started at /alidata/www/default/scausy/ThinkPHP/Library/Think/View.class.php:95) /alidata/www/default/scausy/ThinkPHP/Library/Think/View.class.php 第 93 行.
INFO: [ view_parse ] --START--
INFO: [ template_filter ] --START--
INFO: Run Behavior\ContentReplaceBehavior [ RunTime:0.000025s ]
INFO: [ template_filter ] --END-- [ RunTime:-0.007655s ]
INFO: Run Behavior\ParseTemplateBehavior [ RunTime:0.001476s ]
INFO: [ view_parse ] --END-- [ RunTime:-0.005945s ]
INFO: [ view_filter ] --START--
INFO: Run Behavior\WriteHtmlCacheBehavior [ RunTime:0.000010s ]
INFO: [ view_filter ] --END-- [ RunTime:-0.007278s ]
NOTIC: [2] Cannot modify header information - headers already sent by (output started at /alidata/www/default/scausy/ThinkPHP/Library/Think/View.class.php:95) /alidata/www/default/scausy/ThinkPHP/Library/Think/View.class.php 第 91 行.
NOTIC: [2] Cannot modify header information - headers already sent by (output started at /alidata/www/default/scausy/ThinkPHP/Library/Think/View.class.php:95) /alidata/www/default/scausy/ThinkPHP/Library/Think/View.class.php 第 92 行.
NOTIC: [2] Cannot modify header information - headers already sent by (output started at /alidata/www/default/scausy/ThinkPHP/Library/Think/View.class.php:95) /alidata/www/default/scausy/ThinkPHP/Library/Think/View.class.php 第 93 行.
INFO: [ app_end ] --START--
INFO: Run Behavior\ShowPageTraceBehavior [ RunTime:0.000442s ]
INFO: [ app_end ] --END-- [ RunTime:0.000484s ]

[ 2015-11-01T10:20:18+08:00 ] 123.125.71.23 /scausy/index.php/home/index/showArticle?group=News&id=9
INFO: [ app_init ] --START--
INFO: Run Behavior\BuildLiteBehavior [ RunTime:0.000015s ]
INFO: [ app_init ] --END-- [ RunTime:0.000306s ]
INFO: [ app_begin ] --START--
INFO: Run Behavior\ReadHtmlCacheBehavior [ RunTime:0.000471s ]
INFO: [ app_begin ] --END-- [ RunTime:0.000521s ]
SQL: SHOW COLUMNS FROM `sy_news` [ RunTime:0.0008s ]
SQL: UPDATE `sy_news` SET `createtime`=createtime+1 WHERE `id` = 9 [ RunTime:0.0496s ]
SQL: SELECT * FROM `sy_news` WHERE `id` = 9  [ RunTime:0.0003s ]
INFO: [ view_parse ] --START--
INFO: [ template_filter ] --START--
INFO: Run Behavior\ContentReplaceBehavior [ RunTime:0.000046s ]
INFO: [ template_filter ] --END-- [ RunTime:0.000092s ]
INFO: Run Behavior\ParseTemplateBehavior [ RunTime:0.006021s ]
INFO: [ view_parse ] --END-- [ RunTime:0.006069s ]
INFO: [ view_filter ] --START--
INFO: Run Behavior\WriteHtmlCacheBehavior [ RunTime:0.000200s ]
INFO: [ view_filter ] --END-- [ RunTime:0.000242s ]
INFO: [ app_end ] --START--
INFO: Run Behavior\ShowPageTraceBehavior [ RunTime:0.000411s ]
INFO: [ app_end ] --END-- [ RunTime:0.000454s ]

[ 2015-11-01T10:31:33+08:00 ] 123.125.71.50 /scausy/index.php/home/index/showArticle?group=News&id=8
INFO: [ app_init ] --START--
INFO: Run Behavior\BuildLiteBehavior [ RunTime:0.000018s ]
INFO: [ app_init ] --END-- [ RunTime:0.000331s ]
INFO: [ app_begin ] --START--
INFO: Run Behavior\ReadHtmlCacheBehavior [ RunTime:0.000451s ]
INFO: [ app_begin ] --END-- [ RunTime:0.000501s ]
SQL: SHOW COLUMNS FROM `sy_news` [ RunTime:0.0008s ]
SQL: UPDATE `sy_news` SET `createtime`=createtime+1 WHERE `id` = 8 [ RunTime:0.0067s ]
SQL: SELECT * FROM `sy_news` WHERE `id` = 8  [ RunTime:0.0003s ]
INFO: [ view_parse ] --START--
INFO: [ template_filter ] --START--
INFO: Run Behavior\ContentReplaceBehavior [ RunTime:0.000054s ]
INFO: [ template_filter ] --END-- [ RunTime:0.000218s ]
INFO: Run Behavior\ParseTemplateBehavior [ RunTime:0.007594s ]
INFO: [ view_parse ] --END-- [ RunTime:0.007650s ]
INFO: [ view_filter ] --START--
INFO: Run Behavior\WriteHtmlCacheBehavior [ RunTime:0.000172s ]
INFO: [ view_filter ] --END-- [ RunTime:0.000227s ]
INFO: [ app_end ] --START--
INFO: Run Behavior\ShowPageTraceBehavior [ RunTime:0.000493s ]
INFO: [ app_end ] --END-- [ RunTime:0.000547s ]

[ 2015-11-01T12:10:53+08:00 ] 220.181.108.96 /scausy/index.php/home/index/showArticle?group=Article&id=32
INFO: [ app_init ] --START--
INFO: Run Behavior\BuildLiteBehavior [ RunTime:0.000021s ]
INFO: [ app_init ] --END-- [ RunTime:0.000346s ]
INFO: [ app_begin ] --START--
INFO: Run Behavior\ReadHtmlCacheBehavior [ RunTime:0.000406s ]
INFO: [ app_begin ] --END-- [ RunTime:0.000453s ]
SQL: SHOW COLUMNS FROM `sy_article` [ RunTime:0.0008s ]
SQL: UPDATE `sy_article` SET `createtime`=createtime+1 WHERE `id` = 32 [ RunTime:0.0190s ]
SQL: SELECT * FROM `sy_article` WHERE `id` = 32  [ RunTime:0.0003s ]
INFO: [ view_parse ] --START--
INFO: [ template_filter ] --START--
INFO: Run Behavior\ContentReplaceBehavior [ RunTime:0.000047s ]
INFO: [ template_filter ] --END-- [ RunTime:0.000096s ]
INFO: Run Behavior\ParseTemplateBehavior [ RunTime:0.006046s ]
INFO: [ view_parse ] --END-- [ RunTime:0.006096s ]
INFO: [ view_filter ] --START--
INFO: Run Behavior\WriteHtmlCacheBehavior [ RunTime:0.000148s ]
INFO: [ view_filter ] --END-- [ RunTime:0.000190s ]
INFO: [ app_end ] --START--
INFO: Run Behavior\ShowPageTraceBehavior [ RunTime:0.000412s ]
INFO: [ app_end ] --END-- [ RunTime:0.000455s ]

[ 2015-11-01T13:50:12+08:00 ] 123.125.71.24 /scausy/index.php/home/index/news?P=1
INFO: [ app_init ] --START--
INFO: Run Behavior\BuildLiteBehavior [ RunTime:0.000015s ]
INFO: [ app_init ] --END-- [ RunTime:0.000313s ]
INFO: [ app_begin ] --START--
INFO: Run Behavior\ReadHtmlCacheBehavior [ RunTime:0.000435s ]
INFO: [ app_begin ] --END-- [ RunTime:0.000482s ]
SQL: SHOW COLUMNS FROM `sy_article` [ RunTime:0.0008s ]
SQL: SELECT COUNT(*) AS tp_count FROM `sy_article` LIMIT 1   [ RunTime:0.0002s ]
SQL: SELECT * FROM `sy_article` ORDER BY id desc LIMIT 0,3   [ RunTime:0.0003s ]
NOTIC: [8] Undefined variable: article /alidata/www/default/scausy/Application/Home/Controller/IndexController.class.php 第 36 行.
INFO: [ view_parse ] --START--
INFO: [ template_filter ] --START--
INFO: Run Behavior\ContentReplaceBehavior [ RunTime:0.000044s ]
INFO: [ template_filter ] --END-- [ RunTime:0.000096s ]
NOTIC: [8] Undefined offset: 0 /alidata/www/default/scausy/Application/Runtime/Cache/Home/9f3194e72bdc509fe5c1644316ad2336.php 第 40 行.
NOTIC: [8] Undefined offset: 2 /alidata/www/default/scausy/Application/Runtime/Cache/Home/9f3194e72bdc509fe5c1644316ad2336.php 第 42 行.
NOTIC: [8] Undefined offset: 3 /alidata/www/default/scausy/Application/Runtime/Cache/Home/9f3194e72bdc509fe5c1644316ad2336.php 第 43 行.
NOTIC: [8] Undefined offset: 4 /alidata/www/default/scausy/Application/Runtime/Cache/Home/9f3194e72bdc509fe5c1644316ad2336.php 第 44 行.
INFO: Run Behavior\ParseTemplateBehavior [ RunTime:0.006034s ]
INFO: [ view_parse ] --END-- [ RunTime:0.006079s ]
INFO: [ view_filter ] --START--
INFO: Run Behavior\WriteHtmlCacheBehavior [ RunTime:0.000151s ]
INFO: [ view_filter ] --END-- [ RunTime:0.000193s ]
INFO: [ view_parse ] --START--
INFO: [ template_filter ] --START--
INFO: Run Behavior\ContentReplaceBehavior [ RunTime:0.000023s ]
INFO: [ template_filter ] --END-- [ RunTime:-0.003311s ]
INFO: Run Behavior\ParseTemplateBehavior [ RunTime:0.006317s ]
INFO: [ view_parse ] --END-- [ RunTime:-0.000319s ]
INFO: [ view_filter ] --START--
INFO: Run Behavior\WriteHtmlCacheBehavior [ RunTime:0.000018s ]
INFO: [ view_filter ] --END-- [ RunTime:-0.006526s ]
NOTIC: [2] Cannot modify header information - headers already sent by (output started at /alidata/www/default/scausy/ThinkPHP/Library/Think/View.class.php:95) /alidata/www/default/scausy/ThinkPHP/Library/Think/View.class.php 第 91 行.
NOTIC: [2] Cannot modify header information - headers already sent by (output started at /alidata/www/default/scausy/ThinkPHP/Library/Think/View.class.php:95) /alidata/www/default/scausy/ThinkPHP/Library/Think/View.class.php 第 92 行.
NOTIC: [2] Cannot modify header information - headers already sent by (output started at /alidata/www/default/scausy/ThinkPHP/Library/Think/View.class.php:95) /alidata/www/default/scausy/ThinkPHP/Library/Think/View.class.php 第 93 行.
INFO: [ view_parse ] --START--
INFO: [ template_filter ] --START--
INFO: Run Behavior\ContentReplaceBehavior [ RunTime:0.000029s ]
INFO: [ template_filter ] --END-- [ RunTime:-0.008956s ]
INFO: Run Behavior\ParseTemplateBehavior [ RunTime:0.001636s ]
INFO: [ view_parse ] --END-- [ RunTime:-0.007066s ]
INFO: [ view_filter ] --START--
INFO: Run Behavior\WriteHtmlCacheBehavior [ RunTime:0.000010s ]
INFO: [ view_filter ] --END-- [ RunTime:-0.008548s ]
NOTIC: [2] Cannot modify header information - headers already sent by (output started at /alidata/www/default/scausy/ThinkPHP/Library/Think/View.class.php:95) /alidata/www/default/scausy/ThinkPHP/Library/Think/View.class.php 第 91 行.
NOTIC: [2] Cannot modify header information - headers already sent by (output started at /alidata/www/default/scausy/ThinkPHP/Library/Think/View.class.php:95) /alidata/www/default/scausy/ThinkPHP/Library/Think/View.class.php 第 92 行.
NOTIC: [2] Cannot modify header information - headers already sent by (output started at /alidata/www/default/scausy/ThinkPHP/Library/Think/View.class.php:95) /alidata/www/default/scausy/ThinkPHP/Library/Think/View.class.php 第 93 行.
INFO: [ app_end ] --START--
INFO: Run Behavior\ShowPageTraceBehavior [ RunTime:0.000478s ]
INFO: [ app_end ] --END-- [ RunTime:0.000521s ]

[ 2015-11-01T15:29:32+08:00 ] 123.125.71.47 /scausy/index.php/home/index/showArticle?group=Article&id=35
INFO: [ app_init ] --START--
INFO: Run Behavior\BuildLiteBehavior [ RunTime:0.000017s ]
INFO: [ app_init ] --END-- [ RunTime:0.000374s ]
INFO: [ app_begin ] --START--
INFO: Run Behavior\ReadHtmlCacheBehavior [ RunTime:0.000450s ]
INFO: [ app_begin ] --END-- [ RunTime:0.000500s ]
SQL: SHOW COLUMNS FROM `sy_article` [ RunTime:0.0008s ]
SQL: UPDATE `sy_article` SET `createtime`=createtime+1 WHERE `id` = 35 [ RunTime:0.0781s ]
SQL: SELECT * FROM `sy_article` WHERE `id` = 35  [ RunTime:0.0004s ]
INFO: [ view_parse ] --START--
INFO: [ template_filter ] --START--
INFO: Run Behavior\ContentReplaceBehavior [ RunTime:0.000046s ]
INFO: [ template_filter ] --END-- [ RunTime:0.000094s ]
INFO: Run Behavior\ParseTemplateBehavior [ RunTime:0.006191s ]
INFO: [ view_parse ] --END-- [ RunTime:0.006243s ]
INFO: [ view_filter ] --START--
INFO: Run Behavior\WriteHtmlCacheBehavior [ RunTime:0.000154s ]
INFO: [ view_filter ] --END-- [ RunTime:0.000195s ]
INFO: [ app_end ] --START--
INFO: Run Behavior\ShowPageTraceBehavior [ RunTime:0.000488s ]
INFO: [ app_end ] --END-- [ RunTime:0.000542s ]

