[ 2015-10-12T20:15:11+08:00 ] 127.0.0.1 /scausy/index.php
INFO: [ app_init ] --START--
INFO: Run Behavior\BuildLiteBehavior [ RunTime:0.000018s ]
INFO: [ app_init ] --END-- [ RunTime:0.001389s ]
INFO: [ app_begin ] --START--
INFO: Run Behavior\ReadHtmlCacheBehavior [ RunTime:0.000802s ]
INFO: [ app_begin ] --END-- [ RunTime:0.000855s ]
SQL: SHOW COLUMNS FROM `sy_article` [ RunTime:0.0533s ]
SQL: SELECT * FROM `sy_article` ORDER BY id desc LIMIT 10   [ RunTime:0.9011s ]
SQL: SHOW COLUMNS FROM `sy_activity` [ RunTime:0.0508s ]
SQL: SELECT * FROM `sy_activity`  [ RunTime:0.0518s ]
INFO: [ view_parse ] --START--
INFO: [ template_filter ] --START--
INFO: Run Behavior\ContentReplaceBehavior [ RunTime:0.000299s ]
INFO: [ template_filter ] --END-- [ RunTime:0.000388s ]
NOTIC: [8] Undefined offset: 1 F:\Apache24\htdocs\scausy\Application\Runtime\Cache\Home\9f3194e72bdc509fe5c1644316ad2336.php 第 41 行.
NOTIC: [8] Undefined offset: 2 F:\Apache24\htdocs\scausy\Application\Runtime\Cache\Home\9f3194e72bdc509fe5c1644316ad2336.php 第 42 行.
NOTIC: [8] Undefined offset: 3 F:\Apache24\htdocs\scausy\Application\Runtime\Cache\Home\9f3194e72bdc509fe5c1644316ad2336.php 第 43 行.
NOTIC: [8] Undefined offset: 4 F:\Apache24\htdocs\scausy\Application\Runtime\Cache\Home\9f3194e72bdc509fe5c1644316ad2336.php 第 44 行.
INFO: Run Behavior\ParseTemplateBehavior [ RunTime:0.319878s ]
INFO: [ view_parse ] --END-- [ RunTime:0.319944s ]
INFO: [ view_filter ] --START--
INFO: Run Behavior\WriteHtmlCacheBehavior [ RunTime:0.001052s ]
INFO: [ view_filter ] --END-- [ RunTime:0.001108s ]
INFO: [ view_parse ] --START--
INFO: [ template_filter ] --START--
INFO: Run Behavior\ContentReplaceBehavior [ RunTime:0.000061s ]
INFO: [ template_filter ] --END-- [ RunTime:-0.078719s ]
INFO: Run Behavior\ParseTemplateBehavior [ RunTime:0.076923s ]
INFO: [ view_parse ] --END-- [ RunTime:-0.001659s ]
INFO: [ view_filter ] --START--
INFO: Run Behavior\WriteHtmlCacheBehavior [ RunTime:0.000012s ]
INFO: [ view_filter ] --END-- [ RunTime:-0.077534s ]
NOTIC: [2] Cannot modify header information - headers already sent by (output started at F:\Apache24\htdocs\scausy\ThinkPHP\Library\Think\View.class.php:95) F:\Apache24\htdocs\scausy\ThinkPHP\Library\Think\View.class.php 第 91 行.
NOTIC: [2] Cannot modify header information - headers already sent by (output started at F:\Apache24\htdocs\scausy\ThinkPHP\Library\Think\View.class.php:95) F:\Apache24\htdocs\scausy\ThinkPHP\Library\Think\View.class.php 第 92 行.
NOTIC: [2] Cannot modify header information - headers already sent by (output started at F:\Apache24\htdocs\scausy\ThinkPHP\Library\Think\View.class.php:95) F:\Apache24\htdocs\scausy\ThinkPHP\Library\Think\View.class.php 第 93 行.
INFO: [ view_parse ] --START--
INFO: [ template_filter ] --START--
INFO: Run Behavior\ContentReplaceBehavior [ RunTime:0.000031s ]
INFO: [ template_filter ] --END-- [ RunTime:-0.083338s ]
INFO: Run Behavior\ParseTemplateBehavior [ RunTime:0.002607s ]
INFO: [ view_parse ] --END-- [ RunTime:-0.079936s ]
INFO: [ view_filter ] --START--
INFO: Run Behavior\WriteHtmlCacheBehavior [ RunTime:0.000009s ]
INFO: [ view_filter ] --END-- [ RunTime:-0.081462s ]
NOTIC: [2] Cannot modify header information - headers already sent by (output started at F:\Apache24\htdocs\scausy\ThinkPHP\Library\Think\View.class.php:95) F:\Apache24\htdocs\scausy\ThinkPHP\Library\Think\View.class.php 第 91 行.
NOTIC: [2] Cannot modify header information - headers already sent by (output started at F:\Apache24\htdocs\scausy\ThinkPHP\Library\Think\View.class.php:95) F:\Apache24\htdocs\scausy\ThinkPHP\Library\Think\View.class.php 第 92 行.
NOTIC: [2] Cannot modify header information - headers already sent by (output started at F:\Apache24\htdocs\scausy\ThinkPHP\Library\Think\View.class.php:95) F:\Apache24\htdocs\scausy\ThinkPHP\Library\Think\View.class.php 第 93 行.
INFO: [ app_end ] --START--
INFO: Run Behavior\ShowPageTraceBehavior [ RunTime:0.000881s ]
INFO: [ app_end ] --END-- [ RunTime:0.000925s ]

[ 2015-10-12T20:15:13+08:00 ] 127.0.0.1 /scausy/index.php
INFO: [ app_init ] --START--
INFO: Run Behavior\BuildLiteBehavior [ RunTime:0.000020s ]
INFO: [ app_init ] --END-- [ RunTime:0.000470s ]
INFO: [ app_begin ] --START--
INFO: Run Behavior\ReadHtmlCacheBehavior [ RunTime:0.000665s ]
INFO: [ app_begin ] --END-- [ RunTime:0.000734s ]
SQL: SHOW COLUMNS FROM `sy_article` [ RunTime:0.0457s ]
SQL: SELECT * FROM `sy_article` ORDER BY id desc LIMIT 10   [ RunTime:0.9471s ]
SQL: SHOW COLUMNS FROM `sy_activity` [ RunTime:0.0480s ]
SQL: SELECT * FROM `sy_activity`  [ RunTime:0.0456s ]
INFO: [ view_parse ] --START--
INFO: [ template_filter ] --START--
INFO: Run Behavior\ContentReplaceBehavior [ RunTime:0.000068s ]
INFO: [ template_filter ] --END-- [ RunTime:0.000136s ]
NOTIC: [8] Undefined offset: 1 F:\Apache24\htdocs\scausy\Application\Runtime\Cache\Home\9f3194e72bdc509fe5c1644316ad2336.php 第 41 行.
NOTIC: [8] Undefined offset: 2 F:\Apache24\htdocs\scausy\Application\Runtime\Cache\Home\9f3194e72bdc509fe5c1644316ad2336.php 第 42 行.
NOTIC: [8] Undefined offset: 3 F:\Apache24\htdocs\scausy\Application\Runtime\Cache\Home\9f3194e72bdc509fe5c1644316ad2336.php 第 43 行.
NOTIC: [8] Undefined offset: 4 F:\Apache24\htdocs\scausy\Application\Runtime\Cache\Home\9f3194e72bdc509fe5c1644316ad2336.php 第 44 行.
INFO: Run Behavior\ParseTemplateBehavior [ RunTime:0.007841s ]
INFO: [ view_parse ] --END-- [ RunTime:0.007887s ]
INFO: [ view_filter ] --START--
INFO: Run Behavior\WriteHtmlCacheBehavior [ RunTime:0.000245s ]
INFO: [ view_filter ] --END-- [ RunTime:0.000276s ]
INFO: [ view_parse ] --START--
INFO: [ template_filter ] --START--
INFO: Run Behavior\ContentReplaceBehavior [ RunTime:0.000060s ]
INFO: [ template_filter ] --END-- [ RunTime:-0.004402s ]
INFO: Run Behavior\ParseTemplateBehavior [ RunTime:0.004134s ]
INFO: [ view_parse ] --END-- [ RunTime:-0.000446s ]
INFO: [ view_filter ] --START--
INFO: Run Behavior\WriteHtmlCacheBehavior [ RunTime:0.000009s ]
INFO: [ view_filter ] --END-- [ RunTime:-0.004344s ]
NOTIC: [2] Cannot modify header information - headers already sent by (output started at F:\Apache24\htdocs\scausy\ThinkPHP\Library\Think\View.class.php:95) F:\Apache24\htdocs\scausy\ThinkPHP\Library\Think\View.class.php 第 91 行.
NOTIC: [2] Cannot modify header information - headers already sent by (output started at F:\Apache24\htdocs\scausy\ThinkPHP\Library\Think\View.class.php:95) F:\Apache24\htdocs\scausy\ThinkPHP\Library\Think\View.class.php 第 92 行.
NOTIC: [2] Cannot modify header information - headers already sent by (output started at F:\Apache24\htdocs\scausy\ThinkPHP\Library\Think\View.class.php:95) F:\Apache24\htdocs\scausy\ThinkPHP\Library\Think\View.class.php 第 93 行.
INFO: [ view_parse ] --START--
INFO: [ template_filter ] --START--
INFO: Run Behavior\ContentReplaceBehavior [ RunTime:0.000031s ]
INFO: [ template_filter ] --END-- [ RunTime:-0.007791s ]
INFO: Run Behavior\ParseTemplateBehavior [ RunTime:0.001829s ]
INFO: [ view_parse ] --END-- [ RunTime:-0.005675s ]
INFO: [ view_filter ] --START--
INFO: Run Behavior\WriteHtmlCacheBehavior [ RunTime:0.000010s ]
INFO: [ view_filter ] --END-- [ RunTime:-0.007298s ]
NOTIC: [2] Cannot modify header information - headers already sent by (output started at F:\Apache24\htdocs\scausy\ThinkPHP\Library\Think\View.class.php:95) F:\Apache24\htdocs\scausy\ThinkPHP\Library\Think\View.class.php 第 91 行.
NOTIC: [2] Cannot modify header information - headers already sent by (output started at F:\Apache24\htdocs\scausy\ThinkPHP\Library\Think\View.class.php:95) F:\Apache24\htdocs\scausy\ThinkPHP\Library\Think\View.class.php 第 92 行.
NOTIC: [2] Cannot modify header information - headers already sent by (output started at F:\Apache24\htdocs\scausy\ThinkPHP\Library\Think\View.class.php:95) F:\Apache24\htdocs\scausy\ThinkPHP\Library\Think\View.class.php 第 93 行.
INFO: [ app_end ] --START--
INFO: Run Behavior\ShowPageTraceBehavior [ RunTime:0.000506s ]
INFO: [ app_end ] --END-- [ RunTime:0.000537s ]

[ 2015-10-12T20:15:14+08:00 ] 127.0.0.1 /scausy/index.php
INFO: [ app_init ] --START--
INFO: Run Behavior\BuildLiteBehavior [ RunTime:0.000013s ]
INFO: [ app_init ] --END-- [ RunTime:0.000293s ]
INFO: [ app_begin ] --START--
INFO: Run Behavior\ReadHtmlCacheBehavior [ RunTime:0.000778s ]
INFO: [ app_begin ] --END-- [ RunTime:0.000944s ]
SQL: SHOW COLUMNS FROM `sy_article` [ RunTime:0.0528s ]
SQL: SELECT * FROM `sy_article` ORDER BY id desc LIMIT 10   [ RunTime:0.9031s ]
SQL: SHOW COLUMNS FROM `sy_activity` [ RunTime:0.0507s ]
SQL: SELECT * FROM `sy_activity`  [ RunTime:0.0510s ]
INFO: [ view_parse ] --START--
INFO: [ template_filter ] --START--
INFO: Run Behavior\ContentReplaceBehavior [ RunTime:0.000139s ]
INFO: [ template_filter ] --END-- [ RunTime:0.000258s ]
NOTIC: [8] Undefined offset: 1 F:\Apache24\htdocs\scausy\Application\Runtime\Cache\Home\9f3194e72bdc509fe5c1644316ad2336.php 第 41 行.
NOTIC: [8] Undefined offset: 2 F:\Apache24\htdocs\scausy\Application\Runtime\Cache\Home\9f3194e72bdc509fe5c1644316ad2336.php 第 42 行.
NOTIC: [8] Undefined offset: 3 F:\Apache24\htdocs\scausy\Application\Runtime\Cache\Home\9f3194e72bdc509fe5c1644316ad2336.php 第 43 行.
NOTIC: [8] Undefined offset: 4 F:\Apache24\htdocs\scausy\Application\Runtime\Cache\Home\9f3194e72bdc509fe5c1644316ad2336.php 第 44 行.
INFO: Run Behavior\ParseTemplateBehavior [ RunTime:0.014284s ]
INFO: [ view_parse ] --END-- [ RunTime:0.014436s ]
INFO: [ view_filter ] --START--
INFO: Run Behavior\WriteHtmlCacheBehavior [ RunTime:0.000435s ]
INFO: [ view_filter ] --END-- [ RunTime:0.000529s ]
INFO: [ view_parse ] --START--
INFO: [ template_filter ] --START--
INFO: Run Behavior\ContentReplaceBehavior [ RunTime:0.000489s ]
INFO: [ template_filter ] --END-- [ RunTime:-0.011285s ]
INFO: Run Behavior\ParseTemplateBehavior [ RunTime:0.010543s ]
INFO: [ view_parse ] --END-- [ RunTime:-0.000933s ]
INFO: [ view_filter ] --START--
INFO: Run Behavior\WriteHtmlCacheBehavior [ RunTime:0.000013s ]
INFO: [ view_filter ] --END-- [ RunTime:-0.010974s ]
NOTIC: [2] Cannot modify header information - headers already sent by (output started at F:\Apache24\htdocs\scausy\ThinkPHP\Library\Think\View.class.php:95) F:\Apache24\htdocs\scausy\ThinkPHP\Library\Think\View.class.php 第 91 行.
NOTIC: [2] Cannot modify header information - headers already sent by (output started at F:\Apache24\htdocs\scausy\ThinkPHP\Library\Think\View.class.php:95) F:\Apache24\htdocs\scausy\ThinkPHP\Library\Think\View.class.php 第 92 行.
NOTIC: [2] Cannot modify header information - headers already sent by (output started at F:\Apache24\htdocs\scausy\ThinkPHP\Library\Think\View.class.php:95) F:\Apache24\htdocs\scausy\ThinkPHP\Library\Think\View.class.php 第 93 行.
INFO: [ view_parse ] --START--
INFO: [ template_filter ] --START--
INFO: Run Behavior\ContentReplaceBehavior [ RunTime:0.000061s ]
INFO: [ template_filter ] --END-- [ RunTime:-0.015901s ]
INFO: Run Behavior\ParseTemplateBehavior [ RunTime:0.002609s ]
INFO: [ view_parse ] --END-- [ RunTime:-0.012076s ]
INFO: [ view_filter ] --START--
INFO: Run Behavior\WriteHtmlCacheBehavior [ RunTime:0.000022s ]
INFO: [ view_filter ] --END-- [ RunTime:-0.014202s ]
NOTIC: [2] Cannot modify header information - headers already sent by (output started at F:\Apache24\htdocs\scausy\ThinkPHP\Library\Think\View.class.php:95) F:\Apache24\htdocs\scausy\ThinkPHP\Library\Think\View.class.php 第 91 行.
NOTIC: [2] Cannot modify header information - headers already sent by (output started at F:\Apache24\htdocs\scausy\ThinkPHP\Library\Think\View.class.php:95) F:\Apache24\htdocs\scausy\ThinkPHP\Library\Think\View.class.php 第 92 行.
NOTIC: [2] Cannot modify header information - headers already sent by (output started at F:\Apache24\htdocs\scausy\ThinkPHP\Library\Think\View.class.php:95) F:\Apache24\htdocs\scausy\ThinkPHP\Library\Think\View.class.php 第 93 行.
INFO: [ app_end ] --START--
INFO: Run Behavior\ShowPageTraceBehavior [ RunTime:0.001009s ]
INFO: [ app_end ] --END-- [ RunTime:0.001087s ]

[ 2015-10-12T20:15:14+08:00 ] 127.0.0.1 /scausy/index.php/home/login/code
INFO: [ app_init ] --START--
INFO: Run Behavior\BuildLiteBehavior [ RunTime:0.000018s ]
INFO: [ app_init ] --END-- [ RunTime:0.000292s ]
INFO: [ app_begin ] --START--
INFO: Run Behavior\ReadHtmlCacheBehavior [ RunTime:0.000360s ]
INFO: [ app_begin ] --END-- [ RunTime:0.000406s ]
INFO: [ app_end ] --START--
INFO: Run Behavior\ShowPageTraceBehavior [ RunTime:0.000876s ]
INFO: [ app_end ] --END-- [ RunTime:0.000978s ]

[ 2015-10-12T20:15:14+08:00 ] 127.0.0.1 /scausy/index.php/home/login/islogin
INFO: [ app_init ] --START--
INFO: Run Behavior\BuildLiteBehavior [ RunTime:0.000014s ]
INFO: [ app_init ] --END-- [ RunTime:0.000339s ]
INFO: [ app_begin ] --START--
INFO: Run Behavior\ReadHtmlCacheBehavior [ RunTime:0.000370s ]
INFO: [ app_begin ] --END-- [ RunTime:0.000414s ]
INFO: [ app_end ] --START--
INFO: Run Behavior\ShowPageTraceBehavior [ RunTime:0.000714s ]
INFO: [ app_end ] --END-- [ RunTime:0.000798s ]

[ 2015-10-12T20:15:25+08:00 ] 127.0.0.1 /scausy/index.php/home/index/train
INFO: [ app_init ] --START--
INFO: Run Behavior\BuildLiteBehavior [ RunTime:0.000017s ]
INFO: [ app_init ] --END-- [ RunTime:0.000381s ]
INFO: [ app_begin ] --START--
INFO: Run Behavior\ReadHtmlCacheBehavior [ RunTime:0.000439s ]
INFO: [ app_begin ] --END-- [ RunTime:0.000506s ]
INFO: [ view_parse ] --START--
INFO: [ template_filter ] --START--
INFO: Run Behavior\ContentReplaceBehavior [ RunTime:0.000061s ]
INFO: [ template_filter ] --END-- [ RunTime:0.000126s ]
NOTIC: [8] Undefined offset: 0 F:\Apache24\htdocs\scausy\Application\Runtime\Cache\Home\9f3194e72bdc509fe5c1644316ad2336.php 第 40 行.
NOTIC: [8] Undefined offset: 1 F:\Apache24\htdocs\scausy\Application\Runtime\Cache\Home\9f3194e72bdc509fe5c1644316ad2336.php 第 41 行.
NOTIC: [8] Undefined offset: 2 F:\Apache24\htdocs\scausy\Application\Runtime\Cache\Home\9f3194e72bdc509fe5c1644316ad2336.php 第 42 行.
NOTIC: [8] Undefined offset: 4 F:\Apache24\htdocs\scausy\Application\Runtime\Cache\Home\9f3194e72bdc509fe5c1644316ad2336.php 第 44 行.
INFO: Run Behavior\ParseTemplateBehavior [ RunTime:0.004996s ]
INFO: [ view_parse ] --END-- [ RunTime:0.005046s ]
INFO: [ view_filter ] --START--
INFO: Run Behavior\WriteHtmlCacheBehavior [ RunTime:0.000217s ]
INFO: [ view_filter ] --END-- [ RunTime:0.000257s ]
INFO: [ view_parse ] --START--
INFO: [ template_filter ] --START--
INFO: Run Behavior\ContentReplaceBehavior [ RunTime:0.000046s ]
INFO: [ template_filter ] --END-- [ RunTime:-0.055613s ]
INFO: Run Behavior\ParseTemplateBehavior [ RunTime:0.055041s ]
INFO: [ view_parse ] --END-- [ RunTime:-0.000530s ]
INFO: [ view_filter ] --START--
INFO: Run Behavior\WriteHtmlCacheBehavior [ RunTime:0.000009s ]
INFO: [ view_filter ] --END-- [ RunTime:-0.055352s ]
NOTIC: [2] Cannot modify header information - headers already sent by (output started at F:\Apache24\htdocs\scausy\ThinkPHP\Library\Think\View.class.php:95) F:\Apache24\htdocs\scausy\ThinkPHP\Library\Think\View.class.php 第 91 行.
NOTIC: [2] Cannot modify header information - headers already sent by (output started at F:\Apache24\htdocs\scausy\ThinkPHP\Library\Think\View.class.php:95) F:\Apache24\htdocs\scausy\ThinkPHP\Library\Think\View.class.php 第 92 行.
NOTIC: [2] Cannot modify header information - headers already sent by (output started at F:\Apache24\htdocs\scausy\ThinkPHP\Library\Think\View.class.php:95) F:\Apache24\htdocs\scausy\ThinkPHP\Library\Think\View.class.php 第 93 行.
INFO: [ view_parse ] --START--
INFO: [ template_filter ] --START--
INFO: Run Behavior\ContentReplaceBehavior [ RunTime:0.000028s ]
INFO: [ template_filter ] --END-- [ RunTime:-0.057526s ]
INFO: Run Behavior\ParseTemplateBehavior [ RunTime:0.001368s ]
INFO: [ view_parse ] --END-- [ RunTime:-0.055810s ]
INFO: [ view_filter ] --START--
INFO: Run Behavior\WriteHtmlCacheBehavior [ RunTime:0.000010s ]
INFO: [ view_filter ] --END-- [ RunTime:-0.056958s ]
NOTIC: [2] Cannot modify header information - headers already sent by (output started at F:\Apache24\htdocs\scausy\ThinkPHP\Library\Think\View.class.php:95) F:\Apache24\htdocs\scausy\ThinkPHP\Library\Think\View.class.php 第 91 行.
NOTIC: [2] Cannot modify header information - headers already sent by (output started at F:\Apache24\htdocs\scausy\ThinkPHP\Library\Think\View.class.php:95) F:\Apache24\htdocs\scausy\ThinkPHP\Library\Think\View.class.php 第 92 行.
NOTIC: [2] Cannot modify header information - headers already sent by (output started at F:\Apache24\htdocs\scausy\ThinkPHP\Library\Think\View.class.php:95) F:\Apache24\htdocs\scausy\ThinkPHP\Library\Think\View.class.php 第 93 行.
INFO: [ app_end ] --START--
INFO: Run Behavior\ShowPageTraceBehavior [ RunTime:0.000630s ]
INFO: [ app_end ] --END-- [ RunTime:0.000675s ]

[ 2015-10-12T20:15:26+08:00 ] 127.0.0.1 /scausy/index.php/home/login/code
INFO: [ app_init ] --START--
INFO: Run Behavior\BuildLiteBehavior [ RunTime:0.000013s ]
INFO: [ app_init ] --END-- [ RunTime:0.000275s ]
INFO: [ app_begin ] --START--
INFO: Run Behavior\ReadHtmlCacheBehavior [ RunTime:0.000395s ]
INFO: [ app_begin ] --END-- [ RunTime:0.000439s ]
INFO: [ app_end ] --START--
INFO: Run Behavior\ShowPageTraceBehavior [ RunTime:0.000844s ]
INFO: [ app_end ] --END-- [ RunTime:0.000946s ]

[ 2015-10-12T20:15:26+08:00 ] 127.0.0.1 /scausy/index.php/home/login/islogin
INFO: [ app_init ] --START--
INFO: Run Behavior\BuildLiteBehavior [ RunTime:0.000013s ]
INFO: [ app_init ] --END-- [ RunTime:0.000328s ]
INFO: [ app_begin ] --START--
INFO: Run Behavior\ReadHtmlCacheBehavior [ RunTime:0.000355s ]
INFO: [ app_begin ] --END-- [ RunTime:0.000397s ]
INFO: [ app_end ] --START--
INFO: Run Behavior\ShowPageTraceBehavior [ RunTime:0.000751s ]
INFO: [ app_end ] --END-- [ RunTime:0.000827s ]

[ 2015-10-12T20:15:29+08:00 ] 127.0.0.1 /scausy/index.php/home/index/index
INFO: [ app_init ] --START--
INFO: Run Behavior\BuildLiteBehavior [ RunTime:0.000014s ]
INFO: [ app_init ] --END-- [ RunTime:0.000293s ]
INFO: [ app_begin ] --START--
INFO: Run Behavior\ReadHtmlCacheBehavior [ RunTime:0.000475s ]
INFO: [ app_begin ] --END-- [ RunTime:0.000528s ]
SQL: SHOW COLUMNS FROM `sy_article` [ RunTime:0.0490s ]
SQL: SELECT * FROM `sy_article` ORDER BY id desc LIMIT 10   [ RunTime:0.8998s ]
SQL: SHOW COLUMNS FROM `sy_activity` [ RunTime:0.0482s ]
SQL: SELECT * FROM `sy_activity`  [ RunTime:0.0479s ]
INFO: [ view_parse ] --START--
INFO: [ template_filter ] --START--
INFO: Run Behavior\ContentReplaceBehavior [ RunTime:0.000086s ]
INFO: [ template_filter ] --END-- [ RunTime:0.000163s ]
NOTIC: [8] Undefined offset: 1 F:\Apache24\htdocs\scausy\Application\Runtime\Cache\Home\9f3194e72bdc509fe5c1644316ad2336.php 第 41 行.
NOTIC: [8] Undefined offset: 2 F:\Apache24\htdocs\scausy\Application\Runtime\Cache\Home\9f3194e72bdc509fe5c1644316ad2336.php 第 42 行.
NOTIC: [8] Undefined offset: 3 F:\Apache24\htdocs\scausy\Application\Runtime\Cache\Home\9f3194e72bdc509fe5c1644316ad2336.php 第 43 行.
NOTIC: [8] Undefined offset: 4 F:\Apache24\htdocs\scausy\Application\Runtime\Cache\Home\9f3194e72bdc509fe5c1644316ad2336.php 第 44 行.
INFO: Run Behavior\ParseTemplateBehavior [ RunTime:0.007270s ]
INFO: [ view_parse ] --END-- [ RunTime:0.007318s ]
INFO: [ view_filter ] --START--
INFO: Run Behavior\WriteHtmlCacheBehavior [ RunTime:0.000170s ]
INFO: [ view_filter ] --END-- [ RunTime:0.000201s ]
INFO: [ view_parse ] --START--
INFO: [ template_filter ] --START--
INFO: Run Behavior\ContentReplaceBehavior [ RunTime:0.000086s ]
INFO: [ template_filter ] --END-- [ RunTime:-0.004746s ]
INFO: Run Behavior\ParseTemplateBehavior [ RunTime:0.004989s ]
INFO: [ view_parse ] --END-- [ RunTime:-0.000350s ]
INFO: [ view_filter ] --START--
INFO: Run Behavior\WriteHtmlCacheBehavior [ RunTime:0.000018s ]
INFO: [ view_filter ] --END-- [ RunTime:-0.005214s ]
NOTIC: [2] Cannot modify header information - headers already sent by (output started at F:\Apache24\htdocs\scausy\ThinkPHP\Library\Think\View.class.php:95) F:\Apache24\htdocs\scausy\ThinkPHP\Library\Think\View.class.php 第 91 行.
NOTIC: [2] Cannot modify header information - headers already sent by (output started at F:\Apache24\htdocs\scausy\ThinkPHP\Library\Think\View.class.php:95) F:\Apache24\htdocs\scausy\ThinkPHP\Library\Think\View.class.php 第 92 行.
NOTIC: [2] Cannot modify header information - headers already sent by (output started at F:\Apache24\htdocs\scausy\ThinkPHP\Library\Think\View.class.php:95) F:\Apache24\htdocs\scausy\ThinkPHP\Library\Think\View.class.php 第 93 行.
INFO: [ view_parse ] --START--
INFO: [ template_filter ] --START--
INFO: Run Behavior\ContentReplaceBehavior [ RunTime:0.000049s ]
INFO: [ template_filter ] --END-- [ RunTime:-0.011101s ]
INFO: Run Behavior\ParseTemplateBehavior [ RunTime:0.002637s ]
INFO: [ view_parse ] --END-- [ RunTime:-0.008675s ]
INFO: [ view_filter ] --START--
INFO: Run Behavior\WriteHtmlCacheBehavior [ RunTime:0.000019s ]
INFO: [ view_filter ] --END-- [ RunTime:-0.011218s ]
NOTIC: [2] Cannot modify header information - headers already sent by (output started at F:\Apache24\htdocs\scausy\ThinkPHP\Library\Think\View.class.php:95) F:\Apache24\htdocs\scausy\ThinkPHP\Library\Think\View.class.php 第 91 行.
NOTIC: [2] Cannot modify header information - headers already sent by (output started at F:\Apache24\htdocs\scausy\ThinkPHP\Library\Think\View.class.php:95) F:\Apache24\htdocs\scausy\ThinkPHP\Library\Think\View.class.php 第 92 行.
NOTIC: [2] Cannot modify header information - headers already sent by (output started at F:\Apache24\htdocs\scausy\ThinkPHP\Library\Think\View.class.php:95) F:\Apache24\htdocs\scausy\ThinkPHP\Library\Think\View.class.php 第 93 行.
INFO: [ app_end ] --START--
INFO: Run Behavior\ShowPageTraceBehavior [ RunTime:0.000759s ]
INFO: [ app_end ] --END-- [ RunTime:0.000816s ]

[ 2015-10-12T20:15:29+08:00 ] 127.0.0.1 /scausy/index.php/home/login/code
INFO: [ app_init ] --START--
INFO: Run Behavior\BuildLiteBehavior [ RunTime:0.000020s ]
INFO: [ app_init ] --END-- [ RunTime:0.000432s ]
INFO: [ app_begin ] --START--
INFO: Run Behavior\ReadHtmlCacheBehavior [ RunTime:0.000550s ]
INFO: [ app_begin ] --END-- [ RunTime:0.000619s ]
INFO: [ app_end ] --START--
INFO: Run Behavior\ShowPageTraceBehavior [ RunTime:0.000961s ]
INFO: [ app_end ] --END-- [ RunTime:0.001087s ]

[ 2015-10-12T20:15:29+08:00 ] 127.0.0.1 /scausy/index.php/home/login/islogin
INFO: [ app_init ] --START--
INFO: Run Behavior\BuildLiteBehavior [ RunTime:0.000018s ]
INFO: [ app_init ] --END-- [ RunTime:0.000391s ]
INFO: [ app_begin ] --START--
INFO: Run Behavior\ReadHtmlCacheBehavior [ RunTime:0.000526s ]
INFO: [ app_begin ] --END-- [ RunTime:0.000599s ]
INFO: [ app_end ] --START--
INFO: Run Behavior\ShowPageTraceBehavior [ RunTime:0.001157s ]
INFO: [ app_end ] --END-- [ RunTime:0.001247s ]

[ 2015-10-12T20:19:49+08:00 ] 127.0.0.1 /scausy/index.php/home/login/isLogout
INFO: [ app_init ] --START--
INFO: Run Behavior\BuildLiteBehavior [ RunTime:0.000021s ]
INFO: [ app_init ] --END-- [ RunTime:0.000334s ]
INFO: [ app_begin ] --START--
INFO: Run Behavior\ReadHtmlCacheBehavior [ RunTime:0.000445s ]
INFO: [ app_begin ] --END-- [ RunTime:0.000483s ]
INFO: [ app_end ] --START--
INFO: Run Behavior\ShowPageTraceBehavior [ RunTime:0.000419s ]
INFO: [ app_end ] --END-- [ RunTime:0.000462s ]

[ 2015-10-12T20:19:50+08:00 ] 127.0.0.1 /scausy/index.php
INFO: [ app_init ] --START--
INFO: Run Behavior\BuildLiteBehavior [ RunTime:0.000012s ]
INFO: [ app_init ] --END-- [ RunTime:0.000248s ]
INFO: [ app_begin ] --START--
INFO: Run Behavior\ReadHtmlCacheBehavior [ RunTime:0.000325s ]
INFO: [ app_begin ] --END-- [ RunTime:0.000365s ]
SQL: SHOW COLUMNS FROM `sy_article` [ RunTime:0.0466s ]
SQL: SELECT * FROM `sy_article` ORDER BY id desc LIMIT 10   [ RunTime:0.9470s ]
SQL: SHOW COLUMNS FROM `sy_activity` [ RunTime:0.0472s ]
SQL: SELECT * FROM `sy_activity`  [ RunTime:0.0460s ]
INFO: [ view_parse ] --START--
INFO: [ template_filter ] --START--
INFO: Run Behavior\ContentReplaceBehavior [ RunTime:0.000154s ]
INFO: [ template_filter ] --END-- [ RunTime:0.000280s ]
NOTIC: [8] Undefined offset: 1 F:\Apache24\htdocs\scausy\Application\Runtime\Cache\Home\9f3194e72bdc509fe5c1644316ad2336.php 第 41 行.
NOTIC: [8] Undefined offset: 2 F:\Apache24\htdocs\scausy\Application\Runtime\Cache\Home\9f3194e72bdc509fe5c1644316ad2336.php 第 42 行.
NOTIC: [8] Undefined offset: 3 F:\Apache24\htdocs\scausy\Application\Runtime\Cache\Home\9f3194e72bdc509fe5c1644316ad2336.php 第 43 行.
NOTIC: [8] Undefined offset: 4 F:\Apache24\htdocs\scausy\Application\Runtime\Cache\Home\9f3194e72bdc509fe5c1644316ad2336.php 第 44 行.
INFO: Run Behavior\ParseTemplateBehavior [ RunTime:0.016421s ]
INFO: [ view_parse ] --END-- [ RunTime:0.016561s ]
INFO: [ view_filter ] --START--
INFO: Run Behavior\WriteHtmlCacheBehavior [ RunTime:0.000763s ]
INFO: [ view_filter ] --END-- [ RunTime:0.000846s ]
INFO: [ view_parse ] --START--
INFO: [ template_filter ] --START--
INFO: Run Behavior\ContentReplaceBehavior [ RunTime:0.000100s ]
INFO: [ template_filter ] --END-- [ RunTime:-0.012057s ]
INFO: Run Behavior\ParseTemplateBehavior [ RunTime:0.009813s ]
INFO: [ view_parse ] --END-- [ RunTime:-0.001296s ]
INFO: [ view_filter ] --START--
INFO: Run Behavior\WriteHtmlCacheBehavior [ RunTime:0.000024s ]
INFO: [ view_filter ] --END-- [ RunTime:-0.010387s ]
NOTIC: [2] Cannot modify header information - headers already sent by (output started at F:\Apache24\htdocs\scausy\ThinkPHP\Library\Think\View.class.php:95) F:\Apache24\htdocs\scausy\ThinkPHP\Library\Think\View.class.php 第 91 行.
NOTIC: [2] Cannot modify header information - headers already sent by (output started at F:\Apache24\htdocs\scausy\ThinkPHP\Library\Think\View.class.php:95) F:\Apache24\htdocs\scausy\ThinkPHP\Library\Think\View.class.php 第 92 行.
NOTIC: [2] Cannot modify header information - headers already sent by (output started at F:\Apache24\htdocs\scausy\ThinkPHP\Library\Think\View.class.php:95) F:\Apache24\htdocs\scausy\ThinkPHP\Library\Think\View.class.php 第 93 行.
INFO: [ view_parse ] --START--
INFO: [ template_filter ] --START--
INFO: Run Behavior\ContentReplaceBehavior [ RunTime:0.000061s ]
INFO: [ template_filter ] --END-- [ RunTime:-0.018051s ]
INFO: Run Behavior\ParseTemplateBehavior [ RunTime:0.003375s ]
INFO: [ view_parse ] --END-- [ RunTime:-0.013134s ]
INFO: [ view_filter ] --START--
INFO: Run Behavior\WriteHtmlCacheBehavior [ RunTime:0.000016s ]
INFO: [ view_filter ] --END-- [ RunTime:-0.015736s ]
NOTIC: [2] Cannot modify header information - headers already sent by (output started at F:\Apache24\htdocs\scausy\ThinkPHP\Library\Think\View.class.php:95) F:\Apache24\htdocs\scausy\ThinkPHP\Library\Think\View.class.php 第 91 行.
NOTIC: [2] Cannot modify header information - headers already sent by (output started at F:\Apache24\htdocs\scausy\ThinkPHP\Library\Think\View.class.php:95) F:\Apache24\htdocs\scausy\ThinkPHP\Library\Think\View.class.php 第 92 行.
NOTIC: [2] Cannot modify header information - headers already sent by (output started at F:\Apache24\htdocs\scausy\ThinkPHP\Library\Think\View.class.php:95) F:\Apache24\htdocs\scausy\ThinkPHP\Library\Think\View.class.php 第 93 行.
INFO: [ app_end ] --START--
INFO: Run Behavior\ShowPageTraceBehavior [ RunTime:0.000605s ]
INFO: [ app_end ] --END-- [ RunTime:0.000654s ]

[ 2015-10-12T20:19:50+08:00 ] 127.0.0.1 /scausy/index.php/home/login/code
INFO: [ app_init ] --START--
INFO: Run Behavior\BuildLiteBehavior [ RunTime:0.000019s ]
INFO: [ app_init ] --END-- [ RunTime:0.000423s ]
INFO: [ app_begin ] --START--
INFO: Run Behavior\ReadHtmlCacheBehavior [ RunTime:0.000574s ]
INFO: [ app_begin ] --END-- [ RunTime:0.000654s ]
INFO: [ app_end ] --START--
INFO: Run Behavior\ShowPageTraceBehavior [ RunTime:0.001020s ]
INFO: [ app_end ] --END-- [ RunTime:0.001103s ]

[ 2015-10-12T20:19:50+08:00 ] 127.0.0.1 /scausy/index.php/home/login/islogin
INFO: [ app_init ] --START--
INFO: Run Behavior\BuildLiteBehavior [ RunTime:0.000025s ]
INFO: [ app_init ] --END-- [ RunTime:0.000578s ]
INFO: [ app_begin ] --START--
INFO: Run Behavior\ReadHtmlCacheBehavior [ RunTime:0.000757s ]
INFO: [ app_begin ] --END-- [ RunTime:0.000850s ]
INFO: [ app_end ] --START--
INFO: Run Behavior\ShowPageTraceBehavior [ RunTime:0.001183s ]
INFO: [ app_end ] --END-- [ RunTime:0.002118s ]

[ 2015-10-12T20:19:53+08:00 ] 127.0.0.1 /scausy/index.php/home/login/zhengfang%20?%20username=admin&password=1111&code=&%20i
INFO: [ app_init ] --START--
INFO: Run Behavior\BuildLiteBehavior [ RunTime:0.000012s ]
INFO: [ app_init ] --END-- [ RunTime:0.000287s ]
INFO: [ app_begin ] --START--
INFO: Run Behavior\ReadHtmlCacheBehavior [ RunTime:0.000314s ]
INFO: [ app_begin ] --END-- [ RunTime:0.000351s ]
NOTIC: [8] Constant SCRIPT_ROOT already defined F:\Apache24\htdocs\scausy\Application\Home\Api\ZhengfangApi.class.php 第 4 行.
SQL: SHOW COLUMNS FROM `sy_students` [ RunTime:0.0512s ]
NOTIC: [8] Undefined index: username F:\Apache24\htdocs\scausy\Application\Home\Controller\LoginController.class.php 第 92 行.
NOTIC: [8] Undefined index: password F:\Apache24\htdocs\scausy\Application\Home\Controller\LoginController.class.php 第 93 行.
SQL: SHOW COLUMNS FROM `sy_students` [ RunTime:0.0510s ]
SQL: select * from sy_students where id ='' AND password ='d41d8cd98f00b204e9800998ecf8427e' [ RunTime:0.0509s ]
INFO: [ app_end ] --START--
INFO: Run Behavior\ShowPageTraceBehavior [ RunTime:0.000787s ]
INFO: [ app_end ] --END-- [ RunTime:0.000869s ]

[ 2015-10-12T20:19:54+08:00 ] 127.0.0.1 /scausy/index.php/home/login/zhengfang
INFO: [ app_init ] --START--
INFO: Run Behavior\BuildLiteBehavior [ RunTime:0.000012s ]
INFO: [ app_init ] --END-- [ RunTime:0.000281s ]
INFO: [ app_begin ] --START--
INFO: Run Behavior\ReadHtmlCacheBehavior [ RunTime:0.000368s ]
INFO: [ app_begin ] --END-- [ RunTime:0.000412s ]
NOTIC: [8] Constant SCRIPT_ROOT already defined F:\Apache24\htdocs\scausy\Application\Home\Api\ZhengfangApi.class.php 第 4 行.
SQL: SHOW COLUMNS FROM `sy_students` [ RunTime:0.0490s ]
SQL: SHOW COLUMNS FROM `sy_students` [ RunTime:0.0484s ]
SQL: select * from sy_students where id ='admin' AND password ='b59c67bf196a4758191e42f76670ceba' [ RunTime:0.0482s ]
INFO: [ view_parse ] --START--
INFO: [ template_filter ] --START--
INFO: Run Behavior\ContentReplaceBehavior [ RunTime:0.000104s ]
INFO: [ template_filter ] --END-- [ RunTime:0.000203s ]
NOTIC: [8] Undefined variable: array F:\Apache24\htdocs\scausy\Application\Runtime\Cache\Home\1fa0a3c4921c3a61cdaaf7eb6e05cbff.php 第 44 行.
NOTIC: [8] Undefined variable: array F:\Apache24\htdocs\scausy\Application\Runtime\Cache\Home\1fa0a3c4921c3a61cdaaf7eb6e05cbff.php 第 45 行.
NOTIC: [8] Undefined variable: array F:\Apache24\htdocs\scausy\Application\Runtime\Cache\Home\1fa0a3c4921c3a61cdaaf7eb6e05cbff.php 第 46 行.
NOTIC: [8] Undefined variable: array F:\Apache24\htdocs\scausy\Application\Runtime\Cache\Home\1fa0a3c4921c3a61cdaaf7eb6e05cbff.php 第 47 行.
INFO: Run Behavior\ParseTemplateBehavior [ RunTime:0.020562s ]
INFO: [ view_parse ] --END-- [ RunTime:0.020651s ]
INFO: [ view_filter ] --START--
INFO: Run Behavior\WriteHtmlCacheBehavior [ RunTime:0.000363s ]
INFO: [ view_filter ] --END-- [ RunTime:0.000440s ]
INFO: [ view_parse ] --START--
INFO: [ template_filter ] --START--
INFO: Run Behavior\ContentReplaceBehavior [ RunTime:0.000069s ]
INFO: [ template_filter ] --END-- [ RunTime:-0.005366s ]
NOTIC: [8] Undefined variable: article_item F:\Apache24\htdocs\scausy\Application\Runtime\Cache\Home\0369c7ff58afe6cbfddee81f980ccc4a.php 第 31 行.
NOTIC: [8] Undefined variable: article_item F:\Apache24\htdocs\scausy\Application\Runtime\Cache\Home\0369c7ff58afe6cbfddee81f980ccc4a.php 第 38 行.
NOTIC: [8] Undefined variable: article_item F:\Apache24\htdocs\scausy\Application\Runtime\Cache\Home\0369c7ff58afe6cbfddee81f980ccc4a.php 第 44 行.
NOTIC: [8] Undefined variable: group F:\Apache24\htdocs\scausy\Application\Runtime\Cache\Home\0369c7ff58afe6cbfddee81f980ccc4a.php 第 45 行.
INFO: Run Behavior\ParseTemplateBehavior [ RunTime:0.004156s ]
INFO: [ view_parse ] --END-- [ RunTime:-0.000922s ]
INFO: [ view_filter ] --START--
INFO: Run Behavior\WriteHtmlCacheBehavior [ RunTime:0.000021s ]
INFO: [ view_filter ] --END-- [ RunTime:-0.004720s ]
INFO: [ app_end ] --START--
INFO: Run Behavior\ShowPageTraceBehavior [ RunTime:0.000666s ]
INFO: [ app_end ] --END-- [ RunTime:0.000724s ]

[ 2015-10-12T20:20:07+08:00 ] 127.0.0.1 /scausy/index.php/home/admin/administrateOrganization
INFO: [ app_init ] --START--
INFO: Run Behavior\BuildLiteBehavior [ RunTime:0.000015s ]
INFO: [ app_init ] --END-- [ RunTime:0.000364s ]
INFO: [ app_begin ] --START--
INFO: Run Behavior\ReadHtmlCacheBehavior [ RunTime:0.000442s ]
INFO: [ app_begin ] --END-- [ RunTime:0.000481s ]
NOTIC: [8] Use of undefined constant ture - assumed 'ture' F:\Apache24\htdocs\scausy\ThinkPHP\Common\functions.php 第 1640 行.
SQL: SHOW COLUMNS FROM `sy_organization` [ RunTime:0.0504s ]
SQL: SELECT * FROM `sy_organization` WHERE `id` = 1  [ RunTime:0.6997s ]
INFO: [ view_parse ] --START--
INFO: [ template_filter ] --START--
INFO: Run Behavior\ContentReplaceBehavior [ RunTime:0.000090s ]
INFO: [ template_filter ] --END-- [ RunTime:0.000215s ]
NOTIC: [8] Undefined index: content4 F:\Apache24\htdocs\scausy\Application\Runtime\Cache\Home\1fa0a3c4921c3a61cdaaf7eb6e05cbff.php 第 47 行.
INFO: Run Behavior\ParseTemplateBehavior [ RunTime:0.007605s ]
INFO: [ view_parse ] --END-- [ RunTime:0.007684s ]
INFO: [ view_filter ] --START--
INFO: Run Behavior\WriteHtmlCacheBehavior [ RunTime:0.000412s ]
INFO: [ view_filter ] --END-- [ RunTime:0.000474s ]
INFO: [ view_parse ] --START--
INFO: [ template_filter ] --START--
INFO: Run Behavior\ContentReplaceBehavior [ RunTime:0.000070s ]
INFO: [ template_filter ] --END-- [ RunTime:-0.057027s ]
INFO: Run Behavior\ParseTemplateBehavior [ RunTime:0.060141s ]
INFO: [ view_parse ] --END-- [ RunTime:-0.000755s ]
INFO: [ view_filter ] --START--
INFO: Run Behavior\WriteHtmlCacheBehavior [ RunTime:0.000015s ]
INFO: [ view_filter ] --END-- [ RunTime:-0.060469s ]
INFO: [ app_end ] --START--
INFO: Run Behavior\ShowPageTraceBehavior [ RunTime:0.000639s ]
INFO: [ app_end ] --END-- [ RunTime:0.000689s ]

[ 2015-10-12T20:20:08+08:00 ] 127.0.0.1 /scausy/index.php/home/admin/administrateActivity
INFO: [ app_init ] --START--
INFO: Run Behavior\BuildLiteBehavior [ RunTime:0.000013s ]
INFO: [ app_init ] --END-- [ RunTime:0.000290s ]
INFO: [ app_begin ] --START--
INFO: Run Behavior\ReadHtmlCacheBehavior [ RunTime:0.000406s ]
INFO: [ app_begin ] --END-- [ RunTime:0.000456s ]
NOTIC: [8] Use of undefined constant ture - assumed 'ture' F:\Apache24\htdocs\scausy\ThinkPHP\Common\functions.php 第 1640 行.
SQL: SHOW COLUMNS FROM `sy_activity` [ RunTime:0.0475s ]
SQL: SELECT * FROM `sy_activity` ORDER BY id desc  [ RunTime:0.0465s ]
INFO: [ view_parse ] --START--
INFO: [ template_filter ] --START--
INFO: Run Behavior\ContentReplaceBehavior [ RunTime:0.000169s ]
INFO: [ template_filter ] --END-- [ RunTime:0.000323s ]
NOTIC: [8] Undefined index: content2 F:\Apache24\htdocs\scausy\Application\Runtime\Cache\Home\1fa0a3c4921c3a61cdaaf7eb6e05cbff.php 第 44 行.
NOTIC: [8] Undefined index: content3 F:\Apache24\htdocs\scausy\Application\Runtime\Cache\Home\1fa0a3c4921c3a61cdaaf7eb6e05cbff.php 第 45 行.
NOTIC: [8] Undefined index: content1 F:\Apache24\htdocs\scausy\Application\Runtime\Cache\Home\1fa0a3c4921c3a61cdaaf7eb6e05cbff.php 第 46 行.
INFO: Run Behavior\ParseTemplateBehavior [ RunTime:0.013089s ]
INFO: [ view_parse ] --END-- [ RunTime:0.013222s ]
INFO: [ view_filter ] --START--
INFO: Run Behavior\WriteHtmlCacheBehavior [ RunTime:0.000546s ]
INFO: [ view_filter ] --END-- [ RunTime:0.000652s ]
INFO: [ view_parse ] --START--
INFO: [ template_filter ] --START--
INFO: Run Behavior\ContentReplaceBehavior [ RunTime:0.000146s ]
INFO: [ template_filter ] --END-- [ RunTime:-0.008449s ]
NOTIC: [8] A non well formed numeric value encountered F:\Apache24\htdocs\scausy\Application\Runtime\Cache\Home\28689a9ab1df8cc76f2572cc4d4f8300.php 第 34 行.
NOTIC: [8] A non well formed numeric value encountered F:\Apache24\htdocs\scausy\Application\Runtime\Cache\Home\28689a9ab1df8cc76f2572cc4d4f8300.php 第 34 行.
INFO: Run Behavior\ParseTemplateBehavior [ RunTime:0.007842s ]
INFO: [ view_parse ] --END-- [ RunTime:-0.001143s ]
INFO: [ view_filter ] --START--
INFO: Run Behavior\WriteHtmlCacheBehavior [ RunTime:0.000025s ]
INFO: [ view_filter ] --END-- [ RunTime:-0.008398s ]
INFO: [ app_end ] --START--
INFO: Run Behavior\ShowPageTraceBehavior [ RunTime:0.000995s ]
INFO: [ app_end ] --END-- [ RunTime:0.001136s ]

[ 2015-10-12T20:23:35+08:00 ] 127.0.0.1 /scausy/index.php
INFO: [ app_init ] --START--
INFO: Run Behavior\BuildLiteBehavior [ RunTime:0.000018s ]
INFO: [ app_init ] --END-- [ RunTime:0.000408s ]
INFO: [ app_begin ] --START--
INFO: Run Behavior\ReadHtmlCacheBehavior [ RunTime:0.000568s ]
INFO: [ app_begin ] --END-- [ RunTime:0.000607s ]
SQL: SHOW COLUMNS FROM `sy_article` [ RunTime:0.0530s ]
SQL: SELECT * FROM `sy_article` ORDER BY id desc LIMIT 10   [ RunTime:0.9027s ]
SQL: SHOW COLUMNS FROM `sy_activity` [ RunTime:0.0507s ]
SQL: SELECT * FROM `sy_activity`  [ RunTime:0.0503s ]
INFO: [ view_parse ] --START--
INFO: [ template_filter ] --START--
INFO: Run Behavior\ContentReplaceBehavior [ RunTime:0.000073s ]
INFO: [ template_filter ] --END-- [ RunTime:0.000130s ]
NOTIC: [8] Undefined offset: 1 F:\Apache24\htdocs\scausy\Application\Runtime\Cache\Home\9f3194e72bdc509fe5c1644316ad2336.php 第 41 行.
NOTIC: [8] Undefined offset: 2 F:\Apache24\htdocs\scausy\Application\Runtime\Cache\Home\9f3194e72bdc509fe5c1644316ad2336.php 第 42 行.
NOTIC: [8] Undefined offset: 3 F:\Apache24\htdocs\scausy\Application\Runtime\Cache\Home\9f3194e72bdc509fe5c1644316ad2336.php 第 43 行.
NOTIC: [8] Undefined offset: 4 F:\Apache24\htdocs\scausy\Application\Runtime\Cache\Home\9f3194e72bdc509fe5c1644316ad2336.php 第 44 行.
INFO: Run Behavior\ParseTemplateBehavior [ RunTime:0.009135s ]
INFO: [ view_parse ] --END-- [ RunTime:0.009184s ]
INFO: [ view_filter ] --START--
INFO: Run Behavior\WriteHtmlCacheBehavior [ RunTime:0.000392s ]
INFO: [ view_filter ] --END-- [ RunTime:0.000425s ]
INFO: [ view_parse ] --START--
INFO: [ template_filter ] --START--
INFO: Run Behavior\ContentReplaceBehavior [ RunTime:0.000063s ]
INFO: [ template_filter ] --END-- [ RunTime:-0.005182s ]
INFO: Run Behavior\ParseTemplateBehavior [ RunTime:0.004697s ]
INFO: [ view_parse ] --END-- [ RunTime:-0.000726s ]
INFO: [ view_filter ] --START--
INFO: Run Behavior\WriteHtmlCacheBehavior [ RunTime:0.000009s ]
INFO: [ view_filter ] --END-- [ RunTime:-0.005043s ]
NOTIC: [2] Cannot modify header information - headers already sent by (output started at F:\Apache24\htdocs\scausy\ThinkPHP\Library\Think\View.class.php:95) F:\Apache24\htdocs\scausy\ThinkPHP\Library\Think\View.class.php 第 91 行.
NOTIC: [2] Cannot modify header information - headers already sent by (output started at F:\Apache24\htdocs\scausy\ThinkPHP\Library\Think\View.class.php:95) F:\Apache24\htdocs\scausy\ThinkPHP\Library\Think\View.class.php 第 92 行.
NOTIC: [2] Cannot modify header information - headers already sent by (output started at F:\Apache24\htdocs\scausy\ThinkPHP\Library\Think\View.class.php:95) F:\Apache24\htdocs\scausy\ThinkPHP\Library\Think\View.class.php 第 93 行.
INFO: [ view_parse ] --START--
INFO: [ template_filter ] --START--
INFO: Run Behavior\ContentReplaceBehavior [ RunTime:0.000032s ]
INFO: [ template_filter ] --END-- [ RunTime:-0.011563s ]
INFO: Run Behavior\ParseTemplateBehavior [ RunTime:0.002446s ]
INFO: [ view_parse ] --END-- [ RunTime:-0.009159s ]
INFO: [ view_filter ] --START--
INFO: Run Behavior\WriteHtmlCacheBehavior [ RunTime:0.000017s ]
INFO: [ view_filter ] --END-- [ RunTime:-0.011267s ]
NOTIC: [2] Cannot modify header information - headers already sent by (output started at F:\Apache24\htdocs\scausy\ThinkPHP\Library\Think\View.class.php:95) F:\Apache24\htdocs\scausy\ThinkPHP\Library\Think\View.class.php 第 91 行.
NOTIC: [2] Cannot modify header information - headers already sent by (output started at F:\Apache24\htdocs\scausy\ThinkPHP\Library\Think\View.class.php:95) F:\Apache24\htdocs\scausy\ThinkPHP\Library\Think\View.class.php 第 92 行.
NOTIC: [2] Cannot modify header information - headers already sent by (output started at F:\Apache24\htdocs\scausy\ThinkPHP\Library\Think\View.class.php:95) F:\Apache24\htdocs\scausy\ThinkPHP\Library\Think\View.class.php 第 93 行.
INFO: [ app_end ] --START--
INFO: Run Behavior\ShowPageTraceBehavior [ RunTime:0.000813s ]
INFO: [ app_end ] --END-- [ RunTime:0.000861s ]

[ 2015-10-12T20:23:35+08:00 ] 127.0.0.1 /scausy/index.php/home/login/code
INFO: [ app_init ] --START--
INFO: Run Behavior\BuildLiteBehavior [ RunTime:0.000025s ]
INFO: [ app_init ] --END-- [ RunTime:0.000670s ]
INFO: [ app_begin ] --START--
INFO: Run Behavior\ReadHtmlCacheBehavior [ RunTime:0.001255s ]
INFO: [ app_begin ] --END-- [ RunTime:0.001337s ]
INFO: [ app_end ] --START--
INFO: Run Behavior\ShowPageTraceBehavior [ RunTime:0.001055s ]
INFO: [ app_end ] --END-- [ RunTime:0.001154s ]

[ 2015-10-12T20:23:35+08:00 ] 127.0.0.1 /scausy/index.php/home/login/islogin
INFO: [ app_init ] --START--
INFO: Run Behavior\BuildLiteBehavior [ RunTime:0.000022s ]
INFO: [ app_init ] --END-- [ RunTime:0.000749s ]
INFO: [ app_begin ] --START--
INFO: Run Behavior\ReadHtmlCacheBehavior [ RunTime:0.001025s ]
INFO: [ app_begin ] --END-- [ RunTime:0.001125s ]
INFO: [ app_end ] --START--
INFO: Run Behavior\ShowPageTraceBehavior [ RunTime:0.001143s ]
INFO: [ app_end ] --END-- [ RunTime:0.001251s ]

[ 2015-10-12T20:23:40+08:00 ] 127.0.0.1 /scausy/index.php/home/index/train
INFO: [ app_init ] --START--
INFO: Run Behavior\BuildLiteBehavior [ RunTime:0.000014s ]
INFO: [ app_init ] --END-- [ RunTime:0.000347s ]
INFO: [ app_begin ] --START--
INFO: Run Behavior\ReadHtmlCacheBehavior [ RunTime:0.000714s ]
INFO: [ app_begin ] --END-- [ RunTime:0.000766s ]
INFO: [ view_parse ] --START--
INFO: [ template_filter ] --START--
INFO: Run Behavior\ContentReplaceBehavior [ RunTime:0.000057s ]
INFO: [ template_filter ] --END-- [ RunTime:0.000107s ]
NOTIC: [8] Undefined offset: 0 F:\Apache24\htdocs\scausy\Application\Runtime\Cache\Home\9f3194e72bdc509fe5c1644316ad2336.php 第 40 行.
NOTIC: [8] Undefined offset: 1 F:\Apache24\htdocs\scausy\Application\Runtime\Cache\Home\9f3194e72bdc509fe5c1644316ad2336.php 第 41 行.
NOTIC: [8] Undefined offset: 2 F:\Apache24\htdocs\scausy\Application\Runtime\Cache\Home\9f3194e72bdc509fe5c1644316ad2336.php 第 42 行.
NOTIC: [8] Undefined offset: 4 F:\Apache24\htdocs\scausy\Application\Runtime\Cache\Home\9f3194e72bdc509fe5c1644316ad2336.php 第 44 行.
INFO: Run Behavior\ParseTemplateBehavior [ RunTime:0.006862s ]
INFO: [ view_parse ] --END-- [ RunTime:0.006903s ]
INFO: [ view_filter ] --START--
INFO: Run Behavior\WriteHtmlCacheBehavior [ RunTime:0.000368s ]
INFO: [ view_filter ] --END-- [ RunTime:0.000401s ]
INFO: [ view_parse ] --START--
INFO: [ template_filter ] --START--
INFO: Run Behavior\ContentReplaceBehavior [ RunTime:0.000027s ]
INFO: [ template_filter ] --END-- [ RunTime:-0.002783s ]
INFO: Run Behavior\ParseTemplateBehavior [ RunTime:0.001870s ]
INFO: [ view_parse ] --END-- [ RunTime:-0.000720s ]
INFO: [ view_filter ] --START--
INFO: Run Behavior\WriteHtmlCacheBehavior [ RunTime:0.000010s ]
INFO: [ view_filter ] --END-- [ RunTime:-0.002214s ]
NOTIC: [2] Cannot modify header information - headers already sent by (output started at F:\Apache24\htdocs\scausy\ThinkPHP\Library\Think\View.class.php:95) F:\Apache24\htdocs\scausy\ThinkPHP\Library\Think\View.class.php 第 91 行.
NOTIC: [2] Cannot modify header information - headers already sent by (output started at F:\Apache24\htdocs\scausy\ThinkPHP\Library\Think\View.class.php:95) F:\Apache24\htdocs\scausy\ThinkPHP\Library\Think\View.class.php 第 92 行.
NOTIC: [2] Cannot modify header information - headers already sent by (output started at F:\Apache24\htdocs\scausy\ThinkPHP\Library\Think\View.class.php:95) F:\Apache24\htdocs\scausy\ThinkPHP\Library\Think\View.class.php 第 93 行.
INFO: [ view_parse ] --START--
INFO: [ template_filter ] --START--
INFO: Run Behavior\ContentReplaceBehavior [ RunTime:0.000028s ]
INFO: [ template_filter ] --END-- [ RunTime:-0.005051s ]
INFO: Run Behavior\ParseTemplateBehavior [ RunTime:0.001925s ]
INFO: [ view_parse ] --END-- [ RunTime:-0.002958s ]
INFO: [ view_filter ] --START--
INFO: Run Behavior\WriteHtmlCacheBehavior [ RunTime:0.000009s ]
INFO: [ view_filter ] --END-- [ RunTime:-0.004500s ]
NOTIC: [2] Cannot modify header information - headers already sent by (output started at F:\Apache24\htdocs\scausy\ThinkPHP\Library\Think\View.class.php:95) F:\Apache24\htdocs\scausy\ThinkPHP\Library\Think\View.class.php 第 91 行.
NOTIC: [2] Cannot modify header information - headers already sent by (output started at F:\Apache24\htdocs\scausy\ThinkPHP\Library\Think\View.class.php:95) F:\Apache24\htdocs\scausy\ThinkPHP\Library\Think\View.class.php 第 92 行.
NOTIC: [2] Cannot modify header information - headers already sent by (output started at F:\Apache24\htdocs\scausy\ThinkPHP\Library\Think\View.class.php:95) F:\Apache24\htdocs\scausy\ThinkPHP\Library\Think\View.class.php 第 93 行.
INFO: [ app_end ] --START--
INFO: Run Behavior\ShowPageTraceBehavior [ RunTime:0.000665s ]
INFO: [ app_end ] --END-- [ RunTime:0.000717s ]

[ 2015-10-12T20:23:40+08:00 ] 127.0.0.1 /scausy/index.php/home/login/code
INFO: [ app_init ] --START--
INFO: Run Behavior\BuildLiteBehavior [ RunTime:0.000019s ]
INFO: [ app_init ] --END-- [ RunTime:0.000433s ]
INFO: [ app_begin ] --START--
INFO: Run Behavior\ReadHtmlCacheBehavior [ RunTime:0.000574s ]
INFO: [ app_begin ] --END-- [ RunTime:0.000628s ]
INFO: [ app_end ] --START--
INFO: Run Behavior\ShowPageTraceBehavior [ RunTime:0.000708s ]
INFO: [ app_end ] --END-- [ RunTime:0.000798s ]

[ 2015-10-12T20:23:40+08:00 ] 127.0.0.1 /scausy/index.php/home/login/islogin
INFO: [ app_init ] --START--
INFO: Run Behavior\BuildLiteBehavior [ RunTime:0.000020s ]
INFO: [ app_init ] --END-- [ RunTime:0.000491s ]
INFO: [ app_begin ] --START--
INFO: Run Behavior\ReadHtmlCacheBehavior [ RunTime:0.000854s ]
INFO: [ app_begin ] --END-- [ RunTime:0.000938s ]
INFO: [ app_end ] --START--
INFO: Run Behavior\ShowPageTraceBehavior [ RunTime:0.000884s ]
INFO: [ app_end ] --END-- [ RunTime:0.000956s ]

[ 2015-10-12T20:23:53+08:00 ] 127.0.0.1 /scausy/index.php/home/index/index
INFO: [ app_init ] --START--
INFO: Run Behavior\BuildLiteBehavior [ RunTime:0.000023s ]
INFO: [ app_init ] --END-- [ RunTime:0.000528s ]
INFO: [ app_begin ] --START--
INFO: Run Behavior\ReadHtmlCacheBehavior [ RunTime:0.001010s ]
INFO: [ app_begin ] --END-- [ RunTime:0.001104s ]
SQL: SHOW COLUMNS FROM `sy_article` [ RunTime:0.0460s ]
SQL: SELECT * FROM `sy_article` ORDER BY id desc LIMIT 10   [ RunTime:0.8997s ]
SQL: SHOW COLUMNS FROM `sy_activity` [ RunTime:0.0460s ]
SQL: SELECT * FROM `sy_activity`  [ RunTime:0.0481s ]
INFO: [ view_parse ] --START--
INFO: [ template_filter ] --START--
INFO: Run Behavior\ContentReplaceBehavior [ RunTime:0.000101s ]
INFO: [ template_filter ] --END-- [ RunTime:0.000182s ]
NOTIC: [8] Undefined offset: 1 F:\Apache24\htdocs\scausy\Application\Runtime\Cache\Home\9f3194e72bdc509fe5c1644316ad2336.php 第 41 行.
NOTIC: [8] Undefined offset: 2 F:\Apache24\htdocs\scausy\Application\Runtime\Cache\Home\9f3194e72bdc509fe5c1644316ad2336.php 第 42 行.
NOTIC: [8] Undefined offset: 3 F:\Apache24\htdocs\scausy\Application\Runtime\Cache\Home\9f3194e72bdc509fe5c1644316ad2336.php 第 43 行.
NOTIC: [8] Undefined offset: 4 F:\Apache24\htdocs\scausy\Application\Runtime\Cache\Home\9f3194e72bdc509fe5c1644316ad2336.php 第 44 行.
INFO: Run Behavior\ParseTemplateBehavior [ RunTime:0.014604s ]
INFO: [ view_parse ] --END-- [ RunTime:0.014693s ]
INFO: [ view_filter ] --START--
INFO: Run Behavior\WriteHtmlCacheBehavior [ RunTime:0.000639s ]
INFO: [ view_filter ] --END-- [ RunTime:0.000690s ]
INFO: [ view_parse ] --START--
INFO: [ template_filter ] --START--
INFO: Run Behavior\ContentReplaceBehavior [ RunTime:0.000098s ]
INFO: [ template_filter ] --END-- [ RunTime:-0.007980s ]
INFO: Run Behavior\ParseTemplateBehavior [ RunTime:0.007439s ]
INFO: [ view_parse ] --END-- [ RunTime:-0.001121s ]
INFO: [ view_filter ] --START--
INFO: Run Behavior\WriteHtmlCacheBehavior [ RunTime:0.000016s ]
INFO: [ view_filter ] --END-- [ RunTime:-0.007943s ]
NOTIC: [2] Cannot modify header information - headers already sent by (output started at F:\Apache24\htdocs\scausy\ThinkPHP\Library\Think\View.class.php:95) F:\Apache24\htdocs\scausy\ThinkPHP\Library\Think\View.class.php 第 91 行.
NOTIC: [2] Cannot modify header information - headers already sent by (output started at F:\Apache24\htdocs\scausy\ThinkPHP\Library\Think\View.class.php:95) F:\Apache24\htdocs\scausy\ThinkPHP\Library\Think\View.class.php 第 92 行.
NOTIC: [2] Cannot modify header information - headers already sent by (output started at F:\Apache24\htdocs\scausy\ThinkPHP\Library\Think\View.class.php:95) F:\Apache24\htdocs\scausy\ThinkPHP\Library\Think\View.class.php 第 93 行.
INFO: [ view_parse ] --START--
INFO: [ template_filter ] --START--
INFO: Run Behavior\ContentReplaceBehavior [ RunTime:0.000064s ]
INFO: [ template_filter ] --END-- [ RunTime:-0.020743s ]
INFO: Run Behavior\ParseTemplateBehavior [ RunTime:0.004949s ]
INFO: [ view_parse ] --END-- [ RunTime:-0.016101s ]
INFO: [ view_filter ] --START--
INFO: Run Behavior\WriteHtmlCacheBehavior [ RunTime:0.000027s ]
INFO: [ view_filter ] --END-- [ RunTime:-0.020511s ]
NOTIC: [2] Cannot modify header information - headers already sent by (output started at F:\Apache24\htdocs\scausy\ThinkPHP\Library\Think\View.class.php:95) F:\Apache24\htdocs\scausy\ThinkPHP\Library\Think\View.class.php 第 91 行.
NOTIC: [2] Cannot modify header information - headers already sent by (output started at F:\Apache24\htdocs\scausy\ThinkPHP\Library\Think\View.class.php:95) F:\Apache24\htdocs\scausy\ThinkPHP\Library\Think\View.class.php 第 92 行.
NOTIC: [2] Cannot modify header information - headers already sent by (output started at F:\Apache24\htdocs\scausy\ThinkPHP\Library\Think\View.class.php:95) F:\Apache24\htdocs\scausy\ThinkPHP\Library\Think\View.class.php 第 93 行.
INFO: [ app_end ] --START--
INFO: Run Behavior\ShowPageTraceBehavior [ RunTime:0.001470s ]
INFO: [ app_end ] --END-- [ RunTime:0.001575s ]

[ 2015-10-12T20:23:53+08:00 ] 127.0.0.1 /scausy/index.php/home/login/code
INFO: [ app_init ] --START--
INFO: Run Behavior\BuildLiteBehavior [ RunTime:0.000018s ]
INFO: [ app_init ] --END-- [ RunTime:0.000392s ]
INFO: [ app_begin ] --START--
INFO: Run Behavior\ReadHtmlCacheBehavior [ RunTime:0.000748s ]
INFO: [ app_begin ] --END-- [ RunTime:0.000823s ]
INFO: [ app_end ] --START--
INFO: Run Behavior\ShowPageTraceBehavior [ RunTime:0.001045s ]
INFO: [ app_end ] --END-- [ RunTime:0.001149s ]

[ 2015-10-12T20:23:53+08:00 ] 127.0.0.1 /scausy/index.php/home/login/islogin
INFO: [ app_init ] --START--
INFO: Run Behavior\BuildLiteBehavior [ RunTime:0.000023s ]
INFO: [ app_init ] --END-- [ RunTime:0.000556s ]
INFO: [ app_begin ] --START--
INFO: Run Behavior\ReadHtmlCacheBehavior [ RunTime:0.001013s ]
INFO: [ app_begin ] --END-- [ RunTime:0.001125s ]
INFO: [ app_end ] --START--
INFO: Run Behavior\ShowPageTraceBehavior [ RunTime:0.001173s ]
INFO: [ app_end ] --END-- [ RunTime:0.001271s ]

