[ 2015-10-07T11:34:06+08:00 ] 127.0.0.1 /scausy/index.php
INFO: [ app_init ] --START--
INFO: Run Behavior\BuildLiteBehavior [ RunTime:0.000012s ]
INFO: [ app_init ] --END-- [ RunTime:0.000351s ]
INFO: [ app_begin ] --START--
INFO: Run Behavior\ReadHtmlCacheBehavior [ RunTime:0.000487s ]
INFO: [ app_begin ] --END-- [ RunTime:0.000535s ]
SQL: SHOW COLUMNS FROM `sy_article` [ RunTime:0.0508s ]
SQL: SELECT * FROM `sy_article` ORDER BY id desc LIMIT 10   [ RunTime:0.9024s ]
SQL: SHOW COLUMNS FROM `sy_activity` [ RunTime:0.0538s ]
SQL: SELECT * FROM `sy_activity`  [ RunTime:0.0538s ]
INFO: [ view_parse ] --START--
INFO: [ template_filter ] --START--
INFO: Run Behavior\ContentReplaceBehavior [ RunTime:0.000091s ]
INFO: [ template_filter ] --END-- [ RunTime:0.000166s ]
NOTIC: [8] Undefined offset: 1 F:\Apache24\htdocs\scausy\Application\Runtime\Cache\Home\9f3194e72bdc509fe5c1644316ad2336.php 第 41 行.
NOTIC: [8] Undefined offset: 2 F:\Apache24\htdocs\scausy\Application\Runtime\Cache\Home\9f3194e72bdc509fe5c1644316ad2336.php 第 42 行.
NOTIC: [8] Undefined offset: 3 F:\Apache24\htdocs\scausy\Application\Runtime\Cache\Home\9f3194e72bdc509fe5c1644316ad2336.php 第 43 行.
NOTIC: [8] Undefined offset: 4 F:\Apache24\htdocs\scausy\Application\Runtime\Cache\Home\9f3194e72bdc509fe5c1644316ad2336.php 第 44 行.
INFO: Run Behavior\ParseTemplateBehavior [ RunTime:0.008425s ]
INFO: [ view_parse ] --END-- [ RunTime:0.008513s ]
INFO: [ view_filter ] --START--
INFO: Run Behavior\WriteHtmlCacheBehavior [ RunTime:0.000380s ]
INFO: [ view_filter ] --END-- [ RunTime:0.000431s ]
INFO: [ view_parse ] --START--
INFO: [ template_filter ] --START--
INFO: Run Behavior\ContentReplaceBehavior [ RunTime:0.000093s ]
INFO: [ template_filter ] --END-- [ RunTime:-0.007096s ]
INFO: Run Behavior\ParseTemplateBehavior [ RunTime:0.006808s ]
INFO: [ view_parse ] --END-- [ RunTime:-0.000708s ]
INFO: [ view_filter ] --START--
INFO: Run Behavior\WriteHtmlCacheBehavior [ RunTime:0.000023s ]
INFO: [ view_filter ] --END-- [ RunTime:-0.007183s ]
NOTIC: [2] Cannot modify header information - headers already sent by (output started at F:\Apache24\htdocs\scausy\ThinkPHP\Library\Think\View.class.php:95) F:\Apache24\htdocs\scausy\ThinkPHP\Library\Think\View.class.php 第 91 行.
NOTIC: [2] Cannot modify header information - headers already sent by (output started at F:\Apache24\htdocs\scausy\ThinkPHP\Library\Think\View.class.php:95) F:\Apache24\htdocs\scausy\ThinkPHP\Library\Think\View.class.php 第 92 行.
NOTIC: [2] Cannot modify header information - headers already sent by (output started at F:\Apache24\htdocs\scausy\ThinkPHP\Library\Think\View.class.php:95) F:\Apache24\htdocs\scausy\ThinkPHP\Library\Think\View.class.php 第 93 行.
INFO: [ view_parse ] --START--
INFO: [ template_filter ] --START--
INFO: Run Behavior\ContentReplaceBehavior [ RunTime:0.000066s ]
INFO: [ template_filter ] --END-- [ RunTime:-0.013482s ]
INFO: Run Behavior\ParseTemplateBehavior [ RunTime:0.003674s ]
INFO: [ view_parse ] --END-- [ RunTime:-0.009835s ]
INFO: [ view_filter ] --START--
INFO: Run Behavior\WriteHtmlCacheBehavior [ RunTime:0.000021s ]
INFO: [ view_filter ] --END-- [ RunTime:-0.013169s ]
NOTIC: [2] Cannot modify header information - headers already sent by (output started at F:\Apache24\htdocs\scausy\ThinkPHP\Library\Think\View.class.php:95) F:\Apache24\htdocs\scausy\ThinkPHP\Library\Think\View.class.php 第 91 行.
NOTIC: [2] Cannot modify header information - headers already sent by (output started at F:\Apache24\htdocs\scausy\ThinkPHP\Library\Think\View.class.php:95) F:\Apache24\htdocs\scausy\ThinkPHP\Library\Think\View.class.php 第 92 行.
NOTIC: [2] Cannot modify header information - headers already sent by (output started at F:\Apache24\htdocs\scausy\ThinkPHP\Library\Think\View.class.php:95) F:\Apache24\htdocs\scausy\ThinkPHP\Library\Think\View.class.php 第 93 行.
INFO: [ app_end ] --START--
INFO: Run Behavior\ShowPageTraceBehavior [ RunTime:0.000803s ]
INFO: [ app_end ] --END-- [ RunTime:0.000864s ]

[ 2015-10-07T11:34:06+08:00 ] 127.0.0.1 /scausy/index.php/home/login/code
INFO: [ app_init ] --START--
INFO: Run Behavior\BuildLiteBehavior [ RunTime:0.000013s ]
INFO: [ app_init ] --END-- [ RunTime:0.000289s ]
INFO: [ app_begin ] --START--
INFO: Run Behavior\ReadHtmlCacheBehavior [ RunTime:0.000379s ]
INFO: [ app_begin ] --END-- [ RunTime:0.000428s ]
INFO: [ app_end ] --START--
INFO: Run Behavior\ShowPageTraceBehavior [ RunTime:0.000698s ]
INFO: [ app_end ] --END-- [ RunTime:0.000791s ]

[ 2015-10-07T11:34:06+08:00 ] 127.0.0.1 /scausy/index.php/home/login/islogin
INFO: [ app_init ] --START--
INFO: Run Behavior\BuildLiteBehavior [ RunTime:0.000020s ]
INFO: [ app_init ] --END-- [ RunTime:0.000569s ]
INFO: [ app_begin ] --START--
INFO: Run Behavior\ReadHtmlCacheBehavior [ RunTime:0.000779s ]
INFO: [ app_begin ] --END-- [ RunTime:0.000897s ]
INFO: [ app_end ] --START--
INFO: Run Behavior\ShowPageTraceBehavior [ RunTime:0.000965s ]
INFO: [ app_end ] --END-- [ RunTime:0.001180s ]

[ 2015-10-07T11:34:13+08:00 ] 127.0.0.1 /scausy/index.php/home/index/news
INFO: [ app_init ] --START--
INFO: Run Behavior\BuildLiteBehavior [ RunTime:0.000014s ]
INFO: [ app_init ] --END-- [ RunTime:0.000315s ]
INFO: [ app_begin ] --START--
INFO: Run Behavior\ReadHtmlCacheBehavior [ RunTime:0.000576s ]
INFO: [ app_begin ] --END-- [ RunTime:0.000631s ]
SQL: SHOW COLUMNS FROM `sy_article` [ RunTime:0.0765s ]
SQL: SELECT COUNT(*) AS tp_count FROM `sy_article` LIMIT 1   [ RunTime:0.0600s ]
SQL: SELECT * FROM `sy_article` ORDER BY id desc LIMIT 0,3   [ RunTime:0.2564s ]
NOTIC: [8] Undefined variable: article F:\Apache24\htdocs\scausy\Application\Home\Controller\IndexController.class.php 第 36 行.
INFO: [ view_parse ] --START--
INFO: [ template_filter ] --START--
INFO: Run Behavior\ContentReplaceBehavior [ RunTime:0.000097s ]
INFO: [ template_filter ] --END-- [ RunTime:0.000178s ]
NOTIC: [8] Undefined offset: 0 F:\Apache24\htdocs\scausy\Application\Runtime\Cache\Home\9f3194e72bdc509fe5c1644316ad2336.php 第 40 行.
NOTIC: [8] Undefined offset: 2 F:\Apache24\htdocs\scausy\Application\Runtime\Cache\Home\9f3194e72bdc509fe5c1644316ad2336.php 第 42 行.
NOTIC: [8] Undefined offset: 3 F:\Apache24\htdocs\scausy\Application\Runtime\Cache\Home\9f3194e72bdc509fe5c1644316ad2336.php 第 43 行.
NOTIC: [8] Undefined offset: 4 F:\Apache24\htdocs\scausy\Application\Runtime\Cache\Home\9f3194e72bdc509fe5c1644316ad2336.php 第 44 行.
INFO: Run Behavior\ParseTemplateBehavior [ RunTime:0.008526s ]
INFO: [ view_parse ] --END-- [ RunTime:0.008592s ]
INFO: [ view_filter ] --START--
INFO: Run Behavior\WriteHtmlCacheBehavior [ RunTime:0.000367s ]
INFO: [ view_filter ] --END-- [ RunTime:0.000418s ]
INFO: [ view_parse ] --START--
INFO: [ template_filter ] --START--
INFO: Run Behavior\ContentReplaceBehavior [ RunTime:0.000044s ]
INFO: [ template_filter ] --END-- [ RunTime:-0.004625s ]
INFO: Run Behavior\ParseTemplateBehavior [ RunTime:0.008611s ]
INFO: [ view_parse ] --END-- [ RunTime:-0.000692s ]
INFO: [ view_filter ] --START--
INFO: Run Behavior\WriteHtmlCacheBehavior [ RunTime:0.000027s ]
INFO: [ view_filter ] --END-- [ RunTime:-0.009008s ]
NOTIC: [2] Cannot modify header information - headers already sent by (output started at F:\Apache24\htdocs\scausy\ThinkPHP\Library\Think\View.class.php:95) F:\Apache24\htdocs\scausy\ThinkPHP\Library\Think\View.class.php 第 91 行.
NOTIC: [2] Cannot modify header information - headers already sent by (output started at F:\Apache24\htdocs\scausy\ThinkPHP\Library\Think\View.class.php:95) F:\Apache24\htdocs\scausy\ThinkPHP\Library\Think\View.class.php 第 92 行.
NOTIC: [2] Cannot modify header information - headers already sent by (output started at F:\Apache24\htdocs\scausy\ThinkPHP\Library\Think\View.class.php:95) F:\Apache24\htdocs\scausy\ThinkPHP\Library\Think\View.class.php 第 93 行.
INFO: [ view_parse ] --START--
INFO: [ template_filter ] --START--
INFO: Run Behavior\ContentReplaceBehavior [ RunTime:0.000059s ]
INFO: [ template_filter ] --END-- [ RunTime:-0.014648s ]
INFO: Run Behavior\ParseTemplateBehavior [ RunTime:0.002778s ]
INFO: [ view_parse ] --END-- [ RunTime:-0.011865s ]
INFO: [ view_filter ] --START--
INFO: Run Behavior\WriteHtmlCacheBehavior [ RunTime:0.000023s ]
INFO: [ view_filter ] --END-- [ RunTime:-0.014333s ]
NOTIC: [2] Cannot modify header information - headers already sent by (output started at F:\Apache24\htdocs\scausy\ThinkPHP\Library\Think\View.class.php:95) F:\Apache24\htdocs\scausy\ThinkPHP\Library\Think\View.class.php 第 91 行.
NOTIC: [2] Cannot modify header information - headers already sent by (output started at F:\Apache24\htdocs\scausy\ThinkPHP\Library\Think\View.class.php:95) F:\Apache24\htdocs\scausy\ThinkPHP\Library\Think\View.class.php 第 92 行.
NOTIC: [2] Cannot modify header information - headers already sent by (output started at F:\Apache24\htdocs\scausy\ThinkPHP\Library\Think\View.class.php:95) F:\Apache24\htdocs\scausy\ThinkPHP\Library\Think\View.class.php 第 93 行.
INFO: [ app_end ] --START--
INFO: Run Behavior\ShowPageTraceBehavior [ RunTime:0.001341s ]
INFO: [ app_end ] --END-- [ RunTime:0.001444s ]

[ 2015-10-07T11:34:13+08:00 ] 127.0.0.1 /scausy/index.php/home/login/code
INFO: [ app_init ] --START--
INFO: Run Behavior\BuildLiteBehavior [ RunTime:0.000021s ]
INFO: [ app_init ] --END-- [ RunTime:0.000384s ]
INFO: [ app_begin ] --START--
INFO: Run Behavior\ReadHtmlCacheBehavior [ RunTime:0.000494s ]
INFO: [ app_begin ] --END-- [ RunTime:0.000567s ]
INFO: [ app_end ] --START--
INFO: Run Behavior\ShowPageTraceBehavior [ RunTime:0.000568s ]
INFO: [ app_end ] --END-- [ RunTime:0.000638s ]

[ 2015-10-07T11:34:13+08:00 ] 127.0.0.1 /scausy/index.php/home/login/islogin
INFO: [ app_init ] --START--
INFO: Run Behavior\BuildLiteBehavior [ RunTime:0.000020s ]
INFO: [ app_init ] --END-- [ RunTime:0.000393s ]
INFO: [ app_begin ] --START--
INFO: Run Behavior\ReadHtmlCacheBehavior [ RunTime:0.000728s ]
INFO: [ app_begin ] --END-- [ RunTime:0.000791s ]
INFO: [ app_end ] --START--
INFO: Run Behavior\ShowPageTraceBehavior [ RunTime:0.000530s ]
INFO: [ app_end ] --END-- [ RunTime:0.000596s ]

[ 2015-10-07T11:34:15+08:00 ] 127.0.0.1 /scausy/index.php/home/index/activity
INFO: [ app_init ] --START--
INFO: Run Behavior\BuildLiteBehavior [ RunTime:0.000014s ]
INFO: [ app_init ] --END-- [ RunTime:0.000293s ]
INFO: [ app_begin ] --START--
INFO: Run Behavior\ReadHtmlCacheBehavior [ RunTime:0.000382s ]
INFO: [ app_begin ] --END-- [ RunTime:0.000427s ]
SQL: SHOW COLUMNS FROM `sy_news` [ RunTime:0.0489s ]
SQL: SELECT COUNT(*) AS tp_count FROM `sy_news` LIMIT 1   [ RunTime:0.0485s ]
SQL: SELECT * FROM `sy_news` ORDER BY id desc LIMIT 0,3   [ RunTime:0.1017s ]
NOTIC: [8] Undefined variable: article F:\Apache24\htdocs\scausy\Application\Home\Controller\IndexController.class.php 第 58 行.
INFO: [ view_parse ] --START--
INFO: [ template_filter ] --START--
INFO: Run Behavior\ContentReplaceBehavior [ RunTime:0.000086s ]
INFO: [ template_filter ] --END-- [ RunTime:0.000153s ]
NOTIC: [8] Undefined offset: 0 F:\Apache24\htdocs\scausy\Application\Runtime\Cache\Home\9f3194e72bdc509fe5c1644316ad2336.php 第 40 行.
NOTIC: [8] Undefined offset: 1 F:\Apache24\htdocs\scausy\Application\Runtime\Cache\Home\9f3194e72bdc509fe5c1644316ad2336.php 第 41 行.
NOTIC: [8] Undefined offset: 3 F:\Apache24\htdocs\scausy\Application\Runtime\Cache\Home\9f3194e72bdc509fe5c1644316ad2336.php 第 43 行.
NOTIC: [8] Undefined offset: 4 F:\Apache24\htdocs\scausy\Application\Runtime\Cache\Home\9f3194e72bdc509fe5c1644316ad2336.php 第 44 行.
INFO: Run Behavior\ParseTemplateBehavior [ RunTime:0.007717s ]
INFO: [ view_parse ] --END-- [ RunTime:0.007790s ]
INFO: [ view_filter ] --START--
INFO: Run Behavior\WriteHtmlCacheBehavior [ RunTime:0.000632s ]
INFO: [ view_filter ] --END-- [ RunTime:0.000701s ]
INFO: [ view_parse ] --START--
INFO: [ template_filter ] --START--
INFO: Run Behavior\ContentReplaceBehavior [ RunTime:0.000041s ]
INFO: [ template_filter ] --END-- [ RunTime:-0.005186s ]
INFO: Run Behavior\ParseTemplateBehavior [ RunTime:0.005790s ]
INFO: [ view_parse ] --END-- [ RunTime:-0.000955s ]
INFO: [ view_filter ] --START--
INFO: Run Behavior\WriteHtmlCacheBehavior [ RunTime:0.000013s ]
INFO: [ view_filter ] --END-- [ RunTime:-0.006101s ]
NOTIC: [2] Cannot modify header information - headers already sent by (output started at F:\Apache24\htdocs\scausy\ThinkPHP\Library\Think\View.class.php:95) F:\Apache24\htdocs\scausy\ThinkPHP\Library\Think\View.class.php 第 91 行.
NOTIC: [2] Cannot modify header information - headers already sent by (output started at F:\Apache24\htdocs\scausy\ThinkPHP\Library\Think\View.class.php:95) F:\Apache24\htdocs\scausy\ThinkPHP\Library\Think\View.class.php 第 92 行.
NOTIC: [2] Cannot modify header information - headers already sent by (output started at F:\Apache24\htdocs\scausy\ThinkPHP\Library\Think\View.class.php:95) F:\Apache24\htdocs\scausy\ThinkPHP\Library\Think\View.class.php 第 93 行.
INFO: [ view_parse ] --START--
INFO: [ template_filter ] --START--
INFO: Run Behavior\ContentReplaceBehavior [ RunTime:0.000037s ]
INFO: [ template_filter ] --END-- [ RunTime:-0.009853s ]
INFO: Run Behavior\ParseTemplateBehavior [ RunTime:0.002152s ]
INFO: [ view_parse ] --END-- [ RunTime:-0.007130s ]
INFO: [ view_filter ] --START--
INFO: Run Behavior\WriteHtmlCacheBehavior [ RunTime:0.000013s ]
INFO: [ view_filter ] --END-- [ RunTime:-0.008621s ]
NOTIC: [2] Cannot modify header information - headers already sent by (output started at F:\Apache24\htdocs\scausy\ThinkPHP\Library\Think\View.class.php:95) F:\Apache24\htdocs\scausy\ThinkPHP\Library\Think\View.class.php 第 91 行.
NOTIC: [2] Cannot modify header information - headers already sent by (output started at F:\Apache24\htdocs\scausy\ThinkPHP\Library\Think\View.class.php:95) F:\Apache24\htdocs\scausy\ThinkPHP\Library\Think\View.class.php 第 92 行.
NOTIC: [2] Cannot modify header information - headers already sent by (output started at F:\Apache24\htdocs\scausy\ThinkPHP\Library\Think\View.class.php:95) F:\Apache24\htdocs\scausy\ThinkPHP\Library\Think\View.class.php 第 93 行.
INFO: [ app_end ] --START--
INFO: Run Behavior\ShowPageTraceBehavior [ RunTime:0.000568s ]
INFO: [ app_end ] --END-- [ RunTime:0.000638s ]

[ 2015-10-07T11:34:15+08:00 ] 127.0.0.1 /scausy/index.php/home/login/code
INFO: [ app_init ] --START--
INFO: Run Behavior\BuildLiteBehavior [ RunTime:0.000014s ]
INFO: [ app_init ] --END-- [ RunTime:0.000400s ]
INFO: [ app_begin ] --START--
INFO: Run Behavior\ReadHtmlCacheBehavior [ RunTime:0.000367s ]
INFO: [ app_begin ] --END-- [ RunTime:0.000413s ]
INFO: [ app_end ] --START--
INFO: Run Behavior\ShowPageTraceBehavior [ RunTime:0.000473s ]
INFO: [ app_end ] --END-- [ RunTime:0.000556s ]

[ 2015-10-07T11:34:15+08:00 ] 127.0.0.1 /scausy/index.php/home/login/islogin
INFO: [ app_init ] --START--
INFO: Run Behavior\BuildLiteBehavior [ RunTime:0.000023s ]
INFO: [ app_init ] --END-- [ RunTime:0.000584s ]
INFO: [ app_begin ] --START--
INFO: Run Behavior\ReadHtmlCacheBehavior [ RunTime:0.000529s ]
INFO: [ app_begin ] --END-- [ RunTime:0.000585s ]
INFO: [ app_end ] --START--
INFO: Run Behavior\ShowPageTraceBehavior [ RunTime:0.000859s ]
INFO: [ app_end ] --END-- [ RunTime:0.000962s ]

[ 2015-10-07T11:34:18+08:00 ] 127.0.0.1 /scausy/index.php/home/index/index
INFO: [ app_init ] --START--
INFO: Run Behavior\BuildLiteBehavior [ RunTime:0.000014s ]
INFO: [ app_init ] --END-- [ RunTime:0.000301s ]
INFO: [ app_begin ] --START--
INFO: Run Behavior\ReadHtmlCacheBehavior [ RunTime:0.000387s ]
INFO: [ app_begin ] --END-- [ RunTime:0.000432s ]
SQL: SHOW COLUMNS FROM `sy_article` [ RunTime:0.0533s ]
SQL: SELECT * FROM `sy_article` ORDER BY id desc LIMIT 10   [ RunTime:0.9538s ]
SQL: SHOW COLUMNS FROM `sy_activity` [ RunTime:0.0692s ]
SQL: SELECT * FROM `sy_activity`  [ RunTime:0.0571s ]
INFO: [ view_parse ] --START--
INFO: [ template_filter ] --START--
INFO: Run Behavior\ContentReplaceBehavior [ RunTime:0.000064s ]
INFO: [ template_filter ] --END-- [ RunTime:0.000118s ]
NOTIC: [8] Undefined offset: 1 F:\Apache24\htdocs\scausy\Application\Runtime\Cache\Home\9f3194e72bdc509fe5c1644316ad2336.php 第 41 行.
NOTIC: [8] Undefined offset: 2 F:\Apache24\htdocs\scausy\Application\Runtime\Cache\Home\9f3194e72bdc509fe5c1644316ad2336.php 第 42 行.
NOTIC: [8] Undefined offset: 3 F:\Apache24\htdocs\scausy\Application\Runtime\Cache\Home\9f3194e72bdc509fe5c1644316ad2336.php 第 43 行.
NOTIC: [8] Undefined offset: 4 F:\Apache24\htdocs\scausy\Application\Runtime\Cache\Home\9f3194e72bdc509fe5c1644316ad2336.php 第 44 行.
INFO: Run Behavior\ParseTemplateBehavior [ RunTime:0.005840s ]
INFO: [ view_parse ] --END-- [ RunTime:0.005901s ]
INFO: [ view_filter ] --START--
INFO: Run Behavior\WriteHtmlCacheBehavior [ RunTime:0.000166s ]
INFO: [ view_filter ] --END-- [ RunTime:0.000198s ]
INFO: [ view_parse ] --START--
INFO: [ template_filter ] --START--
INFO: Run Behavior\ContentReplaceBehavior [ RunTime:0.000064s ]
INFO: [ template_filter ] --END-- [ RunTime:-0.004257s ]
INFO: Run Behavior\ParseTemplateBehavior [ RunTime:0.004332s ]
INFO: [ view_parse ] --END-- [ RunTime:-0.000382s ]
INFO: [ view_filter ] --START--
INFO: Run Behavior\WriteHtmlCacheBehavior [ RunTime:0.000010s ]
INFO: [ view_filter ] --END-- [ RunTime:-0.004561s ]
NOTIC: [2] Cannot modify header information - headers already sent by (output started at F:\Apache24\htdocs\scausy\ThinkPHP\Library\Think\View.class.php:95) F:\Apache24\htdocs\scausy\ThinkPHP\Library\Think\View.class.php 第 91 行.
NOTIC: [2] Cannot modify header information - headers already sent by (output started at F:\Apache24\htdocs\scausy\ThinkPHP\Library\Think\View.class.php:95) F:\Apache24\htdocs\scausy\ThinkPHP\Library\Think\View.class.php 第 92 行.
NOTIC: [2] Cannot modify header information - headers already sent by (output started at F:\Apache24\htdocs\scausy\ThinkPHP\Library\Think\View.class.php:95) F:\Apache24\htdocs\scausy\ThinkPHP\Library\Think\View.class.php 第 93 行.
INFO: [ view_parse ] --START--
INFO: [ template_filter ] --START--
INFO: Run Behavior\ContentReplaceBehavior [ RunTime:0.000045s ]
INFO: [ template_filter ] --END-- [ RunTime:-0.008936s ]
INFO: Run Behavior\ParseTemplateBehavior [ RunTime:0.002433s ]
INFO: [ view_parse ] --END-- [ RunTime:-0.006641s ]
INFO: [ view_filter ] --START--
INFO: Run Behavior\WriteHtmlCacheBehavior [ RunTime:0.000010s ]
INFO: [ view_filter ] --END-- [ RunTime:-0.008944s ]
NOTIC: [2] Cannot modify header information - headers already sent by (output started at F:\Apache24\htdocs\scausy\ThinkPHP\Library\Think\View.class.php:95) F:\Apache24\htdocs\scausy\ThinkPHP\Library\Think\View.class.php 第 91 行.
NOTIC: [2] Cannot modify header information - headers already sent by (output started at F:\Apache24\htdocs\scausy\ThinkPHP\Library\Think\View.class.php:95) F:\Apache24\htdocs\scausy\ThinkPHP\Library\Think\View.class.php 第 92 行.
NOTIC: [2] Cannot modify header information - headers already sent by (output started at F:\Apache24\htdocs\scausy\ThinkPHP\Library\Think\View.class.php:95) F:\Apache24\htdocs\scausy\ThinkPHP\Library\Think\View.class.php 第 93 行.
INFO: [ app_end ] --START--
INFO: Run Behavior\ShowPageTraceBehavior [ RunTime:0.000515s ]
INFO: [ app_end ] --END-- [ RunTime:0.000549s ]

[ 2015-10-07T11:34:18+08:00 ] 127.0.0.1 /scausy/index.php/home/login/code
INFO: [ app_init ] --START--
INFO: Run Behavior\BuildLiteBehavior [ RunTime:0.000021s ]
INFO: [ app_init ] --END-- [ RunTime:0.000448s ]
INFO: [ app_begin ] --START--
INFO: Run Behavior\ReadHtmlCacheBehavior [ RunTime:0.000375s ]
INFO: [ app_begin ] --END-- [ RunTime:0.000419s ]
INFO: [ app_end ] --START--
INFO: Run Behavior\ShowPageTraceBehavior [ RunTime:0.000572s ]
INFO: [ app_end ] --END-- [ RunTime:0.000640s ]

[ 2015-10-07T11:34:18+08:00 ] 127.0.0.1 /scausy/index.php/home/login/islogin
INFO: [ app_init ] --START--
INFO: Run Behavior\BuildLiteBehavior [ RunTime:0.000013s ]
INFO: [ app_init ] --END-- [ RunTime:0.000321s ]
INFO: [ app_begin ] --START--
INFO: Run Behavior\ReadHtmlCacheBehavior [ RunTime:0.000540s ]
INFO: [ app_begin ] --END-- [ RunTime:0.000612s ]
INFO: [ app_end ] --START--
INFO: Run Behavior\ShowPageTraceBehavior [ RunTime:0.000379s ]
INFO: [ app_end ] --END-- [ RunTime:0.000456s ]

[ 2015-10-07T11:38:58+08:00 ] 127.0.0.1 /scausy/index.php/home/index/organization
INFO: [ app_init ] --START--
INFO: Run Behavior\BuildLiteBehavior [ RunTime:0.000014s ]
INFO: [ app_init ] --END-- [ RunTime:0.000351s ]
INFO: [ app_begin ] --START--
INFO: Run Behavior\ReadHtmlCacheBehavior [ RunTime:0.000502s ]
INFO: [ app_begin ] --END-- [ RunTime:0.000547s ]
SQL: SHOW COLUMNS FROM `sy_organization` [ RunTime:0.0583s ]
SQL: SELECT * FROM `sy_organization` WHERE `id` = 1  [ RunTime:0.7197s ]
INFO: [ view_parse ] --START--
INFO: [ template_filter ] --START--
INFO: Run Behavior\ContentReplaceBehavior [ RunTime:0.000143s ]
INFO: [ template_filter ] --END-- [ RunTime:0.000245s ]
NOTIC: [8] Undefined offset: 0 F:\Apache24\htdocs\scausy\Application\Runtime\Cache\Home\9f3194e72bdc509fe5c1644316ad2336.php 第 40 行.
NOTIC: [8] Undefined offset: 1 F:\Apache24\htdocs\scausy\Application\Runtime\Cache\Home\9f3194e72bdc509fe5c1644316ad2336.php 第 41 行.
NOTIC: [8] Undefined offset: 2 F:\Apache24\htdocs\scausy\Application\Runtime\Cache\Home\9f3194e72bdc509fe5c1644316ad2336.php 第 42 行.
NOTIC: [8] Undefined offset: 3 F:\Apache24\htdocs\scausy\Application\Runtime\Cache\Home\9f3194e72bdc509fe5c1644316ad2336.php 第 43 行.
INFO: Run Behavior\ParseTemplateBehavior [ RunTime:0.014218s ]
INFO: [ view_parse ] --END-- [ RunTime:0.014345s ]
INFO: [ view_filter ] --START--
INFO: Run Behavior\WriteHtmlCacheBehavior [ RunTime:0.000674s ]
INFO: [ view_filter ] --END-- [ RunTime:0.000768s ]
INFO: [ view_parse ] --START--
INFO: [ template_filter ] --START--
INFO: Run Behavior\ContentReplaceBehavior [ RunTime:0.000142s ]
INFO: [ template_filter ] --END-- [ RunTime:-0.008039s ]
INFO: Run Behavior\ParseTemplateBehavior [ RunTime:0.006896s ]
INFO: [ view_parse ] --END-- [ RunTime:-0.001193s ]
INFO: [ view_filter ] --START--
INFO: Run Behavior\WriteHtmlCacheBehavior [ RunTime:0.000022s ]
INFO: [ view_filter ] --END-- [ RunTime:-0.007447s ]
NOTIC: [2] Cannot modify header information - headers already sent by (output started at F:\Apache24\htdocs\scausy\ThinkPHP\Library\Think\View.class.php:95) F:\Apache24\htdocs\scausy\ThinkPHP\Library\Think\View.class.php 第 91 行.
NOTIC: [2] Cannot modify header information - headers already sent by (output started at F:\Apache24\htdocs\scausy\ThinkPHP\Library\Think\View.class.php:95) F:\Apache24\htdocs\scausy\ThinkPHP\Library\Think\View.class.php 第 92 行.
NOTIC: [2] Cannot modify header information - headers already sent by (output started at F:\Apache24\htdocs\scausy\ThinkPHP\Library\Think\View.class.php:95) F:\Apache24\htdocs\scausy\ThinkPHP\Library\Think\View.class.php 第 93 行.
INFO: [ view_parse ] --START--
INFO: [ template_filter ] --START--
INFO: Run Behavior\ContentReplaceBehavior [ RunTime:0.000042s ]
INFO: [ template_filter ] --END-- [ RunTime:-0.017112s ]
INFO: Run Behavior\ParseTemplateBehavior [ RunTime:0.002884s ]
INFO: [ view_parse ] --END-- [ RunTime:-0.012746s ]
INFO: [ view_filter ] --START--
INFO: Run Behavior\WriteHtmlCacheBehavior [ RunTime:0.000012s ]
INFO: [ view_filter ] --END-- [ RunTime:-0.014902s ]
NOTIC: [2] Cannot modify header information - headers already sent by (output started at F:\Apache24\htdocs\scausy\ThinkPHP\Library\Think\View.class.php:95) F:\Apache24\htdocs\scausy\ThinkPHP\Library\Think\View.class.php 第 91 行.
NOTIC: [2] Cannot modify header information - headers already sent by (output started at F:\Apache24\htdocs\scausy\ThinkPHP\Library\Think\View.class.php:95) F:\Apache24\htdocs\scausy\ThinkPHP\Library\Think\View.class.php 第 92 行.
NOTIC: [2] Cannot modify header information - headers already sent by (output started at F:\Apache24\htdocs\scausy\ThinkPHP\Library\Think\View.class.php:95) F:\Apache24\htdocs\scausy\ThinkPHP\Library\Think\View.class.php 第 93 行.
INFO: [ app_end ] --START--
INFO: Run Behavior\ShowPageTraceBehavior [ RunTime:0.000649s ]
INFO: [ app_end ] --END-- [ RunTime:0.000705s ]

[ 2015-10-07T11:38:58+08:00 ] 127.0.0.1 /scausy/index.php/home/login/code
INFO: [ app_init ] --START--
INFO: Run Behavior\BuildLiteBehavior [ RunTime:0.000014s ]
INFO: [ app_init ] --END-- [ RunTime:0.000311s ]
INFO: [ app_begin ] --START--
INFO: Run Behavior\ReadHtmlCacheBehavior [ RunTime:0.000475s ]
INFO: [ app_begin ] --END-- [ RunTime:0.000525s ]
INFO: [ app_end ] --START--
INFO: Run Behavior\ShowPageTraceBehavior [ RunTime:0.000670s ]
INFO: [ app_end ] --END-- [ RunTime:0.000769s ]

[ 2015-10-07T11:38:58+08:00 ] 127.0.0.1 /scausy/index.php/home/login/islogin
INFO: [ app_init ] --START--
INFO: Run Behavior\BuildLiteBehavior [ RunTime:0.000013s ]
INFO: [ app_init ] --END-- [ RunTime:0.000343s ]
INFO: [ app_begin ] --START--
INFO: Run Behavior\ReadHtmlCacheBehavior [ RunTime:0.000448s ]
INFO: [ app_begin ] --END-- [ RunTime:0.000489s ]
INFO: [ app_end ] --START--
INFO: Run Behavior\ShowPageTraceBehavior [ RunTime:0.000499s ]
INFO: [ app_end ] --END-- [ RunTime:0.000556s ]

[ 2015-10-07T11:39:01+08:00 ] 127.0.0.1 /scausy/index.php/home/index/train
INFO: [ app_init ] --START--
INFO: Run Behavior\BuildLiteBehavior [ RunTime:0.000014s ]
INFO: [ app_init ] --END-- [ RunTime:0.000289s ]
INFO: [ app_begin ] --START--
INFO: Run Behavior\ReadHtmlCacheBehavior [ RunTime:0.000377s ]
INFO: [ app_begin ] --END-- [ RunTime:0.000422s ]
INFO: [ view_parse ] --START--
INFO: [ template_filter ] --START--
INFO: Run Behavior\ContentReplaceBehavior [ RunTime:0.000099s ]
INFO: [ template_filter ] --END-- [ RunTime:0.000187s ]
NOTIC: [8] Undefined offset: 0 F:\Apache24\htdocs\scausy\Application\Runtime\Cache\Home\9f3194e72bdc509fe5c1644316ad2336.php 第 40 行.
NOTIC: [8] Undefined offset: 1 F:\Apache24\htdocs\scausy\Application\Runtime\Cache\Home\9f3194e72bdc509fe5c1644316ad2336.php 第 41 行.
NOTIC: [8] Undefined offset: 2 F:\Apache24\htdocs\scausy\Application\Runtime\Cache\Home\9f3194e72bdc509fe5c1644316ad2336.php 第 42 行.
NOTIC: [8] Undefined offset: 4 F:\Apache24\htdocs\scausy\Application\Runtime\Cache\Home\9f3194e72bdc509fe5c1644316ad2336.php 第 44 行.
INFO: Run Behavior\ParseTemplateBehavior [ RunTime:0.007040s ]
INFO: [ view_parse ] --END-- [ RunTime:0.007091s ]
INFO: [ view_filter ] --START--
INFO: Run Behavior\WriteHtmlCacheBehavior [ RunTime:0.000297s ]
INFO: [ view_filter ] --END-- [ RunTime:0.000335s ]
INFO: [ view_parse ] --START--
INFO: [ template_filter ] --START--
INFO: Run Behavior\ContentReplaceBehavior [ RunTime:0.000031s ]
INFO: [ template_filter ] --END-- [ RunTime:-0.002808s ]
INFO: Run Behavior\ParseTemplateBehavior [ RunTime:0.001577s ]
INFO: [ view_parse ] --END-- [ RunTime:-0.000543s ]
INFO: [ view_filter ] --START--
INFO: Run Behavior\WriteHtmlCacheBehavior [ RunTime:0.000010s ]
INFO: [ view_filter ] --END-- [ RunTime:-0.001822s ]
NOTIC: [2] Cannot modify header information - headers already sent by (output started at F:\Apache24\htdocs\scausy\ThinkPHP\Library\Think\View.class.php:95) F:\Apache24\htdocs\scausy\ThinkPHP\Library\Think\View.class.php 第 91 行.
NOTIC: [2] Cannot modify header information - headers already sent by (output started at F:\Apache24\htdocs\scausy\ThinkPHP\Library\Think\View.class.php:95) F:\Apache24\htdocs\scausy\ThinkPHP\Library\Think\View.class.php 第 92 行.
NOTIC: [2] Cannot modify header information - headers already sent by (output started at F:\Apache24\htdocs\scausy\ThinkPHP\Library\Think\View.class.php:95) F:\Apache24\htdocs\scausy\ThinkPHP\Library\Think\View.class.php 第 93 行.
INFO: [ view_parse ] --START--
INFO: [ template_filter ] --START--
INFO: Run Behavior\ContentReplaceBehavior [ RunTime:0.000031s ]
INFO: [ template_filter ] --END-- [ RunTime:-0.004745s ]
INFO: Run Behavior\ParseTemplateBehavior [ RunTime:0.001604s ]
INFO: [ view_parse ] --END-- [ RunTime:-0.002418s ]
INFO: [ view_filter ] --START--
INFO: Run Behavior\WriteHtmlCacheBehavior [ RunTime:0.000010s ]
INFO: [ view_filter ] --END-- [ RunTime:-0.003721s ]
NOTIC: [2] Cannot modify header information - headers already sent by (output started at F:\Apache24\htdocs\scausy\ThinkPHP\Library\Think\View.class.php:95) F:\Apache24\htdocs\scausy\ThinkPHP\Library\Think\View.class.php 第 91 行.
NOTIC: [2] Cannot modify header information - headers already sent by (output started at F:\Apache24\htdocs\scausy\ThinkPHP\Library\Think\View.class.php:95) F:\Apache24\htdocs\scausy\ThinkPHP\Library\Think\View.class.php 第 92 行.
NOTIC: [2] Cannot modify header information - headers already sent by (output started at F:\Apache24\htdocs\scausy\ThinkPHP\Library\Think\View.class.php:95) F:\Apache24\htdocs\scausy\ThinkPHP\Library\Think\View.class.php 第 93 行.
INFO: [ app_end ] --START--
INFO: Run Behavior\ShowPageTraceBehavior [ RunTime:0.000415s ]
INFO: [ app_end ] --END-- [ RunTime:0.000452s ]

[ 2015-10-07T11:39:01+08:00 ] 127.0.0.1 /scausy/index.php/home/login/code
INFO: [ app_init ] --START--
INFO: Run Behavior\BuildLiteBehavior [ RunTime:0.000018s ]
INFO: [ app_init ] --END-- [ RunTime:0.000395s ]
INFO: [ app_begin ] --START--
INFO: Run Behavior\ReadHtmlCacheBehavior [ RunTime:0.000383s ]
INFO: [ app_begin ] --END-- [ RunTime:0.000430s ]
INFO: [ app_end ] --START--
INFO: Run Behavior\ShowPageTraceBehavior [ RunTime:0.000426s ]
INFO: [ app_end ] --END-- [ RunTime:0.000495s ]

[ 2015-10-07T11:39:01+08:00 ] 127.0.0.1 /scausy/index.php/home/login/islogin
INFO: [ app_init ] --START--
INFO: Run Behavior\BuildLiteBehavior [ RunTime:0.000018s ]
INFO: [ app_init ] --END-- [ RunTime:0.000379s ]
INFO: [ app_begin ] --START--
INFO: Run Behavior\ReadHtmlCacheBehavior [ RunTime:0.000512s ]
INFO: [ app_begin ] --END-- [ RunTime:0.000579s ]
INFO: [ app_end ] --START--
INFO: Run Behavior\ShowPageTraceBehavior [ RunTime:0.000544s ]
INFO: [ app_end ] --END-- [ RunTime:0.000612s ]

[ 2015-10-07T11:39:03+08:00 ] 127.0.0.1 /scausy/index.php/home/index/activity
INFO: [ app_init ] --START--
INFO: Run Behavior\BuildLiteBehavior [ RunTime:0.000013s ]
INFO: [ app_init ] --END-- [ RunTime:0.000267s ]
INFO: [ app_begin ] --START--
INFO: Run Behavior\ReadHtmlCacheBehavior [ RunTime:0.000313s ]
INFO: [ app_begin ] --END-- [ RunTime:0.000350s ]
SQL: SHOW COLUMNS FROM `sy_news` [ RunTime:0.0502s ]
SQL: SELECT COUNT(*) AS tp_count FROM `sy_news` LIMIT 1   [ RunTime:0.0746s ]
SQL: SELECT * FROM `sy_news` ORDER BY id desc LIMIT 0,3   [ RunTime:0.1136s ]
NOTIC: [8] Undefined variable: article F:\Apache24\htdocs\scausy\Application\Home\Controller\IndexController.class.php 第 58 行.
INFO: [ view_parse ] --START--
INFO: [ template_filter ] --START--
INFO: Run Behavior\ContentReplaceBehavior [ RunTime:0.000075s ]
INFO: [ template_filter ] --END-- [ RunTime:0.000142s ]
NOTIC: [8] Undefined offset: 0 F:\Apache24\htdocs\scausy\Application\Runtime\Cache\Home\9f3194e72bdc509fe5c1644316ad2336.php 第 40 行.
NOTIC: [8] Undefined offset: 1 F:\Apache24\htdocs\scausy\Application\Runtime\Cache\Home\9f3194e72bdc509fe5c1644316ad2336.php 第 41 行.
NOTIC: [8] Undefined offset: 3 F:\Apache24\htdocs\scausy\Application\Runtime\Cache\Home\9f3194e72bdc509fe5c1644316ad2336.php 第 43 行.
NOTIC: [8] Undefined offset: 4 F:\Apache24\htdocs\scausy\Application\Runtime\Cache\Home\9f3194e72bdc509fe5c1644316ad2336.php 第 44 行.
INFO: Run Behavior\ParseTemplateBehavior [ RunTime:0.006499s ]
INFO: [ view_parse ] --END-- [ RunTime:0.006567s ]
INFO: [ view_filter ] --START--
INFO: Run Behavior\WriteHtmlCacheBehavior [ RunTime:0.000394s ]
INFO: [ view_filter ] --END-- [ RunTime:0.000443s ]
INFO: [ view_parse ] --START--
INFO: [ template_filter ] --START--
INFO: Run Behavior\ContentReplaceBehavior [ RunTime:0.000036s ]
INFO: [ template_filter ] --END-- [ RunTime:-0.004442s ]
INFO: Run Behavior\ParseTemplateBehavior [ RunTime:0.004881s ]
INFO: [ view_parse ] --END-- [ RunTime:-0.000667s ]
INFO: [ view_filter ] --START--
INFO: Run Behavior\WriteHtmlCacheBehavior [ RunTime:0.000011s ]
INFO: [ view_filter ] --END-- [ RunTime:-0.005143s ]
NOTIC: [2] Cannot modify header information - headers already sent by (output started at F:\Apache24\htdocs\scausy\ThinkPHP\Library\Think\View.class.php:95) F:\Apache24\htdocs\scausy\ThinkPHP\Library\Think\View.class.php 第 91 行.
NOTIC: [2] Cannot modify header information - headers already sent by (output started at F:\Apache24\htdocs\scausy\ThinkPHP\Library\Think\View.class.php:95) F:\Apache24\htdocs\scausy\ThinkPHP\Library\Think\View.class.php 第 92 行.
NOTIC: [2] Cannot modify header information - headers already sent by (output started at F:\Apache24\htdocs\scausy\ThinkPHP\Library\Think\View.class.php:95) F:\Apache24\htdocs\scausy\ThinkPHP\Library\Think\View.class.php 第 93 行.
INFO: [ view_parse ] --START--
INFO: [ template_filter ] --START--
INFO: Run Behavior\ContentReplaceBehavior [ RunTime:0.000032s ]
INFO: [ template_filter ] --END-- [ RunTime:-0.008350s ]
INFO: Run Behavior\ParseTemplateBehavior [ RunTime:0.001907s ]
INFO: [ view_parse ] --END-- [ RunTime:-0.005873s ]
INFO: [ view_filter ] --START--
INFO: Run Behavior\WriteHtmlCacheBehavior [ RunTime:0.000010s ]
INFO: [ view_filter ] --END-- [ RunTime:-0.007363s ]
NOTIC: [2] Cannot modify header information - headers already sent by (output started at F:\Apache24\htdocs\scausy\ThinkPHP\Library\Think\View.class.php:95) F:\Apache24\htdocs\scausy\ThinkPHP\Library\Think\View.class.php 第 91 行.
NOTIC: [2] Cannot modify header information - headers already sent by (output started at F:\Apache24\htdocs\scausy\ThinkPHP\Library\Think\View.class.php:95) F:\Apache24\htdocs\scausy\ThinkPHP\Library\Think\View.class.php 第 92 行.
NOTIC: [2] Cannot modify header information - headers already sent by (output started at F:\Apache24\htdocs\scausy\ThinkPHP\Library\Think\View.class.php:95) F:\Apache24\htdocs\scausy\ThinkPHP\Library\Think\View.class.php 第 93 行.
INFO: [ app_end ] --START--
INFO: Run Behavior\ShowPageTraceBehavior [ RunTime:0.000697s ]
INFO: [ app_end ] --END-- [ RunTime:0.000801s ]

[ 2015-10-07T11:39:03+08:00 ] 127.0.0.1 /scausy/index.php/home/login/code
INFO: [ app_init ] --START--
INFO: Run Behavior\BuildLiteBehavior [ RunTime:0.000014s ]
INFO: [ app_init ] --END-- [ RunTime:0.000293s ]
INFO: [ app_begin ] --START--
INFO: Run Behavior\ReadHtmlCacheBehavior [ RunTime:0.000374s ]
INFO: [ app_begin ] --END-- [ RunTime:0.000424s ]
INFO: [ app_end ] --START--
INFO: Run Behavior\ShowPageTraceBehavior [ RunTime:0.000425s ]
INFO: [ app_end ] --END-- [ RunTime:0.000494s ]

[ 2015-10-07T11:39:03+08:00 ] 127.0.0.1 /scausy/index.php/home/login/islogin
INFO: [ app_init ] --START--
INFO: Run Behavior\BuildLiteBehavior [ RunTime:0.000016s ]
INFO: [ app_init ] --END-- [ RunTime:0.000352s ]
INFO: [ app_begin ] --START--
INFO: Run Behavior\ReadHtmlCacheBehavior [ RunTime:0.000541s ]
INFO: [ app_begin ] --END-- [ RunTime:0.000620s ]
INFO: [ app_end ] --START--
INFO: Run Behavior\ShowPageTraceBehavior [ RunTime:0.000495s ]
INFO: [ app_end ] --END-- [ RunTime:0.000565s ]

[ 2015-10-07T11:39:06+08:00 ] 127.0.0.1 /scausy/index.php/home/index/news
INFO: [ app_init ] --START--
INFO: Run Behavior\BuildLiteBehavior [ RunTime:0.000014s ]
INFO: [ app_init ] --END-- [ RunTime:0.000306s ]
INFO: [ app_begin ] --START--
INFO: Run Behavior\ReadHtmlCacheBehavior [ RunTime:0.000391s ]
INFO: [ app_begin ] --END-- [ RunTime:0.000435s ]
SQL: SHOW COLUMNS FROM `sy_article` [ RunTime:0.0537s ]
SQL: SELECT COUNT(*) AS tp_count FROM `sy_article` LIMIT 1   [ RunTime:0.0491s ]
SQL: SELECT * FROM `sy_article` ORDER BY id desc LIMIT 0,3   [ RunTime:0.2512s ]
NOTIC: [8] Undefined variable: article F:\Apache24\htdocs\scausy\Application\Home\Controller\IndexController.class.php 第 36 行.
INFO: [ view_parse ] --START--
INFO: [ template_filter ] --START--
INFO: Run Behavior\ContentReplaceBehavior [ RunTime:0.000148s ]
INFO: [ template_filter ] --END-- [ RunTime:0.000264s ]
NOTIC: [8] Undefined offset: 0 F:\Apache24\htdocs\scausy\Application\Runtime\Cache\Home\9f3194e72bdc509fe5c1644316ad2336.php 第 40 行.
NOTIC: [8] Undefined offset: 2 F:\Apache24\htdocs\scausy\Application\Runtime\Cache\Home\9f3194e72bdc509fe5c1644316ad2336.php 第 42 行.
NOTIC: [8] Undefined offset: 3 F:\Apache24\htdocs\scausy\Application\Runtime\Cache\Home\9f3194e72bdc509fe5c1644316ad2336.php 第 43 行.
NOTIC: [8] Undefined offset: 4 F:\Apache24\htdocs\scausy\Application\Runtime\Cache\Home\9f3194e72bdc509fe5c1644316ad2336.php 第 44 行.
INFO: Run Behavior\ParseTemplateBehavior [ RunTime:0.014656s ]
INFO: [ view_parse ] --END-- [ RunTime:0.014918s ]
INFO: [ view_filter ] --START--
INFO: Run Behavior\WriteHtmlCacheBehavior [ RunTime:0.000661s ]
INFO: [ view_filter ] --END-- [ RunTime:0.000811s ]
INFO: [ view_parse ] --START--
INFO: [ template_filter ] --START--
INFO: Run Behavior\ContentReplaceBehavior [ RunTime:0.000072s ]
INFO: [ template_filter ] --END-- [ RunTime:-0.009301s ]
INFO: Run Behavior\ParseTemplateBehavior [ RunTime:0.013840s ]
INFO: [ view_parse ] --END-- [ RunTime:-0.001463s ]
INFO: [ view_filter ] --START--
INFO: Run Behavior\WriteHtmlCacheBehavior [ RunTime:0.000024s ]
INFO: [ view_filter ] --END-- [ RunTime:-0.014589s ]
NOTIC: [2] Cannot modify header information - headers already sent by (output started at F:\Apache24\htdocs\scausy\ThinkPHP\Library\Think\View.class.php:95) F:\Apache24\htdocs\scausy\ThinkPHP\Library\Think\View.class.php 第 91 行.
NOTIC: [2] Cannot modify header information - headers already sent by (output started at F:\Apache24\htdocs\scausy\ThinkPHP\Library\Think\View.class.php:95) F:\Apache24\htdocs\scausy\ThinkPHP\Library\Think\View.class.php 第 92 行.
NOTIC: [2] Cannot modify header information - headers already sent by (output started at F:\Apache24\htdocs\scausy\ThinkPHP\Library\Think\View.class.php:95) F:\Apache24\htdocs\scausy\ThinkPHP\Library\Think\View.class.php 第 93 行.
INFO: [ view_parse ] --START--
INFO: [ template_filter ] --START--
INFO: Run Behavior\ContentReplaceBehavior [ RunTime:0.000063s ]
INFO: [ template_filter ] --END-- [ RunTime:-0.021388s ]
INFO: Run Behavior\ParseTemplateBehavior [ RunTime:0.003219s ]
INFO: [ view_parse ] --END-- [ RunTime:-0.016835s ]
INFO: [ view_filter ] --START--
INFO: Run Behavior\WriteHtmlCacheBehavior [ RunTime:0.000020s ]
INFO: [ view_filter ] --END-- [ RunTime:-0.019335s ]
NOTIC: [2] Cannot modify header information - headers already sent by (output started at F:\Apache24\htdocs\scausy\ThinkPHP\Library\Think\View.class.php:95) F:\Apache24\htdocs\scausy\ThinkPHP\Library\Think\View.class.php 第 91 行.
NOTIC: [2] Cannot modify header information - headers already sent by (output started at F:\Apache24\htdocs\scausy\ThinkPHP\Library\Think\View.class.php:95) F:\Apache24\htdocs\scausy\ThinkPHP\Library\Think\View.class.php 第 92 行.
NOTIC: [2] Cannot modify header information - headers already sent by (output started at F:\Apache24\htdocs\scausy\ThinkPHP\Library\Think\View.class.php:95) F:\Apache24\htdocs\scausy\ThinkPHP\Library\Think\View.class.php 第 93 行.
INFO: [ app_end ] --START--
INFO: Run Behavior\ShowPageTraceBehavior [ RunTime:0.000680s ]
INFO: [ app_end ] --END-- [ RunTime:0.000757s ]

[ 2015-10-07T11:39:06+08:00 ] 127.0.0.1 /scausy/index.php/home/login/code
INFO: [ app_init ] --START--
INFO: Run Behavior\BuildLiteBehavior [ RunTime:0.000019s ]
INFO: [ app_init ] --END-- [ RunTime:0.000383s ]
INFO: [ app_begin ] --START--
INFO: Run Behavior\ReadHtmlCacheBehavior [ RunTime:0.000622s ]
INFO: [ app_begin ] --END-- [ RunTime:0.000705s ]
INFO: [ app_end ] --START--
INFO: Run Behavior\ShowPageTraceBehavior [ RunTime:0.000515s ]
INFO: [ app_end ] --END-- [ RunTime:0.000613s ]

[ 2015-10-07T11:39:06+08:00 ] 127.0.0.1 /scausy/index.php/home/login/islogin
INFO: [ app_init ] --START--
INFO: Run Behavior\BuildLiteBehavior [ RunTime:0.000023s ]
INFO: [ app_init ] --END-- [ RunTime:0.000475s ]
INFO: [ app_begin ] --START--
INFO: Run Behavior\ReadHtmlCacheBehavior [ RunTime:0.000362s ]
INFO: [ app_begin ] --END-- [ RunTime:0.000410s ]
INFO: [ app_end ] --START--
INFO: Run Behavior\ShowPageTraceBehavior [ RunTime:0.000517s ]
INFO: [ app_end ] --END-- [ RunTime:0.000579s ]

[ 2015-10-07T11:39:10+08:00 ] 127.0.0.1 /scausy/index.php/home/index/news?&P=3
INFO: [ app_init ] --START--
INFO: Run Behavior\BuildLiteBehavior [ RunTime:0.000018s ]
INFO: [ app_init ] --END-- [ RunTime:0.000463s ]
INFO: [ app_begin ] --START--
INFO: Run Behavior\ReadHtmlCacheBehavior [ RunTime:0.000398s ]
INFO: [ app_begin ] --END-- [ RunTime:0.000446s ]
SQL: SHOW COLUMNS FROM `sy_article` [ RunTime:0.0549s ]
SQL: SELECT COUNT(*) AS tp_count FROM `sy_article` LIMIT 1   [ RunTime:0.0515s ]
SQL: SELECT * FROM `sy_article` ORDER BY id desc LIMIT 6,3   [ RunTime:1.1065s ]
NOTIC: [8] Undefined variable: article F:\Apache24\htdocs\scausy\Application\Home\Controller\IndexController.class.php 第 36 行.
INFO: [ view_parse ] --START--
INFO: [ template_filter ] --START--
INFO: Run Behavior\ContentReplaceBehavior [ RunTime:0.000216s ]
INFO: [ template_filter ] --END-- [ RunTime:0.000389s ]
NOTIC: [8] Undefined offset: 0 F:\Apache24\htdocs\scausy\Application\Runtime\Cache\Home\9f3194e72bdc509fe5c1644316ad2336.php 第 40 行.
NOTIC: [8] Undefined offset: 2 F:\Apache24\htdocs\scausy\Application\Runtime\Cache\Home\9f3194e72bdc509fe5c1644316ad2336.php 第 42 行.
NOTIC: [8] Undefined offset: 3 F:\Apache24\htdocs\scausy\Application\Runtime\Cache\Home\9f3194e72bdc509fe5c1644316ad2336.php 第 43 行.
NOTIC: [8] Undefined offset: 4 F:\Apache24\htdocs\scausy\Application\Runtime\Cache\Home\9f3194e72bdc509fe5c1644316ad2336.php 第 44 行.
INFO: Run Behavior\ParseTemplateBehavior [ RunTime:0.016330s ]
INFO: [ view_parse ] --END-- [ RunTime:0.016440s ]
INFO: [ view_filter ] --START--
INFO: Run Behavior\WriteHtmlCacheBehavior [ RunTime:0.000738s ]
INFO: [ view_filter ] --END-- [ RunTime:0.000821s ]
INFO: [ view_parse ] --START--
INFO: [ template_filter ] --START--
INFO: Run Behavior\ContentReplaceBehavior [ RunTime:0.000117s ]
INFO: [ template_filter ] --END-- [ RunTime:-0.009797s ]
INFO: Run Behavior\ParseTemplateBehavior [ RunTime:0.021165s ]
INFO: [ view_parse ] --END-- [ RunTime:-0.001276s ]
INFO: [ view_filter ] --START--
INFO: Run Behavior\WriteHtmlCacheBehavior [ RunTime:0.000021s ]
INFO: [ view_filter ] --END-- [ RunTime:-0.021716s ]
NOTIC: [2] Cannot modify header information - headers already sent by (output started at F:\Apache24\htdocs\scausy\ThinkPHP\Library\Think\View.class.php:95) F:\Apache24\htdocs\scausy\ThinkPHP\Library\Think\View.class.php 第 91 行.
NOTIC: [2] Cannot modify header information - headers already sent by (output started at F:\Apache24\htdocs\scausy\ThinkPHP\Library\Think\View.class.php:95) F:\Apache24\htdocs\scausy\ThinkPHP\Library\Think\View.class.php 第 92 行.
NOTIC: [2] Cannot modify header information - headers already sent by (output started at F:\Apache24\htdocs\scausy\ThinkPHP\Library\Think\View.class.php:95) F:\Apache24\htdocs\scausy\ThinkPHP\Library\Think\View.class.php 第 93 行.
INFO: [ view_parse ] --START--
INFO: [ template_filter ] --START--
INFO: Run Behavior\ContentReplaceBehavior [ RunTime:0.000047s ]
INFO: [ template_filter ] --END-- [ RunTime:-0.028709s ]
INFO: Run Behavior\ParseTemplateBehavior [ RunTime:0.002947s ]
INFO: [ view_parse ] --END-- [ RunTime:-0.023909s ]
INFO: [ view_filter ] --START--
INFO: Run Behavior\WriteHtmlCacheBehavior [ RunTime:0.000019s ]
INFO: [ view_filter ] --END-- [ RunTime:-0.026114s ]
NOTIC: [2] Cannot modify header information - headers already sent by (output started at F:\Apache24\htdocs\scausy\ThinkPHP\Library\Think\View.class.php:95) F:\Apache24\htdocs\scausy\ThinkPHP\Library\Think\View.class.php 第 91 行.
NOTIC: [2] Cannot modify header information - headers already sent by (output started at F:\Apache24\htdocs\scausy\ThinkPHP\Library\Think\View.class.php:95) F:\Apache24\htdocs\scausy\ThinkPHP\Library\Think\View.class.php 第 92 行.
NOTIC: [2] Cannot modify header information - headers already sent by (output started at F:\Apache24\htdocs\scausy\ThinkPHP\Library\Think\View.class.php:95) F:\Apache24\htdocs\scausy\ThinkPHP\Library\Think\View.class.php 第 93 行.
INFO: [ app_end ] --START--
INFO: Run Behavior\ShowPageTraceBehavior [ RunTime:0.000572s ]
INFO: [ app_end ] --END-- [ RunTime:0.000639s ]

[ 2015-10-07T11:39:10+08:00 ] 127.0.0.1 /scausy/index.php/home/login/code
INFO: [ app_init ] --START--
INFO: Run Behavior\BuildLiteBehavior [ RunTime:0.000020s ]
INFO: [ app_init ] --END-- [ RunTime:0.000399s ]
INFO: [ app_begin ] --START--
INFO: Run Behavior\ReadHtmlCacheBehavior [ RunTime:0.000564s ]
INFO: [ app_begin ] --END-- [ RunTime:0.000638s ]
INFO: [ app_end ] --START--
INFO: Run Behavior\ShowPageTraceBehavior [ RunTime:0.000437s ]
INFO: [ app_end ] --END-- [ RunTime:0.000506s ]

[ 2015-10-07T11:39:10+08:00 ] 127.0.0.1 /scausy/index.php/home/login/islogin
INFO: [ app_init ] --START--
INFO: Run Behavior\BuildLiteBehavior [ RunTime:0.000016s ]
INFO: [ app_init ] --END-- [ RunTime:0.000356s ]
INFO: [ app_begin ] --START--
INFO: Run Behavior\ReadHtmlCacheBehavior [ RunTime:0.000526s ]
INFO: [ app_begin ] --END-- [ RunTime:0.000600s ]
INFO: [ app_end ] --START--
INFO: Run Behavior\ShowPageTraceBehavior [ RunTime:0.000478s ]
INFO: [ app_end ] --END-- [ RunTime:0.000561s ]

[ 2015-10-07T11:39:19+08:00 ] 127.0.0.1 /scausy/index.php/home/index/index
INFO: [ app_init ] --START--
INFO: Run Behavior\BuildLiteBehavior [ RunTime:0.000013s ]
INFO: [ app_init ] --END-- [ RunTime:0.000279s ]
INFO: [ app_begin ] --START--
INFO: Run Behavior\ReadHtmlCacheBehavior [ RunTime:0.000321s ]
INFO: [ app_begin ] --END-- [ RunTime:0.000359s ]
SQL: SHOW COLUMNS FROM `sy_article` [ RunTime:0.0584s ]
SQL: SELECT * FROM `sy_article` ORDER BY id desc LIMIT 10   [ RunTime:0.9079s ]
SQL: SHOW COLUMNS FROM `sy_activity` [ RunTime:0.0600s ]
SQL: SELECT * FROM `sy_activity`  [ RunTime:0.0567s ]
INFO: [ view_parse ] --START--
INFO: [ template_filter ] --START--
INFO: Run Behavior\ContentReplaceBehavior [ RunTime:0.000088s ]
INFO: [ template_filter ] --END-- [ RunTime:0.000159s ]
NOTIC: [8] Undefined offset: 1 F:\Apache24\htdocs\scausy\Application\Runtime\Cache\Home\9f3194e72bdc509fe5c1644316ad2336.php 第 41 行.
NOTIC: [8] Undefined offset: 2 F:\Apache24\htdocs\scausy\Application\Runtime\Cache\Home\9f3194e72bdc509fe5c1644316ad2336.php 第 42 行.
NOTIC: [8] Undefined offset: 3 F:\Apache24\htdocs\scausy\Application\Runtime\Cache\Home\9f3194e72bdc509fe5c1644316ad2336.php 第 43 行.
NOTIC: [8] Undefined offset: 4 F:\Apache24\htdocs\scausy\Application\Runtime\Cache\Home\9f3194e72bdc509fe5c1644316ad2336.php 第 44 行.
INFO: Run Behavior\ParseTemplateBehavior [ RunTime:0.008495s ]
INFO: [ view_parse ] --END-- [ RunTime:0.008573s ]
INFO: [ view_filter ] --START--
INFO: Run Behavior\WriteHtmlCacheBehavior [ RunTime:0.000407s ]
INFO: [ view_filter ] --END-- [ RunTime:0.000452s ]
INFO: [ view_parse ] --START--
INFO: [ template_filter ] --START--
INFO: Run Behavior\ContentReplaceBehavior [ RunTime:0.000088s ]
INFO: [ template_filter ] --END-- [ RunTime:-0.006524s ]
INFO: Run Behavior\ParseTemplateBehavior [ RunTime:0.006609s ]
INFO: [ view_parse ] --END-- [ RunTime:-0.000696s ]
INFO: [ view_filter ] --START--
INFO: Run Behavior\WriteHtmlCacheBehavior [ RunTime:0.000025s ]
INFO: [ view_filter ] --END-- [ RunTime:-0.006955s ]
NOTIC: [2] Cannot modify header information - headers already sent by (output started at F:\Apache24\htdocs\scausy\ThinkPHP\Library\Think\View.class.php:95) F:\Apache24\htdocs\scausy\ThinkPHP\Library\Think\View.class.php 第 91 行.
NOTIC: [2] Cannot modify header information - headers already sent by (output started at F:\Apache24\htdocs\scausy\ThinkPHP\Library\Think\View.class.php:95) F:\Apache24\htdocs\scausy\ThinkPHP\Library\Think\View.class.php 第 92 行.
NOTIC: [2] Cannot modify header information - headers already sent by (output started at F:\Apache24\htdocs\scausy\ThinkPHP\Library\Think\View.class.php:95) F:\Apache24\htdocs\scausy\ThinkPHP\Library\Think\View.class.php 第 93 行.
INFO: [ view_parse ] --START--
INFO: [ template_filter ] --START--
INFO: Run Behavior\ContentReplaceBehavior [ RunTime:0.000066s ]
INFO: [ template_filter ] --END-- [ RunTime:-0.012570s ]
INFO: Run Behavior\ParseTemplateBehavior [ RunTime:0.004319s ]
INFO: [ view_parse ] --END-- [ RunTime:-0.008906s ]
INFO: [ view_filter ] --START--
INFO: Run Behavior\WriteHtmlCacheBehavior [ RunTime:0.000016s ]
INFO: [ view_filter ] --END-- [ RunTime:-0.012886s ]
NOTIC: [2] Cannot modify header information - headers already sent by (output started at F:\Apache24\htdocs\scausy\ThinkPHP\Library\Think\View.class.php:95) F:\Apache24\htdocs\scausy\ThinkPHP\Library\Think\View.class.php 第 91 行.
NOTIC: [2] Cannot modify header information - headers already sent by (output started at F:\Apache24\htdocs\scausy\ThinkPHP\Library\Think\View.class.php:95) F:\Apache24\htdocs\scausy\ThinkPHP\Library\Think\View.class.php 第 92 行.
NOTIC: [2] Cannot modify header information - headers already sent by (output started at F:\Apache24\htdocs\scausy\ThinkPHP\Library\Think\View.class.php:95) F:\Apache24\htdocs\scausy\ThinkPHP\Library\Think\View.class.php 第 93 行.
INFO: [ app_end ] --START--
INFO: Run Behavior\ShowPageTraceBehavior [ RunTime:0.000525s ]
INFO: [ app_end ] --END-- [ RunTime:0.000572s ]

[ 2015-10-07T11:39:19+08:00 ] 127.0.0.1 /scausy/index.php/home/login/code
INFO: [ app_init ] --START--
INFO: Run Behavior\BuildLiteBehavior [ RunTime:0.000018s ]
INFO: [ app_init ] --END-- [ RunTime:0.000392s ]
INFO: [ app_begin ] --START--
INFO: Run Behavior\ReadHtmlCacheBehavior [ RunTime:0.000512s ]
INFO: [ app_begin ] --END-- [ RunTime:0.000585s ]
INFO: [ app_end ] --START--
INFO: Run Behavior\ShowPageTraceBehavior [ RunTime:0.000636s ]
INFO: [ app_end ] --END-- [ RunTime:0.000733s ]

[ 2015-10-07T11:39:19+08:00 ] 127.0.0.1 /scausy/index.php/home/login/islogin
INFO: [ app_init ] --START--
INFO: Run Behavior\BuildLiteBehavior [ RunTime:0.000022s ]
INFO: [ app_init ] --END-- [ RunTime:0.000553s ]
INFO: [ app_begin ] --START--
INFO: Run Behavior\ReadHtmlCacheBehavior [ RunTime:0.000492s ]
INFO: [ app_begin ] --END-- [ RunTime:0.000549s ]
INFO: [ app_end ] --START--
INFO: Run Behavior\ShowPageTraceBehavior [ RunTime:0.000526s ]
INFO: [ app_end ] --END-- [ RunTime:0.000595s ]

[ 2015-10-07T11:39:26+08:00 ] 127.0.0.1 /scausy/index.php/home/login/zhengfang%20?%20username=admin&password=1111&code=&%20i
INFO: [ app_init ] --START--
INFO: Run Behavior\BuildLiteBehavior [ RunTime:0.000014s ]
INFO: [ app_init ] --END-- [ RunTime:0.000268s ]
INFO: [ app_begin ] --START--
INFO: Run Behavior\ReadHtmlCacheBehavior [ RunTime:0.000355s ]
INFO: [ app_begin ] --END-- [ RunTime:0.000400s ]
NOTIC: [8] Constant SCRIPT_ROOT already defined F:\Apache24\htdocs\scausy\Application\Home\Api\ZhengfangApi.class.php 第 4 行.
SQL: SHOW COLUMNS FROM `sy_students` [ RunTime:0.0575s ]
NOTIC: [8] Undefined index: username F:\Apache24\htdocs\scausy\Application\Home\Controller\LoginController.class.php 第 92 行.
NOTIC: [8] Undefined index: password F:\Apache24\htdocs\scausy\Application\Home\Controller\LoginController.class.php 第 93 行.
SQL: SHOW COLUMNS FROM `sy_students` [ RunTime:0.0560s ]
SQL: select * from sy_students where id ='' AND password ='d41d8cd98f00b204e9800998ecf8427e' [ RunTime:0.0565s ]
INFO: [ app_end ] --START--
INFO: Run Behavior\ShowPageTraceBehavior [ RunTime:0.000755s ]
INFO: [ app_end ] --END-- [ RunTime:0.000821s ]

[ 2015-10-07T11:39:27+08:00 ] 127.0.0.1 /scausy/index.php/home/login/zhengfang
INFO: [ app_init ] --START--
INFO: Run Behavior\BuildLiteBehavior [ RunTime:0.000012s ]
INFO: [ app_init ] --END-- [ RunTime:0.000266s ]
INFO: [ app_begin ] --START--
INFO: Run Behavior\ReadHtmlCacheBehavior [ RunTime:0.000371s ]
INFO: [ app_begin ] --END-- [ RunTime:0.000434s ]
NOTIC: [8] Constant SCRIPT_ROOT already defined F:\Apache24\htdocs\scausy\Application\Home\Api\ZhengfangApi.class.php 第 4 行.
SQL: SHOW COLUMNS FROM `sy_students` [ RunTime:0.0897s ]
SQL: SHOW COLUMNS FROM `sy_students` [ RunTime:0.0733s ]
SQL: select * from sy_students where id ='admin' AND password ='b59c67bf196a4758191e42f76670ceba' [ RunTime:0.0576s ]
INFO: [ view_parse ] --START--
INFO: [ template_filter ] --START--
INFO: Run Behavior\ContentReplaceBehavior [ RunTime:0.000127s ]
INFO: [ template_filter ] --END-- [ RunTime:0.000236s ]
NOTIC: [8] Undefined variable: array F:\Apache24\htdocs\scausy\Application\Runtime\Cache\Home\1fa0a3c4921c3a61cdaaf7eb6e05cbff.php 第 44 行.
NOTIC: [8] Undefined variable: array F:\Apache24\htdocs\scausy\Application\Runtime\Cache\Home\1fa0a3c4921c3a61cdaaf7eb6e05cbff.php 第 45 行.
NOTIC: [8] Undefined variable: array F:\Apache24\htdocs\scausy\Application\Runtime\Cache\Home\1fa0a3c4921c3a61cdaaf7eb6e05cbff.php 第 46 行.
NOTIC: [8] Undefined variable: array F:\Apache24\htdocs\scausy\Application\Runtime\Cache\Home\1fa0a3c4921c3a61cdaaf7eb6e05cbff.php 第 47 行.
INFO: Run Behavior\ParseTemplateBehavior [ RunTime:0.015584s ]
INFO: [ view_parse ] --END-- [ RunTime:0.015697s ]
INFO: [ view_filter ] --START--
INFO: Run Behavior\WriteHtmlCacheBehavior [ RunTime:0.001066s ]
INFO: [ view_filter ] --END-- [ RunTime:0.001201s ]
INFO: [ view_parse ] --START--
INFO: [ template_filter ] --START--
INFO: Run Behavior\ContentReplaceBehavior [ RunTime:0.000080s ]
INFO: [ template_filter ] --END-- [ RunTime:-0.007006s ]
NOTIC: [8] Undefined variable: article_item F:\Apache24\htdocs\scausy\Application\Runtime\Cache\Home\0369c7ff58afe6cbfddee81f980ccc4a.php 第 31 行.
NOTIC: [8] Undefined variable: article_item F:\Apache24\htdocs\scausy\Application\Runtime\Cache\Home\0369c7ff58afe6cbfddee81f980ccc4a.php 第 38 行.
NOTIC: [8] Undefined variable: article_item F:\Apache24\htdocs\scausy\Application\Runtime\Cache\Home\0369c7ff58afe6cbfddee81f980ccc4a.php 第 44 行.
NOTIC: [8] Undefined variable: group F:\Apache24\htdocs\scausy\Application\Runtime\Cache\Home\0369c7ff58afe6cbfddee81f980ccc4a.php 第 45 行.
INFO: Run Behavior\ParseTemplateBehavior [ RunTime:0.005139s ]
INFO: [ view_parse ] --END-- [ RunTime:-0.001828s ]
INFO: [ view_filter ] --START--
INFO: Run Behavior\WriteHtmlCacheBehavior [ RunTime:0.000023s ]
INFO: [ view_filter ] --END-- [ RunTime:-0.005827s ]
INFO: [ app_end ] --START--
INFO: Run Behavior\ShowPageTraceBehavior [ RunTime:0.000881s ]
INFO: [ app_end ] --END-- [ RunTime:0.000966s ]

[ 2015-10-07T11:39:31+08:00 ] 127.0.0.1 /scausy/index.php/home/admin/administrateEmail
INFO: [ app_init ] --START--
INFO: Run Behavior\BuildLiteBehavior [ RunTime:0.000012s ]
INFO: [ app_init ] --END-- [ RunTime:0.000246s ]
INFO: [ app_begin ] --START--
INFO: Run Behavior\ReadHtmlCacheBehavior [ RunTime:0.000336s ]
INFO: [ app_begin ] --END-- [ RunTime:0.000374s ]
NOTIC: [8] Use of undefined constant ture - assumed 'ture' F:\Apache24\htdocs\scausy\ThinkPHP\Common\functions.php 第 1640 行.
SQL: SHOW COLUMNS FROM `sy_students` [ RunTime:0.0498s ]
NOTIC: [8] Undefined index: subject F:\Apache24\htdocs\scausy\Application\Home\Controller\AdminController.class.php 第 137 行.
NOTIC: [8] Undefined index: body F:\Apache24\htdocs\scausy\Application\Home\Controller\AdminController.class.php 第 138 行.
SQL: SELECT `email` FROM `sy_students` WHERE `created` = 'ok' ORDER BY id  [ RunTime:0.0533s ]
SQL: SELECT COUNT(*) AS tp_count FROM `sy_students` WHERE `created` = 'ok' LIMIT 1   [ RunTime:0.0525s ]
NOTIC: [8] Undefined variable: i F:\Apache24\htdocs\scausy\Application\Home\Controller\AdminController.class.php 第 166 行.
INFO: [ view_parse ] --START--
INFO: [ template_filter ] --START--
INFO: Run Behavior\ContentReplaceBehavior [ RunTime:0.000054s ]
INFO: [ template_filter ] --END-- [ RunTime:0.000106s ]
NOTIC: [8] Undefined index: content4 F:\Apache24\htdocs\scausy\Application\Runtime\Cache\Home\1fa0a3c4921c3a61cdaaf7eb6e05cbff.php 第 47 行.
INFO: Run Behavior\ParseTemplateBehavior [ RunTime:0.005066s ]
INFO: [ view_parse ] --END-- [ RunTime:0.005110s ]
INFO: [ view_filter ] --START--
INFO: Run Behavior\WriteHtmlCacheBehavior [ RunTime:0.000157s ]
INFO: [ view_filter ] --END-- [ RunTime:0.000205s ]
INFO: [ view_parse ] --START--
INFO: [ template_filter ] --START--
INFO: Run Behavior\ContentReplaceBehavior [ RunTime:0.000057s ]
INFO: [ template_filter ] --END-- [ RunTime:-0.002300s ]
INFO: Run Behavior\ParseTemplateBehavior [ RunTime:0.001886s ]
INFO: [ view_parse ] --END-- [ RunTime:-0.000414s ]
INFO: [ view_filter ] --START--
INFO: Run Behavior\WriteHtmlCacheBehavior [ RunTime:0.000009s ]
INFO: [ view_filter ] --END-- [ RunTime:-0.002133s ]
INFO: [ app_end ] --START--
INFO: Run Behavior\ShowPageTraceBehavior [ RunTime:0.000353s ]
INFO: [ app_end ] --END-- [ RunTime:0.000390s ]

[ 2015-10-07T11:39:34+08:00 ] 127.0.0.1 /scausy/index.php/home/admin/administrateOrganization
INFO: [ app_init ] --START--
INFO: Run Behavior\BuildLiteBehavior [ RunTime:0.000014s ]
INFO: [ app_init ] --END-- [ RunTime:0.000276s ]
INFO: [ app_begin ] --START--
INFO: Run Behavior\ReadHtmlCacheBehavior [ RunTime:0.000339s ]
INFO: [ app_begin ] --END-- [ RunTime:0.000378s ]
NOTIC: [8] Use of undefined constant ture - assumed 'ture' F:\Apache24\htdocs\scausy\ThinkPHP\Common\functions.php 第 1640 行.
SQL: SHOW COLUMNS FROM `sy_organization` [ RunTime:0.0797s ]
SQL: SELECT * FROM `sy_organization` WHERE `id` = 1  [ RunTime:1.3831s ]
INFO: [ view_parse ] --START--
INFO: [ template_filter ] --START--
INFO: Run Behavior\ContentReplaceBehavior [ RunTime:0.000055s ]
INFO: [ template_filter ] --END-- [ RunTime:0.000105s ]
NOTIC: [8] Undefined index: content4 F:\Apache24\htdocs\scausy\Application\Runtime\Cache\Home\1fa0a3c4921c3a61cdaaf7eb6e05cbff.php 第 47 行.
INFO: Run Behavior\ParseTemplateBehavior [ RunTime:0.005037s ]
INFO: [ view_parse ] --END-- [ RunTime:0.005091s ]
INFO: [ view_filter ] --START--
INFO: Run Behavior\WriteHtmlCacheBehavior [ RunTime:0.000212s ]
INFO: [ view_filter ] --END-- [ RunTime:0.000257s ]
INFO: [ view_parse ] --START--
INFO: [ template_filter ] --START--
INFO: Run Behavior\ContentReplaceBehavior [ RunTime:0.000040s ]
INFO: [ template_filter ] --END-- [ RunTime:-0.002958s ]
INFO: Run Behavior\ParseTemplateBehavior [ RunTime:0.006471s ]
INFO: [ view_parse ] --END-- [ RunTime:-0.000496s ]
INFO: [ view_filter ] --START--
INFO: Run Behavior\WriteHtmlCacheBehavior [ RunTime:0.000011s ]
INFO: [ view_filter ] --END-- [ RunTime:-0.006759s ]
INFO: [ app_end ] --START--
INFO: Run Behavior\ShowPageTraceBehavior [ RunTime:0.000400s ]
INFO: [ app_end ] --END-- [ RunTime:0.000434s ]

[ 2015-10-07T11:39:43+08:00 ] 127.0.0.1 /scausy/index.php/home/admin/administrateActivity
INFO: [ app_init ] --START--
INFO: Run Behavior\BuildLiteBehavior [ RunTime:0.000019s ]
INFO: [ app_init ] --END-- [ RunTime:0.000396s ]
INFO: [ app_begin ] --START--
INFO: Run Behavior\ReadHtmlCacheBehavior [ RunTime:0.000526s ]
INFO: [ app_begin ] --END-- [ RunTime:0.000589s ]
NOTIC: [8] Use of undefined constant ture - assumed 'ture' F:\Apache24\htdocs\scausy\ThinkPHP\Common\functions.php 第 1640 行.
SQL: SHOW COLUMNS FROM `sy_activity` [ RunTime:0.0545s ]
SQL: SELECT * FROM `sy_activity` ORDER BY id desc  [ RunTime:0.0601s ]
INFO: [ view_parse ] --START--
INFO: [ template_filter ] --START--
INFO: Run Behavior\ContentReplaceBehavior [ RunTime:0.000057s ]
INFO: [ template_filter ] --END-- [ RunTime:0.000111s ]
NOTIC: [8] Undefined index: content2 F:\Apache24\htdocs\scausy\Application\Runtime\Cache\Home\1fa0a3c4921c3a61cdaaf7eb6e05cbff.php 第 44 行.
NOTIC: [8] Undefined index: content3 F:\Apache24\htdocs\scausy\Application\Runtime\Cache\Home\1fa0a3c4921c3a61cdaaf7eb6e05cbff.php 第 45 行.
NOTIC: [8] Undefined index: content1 F:\Apache24\htdocs\scausy\Application\Runtime\Cache\Home\1fa0a3c4921c3a61cdaaf7eb6e05cbff.php 第 46 行.
INFO: Run Behavior\ParseTemplateBehavior [ RunTime:0.005469s ]
INFO: [ view_parse ] --END-- [ RunTime:0.005557s ]
INFO: [ view_filter ] --START--
INFO: Run Behavior\WriteHtmlCacheBehavior [ RunTime:0.000219s ]
INFO: [ view_filter ] --END-- [ RunTime:0.000269s ]
INFO: [ view_parse ] --START--
INFO: [ template_filter ] --START--
INFO: Run Behavior\ContentReplaceBehavior [ RunTime:0.000028s ]
INFO: [ template_filter ] --END-- [ RunTime:-0.003015s ]
NOTIC: [8] A non well formed numeric value encountered F:\Apache24\htdocs\scausy\Application\Runtime\Cache\Home\28689a9ab1df8cc76f2572cc4d4f8300.php 第 34 行.
NOTIC: [8] A non well formed numeric value encountered F:\Apache24\htdocs\scausy\Application\Runtime\Cache\Home\28689a9ab1df8cc76f2572cc4d4f8300.php 第 34 行.
INFO: Run Behavior\ParseTemplateBehavior [ RunTime:0.002532s ]
INFO: [ view_parse ] --END-- [ RunTime:-0.000538s ]
INFO: [ view_filter ] --START--
INFO: Run Behavior\WriteHtmlCacheBehavior [ RunTime:0.000009s ]
INFO: [ view_filter ] --END-- [ RunTime:-0.002824s ]
INFO: [ app_end ] --START--
INFO: Run Behavior\ShowPageTraceBehavior [ RunTime:0.000344s ]
INFO: [ app_end ] --END-- [ RunTime:0.000378s ]

[ 2015-10-07T11:39:52+08:00 ] 127.0.0.1 /scausy/index.php/home/admin/administrateOrganization
INFO: [ app_init ] --START--
INFO: Run Behavior\BuildLiteBehavior [ RunTime:0.000012s ]
INFO: [ app_init ] --END-- [ RunTime:0.000263s ]
INFO: [ app_begin ] --START--
INFO: Run Behavior\ReadHtmlCacheBehavior [ RunTime:0.000413s ]
INFO: [ app_begin ] --END-- [ RunTime:0.000465s ]
NOTIC: [8] Use of undefined constant ture - assumed 'ture' F:\Apache24\htdocs\scausy\ThinkPHP\Common\functions.php 第 1640 行.
SQL: SHOW COLUMNS FROM `sy_organization` [ RunTime:0.0546s ]
SQL: SELECT * FROM `sy_organization` WHERE `id` = 1  [ RunTime:0.7170s ]
INFO: [ view_parse ] --START--
INFO: [ template_filter ] --START--
INFO: Run Behavior\ContentReplaceBehavior [ RunTime:0.000052s ]
INFO: [ template_filter ] --END-- [ RunTime:0.000101s ]
NOTIC: [8] Undefined index: content4 F:\Apache24\htdocs\scausy\Application\Runtime\Cache\Home\1fa0a3c4921c3a61cdaaf7eb6e05cbff.php 第 47 行.
INFO: Run Behavior\ParseTemplateBehavior [ RunTime:0.004850s ]
INFO: [ view_parse ] --END-- [ RunTime:0.004907s ]
INFO: [ view_filter ] --START--
INFO: Run Behavior\WriteHtmlCacheBehavior [ RunTime:0.000155s ]
INFO: [ view_filter ] --END-- [ RunTime:0.000188s ]
INFO: [ view_parse ] --START--
INFO: [ template_filter ] --START--
INFO: Run Behavior\ContentReplaceBehavior [ RunTime:0.000033s ]
INFO: [ template_filter ] --END-- [ RunTime:-0.002485s ]
INFO: Run Behavior\ParseTemplateBehavior [ RunTime:0.005110s ]
INFO: [ view_parse ] --END-- [ RunTime:-0.000418s ]
INFO: [ view_filter ] --START--
INFO: Run Behavior\WriteHtmlCacheBehavior [ RunTime:0.000018s ]
INFO: [ view_filter ] --END-- [ RunTime:-0.005418s ]
INFO: [ app_end ] --START--
INFO: Run Behavior\ShowPageTraceBehavior [ RunTime:0.000606s ]
INFO: [ app_end ] --END-- [ RunTime:0.000674s ]

[ 2015-10-07T11:39:57+08:00 ] 127.0.0.1 /scausy/index.php/home/admin/administrateArticle?action=adminstrate
INFO: [ app_init ] --START--
INFO: Run Behavior\BuildLiteBehavior [ RunTime:0.000020s ]
INFO: [ app_init ] --END-- [ RunTime:0.000450s ]
INFO: [ app_begin ] --START--
INFO: Run Behavior\ReadHtmlCacheBehavior [ RunTime:0.000617s ]
INFO: [ app_begin ] --END-- [ RunTime:0.000703s ]
NOTIC: [8] Use of undefined constant ture - assumed 'ture' F:\Apache24\htdocs\scausy\ThinkPHP\Common\functions.php 第 1640 行.
INFO: [ view_parse ] --START--
INFO: [ template_filter ] --START--
INFO: Run Behavior\ContentReplaceBehavior [ RunTime:0.000081s ]
INFO: [ template_filter ] --END-- [ RunTime:0.000169s ]
NOTIC: [8] Undefined variable: array F:\Apache24\htdocs\scausy\Application\Runtime\Cache\Home\1fa0a3c4921c3a61cdaaf7eb6e05cbff.php 第 44 行.
NOTIC: [8] Undefined variable: array F:\Apache24\htdocs\scausy\Application\Runtime\Cache\Home\1fa0a3c4921c3a61cdaaf7eb6e05cbff.php 第 45 行.
NOTIC: [8] Undefined variable: array F:\Apache24\htdocs\scausy\Application\Runtime\Cache\Home\1fa0a3c4921c3a61cdaaf7eb6e05cbff.php 第 46 行.
NOTIC: [8] Undefined variable: array F:\Apache24\htdocs\scausy\Application\Runtime\Cache\Home\1fa0a3c4921c3a61cdaaf7eb6e05cbff.php 第 47 行.
INFO: Run Behavior\ParseTemplateBehavior [ RunTime:0.005765s ]
INFO: [ view_parse ] --END-- [ RunTime:0.005812s ]
INFO: [ view_filter ] --START--
INFO: Run Behavior\WriteHtmlCacheBehavior [ RunTime:0.000184s ]
INFO: [ view_filter ] --END-- [ RunTime:0.000218s ]
NOTIC: [8] Use of undefined constant ture - assumed 'ture' F:\Apache24\htdocs\scausy\ThinkPHP\Common\functions.php 第 1640 行.
SQL: SHOW COLUMNS FROM `sy_article` [ RunTime:0.0515s ]
SQL: SELECT COUNT(*) AS tp_count FROM `sy_article` LIMIT 1   [ RunTime:0.0736s ]
SQL: SELECT * FROM `sy_article` ORDER BY id desc LIMIT 0,3   [ RunTime:0.3014s ]
NOTIC: [8] Use of undefined constant 通知 - assumed '通知' F:\Apache24\htdocs\scausy\Application\Home\Controller\WenzhangListController.class.php 第 32 行.
NOTIC: [8] Undefined variable: array F:\Apache24\htdocs\scausy\Application\Home\Controller\WenzhangListController.class.php 第 34 行.
INFO: [ view_parse ] --START--
INFO: [ template_filter ] --START--
INFO: Run Behavior\ContentReplaceBehavior [ RunTime:0.000047s ]
INFO: [ template_filter ] --END-- [ RunTime:-0.666594s ]
INFO: Run Behavior\ParseTemplateBehavior [ RunTime:0.002272s ]
INFO: [ view_parse ] --END-- [ RunTime:-0.664353s ]
INFO: [ view_filter ] --START--
INFO: Run Behavior\WriteHtmlCacheBehavior [ RunTime:0.000019s ]
INFO: [ view_filter ] --END-- [ RunTime:-0.666494s ]
INFO: [ view_parse ] --START--
INFO: [ template_filter ] --START--
INFO: Run Behavior\ContentReplaceBehavior [ RunTime:0.000053s ]
INFO: [ template_filter ] --END-- [ RunTime:-0.670567s ]
INFO: Run Behavior\ParseTemplateBehavior [ RunTime:0.003835s ]
INFO: [ view_parse ] --END-- [ RunTime:-0.667046s ]
INFO: [ view_filter ] --START--
INFO: Run Behavior\WriteHtmlCacheBehavior [ RunTime:0.000024s ]
INFO: [ view_filter ] --END-- [ RunTime:-0.670707s ]
NOTIC: [2] Cannot modify header information - headers already sent by (output started at F:\Apache24\htdocs\scausy\ThinkPHP\Library\Think\View.class.php:95) F:\Apache24\htdocs\scausy\ThinkPHP\Library\Think\View.class.php 第 91 行.
NOTIC: [2] Cannot modify header information - headers already sent by (output started at F:\Apache24\htdocs\scausy\ThinkPHP\Library\Think\View.class.php:95) F:\Apache24\htdocs\scausy\ThinkPHP\Library\Think\View.class.php 第 92 行.
NOTIC: [2] Cannot modify header information - headers already sent by (output started at F:\Apache24\htdocs\scausy\ThinkPHP\Library\Think\View.class.php:95) F:\Apache24\htdocs\scausy\ThinkPHP\Library\Think\View.class.php 第 93 行.
INFO: [ app_end ] --START--
INFO: Run Behavior\ShowPageTraceBehavior [ RunTime:0.000370s ]
INFO: [ app_end ] --END-- [ RunTime:0.000405s ]

[ 2015-10-07T11:40:11+08:00 ] 127.0.0.1 /scausy/index.php/home/wenzhangList?group=Article&P=3
INFO: [ app_init ] --START--
INFO: Run Behavior\BuildLiteBehavior [ RunTime:0.000014s ]
INFO: [ app_init ] --END-- [ RunTime:0.000302s ]
INFO: [ app_begin ] --START--
INFO: Run Behavior\ReadHtmlCacheBehavior [ RunTime:0.000387s ]
INFO: [ app_begin ] --END-- [ RunTime:0.000432s ]
NOTIC: [8] Use of undefined constant ture - assumed 'ture' F:\Apache24\htdocs\scausy\ThinkPHP\Common\functions.php 第 1640 行.
SQL: SHOW COLUMNS FROM `sy_article` [ RunTime:0.0539s ]
SQL: SELECT COUNT(*) AS tp_count FROM `sy_article` LIMIT 1   [ RunTime:0.0510s ]
SQL: SELECT * FROM `sy_article` ORDER BY id desc LIMIT 6,3   [ RunTime:0.7042s ]
NOTIC: [8] Use of undefined constant 通知 - assumed '通知' F:\Apache24\htdocs\scausy\Application\Home\Controller\WenzhangListController.class.php 第 32 行.
NOTIC: [8] Undefined variable: array F:\Apache24\htdocs\scausy\Application\Home\Controller\WenzhangListController.class.php 第 34 行.
INFO: [ view_parse ] --START--
INFO: [ template_filter ] --START--
INFO: Run Behavior\ContentReplaceBehavior [ RunTime:0.000065s ]
INFO: [ template_filter ] --END-- [ RunTime:0.000111s ]
INFO: Run Behavior\ParseTemplateBehavior [ RunTime:0.004660s ]
INFO: [ view_parse ] --END-- [ RunTime:0.004741s ]
INFO: [ view_filter ] --START--
INFO: Run Behavior\WriteHtmlCacheBehavior [ RunTime:0.000216s ]
INFO: [ view_filter ] --END-- [ RunTime:0.000271s ]
INFO: [ view_parse ] --START--
INFO: [ template_filter ] --START--
INFO: Run Behavior\ContentReplaceBehavior [ RunTime:0.000033s ]
INFO: [ template_filter ] --END-- [ RunTime:-0.003560s ]
INFO: Run Behavior\ParseTemplateBehavior [ RunTime:0.003053s ]
INFO: [ view_parse ] --END-- [ RunTime:-0.000609s ]
INFO: [ view_filter ] --START--
INFO: Run Behavior\WriteHtmlCacheBehavior [ RunTime:0.000009s ]
INFO: [ view_filter ] --END-- [ RunTime:-0.003428s ]
INFO: [ app_end ] --START--
INFO: Run Behavior\ShowPageTraceBehavior [ RunTime:0.000403s ]
INFO: [ app_end ] --END-- [ RunTime:0.000450s ]

