[ 2015-08-12T09:49:36+08:00 ] 127.0.0.1 /tk/Public/assets/css/bootstrap-responsive.css
INFO: [ app_init ] --START--
INFO: Run Behavior\BuildLiteBehavior [ RunTime:0.000019s ]
INFO: [ app_init ] --END-- [ RunTime:0.000398s ]
ERR: æ— æ³•åŠ è½½æ¨¡å—:Public

[ 2015-08-12T09:49:36+08:00 ] 127.0.0.1 /tk/Public/js/personalCenter.js
INFO: [ app_init ] --START--
INFO: Run Behavior\BuildLiteBehavior [ RunTime:0.000020s ]
INFO: [ app_init ] --END-- [ RunTime:0.000431s ]
ERR: æ— æ³•åŠ è½½æ¨¡å—:Public

[ 2015-08-12T09:49:36+08:00 ] 127.0.0.1 /tk/Public/css/personalCenter.css
INFO: [ app_init ] --START--
INFO: Run Behavior\BuildLiteBehavior [ RunTime:0.000021s ]
INFO: [ app_init ] --END-- [ RunTime:0.000506s ]
ERR: æ— æ³•åŠ è½½æ¨¡å—:Public

[ 2015-08-12T09:56:55+08:00 ] 127.0.0.1 /tk/Public/assets/css/bootstrap-responsive.css
INFO: [ app_init ] --START--
INFO: Run Behavior\BuildLiteBehavior [ RunTime:0.000018s ]
INFO: [ app_init ] --END-- [ RunTime:0.000423s ]
ERR: æ— æ³•åŠ è½½æ¨¡å—:Public

[ 2015-08-12T09:56:55+08:00 ] 127.0.0.1 /tk/Public/css/personalCenter.css
INFO: [ app_init ] --START--
INFO: Run Behavior\BuildLiteBehavior [ RunTime:0.000090s ]
INFO: [ app_init ] --END-- [ RunTime:0.000738s ]
ERR: æ— æ³•åŠ è½½æ¨¡å—:Public

[ 2015-08-12T09:56:55+08:00 ] 127.0.0.1 /tk/Public/js/personalCenter.js
INFO: [ app_init ] --START--
INFO: Run Behavior\BuildLiteBehavior [ RunTime:0.000020s ]
INFO: [ app_init ] --END-- [ RunTime:0.000512s ]
ERR: æ— æ³•åŠ è½½æ¨¡å—:Public

[ 2015-08-12T10:05:46+08:00 ] 127.0.0.1 /tk/Public/assets/css/bootstrap-responsive.css
INFO: [ app_init ] --START--
INFO: Run Behavior\BuildLiteBehavior [ RunTime:0.000021s ]
INFO: [ app_init ] --END-- [ RunTime:0.000401s ]
ERR: æ— æ³•åŠ è½½æ¨¡å—:Public

[ 2015-08-12T10:05:46+08:00 ] 127.0.0.1 /tk/Public/js/personalCenter.js
INFO: [ app_init ] --START--
INFO: Run Behavior\BuildLiteBehavior [ RunTime:0.000018s ]
INFO: [ app_init ] --END-- [ RunTime:0.000405s ]
ERR: æ— æ³•åŠ è½½æ¨¡å—:Public

[ 2015-08-12T10:05:46+08:00 ] 127.0.0.1 /tk/Public/css/personalCenter.css
INFO: [ app_init ] --START--
INFO: Run Behavior\BuildLiteBehavior [ RunTime:0.000025s ]
INFO: [ app_init ] --END-- [ RunTime:0.001640s ]
ERR: æ— æ³•åŠ è½½æ¨¡å—:Public

[ 2015-08-12T10:06:02+08:00 ] 127.0.0.1 /tk/Public/assets/css/bootstrap-responsive.css
INFO: [ app_init ] --START--
INFO: Run Behavior\BuildLiteBehavior [ RunTime:0.000020s ]
INFO: [ app_init ] --END-- [ RunTime:0.000374s ]
ERR: æ— æ³•åŠ è½½æ¨¡å—:Public

[ 2015-08-12T10:06:02+08:00 ] 127.0.0.1 /tk/Public/js/personalCenter.js
INFO: [ app_init ] --START--
INFO: Run Behavior\BuildLiteBehavior [ RunTime:0.000020s ]
INFO: [ app_init ] --END-- [ RunTime:0.000377s ]
ERR: æ— æ³•åŠ è½½æ¨¡å—:Public

[ 2015-08-12T10:06:02+08:00 ] 127.0.0.1 /tk/Public/css/personalCenter.css
INFO: [ app_init ] --START--
INFO: Run Behavior\BuildLiteBehavior [ RunTime:0.000032s ]
INFO: [ app_init ] --END-- [ RunTime:0.000993s ]
ERR: æ— æ³•åŠ è½½æ¨¡å—:Public

[ 2015-08-12T10:06:52+08:00 ] 127.0.0.1 /tk/Public/assets/css/bootstrap-responsive.css
INFO: [ app_init ] --START--
INFO: Run Behavior\BuildLiteBehavior [ RunTime:0.000020s ]
INFO: [ app_init ] --END-- [ RunTime:0.000445s ]
ERR: æ— æ³•åŠ è½½æ¨¡å—:Public

[ 2015-08-12T10:06:52+08:00 ] 127.0.0.1 /tk/Public/css/personalCenter.css
INFO: [ app_init ] --START--
INFO: Run Behavior\BuildLiteBehavior [ RunTime:0.000021s ]
INFO: [ app_init ] --END-- [ RunTime:0.000421s ]
ERR: æ— æ³•åŠ è½½æ¨¡å—:Public

[ 2015-08-12T10:06:52+08:00 ] 127.0.0.1 /tk/Public/js/personalCenter.js
INFO: [ app_init ] --START--
INFO: Run Behavior\BuildLiteBehavior [ RunTime:0.000014s ]
INFO: [ app_init ] --END-- [ RunTime:0.000339s ]
ERR: æ— æ³•åŠ è½½æ¨¡å—:Public

[ 2015-08-12T10:10:11+08:00 ] 127.0.0.1 /tk/Public/css/personalCenter.css
INFO: [ app_init ] --START--
INFO: Run Behavior\BuildLiteBehavior [ RunTime:0.000022s ]
INFO: [ app_init ] --END-- [ RunTime:0.000476s ]
ERR: æ— æ³•åŠ è½½æ¨¡å—:Public

[ 2015-08-12T10:10:12+08:00 ] 127.0.0.1 /tk/Public/assets/css/bootstrap-responsive.css
INFO: [ app_init ] --START--
INFO: Run Behavior\BuildLiteBehavior [ RunTime:0.000022s ]
INFO: [ app_init ] --END-- [ RunTime:0.000498s ]
ERR: æ— æ³•åŠ è½½æ¨¡å—:Public

[ 2015-08-12T10:10:12+08:00 ] 127.0.0.1 /tk/Public/js/personalCenter.js
INFO: [ app_init ] --START--
INFO: Run Behavior\BuildLiteBehavior [ RunTime:0.000022s ]
INFO: [ app_init ] --END-- [ RunTime:0.000537s ]
ERR: æ— æ³•åŠ è½½æ¨¡å—:Public

[ 2015-08-12T10:11:33+08:00 ] 127.0.0.1 /tk/Public/assets/css/bootstrap-responsive.css
INFO: [ app_init ] --START--
INFO: Run Behavior\BuildLiteBehavior [ RunTime:0.000020s ]
INFO: [ app_init ] --END-- [ RunTime:0.000387s ]
ERR: æ— æ³•åŠ è½½æ¨¡å—:Public

[ 2015-08-12T10:11:33+08:00 ] 127.0.0.1 /tk/Public/css/personalCenter.css
INFO: [ app_init ] --START--
INFO: Run Behavior\BuildLiteBehavior [ RunTime:0.000021s ]
INFO: [ app_init ] --END-- [ RunTime:0.000932s ]
ERR: æ— æ³•åŠ è½½æ¨¡å—:Public

[ 2015-08-12T10:11:33+08:00 ] 127.0.0.1 /tk/Public/js/personalCenter.js
INFO: [ app_init ] --START--
INFO: Run Behavior\BuildLiteBehavior [ RunTime:0.000022s ]
INFO: [ app_init ] --END-- [ RunTime:0.000473s ]
ERR: æ— æ³•åŠ è½½æ¨¡å—:Public

[ 2015-08-12T10:11:53+08:00 ] 127.0.0.1 /tk/Public/assets/css/bootstrap-responsive.css
INFO: [ app_init ] --START--
INFO: Run Behavior\BuildLiteBehavior [ RunTime:0.000023s ]
INFO: [ app_init ] --END-- [ RunTime:0.000443s ]
ERR: æ— æ³•åŠ è½½æ¨¡å—:Public

[ 2015-08-12T10:11:53+08:00 ] 127.0.0.1 /tk/Public/js/personalCenter.js
INFO: [ app_init ] --START--
INFO: Run Behavior\BuildLiteBehavior [ RunTime:0.000048s ]
INFO: [ app_init ] --END-- [ RunTime:0.000459s ]
ERR: æ— æ³•åŠ è½½æ¨¡å—:Public

[ 2015-08-12T10:11:53+08:00 ] 127.0.0.1 /tk/Public/css/personalCenter.css
INFO: [ app_init ] --START--
INFO: Run Behavior\BuildLiteBehavior [ RunTime:0.000019s ]
INFO: [ app_init ] --END-- [ RunTime:0.000395s ]
ERR: æ— æ³•åŠ è½½æ¨¡å—:Public

[ 2015-08-12T10:13:39+08:00 ] 127.0.0.1 /tk/Public/assets/css/bootstrap-responsive.css
INFO: [ app_init ] --START--
INFO: Run Behavior\BuildLiteBehavior [ RunTime:0.000019s ]
INFO: [ app_init ] --END-- [ RunTime:0.000442s ]
ERR: æ— æ³•åŠ è½½æ¨¡å—:Public

[ 2015-08-12T10:13:39+08:00 ] 127.0.0.1 /tk/Public/css/personalCenter.css
INFO: [ app_init ] --START--
INFO: Run Behavior\BuildLiteBehavior [ RunTime:0.000021s ]
INFO: [ app_init ] --END-- [ RunTime:0.002637s ]
ERR: æ— æ³•åŠ è½½æ¨¡å—:Public

[ 2015-08-12T10:13:39+08:00 ] 127.0.0.1 /tk/Public/js/personalCenter.js
INFO: [ app_init ] --START--
INFO: Run Behavior\BuildLiteBehavior [ RunTime:0.000020s ]
INFO: [ app_init ] --END-- [ RunTime:0.000452s ]
ERR: æ— æ³•åŠ è½½æ¨¡å—:Public

[ 2015-08-12T10:19:26+08:00 ] 127.0.0.1 /tk/Public/assets/css/bootstrap-responsive.css
INFO: [ app_init ] --START--
INFO: Run Behavior\BuildLiteBehavior [ RunTime:0.000023s ]
INFO: [ app_init ] --END-- [ RunTime:0.000575s ]
ERR: æ— æ³•åŠ è½½æ¨¡å—:Public

[ 2015-08-12T10:19:26+08:00 ] 127.0.0.1 /tk/Public/css/personalCenter.css
INFO: [ app_init ] --START--
INFO: Run Behavior\BuildLiteBehavior [ RunTime:0.000023s ]
INFO: [ app_init ] --END-- [ RunTime:0.000466s ]
ERR: æ— æ³•åŠ è½½æ¨¡å—:Public

[ 2015-08-12T10:21:02+08:00 ] 127.0.0.1 /tk/Public/css/personalCenter.css
INFO: [ app_init ] --START--
INFO: Run Behavior\BuildLiteBehavior [ RunTime:0.000019s ]
INFO: [ app_init ] --END-- [ RunTime:0.000408s ]
ERR: æ— æ³•åŠ è½½æ¨¡å—:Public

[ 2015-08-12T10:21:02+08:00 ] 127.0.0.1 /tk/Public/js/personalCenter.js
INFO: [ app_init ] --START--
INFO: Run Behavior\BuildLiteBehavior [ RunTime:0.000037s ]
INFO: [ app_init ] --END-- [ RunTime:0.000426s ]
ERR: æ— æ³•åŠ è½½æ¨¡å—:Public

[ 2015-08-12T10:21:02+08:00 ] 127.0.0.1 /tk/Public/assets/css/bootstrap-responsive.css
INFO: [ app_init ] --START--
INFO: Run Behavior\BuildLiteBehavior [ RunTime:0.000019s ]
INFO: [ app_init ] --END-- [ RunTime:0.000405s ]
ERR: æ— æ³•åŠ è½½æ¨¡å—:Public

[ 2015-08-12T10:25:38+08:00 ] 127.0.0.1 /tk/Public/css/personalCenter.css
INFO: [ app_init ] --START--
INFO: Run Behavior\BuildLiteBehavior [ RunTime:0.000019s ]
INFO: [ app_init ] --END-- [ RunTime:0.000398s ]
ERR: æ— æ³•åŠ è½½æ¨¡å—:Public

[ 2015-08-12T10:25:38+08:00 ] 127.0.0.1 /tk/Public/assets/css/bootstrap-responsive.css
INFO: [ app_init ] --START--
INFO: Run Behavior\BuildLiteBehavior [ RunTime:0.000033s ]
INFO: [ app_init ] --END-- [ RunTime:0.000575s ]
ERR: æ— æ³•åŠ è½½æ¨¡å—:Public

[ 2015-08-12T10:25:38+08:00 ] 127.0.0.1 /tk/Public/js/personalCenter.js
INFO: [ app_init ] --START--
INFO: Run Behavior\BuildLiteBehavior [ RunTime:0.000019s ]
INFO: [ app_init ] --END-- [ RunTime:0.000481s ]
ERR: æ— æ³•åŠ è½½æ¨¡å—:Public

[ 2015-08-12T10:30:16+08:00 ] 127.0.0.1 /tk/Public/css/personalCenter.css
INFO: [ app_init ] --START--
INFO: Run Behavior\BuildLiteBehavior [ RunTime:0.000023s ]
INFO: [ app_init ] --END-- [ RunTime:0.000465s ]
ERR: æ— æ³•åŠ è½½æ¨¡å—:Public

[ 2015-08-12T10:30:16+08:00 ] 127.0.0.1 /tk/Public/assets/css/bootstrap-responsive.css
INFO: [ app_init ] --START--
INFO: Run Behavior\BuildLiteBehavior [ RunTime:0.000021s ]
INFO: [ app_init ] --END-- [ RunTime:0.000407s ]
ERR: æ— æ³•åŠ è½½æ¨¡å—:Public

[ 2015-08-12T10:30:16+08:00 ] 127.0.0.1 /tk/Public/js/personalCenter.js
INFO: [ app_init ] --START--
INFO: Run Behavior\BuildLiteBehavior [ RunTime:0.000013s ]
INFO: [ app_init ] --END-- [ RunTime:0.000310s ]
ERR: æ— æ³•åŠ è½½æ¨¡å—:Public

[ 2015-08-12T10:31:00+08:00 ] 127.0.0.1 /tk/Public/css/personalCenter.css
INFO: [ app_init ] --START--
INFO: Run Behavior\BuildLiteBehavior [ RunTime:0.000023s ]
INFO: [ app_init ] --END-- [ RunTime:0.000409s ]
ERR: æ— æ³•åŠ è½½æ¨¡å—:Public

[ 2015-08-12T10:31:00+08:00 ] 127.0.0.1 /tk/Public/assets/css/bootstrap-responsive.css
INFO: [ app_init ] --START--
INFO: Run Behavior\BuildLiteBehavior [ RunTime:0.000018s ]
INFO: [ app_init ] --END-- [ RunTime:0.000371s ]
ERR: æ— æ³•åŠ è½½æ¨¡å—:Public

[ 2015-08-12T10:31:00+08:00 ] 127.0.0.1 /tk/Public/js/personalCenter.js
INFO: [ app_init ] --START--
INFO: Run Behavior\BuildLiteBehavior [ RunTime:0.000020s ]
INFO: [ app_init ] --END-- [ RunTime:0.000472s ]
ERR: æ— æ³•åŠ è½½æ¨¡å—:Public

[ 2015-08-12T10:47:41+08:00 ] 127.0.0.1 /tk/Public/assets/css/bootstrap-responsive.css
INFO: [ app_init ] --START--
INFO: Run Behavior\BuildLiteBehavior [ RunTime:0.000019s ]
INFO: [ app_init ] --END-- [ RunTime:0.000419s ]
ERR: æ— æ³•åŠ è½½æ¨¡å—:Public

[ 2015-08-12T10:47:41+08:00 ] 127.0.0.1 /tk/Public/css/personalCenter.css
INFO: [ app_init ] --START--
INFO: Run Behavior\BuildLiteBehavior [ RunTime:0.000020s ]
INFO: [ app_init ] --END-- [ RunTime:0.000455s ]
ERR: æ— æ³•åŠ è½½æ¨¡å—:Public

[ 2015-08-12T10:47:41+08:00 ] 127.0.0.1 /tk/Public/js/personalCenter.js
INFO: [ app_init ] --START--
INFO: Run Behavior\BuildLiteBehavior [ RunTime:0.000019s ]
INFO: [ app_init ] --END-- [ RunTime:0.000476s ]
ERR: æ— æ³•åŠ è½½æ¨¡å—:Public

[ 2015-08-12T11:12:48+08:00 ] 127.0.0.1 /tk/Public/css/personalCenter.css
INFO: [ app_init ] --START--
INFO: Run Behavior\BuildLiteBehavior [ RunTime:0.000019s ]
INFO: [ app_init ] --END-- [ RunTime:0.000392s ]
ERR: æ— æ³•åŠ è½½æ¨¡å—:Public

[ 2015-08-12T11:12:48+08:00 ] 127.0.0.1 /tk/Public/assets/css/bootstrap-responsive.css
INFO: [ app_init ] --START--
INFO: Run Behavior\BuildLiteBehavior [ RunTime:0.000020s ]
INFO: [ app_init ] --END-- [ RunTime:0.000433s ]
ERR: æ— æ³•åŠ è½½æ¨¡å—:Public

[ 2015-08-12T11:12:48+08:00 ] 127.0.0.1 /tk/Public/js/personalCenter.js
INFO: [ app_init ] --START--
INFO: Run Behavior\BuildLiteBehavior [ RunTime:0.000021s ]
INFO: [ app_init ] --END-- [ RunTime:0.000496s ]
ERR: æ— æ³•åŠ è½½æ¨¡å—:Public

[ 2015-08-12T11:18:59+08:00 ] 127.0.0.1 /tk/Public/assets/css/bootstrap-responsive.css
INFO: [ app_init ] --START--
INFO: Run Behavior\BuildLiteBehavior [ RunTime:0.000020s ]
INFO: [ app_init ] --END-- [ RunTime:0.000435s ]
ERR: æ— æ³•åŠ è½½æ¨¡å—:Public

[ 2015-08-12T11:18:59+08:00 ] 127.0.0.1 /tk/Public/css/personalCenter.css
INFO: [ app_init ] --START--
INFO: Run Behavior\BuildLiteBehavior [ RunTime:0.000021s ]
INFO: [ app_init ] --END-- [ RunTime:0.000449s ]
ERR: æ— æ³•åŠ è½½æ¨¡å—:Public

[ 2015-08-12T11:18:59+08:00 ] 127.0.0.1 /tk/Public/js/personalCenter.js
INFO: [ app_init ] --START--
INFO: Run Behavior\BuildLiteBehavior [ RunTime:0.000021s ]
INFO: [ app_init ] --END-- [ RunTime:0.000465s ]
ERR: æ— æ³•åŠ è½½æ¨¡å—:Public

[ 2015-08-12T11:19:21+08:00 ] 127.0.0.1 /tk/Public/assets/css/bootstrap-responsive.css
INFO: [ app_init ] --START--
INFO: Run Behavior\BuildLiteBehavior [ RunTime:0.000019s ]
INFO: [ app_init ] --END-- [ RunTime:0.000385s ]
ERR: æ— æ³•åŠ è½½æ¨¡å—:Public

[ 2015-08-12T11:19:21+08:00 ] 127.0.0.1 /tk/Public/js/personalCenter.js
INFO: [ app_init ] --START--
INFO: Run Behavior\BuildLiteBehavior [ RunTime:0.000022s ]
INFO: [ app_init ] --END-- [ RunTime:0.001653s ]
ERR: æ— æ³•åŠ è½½æ¨¡å—:Public

[ 2015-08-12T11:19:21+08:00 ] 127.0.0.1 /tk/Public/css/personalCenter.css
INFO: [ app_init ] --START--
INFO: Run Behavior\BuildLiteBehavior [ RunTime:0.000023s ]
INFO: [ app_init ] --END-- [ RunTime:0.000556s ]
ERR: æ— æ³•åŠ è½½æ¨¡å—:Public

[ 2015-08-12T11:19:46+08:00 ] 127.0.0.1 /tk/Public/assets/css/bootstrap-responsive.css
INFO: [ app_init ] --START--
INFO: Run Behavior\BuildLiteBehavior [ RunTime:0.000019s ]
INFO: [ app_init ] --END-- [ RunTime:0.000705s ]
ERR: æ— æ³•åŠ è½½æ¨¡å—:Public

[ 2015-08-12T11:19:46+08:00 ] 127.0.0.1 /tk/Public/css/personalCenter.css
INFO: [ app_init ] --START--
INFO: Run Behavior\BuildLiteBehavior [ RunTime:0.000017s ]
INFO: [ app_init ] --END-- [ RunTime:0.000372s ]
ERR: æ— æ³•åŠ è½½æ¨¡å—:Public

[ 2015-08-12T11:19:46+08:00 ] 127.0.0.1 /tk/Public/js/personalCenter.js
INFO: [ app_init ] --START--
INFO: Run Behavior\BuildLiteBehavior [ RunTime:0.000019s ]
INFO: [ app_init ] --END-- [ RunTime:0.000430s ]
ERR: æ— æ³•åŠ è½½æ¨¡å—:Public

[ 2015-08-12T11:20:28+08:00 ] 127.0.0.1 /tk/Public/assets/css/bootstrap-responsive.css
INFO: [ app_init ] --START--
INFO: Run Behavior\BuildLiteBehavior [ RunTime:0.000022s ]
INFO: [ app_init ] --END-- [ RunTime:0.000401s ]
ERR: æ— æ³•åŠ è½½æ¨¡å—:Public

[ 2015-08-12T11:20:28+08:00 ] 127.0.0.1 /tk/Public/css/personalCenter.css
INFO: [ app_init ] --START--
INFO: Run Behavior\BuildLiteBehavior [ RunTime:0.000030s ]
INFO: [ app_init ] --END-- [ RunTime:0.000704s ]
ERR: æ— æ³•åŠ è½½æ¨¡å—:Public

[ 2015-08-12T11:20:28+08:00 ] 127.0.0.1 /tk/Public/js/personalCenter.js
INFO: [ app_init ] --START--
INFO: Run Behavior\BuildLiteBehavior [ RunTime:0.000026s ]
INFO: [ app_init ] --END-- [ RunTime:0.000836s ]
ERR: æ— æ³•åŠ è½½æ¨¡å—:Public

[ 2015-08-12T11:21:44+08:00 ] 127.0.0.1 /tk/Public/css/personalCenter.css
INFO: [ app_init ] --START--
INFO: Run Behavior\BuildLiteBehavior [ RunTime:0.000019s ]
INFO: [ app_init ] --END-- [ RunTime:0.000420s ]
ERR: æ— æ³•åŠ è½½æ¨¡å—:Public

[ 2015-08-12T11:21:44+08:00 ] 127.0.0.1 /tk/Public/assets/css/bootstrap-responsive.css
INFO: [ app_init ] --START--
INFO: Run Behavior\BuildLiteBehavior [ RunTime:0.000019s ]
INFO: [ app_init ] --END-- [ RunTime:0.000429s ]
ERR: æ— æ³•åŠ è½½æ¨¡å—:Public

[ 2015-08-12T11:21:44+08:00 ] 127.0.0.1 /tk/Public/js/personalCenter.js
INFO: [ app_init ] --START--
INFO: Run Behavior\BuildLiteBehavior [ RunTime:0.000027s ]
INFO: [ app_init ] --END-- [ RunTime:0.000563s ]
ERR: æ— æ³•åŠ è½½æ¨¡å—:Public

[ 2015-08-12T11:24:34+08:00 ] 127.0.0.1 /tk/Public/css/personalCenter.css
INFO: [ app_init ] --START--
INFO: Run Behavior\BuildLiteBehavior [ RunTime:0.000017s ]
INFO: [ app_init ] --END-- [ RunTime:0.000402s ]
ERR: æ— æ³•åŠ è½½æ¨¡å—:Public

[ 2015-08-12T11:24:34+08:00 ] 127.0.0.1 /tk/Public/assets/css/bootstrap-responsive.css
INFO: [ app_init ] --START--
INFO: Run Behavior\BuildLiteBehavior [ RunTime:0.000021s ]
INFO: [ app_init ] --END-- [ RunTime:0.000599s ]
ERR: æ— æ³•åŠ è½½æ¨¡å—:Public

[ 2015-08-12T11:24:34+08:00 ] 127.0.0.1 /tk/Public/js/personalCenter.js
INFO: [ app_init ] --START--
INFO: Run Behavior\BuildLiteBehavior [ RunTime:0.000020s ]
INFO: [ app_init ] --END-- [ RunTime:0.000464s ]
ERR: æ— æ³•åŠ è½½æ¨¡å—:Public

[ 2015-08-12T11:24:54+08:00 ] 127.0.0.1 /tk/Public/assets/css/bootstrap-responsive.css
INFO: [ app_init ] --START--
INFO: Run Behavior\BuildLiteBehavior [ RunTime:0.000019s ]
INFO: [ app_init ] --END-- [ RunTime:0.000441s ]
ERR: æ— æ³•åŠ è½½æ¨¡å—:Public

[ 2015-08-12T11:24:54+08:00 ] 127.0.0.1 /tk/Public/css/personalCenter.css
INFO: [ app_init ] --START--
INFO: Run Behavior\BuildLiteBehavior [ RunTime:0.000016s ]
INFO: [ app_init ] --END-- [ RunTime:0.000321s ]
ERR: æ— æ³•åŠ è½½æ¨¡å—:Public

[ 2015-08-12T11:24:54+08:00 ] 127.0.0.1 /tk/Public/js/personalCenter.js
INFO: [ app_init ] --START--
INFO: Run Behavior\BuildLiteBehavior [ RunTime:0.000012s ]
INFO: [ app_init ] --END-- [ RunTime:0.000389s ]
ERR: æ— æ³•åŠ è½½æ¨¡å—:Public

[ 2015-08-12T11:38:11+08:00 ] 127.0.0.1 /tk/Public/assets/css/bootstrap-responsive.css
INFO: [ app_init ] --START--
INFO: Run Behavior\BuildLiteBehavior [ RunTime:0.000019s ]
INFO: [ app_init ] --END-- [ RunTime:0.000400s ]
ERR: æ— æ³•åŠ è½½æ¨¡å—:Public

[ 2015-08-12T11:38:11+08:00 ] 127.0.0.1 /tk/Public/js/personalCenter.js
INFO: [ app_init ] --START--
INFO: Run Behavior\BuildLiteBehavior [ RunTime:0.000019s ]
INFO: [ app_init ] --END-- [ RunTime:0.000436s ]
ERR: æ— æ³•åŠ è½½æ¨¡å—:Public

[ 2015-08-12T11:38:11+08:00 ] 127.0.0.1 /tk/Public/css/personalCenter.css
INFO: [ app_init ] --START--
INFO: Run Behavior\BuildLiteBehavior [ RunTime:0.000030s ]
INFO: [ app_init ] --END-- [ RunTime:0.000794s ]
ERR: æ— æ³•åŠ è½½æ¨¡å—:Public

[ 2015-08-12T11:49:15+08:00 ] 127.0.0.1 /tk/Public/js/personalCenter.js
INFO: [ app_init ] --START--
INFO: Run Behavior\BuildLiteBehavior [ RunTime:0.000020s ]
INFO: [ app_init ] --END-- [ RunTime:0.000406s ]
ERR: æ— æ³•åŠ è½½æ¨¡å—:Public

¡å—:Public

[ 2015-08-12T11:49:15+08:00 ] 127.0.0.1 /tk/Public/css/personalCenter.css
INFO: [ app_init ] --START--
INFO: Run Behavior\BuildLiteBehavior [ RunTime:0.000022s ]
INFO: [ app_init ] --END-- [ RunTime:0.000644s ]
ERR: æ— æ³•åŠ è½½æ¨¡å—:Public

[ 2015-08-12T11:54:17+08:00 ] 127.0.0.1 /tk/Public/assets/css/bootstrap-responsive.css
INFO: [ app_init ] --START--
INFO: Run Behavior\BuildLiteBehavior [ RunTime:0.000020s ]
INFO: [ app_init ] --END-- [ RunTime:0.000675s ]
ERR: æ— æ³•åŠ è½½æ¨¡å—:Public

[ 2015-08-12T11:54:17+08:00 ] 127.0.0.1 /tk/Public/css/personalCenter.css
INFO: [ app_init ] --START--
INFO: Run Behavior\BuildLiteBehavior [ RunTime:0.000019s ]
INFO: [ app_init ] --END-- [ RunTime:0.000426s ]
ERR: æ— æ³•åŠ è½½æ¨¡å—:Public

[ 2015-08-12T11:54:17+08:00 ] 127.0.0.1 /tk/Public/js/personalCenter.js
INFO: [ app_init ] --START--
INFO: Run Behavior\BuildLiteBehavior [ RunTime:0.000019s ]
INFO: [ app_init ] --END-- [ RunTime:0.000526s ]
ERR: æ— æ³•åŠ è½½æ¨¡å—:Public

[ 2015-08-12T11:54:41+08:00 ] 127.0.0.1 /tk/Public/css/personalCenter.css
INFO: [ app_init ] --START--
INFO: Run Behavior\BuildLiteBehavior [ RunTime:0.000022s ]
INFO: [ app_init ] --END-- [ RunTime:0.000449s ]
ERR: æ— æ³•åŠ è½½æ¨¡å—:Public

[ 2015-08-12T11:54:41+08:00 ] 127.0.0.1 /tk/Public/assets/css/bootstrap-responsive.css
INFO: [ app_init ] --START--
INFO: Run Behavior\BuildLiteBehavior [ RunTime:0.000022s ]
INFO: [ app_init ] --END-- [ RunTime:0.000944s ]
ERR: æ— æ³•åŠ è½½æ¨¡å—:Public

[ 2015-08-12T11:54:41+08:00 ] 127.0.0.1 /tk/Public/js/personalCenter.js
INFO: [ app_init ] --START--
INFO: Run Behavior\BuildLiteBehavior [ RunTime:0.000034s ]
INFO: [ app_init ] --END-- [ RunTime:0.000645s ]
ERR: æ— æ³•åŠ è½½æ¨¡å—:Public

[ 2015-08-12T11:56:18+08:00 ] 127.0.0.1 /tk/Public/assets/css/bootstrap-responsive.css
INFO: [ app_init ] --START--
INFO: Run Behavior\BuildLiteBehavior [ RunTime:0.000020s ]
INFO: [ app_init ] --END-- [ RunTime:0.000392s ]
ERR: æ— æ³•åŠ è½½æ¨¡å—:Public

[ 2015-08-12T11:56:18+08:00 ] 127.0.0.1 /tk/Public/js/personalCenter.js
INFO: [ app_init ] --START--
INFO: Run Behavior\BuildLiteBehavior [ RunTime:0.000020s ]
INFO: [ app_init ] --END-- [ RunTime:0.000511s ]
ERR: æ— æ³•åŠ è½½æ¨¡å—:Public

[ 2015-08-12T11:56:18+08:00 ] 127.0.0.1 /tk/Public/css/personalCenter.css
INFO: [ app_init ] --START--
INFO: Run Behavior\BuildLiteBehavior [ RunTime:0.000020s ]
INFO: [ app_init ] --END-- [ RunTime:0.000467s ]
ERR: æ— æ³•åŠ è½½æ¨¡å—:Public

[ 2015-08-12T11:58:44+08:00 ] 127.0.0.1 /tk/Public/css/personalCenter.css
INFO: [ app_init ] --START--
INFO: Run Behavior\BuildLiteBehavior [ RunTime:0.000022s ]
INFO: [ app_init ] --END-- [ RunTime:0.000510s ]
ERR: æ— æ³•åŠ è½½æ¨¡å—:Public

[ 2015-08-12T11:58:44+08:00 ] 127.0.0.1 /tk/Public/assets/css/bootstrap-responsive.css
INFO: [ app_init ] --START--
INFO: Run Behavior\BuildLiteBehavior [ RunTime:0.000020s ]
INFO: [ app_init ] --END-- [ RunTime:0.000419s ]
ERR: æ— æ³•åŠ è½½æ¨¡å—:Public

[ 2015-08-12T11:58:44+08:00 ] 127.0.0.1 /tk/Public/js/personalCenter.js
INFO: [ app_init ] --START--
INFO: Run Behavior\BuildLiteBehavior [ RunTime:0.000042s ]
INFO: [ app_init ] --END-- [ RunTime:0.000638s ]
ERR: æ— æ³•åŠ è½½æ¨¡å—:Public

[ 2015-08-12T11:59:54+08:00 ] 127.0.0.1 /tk/Public/css/personalCenter.css
INFO: [ app_init ] --START--
INFO: Run Behavior\BuildLiteBehavior [ RunTime:0.000019s ]
INFO: [ app_init ] --END-- [ RunTime:0.000395s ]
ERR: æ— æ³•åŠ è½½æ¨¡å—:Public

[ 2015-08-12T11:59:54+08:00 ] 127.0.0.1 /tk/Public/assets/css/bootstrap-responsive.css
INFO: [ app_init ] --START--
INFO: Run Behavior\BuildLiteBehavior [ RunTime:0.000018s ]
INFO: [ app_init ] --END-- [ RunTime:0.000416s ]
ERR: æ— æ³•åŠ è½½æ¨¡å—:Public

[ 2015-08-12T11:59:54+08:00 ] 127.0.0.1 /tk/Public/js/personalCenter.js
INFO: [ app_init ] --START--
INFO: Run Behavior\BuildLiteBehavior [ RunTime:0.000020s ]
INFO: [ app_init ] --END-- [ RunTime:0.000477s ]
ERR: æ— æ³•åŠ è½½æ¨¡å—:Public

[ 2015-08-12T14:09:05+08:00 ] 127.0.0.1 /tk/Public/assets/css/bootstrap-responsive.css
INFO: [ app_init ] --START--
INFO: Run Behavior\BuildLiteBehavior [ RunTime:0.000017s ]
INFO: [ app_init ] --END-- [ RunTime:0.000369s ]
ERR: æ— æ³•åŠ è½½æ¨¡å—:Public

[ 2015-08-12T14:09:05+08:00 ] 127.0.0.1 /tk/Public/js/personalCenter.js
INFO: [ app_init ] --START--
INFO: Run Behavior\BuildLiteBehavior [ RunTime:0.000019s ]
INFO: [ app_init ] --END-- [ RunTime:0.000405s ]
ERR: æ— æ³•åŠ è½½æ¨¡å—:Public

[ 2015-08-12T14:09:05+08:00 ] 127.0.0.1 /tk/Public/css/personalCenter.css
INFO: [ app_init ] --START--
INFO: Run Behavior\BuildLiteBehavior [ RunTime:0.000017s ]
INFO: [ app_init ] --END-- [ RunTime:0.000409s ]
ERR: æ— æ³•åŠ è½½æ¨¡å—:Public

[ 2015-08-12T14:13:33+08:00 ] 127.0.0.1 /tk/Public/assets/css/bootstrap-responsive.css
INFO: [ app_init ] --START--
INFO: Run Behavior\BuildLiteBehavior [ RunTime:0.000021s ]
INFO: [ app_init ] --END-- [ RunTime:0.000475s ]
ERR: æ— æ³•åŠ è½½æ¨¡å—:Public

[ 2015-08-12T14:13:33+08:00 ] 127.0.0.1 /tk/Public/js/personalCenter.js
INFO: [ app_init ] --START--
INFO: Run Behavior\BuildLiteBehavior [ RunTime:0.000023s ]
INFO: [ app_init ] --END-- [ RunTime:0.000555s ]
ERR: æ— æ³•åŠ è½½æ¨¡å—:Public

[ 2015-08-12T14:13:33+08:00 ] 127.0.0.1 /tk/Public/css/personalCenter.css
INFO: [ app_init ] --START--
INFO: Run Behavior\BuildLiteBehavior [ RunTime:0.000012s ]
INFO: [ app_init ] --END-- [ RunTime:0.000311s ]
ERR: æ— æ³•åŠ è½½æ¨¡å—:Public

[ 2015-08-12T14:16:56+08:00 ] 127.0.0.1 /tk/Public/assets/css/bootstrap-responsive.css
INFO: [ app_init ] --START--
INFO: Run Behavior\BuildLiteBehavior [ RunTime:0.000021s ]
INFO: [ app_init ] --END-- [ RunTime:0.000430s ]
ERR: æ— æ³•åŠ è½½æ¨¡å—:Public

[ 2015-08-12T14:16:56+08:00 ] 127.0.0.1 /tk/Public/css/personalCenter.css
INFO: [ app_init ] --START--
INFO: Run Behavior\BuildLiteBehavior [ RunTime:0.000021s ]
INFO: [ app_init ] --END-- [ RunTime:0.000497s ]
ERR: æ— æ³•åŠ è½½æ¨¡å—:Public

[ 2015-08-12T14:16:56+08:00 ] 127.0.0.1 /tk/Public/js/personalCenter.js
INFO: [ app_init ] --START--
INFO: Run Behavior\BuildLiteBehavior [ RunTime:0.000021s ]
INFO: [ app_init ] --END-- [ RunTime:0.000490s ]
ERR: æ— æ³•åŠ è½½æ¨¡å—:Public

[ 2015-08-12T14:17:55+08:00 ] 127.0.0.1 /tk/Public/assets/css/bootstrap-responsive.css
INFO: [ app_init ] --START--
INFO: Run Behavior\BuildLiteBehavior [ RunTime:0.000022s ]
INFO: [ app_init ] --END-- [ RunTime:0.000671s ]
ERR: æ— æ³•åŠ è½½æ¨¡å—:Public

[ 2015-08-12T14:17:55+08:00 ] 127.0.0.1 /tk/Public/css/personalCenter.css
INFO: [ app_init ] --START--
INFO: Run Behavior\BuildLiteBehavior [ RunTime:0.000019s ]
INFO: [ app_init ] --END-- [ RunTime:0.000383s ]
ERR: æ— æ³•åŠ è½½æ¨¡å—:Public

[ 2015-08-12T14:17:55+08:00 ] 127.0.0.1 /tk/Public/js/personalCenter.js
INFO: [ app_init ] --START--
INFO: Run Behavior\BuildLiteBehavior [ RunTime:0.000019s ]
INFO: [ app_init ] --END-- [ RunTime:0.000435s ]
ERR: æ— æ³•åŠ è½½æ¨¡å—:Public

[ 2015-08-12T14:21:37+08:00 ] 127.0.0.1 /tk/Public/css/personalCenter.css
INFO: [ app_init ] --START--
INFO: Run Behavior\BuildLiteBehavior [ RunTime:0.000020s ]
INFO: [ app_init ] --END-- [ RunTime:0.000393s ]
ERR: æ— æ³•åŠ è½½æ¨¡å—:Public

[ 2015-08-12T14:21:37+08:00 ] 127.0.0.1 /tk/Public/assets/css/bootstrap-responsive.css
INFO: [ app_init ] --START--
INFO: Run Behavior\BuildLiteBehavior [ RunTime:0.000018s ]
INFO: [ app_init ] --END-- [ RunTime:0.000414s ]
ERR: æ— æ³•åŠ è½½æ¨¡å—:Public

[ 2015-08-12T14:21:37+08:00 ] 127.0.0.1 /tk/Public/js/personalCenter.js
INFO: [ app_init ] --START--
INFO: Run Behavior\BuildLiteBehavior [ RunTime:0.000020s ]
INFO: [ app_init ] --END-- [ RunTime:0.000458s ]
ERR: æ— æ³•åŠ è½½æ¨¡å—:Public

[ 2015-08-12T14:26:34+08:00 ] 127.0.0.1 /tk/Public/assets/css/bootstrap-responsive.css
INFO: [ app_init ] --START--
INFO: Run Behavior\BuildLiteBehavior [ RunTime:0.000023s ]
INFO: [ app_init ] --END-- [ RunTime:0.000466s ]
ERR: æ— æ³•åŠ è½½æ¨¡å—:Public

[ 2015-08-12T14:26:34+08:00 ] 127.0.0.1 /tk/Public/css/personalCenter.css
INFO: [ app_init ] --START--
INFO: Run Behavior\BuildLiteBehavior [ RunTime:0.000023s ]
INFO: [ app_init ] --END-- [ RunTime:0.001890s ]
ERR: æ— æ³•åŠ è½½æ¨¡å—:Public

[ 2015-08-12T14:26:34+08:00 ] 127.0.0.1 /tk/Public/js/personalCenter.js
INFO: [ app_init ] --START--
INFO: Run Behavior\BuildLiteBehavior [ RunTime:0.000052s ]
INFO: [ app_init ] --END-- [ RunTime:0.000671s ]
ERR: æ— æ³•åŠ è½½æ¨¡å—:Public

[ 2015-08-12T14:42:48+08:00 ] 127.0.0.1 /tk/Public/js/personalCenter.js
INFO: [ app_init ] --START--
INFO: Run Behavior\BuildLiteBehavior [ RunTime:0.000021s ]
INFO: [ app_init ] --END-- [ RunTime:0.000383s ]
ERR: æ— æ³•åŠ è½½æ¨¡å—:Public

[ 2015-08-12T14:42:48+08:00 ] 127.0.0.1 /tk/Public/css/personalCenter.css
INFO: [ app_init ] --START--
INFO: Run Behavior\BuildLiteBehavior [ RunTime:0.000019s ]
INFO: [ app_init ] --END-- [ RunTime:0.000560s ]
ERR: æ— æ³•åŠ è½½æ¨¡å—:Public

[ 2015-08-12T14:42:48+08:00 ] 127.0.0.1 /tk/Public/assets/css/bootstrap-responsive.css
INFO: [ app_init ] --START--
INFO: Run Behavior\BuildLiteBehavior [ RunTime:0.000020s ]
INFO: [ app_init ] --END-- [ RunTime:0.000455s ]
ERR: æ— æ³•åŠ è½½æ¨¡å—:Public

[ 2015-08-12T14:44:17+08:00 ] 127.0.0.1 /tk/Public/css/personalCenter.css
INFO: [ app_init ] --START--
INFO: Run Behavior\BuildLiteBehavior [ RunTime:0.000023s ]
INFO: [ app_init ] --END-- [ RunTime:0.000831s ]
ERR: æ— æ³•åŠ è½½æ¨¡å—:Public

[ 2015-08-12T14:44:17+08:00 ] 127.0.0.1 /tk/Public/assets/css/bootstrap-responsive.css
INFO: [ app_init ] --START--
INFO: Run Behavior\BuildLiteBehavior [ RunTime:0.000020s ]
INFO: [ app_init ] --END-- [ RunTime:0.000385s ]
ERR: æ— æ³•åŠ è½½æ¨¡å—:Public

[ 2015-08-12T14:44:17+08:00 ] 127.0.0.1 /tk/Public/js/personalCenter.js
INFO: [ app_init ] --START--
INFO: Run Behavior\BuildLiteBehavior [ RunTime:0.000018s ]
INFO: [ app_init ] --END-- [ RunTime:0.000422s ]
ERR: æ— æ³•åŠ è½½æ¨¡å—:Public

[ 2015-08-12T14:45:18+08:00 ] 127.0.0.1 /tk/Public/css/personalCenter.css
INFO: [ app_init ] --START--
INFO: Run Behavior\BuildLiteBehavior [ RunTime:0.000020s ]
INFO: [ app_init ] --END-- [ RunTime:0.000421s ]
ERR: æ— æ³•åŠ è½½æ¨¡å—:Public

[ 2015-08-12T14:45:18+08:00 ] 127.0.0.1 /tk/Public/js/personalCenter.js
INFO: [ app_init ] --START--
INFO: Run Behavior\BuildLiteBehavior [ RunTime:0.000046s ]
INFO: [ app_init ] --END-- [ RunTime:0.000940s ]
ERR: æ— æ³•åŠ è½½æ¨¡å—:Public

[ 2015-08-12T14:45:18+08:00 ] 127.0.0.1 /tk/Public/assets/css/bootstrap-responsive.css
INFO: [ app_init ] --START--
INFO: Run Behavior\BuildLiteBehavior [ RunTime:0.000020s ]
INFO: [ app_init ] --END-- [ RunTime:0.000491s ]
ERR: æ— æ³•åŠ è½½æ¨¡å—:Public

[ 2015-08-12T14:45:40+08:00 ] 127.0.0.1 /tk/Public/assets/css/bootstrap-responsive.css
INFO: [ app_init ] --START--
INFO: Run Behavior\BuildLiteBehavior [ RunTime:0.000020s ]
INFO: [ app_init ] --END-- [ RunTime:0.000380s ]
ERR: æ— æ³•åŠ è½½æ¨¡å—:Public

[ 2015-08-12T14:45:40+08:00 ] 127.0.0.1 /tk/Public/css/personalCenter.css
INFO: [ app_init ] --START--
INFO: Run Behavior\BuildLiteBehavior [ RunTime:0.000019s ]
INFO: [ app_init ] --END-- [ RunTime:0.000417s ]
ERR: æ— æ³•åŠ è½½æ¨¡å—:Public

[ 2015-08-12T14:45:40+08:00 ] 127.0.0.1 /tk/Public/js/personalCenter.js
INFO: [ app_init ] --START--
INFO: Run Behavior\BuildLiteBehavior [ RunTime:0.000023s ]
INFO: [ app_init ] --END-- [ RunTime:0.000472s ]
ERR: æ— æ³•åŠ è½½æ¨¡å—:Public

[ 2015-08-12T14:47:22+08:00 ] 127.0.0.1 /tk/Public/css/personalCenter.css
INFO: [ app_init ] --START--
INFO: Run Behavior\BuildLiteBehavior [ RunTime:0.000024s ]
INFO: [ app_init ] --END-- [ RunTime:0.000531s ]
ERR: æ— æ³•åŠ è½½æ¨¡å—:Public

[ 2015-08-12T14:47:22+08:00 ] 127.0.0.1 /tk/Public/assets/css/bootstrap-responsive.css
INFO: [ app_init ] --START--
INFO: Run Behavior\BuildLiteBehavior [ RunTime:0.000023s ]
INFO: [ app_init ] --END-- [ RunTime:0.000497s ]
ERR: æ— æ³•åŠ è½½æ¨¡å—:Public

[ 2015-08-12T14:47:22+08:00 ] 127.0.0.1 /tk/Public/js/personalCenter.js
INFO: [ app_init ] --START--
INFO: Run Behavior\BuildLiteBehavior [ RunTime:0.000022s ]
INFO: [ app_init ] --END-- [ RunTime:0.000504s ]
ERR: æ— æ³•åŠ è½½æ¨¡å—:Public

[ 2015-08-12T14:49:49+08:00 ] 127.0.0.1 /tk/Public/css/personalCenter.css
INFO: [ app_init ] --START--
INFO: Run Behavior\BuildLiteBehavior [ RunTime:0.000021s ]
INFO: [ app_init ] --END-- [ RunTime:0.000445s ]
ERR: æ— æ³•åŠ è½½æ¨¡å—:Public

[ 2015-08-12T14:49:49+08:00 ] 127.0.0.1 /tk/Public/assets/css/bootstrap-responsive.css
INFO: [ app_init ] --START--
INFO: Run Behavior\BuildLiteBehavior [ RunTime:0.000030s ]
INFO: [ app_init ] --END-- [ RunTime:0.001267s ]
ERR: æ— æ³•åŠ è½½æ¨¡å—:Public

[ 2015-08-12T14:49:49+08:00 ] 127.0.0.1 /tk/Public/js/personalCenter.js
INFO: [ app_init ] --START--
INFO: Run Behavior\BuildLiteBehavior [ RunTime:0.000020s ]
INFO: [ app_init ] --END-- [ RunTime:0.000447s ]
ERR: æ— æ³•åŠ è½½æ¨¡å—:Public

[ 2015-08-12T15:05:25+08:00 ] 127.0.0.1 /tk/Public/assets/css/bootstrap-responsive.css
INFO: [ app_init ] --START--
INFO: Run Behavior\BuildLiteBehavior [ RunTime:0.000019s ]
INFO: [ app_init ] --END-- [ RunTime:0.000564s ]
ERR: æ— æ³•åŠ è½½æ¨¡å—:Public

[ 2015-08-12T15:05:25+08:00 ] 127.0.0.1 /tk/Public/css/personalCenter.css
INFO: [ app_init ] --START--
INFO: Run Behavior\BuildLiteBehavior [ RunTime:0.000016s ]
INFO: [ app_init ] --END-- [ RunTime:0.000401s ]
ERR: æ— æ³•åŠ è½½æ¨¡å—:Public

[ 2015-08-12T15:05:25+08:00 ] 127.0.0.1 /tk/Public/js/personalCenter.js
INFO: [ app_init ] --START--
INFO: Run Behavior\BuildLiteBehavior [ RunTime:0.000021s ]
INFO: [ app_init ] --END-- [ RunTime:0.000597s ]
ERR: æ— æ³•åŠ è½½æ¨¡å—:Public

[ 2015-08-12T15:05:39+08:00 ] 127.0.0.1 /tk/Public/css/personalCenter.css
INFO: [ app_init ] --START--
INFO: Run Behavior\BuildLiteBehavior [ RunTime:0.000020s ]
INFO: [ app_init ] --END-- [ RunTime:0.000390s ]
ERR: æ— æ³•åŠ è½½æ¨¡å—:Public

[ 2015-08-12T15:05:39+08:00 ] 127.0.0.1 /tk/Public/assets/css/bootstrap-responsive.css
INFO: [ app_init ] --START--
INFO: Run Behavior\BuildLiteBehavior [ RunTime:0.000016s ]
INFO: [ app_init ] --END-- [ RunTime:0.000361s ]
ERR: æ— æ³•åŠ è½½æ¨¡å—:Public

[ 2015-08-12T15:05:39+08:00 ] 127.0.0.1 /tk/Public/js/personalCenter.js
INFO: [ app_init ] --START--
INFO: Run Behavior\BuildLiteBehavior [ RunTime:0.000019s ]
INFO: [ app_init ] --END-- [ RunTime:0.000447s ]
ERR: æ— æ³•åŠ è½½æ¨¡å—:Public

[ 2015-08-12T15:10:10+08:00 ] 127.0.0.1 /tk/Public/assets/css/bootstrap-responsive.css
INFO: [ app_init ] --START--
INFO: Run Behavior\BuildLiteBehavior [ RunTime:0.000037s ]
INFO: [ app_init ] --END-- [ RunTime:0.000484s ]
ERR: æ— æ³•åŠ è½½æ¨¡å—:Public

[ 2015-08-12T15:10:10+08:00 ] 127.0.0.1 /tk/Public/css/personalCenter.css
INFO: [ app_init ] --START--
INFO: Run Behavior\BuildLiteBehavior [ RunTime:0.000020s ]
INFO: [ app_init ] --END-- [ RunTime:0.000438s ]
ERR: æ— æ³•åŠ è½½æ¨¡å—:Public

[ 2015-08-12T15:10:10+08:00 ] 127.0.0.1 /tk/Public/js/personalCenter.js
INFO: [ app_init ] --START--
INFO: Run Behavior\BuildLiteBehavior [ RunTime:0.000019s ]
INFO: [ app_init ] --END-- [ RunTime:0.000401s ]
ERR: æ— æ³•åŠ è½½æ¨¡å—:Public

[ 2015-08-12T15:12:41+08:00 ] 127.0.0.1 /tk/Public/assets/css/bootstrap-responsive.css
INFO: [ app_init ] --START--
INFO: Run Behavior\BuildLiteBehavior [ RunTime:0.000020s ]
INFO: [ app_init ] --END-- [ RunTime:0.000401s ]
ERR: æ— æ³•åŠ è½½æ¨¡å—:Public

[ 2015-08-12T15:12:41+08:00 ] 127.0.0.1 /tk/Public/css/personalCenter.css
INFO: [ app_init ] --START--
INFO: Run Behavior\BuildLiteBehavior [ RunTime:0.000019s ]
INFO: [ app_init ] --END-- [ RunTime:0.000436s ]
ERR: æ— æ³•åŠ è½½æ¨¡å—:Public

[ 2015-08-12T15:12:41+08:00 ] 127.0.0.1 /tk/Public/js/personalCenter.js
INFO: [ app_init ] --START--
INFO: Run Behavior\BuildLiteBehavior [ RunTime:0.000017s ]
INFO: [ app_init ] --END-- [ RunTime:0.000385s ]
ERR: æ— æ³•åŠ è½½æ¨¡å—:Public

[ 2015-08-12T21:09:33+08:00 ] 127.0.0.1 /tk/Public/assets/css/bootstrap-responsive.css
INFO: [ app_init ] --START--
INFO: Run Behavior\BuildLiteBehavior [ RunTime:0.000019s ]
INFO: [ app_init ] --END-- [ RunTime:0.000366s ]
ERR: æ— æ³•åŠ è½½æ¨¡å—:Public

[ 2015-08-12T21:09:33+08:00 ] 127.0.0.1 /tk/Public/js/personalCenter.js
INFO: [ app_init ] --START--
INFO: Run Behavior\BuildLiteBehavior [ RunTime:0.000017s ]
INFO: [ app_init ] --END-- [ RunTime:0.000388s ]
ERR: æ— æ³•åŠ è½½æ¨¡å—:Public


[ 2015-08-12T21:48:54+08:00 ] 127.0.0.1 /tk/Public/assets/css/bootstrap-responsive.css
INFO: [ app_init ] --START--
INFO: Run Behavior\BuildLiteBehavior [ RunTime:0.000017s ]
INFO: [ app_init ] --END-- [ RunTime:0.000385s ]
ERR: æ— æ³•åŠ è½½æ¨¡å—:Public

[ 2015-08-12T21:48:54+08:00 ] 127.0.0.1 /tk/Public/js/personalCenter.js
INFO: [ app_init ] --START--
INFO: Run Behavior\BuildLiteBehavior [ RunTime:0.000018s ]
INFO: [ app_init ] --END-- [ RunTime:0.000441s ]
ERR: æ— æ³•åŠ è½½æ¨¡å—:Public

[ 2015-08-12T21:48:54+08:00 ] 127.0.0.1 /tk/Public/css/personalCenter.css
INFO: [ app_init ] --START--
INFO: Run Behavior\BuildLiteBehavior [ RunTime:0.000021s ]
INFO: [ app_init ] --END-- [ RunTime:0.000448s ]
ERR: æ— æ³•åŠ è½½æ¨¡å—:Public

[ 2015-08-12T21:51:12+08:00 ] 127.0.0.1 /tk/Public/assets/css/bootstrap-responsive.css
INFO: [ app_init ] --START--
INFO: Run Behavior\BuildLiteBehavior [ RunTime:0.000019s ]
INFO: [ app_init ] --END-- [ RunTime:0.000381s ]
ERR: æ— æ³•åŠ è½½æ¨¡å—:Public

[ 2015-08-12T21:51:12+08:00 ] 127.0.0.1 /tk/Public/css/personalCenter.css
INFO: [ app_init ] --START--
INFO: Run Behavior\BuildLiteBehavior [ RunTime:0.000020s ]
INFO: [ app_init ] --END-- [ RunTime:0.000443s ]
ERR: æ— æ³•åŠ è½½æ¨¡å—:Public

[ 2015-08-12T21:51:12+08:00 ] 127.0.0.1 /tk/Public/js/personalCenter.js
INFO: [ app_init ] --START--
INFO: Run Behavior\BuildLiteBehavior [ RunTime:0.000022s ]
INFO: [ app_init ] --END-- [ RunTime:0.000687s ]
ERR: æ— æ³•åŠ è½½æ¨¡å—:Public

[ 2015-08-12T22:39:58+08:00 ] 127.0.0.1 /tk/Public/assets/css/bootstrap-responsive.css
INFO: [ app_init ] --START--
INFO: Run Behavior\BuildLiteBehavior [ RunTime:0.000019s ]
INFO: [ app_init ] --END-- [ RunTime:0.000518s ]
ERR: æ— æ³•åŠ è½½æ¨¡å—:Public

[ 2015-08-12T22:39:58+08:00 ] 127.0.0.1 /tk/Public/css/personalCenter.css
INFO: [ app_init ] --START--
INFO: Run Behavior\BuildLiteBehavior [ RunTime:0.000020s ]
INFO: [ app_init ] --END-- [ RunTime:0.000466s ]
ERR: æ— æ³•åŠ è½½æ¨¡å—:Public

[ 2015-08-12T22:39:58+08:00 ] 127.0.0.1 /tk/Public/js/personalCenter.js
INFO: [ app_init ] --START--
INFO: Run Behavior\BuildLiteBehavior [ RunTime:0.000020s ]
INFO: [ app_init ] --END-- [ RunTime:0.000516s ]
ERR: æ— æ³•åŠ è½½æ¨¡å—:Public

[ 2015-08-12T22:40:13+08:00 ] 127.0.0.1 /tk/Public/assets/css/bootstrap-responsive.css
INFO: [ app_init ] --START--
INFO: Run Behavior\BuildLiteBehavior [ RunTime:0.000021s ]
INFO: [ app_init ] --END-- [ RunTime:0.000659s ]
ERR: æ— æ³•åŠ è½½æ¨¡å—:Public

[ 2015-08-12T22:40:13+08:00 ] 127.0.0.1 /tk/Public/css/personalCenter.css
INFO: [ app_init ] --START--
INFO: Run Behavior\BuildLiteBehavior [ RunTime:0.000019s ]
INFO: [ app_init ] --END-- [ RunTime:0.000460s ]
ERR: æ— æ³•åŠ è½½æ¨¡å—:Public

[ 2015-08-12T22:40:13+08:00 ] 127.0.0.1 /tk/Public/js/personalCenter.js
INFO: [ app_init ] --START--
INFO: Run Behavior\BuildLiteBehavior [ RunTime:0.000030s ]
INFO: [ app_init ] --END-- [ RunTime:0.000932s ]
ERR: æ— æ³•åŠ è½½æ¨¡å—:Public

[ 2015-08-12T22:40:17+08:00 ] 127.0.0.1 /tk/Public/assets/css/bootstrap-responsive.css
INFO: [ app_init ] --START--
INFO: Run Behavior\BuildLiteBehavior [ RunTime:0.000021s ]
INFO: [ app_init ] --END-- [ RunTime:0.000535s ]
ERR: æ— æ³•åŠ è½½æ¨¡å—:Public

[ 2015-08-12T22:40:17+08:00 ] 127.0.0.1 /tk/Public/js/personalCenter.js
INFO: [ app_init ] --START--
INFO: Run Behavior\BuildLiteBehavior [ RunTime:0.000023s ]
INFO: [ app_init ] --END-- [ RunTime:0.000639s ]
ERR: æ— æ³•åŠ è½½æ¨¡å—:Public

[ 2015-08-12T22:40:17+08:00 ] 127.0.0.1 /tk/Public/css/personalCenter.css
INFO: [ app_init ] --START--
INFO: Run Behavior\BuildLiteBehavior [ RunTime:0.000021s ]
INFO: [ app_init ] --END-- [ RunTime:0.000502s ]
ERR: æ— æ³•åŠ è½½æ¨¡å—:Public

[ 2015-08-12T22:40:46+08:00 ] 127.0.0.1 /tk/Public/assets/css/bootstrap-responsive.css
INFO: [ app_init ] --START--
INFO: Run Behavior\BuildLiteBehavior [ RunTime:0.000019s ]
INFO: [ app_init ] --END-- [ RunTime:0.000472s ]
ERR: æ— æ³•åŠ è½½æ¨¡å—:Public

[ 2015-08-12T22:40:46+08:00 ] 127.0.0.1 /tk/Public/css/personalCenter.css
INFO: [ app_init ] --START--
INFO: Run Behavior\BuildLiteBehavior [ RunTime:0.000020s ]
INFO: [ app_init ] --END-- [ RunTime:0.000433s ]
ERR: æ— æ³•åŠ è½½æ¨¡å—:Public

[ 2015-08-12T22:40:46+08:00 ] 127.0.0.1 /tk/Public/js/personalCenter.js
INFO: [ app_init ] --START--
INFO: Run Behavior\BuildLiteBehavior [ RunTime:0.000021s ]
INFO: [ app_init ] --END-- [ RunTime:0.000931s ]
ERR: æ— æ³•åŠ è½½æ¨¡å—:Public

[ 2015-08-12T23:07:19+08:00 ] 127.0.0.1 /tk/Public/assets/css/bootstrap-responsive.css
INFO: [ app_init ] --START--
INFO: Run Behavior\BuildLiteBehavior [ RunTime:0.000023s ]
INFO: [ app_init ] --END-- [ RunTime:0.000716s ]
ERR: æ— æ³•åŠ è½½æ¨¡å—:Public

[ 2015-08-12T23:07:19+08:00 ] 127.0.0.1 /tk/Public/css/personalCenter.css
INFO: [ app_init ] --START--
INFO: Run Behavior\BuildLiteBehavior [ RunTime:0.000027s ]
INFO: [ app_init ] --END-- [ RunTime:0.000584s ]
ERR: æ— æ³•åŠ è½½æ¨¡å—:Public

[ 2015-08-12T23:07:19+08:00 ] 127.0.0.1 /tk/Public/js/personalCenter.js
INFO: [ app_init ] --START--
INFO: Run Behavior\BuildLiteBehavior [ RunTime:0.000021s ]
INFO: [ app_init ] --END-- [ RunTime:0.000440s ]
ERR: æ— æ³•åŠ è½½æ¨¡å—:Public

[ 2015-08-12T23:07:36+08:00 ] 127.0.0.1 /tk/Public/assets/css/bootstrap-responsive.css
INFO: [ app_init ] --START--
INFO: Run Behavior\BuildLiteBehavior [ RunTime:0.000018s ]
INFO: [ app_init ] --END-- [ RunTime:0.000429s ]
ERR: æ— æ³•åŠ è½½æ¨¡å—:Public

[ 2015-08-12T23:07:36+08:00 ] 127.0.0.1 /tk/Public/css/personalCenter.css
INFO: [ app_init ] --START--
INFO: Run Behavior\BuildLiteBehavior [ RunTime:0.000021s ]
INFO: [ app_init ] --END-- [ RunTime:0.000459s ]
ERR: æ— æ³•åŠ è½½æ¨¡å—:Public

[ 2015-08-12T23:07:36+08:00 ] 127.0.0.1 /tk/Public/js/personalCenter.js
INFO: [ app_init ] --START--
INFO: Run Behavior\BuildLiteBehavior [ RunTime:0.000020s ]
INFO: [ app_init ] --END-- [ RunTime:0.000515s ]
ERR: æ— æ³•åŠ è½½æ¨¡å—:Public

[ 2015-08-12T23:09:06+08:00 ] 127.0.0.1 /tk/Public/assets/css/bootstrap-responsive.css
INFO: [ app_init ] --START--
INFO: Run Behavior\BuildLiteBehavior [ RunTime:0.000020s ]
INFO: [ app_init ] --END-- [ RunTime:0.000480s ]
ERR: æ— æ³•åŠ è½½æ¨¡å—:Public

[ 2015-08-12T23:09:06+08:00 ] 127.0.0.1 /tk/Public/js/personalCenter.js
INFO: [ app_init ] --START--
INFO: Run Behavior\BuildLiteBehavior [ RunTime:0.000021s ]
INFO: [ app_init ] --END-- [ RunTime:0.000450s ]
ERR: æ— æ³•åŠ è½½æ¨¡å—:Public

[ 2015-08-12T23:09:06+08:00 ] 127.0.0.1 /tk/Public/css/personalCenter.css
INFO: [ app_init ] --START--
INFO: Run Behavior\BuildLiteBehavior [ RunTime:0.000019s ]
INFO: [ app_init ] --END-- [ RunTime:0.000514s ]
ERR: æ— æ³•åŠ è½½æ¨¡å—:Public

[ 2015-08-12T23:09:16+08:00 ] 127.0.0.1 /tk/Public/assets/css/bootstrap-responsive.css
INFO: [ app_init ] --START--
INFO: Run Behavior\BuildLiteBehavior [ RunTime:0.000019s ]
INFO: [ app_init ] --END-- [ RunTime:0.000420s ]
ERR: æ— æ³•åŠ è½½æ¨¡å—:Public

[ 2015-08-12T23:09:16+08:00 ] 127.0.0.1 /tk/Public/css/personalCenter.css
INFO: [ app_init ] --START--
INFO: Run Behavior\BuildLiteBehavior [ RunTime:0.000019s ]
INFO: [ app_init ] --END-- [ RunTime:0.000420s ]
ERR: æ— æ³•åŠ è½½æ¨¡å—:Public

[ 2015-08-12T23:09:16+08:00 ] 127.0.0.1 /tk/Public/js/personalCenter.js
INFO: [ app_init ] --START--
INFO: Run Behavior\BuildLiteBehavior [ RunTime:0.000019s ]
INFO: [ app_init ] --END-- [ RunTime:0.000504s ]
ERR: æ— æ³•åŠ è½½æ¨¡å—:Public

[ 2015-08-12T23:09:26+08:00 ] 127.0.0.1 /tk/Public/assets/css/bootstrap-responsive.css
INFO: [ app_init ] --START--
INFO: Run Behavior\BuildLiteBehavior [ RunTime:0.000022s ]
INFO: [ app_init ] --END-- [ RunTime:0.001045s ]
ERR: æ— æ³•åŠ è½½æ¨¡å—:Public

[ 2015-08-12T23:09:26+08:00 ] 127.0.0.1 /tk/Public/css/personalCenter.css
INFO: [ app_init ] --START--
INFO: Run Behavior\BuildLiteBehavior [ RunTime:0.000026s ]
INFO: [ app_init ] --END-- [ RunTime:0.000445s ]
ERR: æ— æ³•åŠ è½½æ¨¡å—:Public

[ 2015-08-12T23:09:26+08:00 ] 127.0.0.1 /tk/Public/js/personalCenter.js
INFO: [ app_init ] --START--
INFO: Run Behavior\BuildLiteBehavior [ RunTime:0.000017s ]
INFO: [ app_init ] --END-- [ RunTime:0.000428s ]
ERR: æ— æ³•åŠ è½½æ¨¡å—:Public

[ 2015-08-12T23:09:40+08:00 ] 127.0.0.1 /tk/Public/assets/css/bootstrap-responsive.css
INFO: [ app_init ] --START--
INFO: Run Behavior\BuildLiteBehavior [ RunTime:0.000019s ]
INFO: [ app_init ] --END-- [ RunTime:0.000428s ]
ERR: æ— æ³•åŠ è½½æ¨¡å—:Public

[ 2015-08-12T23:09:40+08:00 ] 127.0.0.1 /tk/Public/css/personalCenter.css
INFO: [ app_init ] --START--
INFO: Run Behavior\BuildLiteBehavior [ RunTime:0.000018s ]
INFO: [ app_init ] --END-- [ RunTime:0.000439s ]
ERR: æ— æ³•åŠ è½½æ¨¡å—:Public

[ 2015-08-12T23:09:40+08:00 ] 127.0.0.1 /tk/Public/js/personalCenter.js
INFO: [ app_init ] --START--
INFO: Run Behavior\BuildLiteBehavior [ RunTime:0.000018s ]
INFO: [ app_init ] --END-- [ RunTime:0.000463s ]
ERR: æ— æ³•åŠ è½½æ¨¡å—:Public

[ 2015-08-12T23:11:11+08:00 ] 127.0.0.1 /tk/Public/assets/css/bootstrap-responsive.css
INFO: [ app_init ] --START--
INFO: Run Behavior\BuildLiteBehavior [ RunTime:0.000019s ]
INFO: [ app_init ] --END-- [ RunTime:0.000432s ]
ERR: æ— æ³•åŠ è½½æ¨¡å—:Public

[ 2015-08-12T23:11:11+08:00 ] 127.0.0.1 /tk/Public/css/personalCenter.css
INFO: [ app_init ] --START--
INFO: Run Behavior\BuildLiteBehavior [ RunTime:0.000022s ]
INFO: [ app_init ] --END-- [ RunTime:0.000610s ]
ERR: æ— æ³•åŠ è½½æ¨¡å—:Public

[ 2015-08-12T23:11:12+08:00 ] 127.0.0.1 /tk/Public/js/personalCenter.js
INFO: [ app_init ] --START--
INFO: Run Behavior\BuildLiteBehavior [ RunTime:0.000018s ]
INFO: [ app_init ] --END-- [ RunTime:0.000512s ]
ERR: æ— æ³•åŠ è½½æ¨¡å—:Public

[ 2015-08-12T23:17:20+08:00 ] 127.0.0.1 /tk/Public/assets/css/bootstrap-responsive.css
INFO: [ app_init ] --START--
INFO: Run Behavior\BuildLiteBehavior [ RunTime:0.000020s ]
INFO: [ app_init ] --END-- [ RunTime:0.000488s ]
ERR: æ— æ³•åŠ è½½æ¨¡å—:Public

[ 2015-08-12T23:17:20+08:00 ] 127.0.0.1 /tk/Public/css/personalCenter.css
INFO: [ app_init ] --START--
INFO: Run Behavior\BuildLiteBehavior [ RunTime:0.000021s ]
INFO: [ app_init ] --END-- [ RunTime:0.000417s ]
ERR: æ— æ³•åŠ è½½æ¨¡å—:Public

[ 2015-08-12T23:17:20+08:00 ] 127.0.0.1 /tk/Public/js/personalCenter.js
INFO: [ app_init ] --START--
INFO: Run Behavior\BuildLiteBehavior [ RunTime:0.000022s ]
INFO: [ app_init ] --END-- [ RunTime:0.000585s ]
ERR: æ— æ³•åŠ è½½æ¨¡å—:Public

[ 2015-08-12T23:20:08+08:00 ] 127.0.0.1 /tk/Public/assets/css/bootstrap-responsive.css
INFO: [ app_init ] --START--
INFO: Run Behavior\BuildLiteBehavior [ RunTime:0.000019s ]
INFO: [ app_init ] --END-- [ RunTime:0.000459s ]
ERR: æ— æ³•åŠ è½½æ¨¡å—:Public

[ 2015-08-12T23:20:08+08:00 ] 127.0.0.1 /tk/Public/css/personalCenter.css
INFO: [ app_init ] --START--
INFO: Run Behavior\BuildLiteBehavior [ RunTime:0.000021s ]
INFO: [ app_init ] --END-- [ RunTime:0.000467s ]
ERR: æ— æ³•åŠ è½½æ¨¡å—:Public

[ 2015-08-12T23:20:08+08:00 ] 127.0.0.1 /tk/Public/js/personalCenter.js
INFO: [ app_init ] --START--
INFO: Run Behavior\BuildLiteBehavior [ RunTime:0.000020s ]
INFO: [ app_init ] --END-- [ RunTime:0.000542s ]
ERR: æ— æ³•åŠ è½½æ¨¡å—:Public

[ 2015-08-12T23:31:11+08:00 ] 127.0.0.1 /tk/Public/assets/css/bootstrap-responsive.css
INFO: [ app_init ] --START--
INFO: Run Behavior\BuildLiteBehavior [ RunTime:0.000017s ]
INFO: [ app_init ] --END-- [ RunTime:0.000449s ]
ERR: æ— æ³•åŠ è½½æ¨¡å—:Public

[ 2015-08-12T23:31:11+08:00 ] 127.0.0.1 /tk/Public/css/personalCenter.css
INFO: [ app_init ] --START--
INFO: Run Behavior\BuildLiteBehavior [ RunTime:0.000021s ]
INFO: [ app_init ] --END-- [ RunTime:0.000466s ]
ERR: æ— æ³•åŠ è½½æ¨¡å—:Public

[ 2015-08-12T23:31:11+08:00 ] 127.0.0.1 /tk/Public/js/personalCenter.js
INFO: [ app_init ] --START--
INFO: Run Behavior\BuildLiteBehavior [ RunTime:0.000027s ]
INFO: [ app_init ] --END-- [ RunTime:0.000898s ]
ERR: æ— æ³•åŠ è½½æ¨¡å—:Public

