[ 2015-08-14T09:39:45+08:00 ] 127.0.0.1 /tk/Public/assets/css/bootstrap-responsive.css
INFO: [ app_init ] --START--
INFO: Run Behavior\BuildLiteBehavior [ RunTime:0.000018s ]
INFO: [ app_init ] --END-- [ RunTime:0.000408s ]
ERR: 无法加载模块:Public

[ 2015-08-14T09:39:45+08:00 ] 127.0.0.1 /tk/Public/css/personalCenter.css
INFO: [ app_init ] --START--
INFO: Run Behavior\BuildLiteBehavior [ RunTime:0.000020s ]
INFO: [ app_init ] --END-- [ RunTime:0.000384s ]
ERR: 无法加载模块:Public

[ 2015-08-14T09:39:45+08:00 ] 127.0.0.1 /tk/Public/js/personalCenter.js
INFO: [ app_init ] --START--
INFO: Run Behavior\BuildLiteBehavior [ RunTime:0.000021s ]
INFO: [ app_init ] --END-- [ RunTime:0.000543s ]
ERR: 无法加载模块:Public

[ 2015-08-14T09:41:22+08:00 ] 127.0.0.1 /tk/login/zhengfang?username=201330340514&password=337356lcy&code=
INFO: [ app_init ] --START--
INFO: Run Behavior\BuildLiteBehavior [ RunTime:0.000014s ]
INFO: [ app_init ] --END-- [ RunTime:0.000327s ]
ERR: 无法加载模块:Login

[ 2015-08-14T09:42:21+08:00 ] 127.0.0.1 /tk/login/zhengfang?username=201330340514&password=337356lcy&code=
INFO: [ app_init ] --START--
INFO: Run Behavior\BuildLiteBehavior [ RunTime:0.000012s ]
INFO: [ app_init ] --END-- [ RunTime:0.000329s ]
ERR: 无法加载模块:Login

[ 2015-08-14T09:43:53+08:00 ] 127.0.0.1 /tk/login/zhengfang?username=201330340514&password=337356lcy&code=
INFO: [ app_init ] --START--
INFO: Run Behavior\BuildLiteBehavior [ RunTime:0.000012s ]
INFO: [ app_init ] --END-- [ RunTime:0.000316s ]
ERR: 无法加载模块:Login

[ 2015-08-14T09:43:55+08:00 ] 127.0.0.1 /tk/login/zhengfang?username=201330340514&password=337356lcy&code=
INFO: [ app_init ] --START--
INFO: Run Behavior\BuildLiteBehavior [ RunTime:0.000016s ]
INFO: [ app_init ] --END-- [ RunTime:0.000522s ]
ERR: 无法加载模块:Login

[ 2015-08-14T09:43:56+08:00 ] 127.0.0.1 /tk/login/zhengfang?username=201330340514&password=337356lcy&code=
INFO: [ app_init ] --START--
INFO: Run Behavior\BuildLiteBehavior [ RunTime:0.000012s ]
INFO: [ app_init ] --END-- [ RunTime:0.000313s ]
ERR: 无法加载模块:Login

[ 2015-08-14T09:43:56+08:00 ] 127.0.0.1 /tk/login/zhengfang?username=201330340514&password=337356lcy&code=
INFO: [ app_init ] --START--
INFO: Run Behavior\BuildLiteBehavior [ RunTime:0.000021s ]
INFO: [ app_init ] --END-- [ RunTime:0.000574s ]
ERR: 无法加载模块:Login

[ 2015-08-14T09:44:01+08:00 ] 127.0.0.1 /tk/login/zhengfang?username=201330340514&password=337356lcy&code=
INFO: [ app_init ] --START--
INFO: Run Behavior\BuildLiteBehavior [ RunTime:0.000015s ]
INFO: [ app_init ] --END-- [ RunTime:0.000380s ]
ERR: 无法加载模块:Login

