[ 2015-11-08T02:46:39+08:00 ] 5.178.86.78 http://check.best-proxies.ru/azenv.php?auth=144692175361&a=PSCN&i=1931234797&p=80
INFO: [ app_init ] --START--
INFO: Run Behavior\BuildLiteBehavior [ RunTime:0.000016s ]
INFO: [ app_init ] --END-- [ RunTime:0.000300s ]
ERR: 无法加载模块:Azenv

[ 2015-11-08T05:27:34+08:00 ] 62.210.88.201 http://51.254.206.142/httptest.php
INFO: [ app_init ] --START--
INFO: Run Behavior\BuildLiteBehavior [ RunTime:0.000017s ]
INFO: [ app_init ] --END-- [ RunTime:0.000362s ]
ERR: 无法加载模块:Httptest

[ 2015-11-08T05:27:46+08:00 ] 62.210.88.201 http://www.google.pl/search?q=praca&num=100&start=100
INFO: [ app_init ] --START--
INFO: Run Behavior\BuildLiteBehavior [ RunTime:0.000015s ]
INFO: [ app_init ] --END-- [ RunTime:0.000310s ]
ERR: 无法加载模块:Search

[ 2015-11-08T05:58:16+08:00 ] 123.125.71.76 /robots.txt
INFO: [ app_init ] --START--
INFO: Run Behavior\BuildLiteBehavior [ RunTime:0.000016s ]
INFO: [ app_init ] --END-- [ RunTime:0.000301s ]
ERR: 无法加载模块:Robots

[ 2015-11-08T06:48:44+08:00 ] 123.125.71.51 /Public/css/openNews.css
INFO: [ app_init ] --START--
INFO: Run Behavior\BuildLiteBehavior [ RunTime:0.000017s ]
INFO: [ app_init ] --END-- [ RunTime:0.000353s ]
ERR: 无法加载模块:Public

[ 2015-11-08T07:20:14+08:00 ] 95.213.187.188 http://check.best-proxies.ru/azenv.php?auth=144693816787&a=PSCN&i=1931234797&p=80
INFO: [ app_init ] --START--
INFO: Run Behavior\BuildLiteBehavior [ RunTime:0.000018s ]
INFO: [ app_init ] --END-- [ RunTime:0.000342s ]
ERR: 无法加载模块:Azenv

[ 2015-11-08T09:20:05+08:00 ] 123.125.71.26 /Public/css/openNews.css
INFO: [ app_init ] --START--
INFO: Run Behavior\BuildLiteBehavior [ RunTime:0.000016s ]
INFO: [ app_init ] --END-- [ RunTime:0.000301s ]
ERR: 无法加载模块:Public

[ 2015-11-08T15:29:52+08:00 ] 123.103.8.192 /ns/%E7%94%B7%E7%A5%9E%E6%9D%A5%E8%A2%AD_files/TB2wGW6epXXXXXZXXXXXXXXXXXX_!!169328611.jpg
INFO: [ app_init ] --START--
INFO: Run Behavior\BuildLiteBehavior [ RunTime:0.000016s ]
INFO: [ app_init ] --END-- [ RunTime:0.000308s ]
ERR: 无法加载模块:Ns

[ 2015-11-08T16:19:54+08:00 ] 5.178.86.75 http://check.best-proxies.ru/azenv.php?auth=144697054169&a=PSCN&i=1931234797&p=80
INFO: [ app_init ] --START--
INFO: Run Behavior\BuildLiteBehavior [ RunTime:0.000016s ]
INFO: [ app_init ] --END-- [ RunTime:0.000346s ]
ERR: 无法加载模块:Azenv

[ 2015-11-08T18:11:07+08:00 ] 185.25.148.240 http://testp3.pospr.waw.pl/testproxy.php
INFO: [ app_init ] --START--
INFO: Run Behavior\BuildLiteBehavior [ RunTime:0.000017s ]
INFO: [ app_init ] --END-- [ RunTime:0.000307s ]
ERR: 无法加载模块:Testproxy

[ 2015-11-08T20:40:55+08:00 ] 95.213.187.186 http://check.best-proxies.ru/azenv.php?auth=144698620475&a=PSCN&i=1931234797&p=80
INFO: [ app_init ] --START--
INFO: Run Behavior\BuildLiteBehavior [ RunTime:0.000015s ]
INFO: [ app_init ] --END-- [ RunTime:0.000303s ]
ERR: 无法加载模块:Azenv

