[ 2015-11-14T02:22:15+08:00 ] 5.178.86.77 http://check.best-proxies.ru/azenv.php?auth=144743864975&a=PSCN&i=1931234797&p=80
INFO: [ app_init ] --START--
INFO: Run Behavior\BuildLiteBehavior [ RunTime:0.000016s ]
INFO: [ app_init ] --END-- [ RunTime:0.000303s ]
ERR: 无法加载模块:Azenv

[ 2015-11-14T06:50:19+08:00 ] 5.178.86.77 http://check.best-proxies.ru/azenv.php?auth=144745473259&a=PSCN&i=1931234797&p=80
INFO: [ app_init ] --START--
INFO: Run Behavior\BuildLiteBehavior [ RunTime:0.000017s ]
INFO: [ app_init ] --END-- [ RunTime:0.000311s ]
ERR: 无法加载模块:Azenv

[ 2015-11-14T11:19:02+08:00 ] 5.178.86.74 http://check.best-proxies.ru/azenv.php?auth=144747085361&a=PSCN&i=1931234797&p=80
INFO: [ app_init ] --START--
INFO: Run Behavior\BuildLiteBehavior [ RunTime:0.000021s ]
INFO: [ app_init ] --END-- [ RunTime:0.000429s ]
ERR: 无法加载模块:Azenv

[ 2015-11-14T11:24:44+08:00 ] 185.25.148.240 http://testp2.czar.bielawa.pl/testproxy.php
INFO: [ app_init ] --START--
INFO: Run Behavior\BuildLiteBehavior [ RunTime:0.000015s ]
INFO: [ app_init ] --END-- [ RunTime:0.000352s ]
ERR: 无法加载模块:Testproxy

[ 2015-11-14T13:56:13+08:00 ] 222.88.81.123 /html/
INFO: [ app_init ] --START--
INFO: Run Behavior\BuildLiteBehavior [ RunTime:0.000015s ]
INFO: [ app_init ] --END-- [ RunTime:0.000356s ]
ERR: 无法加载模块:Html

[ 2015-11-14T14:29:39+08:00 ] 123.125.71.82 /robots.txt
INFO: [ app_init ] --START--
INFO: Run Behavior\BuildLiteBehavior [ RunTime:0.000015s ]
INFO: [ app_init ] --END-- [ RunTime:0.000347s ]
ERR: 无法加载模块:Robots

[ 2015-11-14T16:03:00+08:00 ] 61.160.213.110 http://zc.qq.com/chs/index.html?type=1
INFO: [ app_init ] --START--
INFO: Run Behavior\BuildLiteBehavior [ RunTime:0.000016s ]
INFO: [ app_init ] --END-- [ RunTime:0.000303s ]
ERR: 无法加载模块:Chs

[ 2015-11-14T20:18:29+08:00 ] 95.213.187.189 http://check.best-proxies.ru/azenv.php?auth=144750321819&a=PSCN&i=1931234797&p=80
INFO: [ app_init ] --START--
INFO: Run Behavior\BuildLiteBehavior [ RunTime:0.000016s ]
INFO: [ app_init ] --END-- [ RunTime:0.000298s ]
ERR: 无法加载模块:Azenv

[ 2015-11-14T20:51:59+08:00 ] 185.49.14.190 http://testp2.czar.bielawa.pl/testproxy.php
INFO: [ app_init ] --START--
INFO: Run Behavior\BuildLiteBehavior [ RunTime:0.000017s ]
INFO: [ app_init ] --END-- [ RunTime:0.000357s ]
ERR: 无法加载模块:Testproxy

[ 2015-11-14T23:28:05+08:00 ] 42.233.248.228 http://61.163.249.11/bmp/account/c/037505099316$0$1447514711003$2974989440$1195838793
INFO: [ app_init ] --START--
INFO: Run Behavior\BuildLiteBehavior [ RunTime:0.000014s ]
INFO: [ app_init ] --END-- [ RunTime:0.000285s ]
ERR: 无法加载模块:Bmp

