[ 2016-02-22T02:38:00+08:00 ] 68.180.230.60 /robots.txt
INFO: [ app_init ] --START--
INFO: Run Behavior\BuildLiteBehavior [ RunTime:0.000064s ]
INFO: [ app_init ] --END-- [ RunTime:0.000353s ]
ERR: 无法加载模块:Robots

[ 2016-02-22T04:19:01+08:00 ] 157.55.39.50 /robots.txt
INFO: [ app_init ] --START--
INFO: Run Behavior\BuildLiteBehavior [ RunTime:0.000016s ]
INFO: [ app_init ] --END-- [ RunTime:0.000363s ]
ERR: 无法加载模块:Robots

[ 2016-02-22T04:50:39+08:00 ] 111.13.102.7 /robots.txt
INFO: [ app_init ] --START--
INFO: Run Behavior\BuildLiteBehavior [ RunTime:0.000016s ]
INFO: [ app_init ] --END-- [ RunTime:0.000336s ]
ERR: 无法加载模块:Robots

[ 2016-02-22T08:32:07+08:00 ] 182.118.22.206 /robots.txt
INFO: [ app_init ] --START--
INFO: Run Behavior\BuildLiteBehavior [ RunTime:0.000023s ]
INFO: [ app_init ] --END-- [ RunTime:0.000562s ]
ERR: 无法加载模块:Robots

[ 2016-02-22T09:41:20+08:00 ] 42.120.160.109 /scausy/Public/css/openNews.css
INFO: [ app_init ] --START--
INFO: Run Behavior\BuildLiteBehavior [ RunTime:0.000015s ]
INFO: [ app_init ] --END-- [ RunTime:0.000300s ]
ERR: 无法加载模块:Public

[ 2016-02-22T10:44:15+08:00 ] 182.118.35.23 /robots.txt
INFO: [ app_init ] --START--
INFO: Run Behavior\BuildLiteBehavior [ RunTime:0.000015s ]
INFO: [ app_init ] --END-- [ RunTime:0.000356s ]
ERR: 无法加载模块:Robots

[ 2016-02-22T13:20:28+08:00 ] 203.208.60.34 /robots.txt
INFO: [ app_init ] --START--
INFO: Run Behavior\BuildLiteBehavior [ RunTime:0.000018s ]
INFO: [ app_init ] --END-- [ RunTime:0.000326s ]
ERR: 无法加载模块:Robots

[ 2016-02-22T16:50:46+08:00 ] 123.125.71.113 /ueditor/server/upload/uploadimages/13361441784577.jpg
INFO: [ app_init ] --START--
INFO: Run Behavior\BuildLiteBehavior [ RunTime:0.000017s ]
INFO: [ app_init ] --END-- [ RunTime:0.000389s ]
ERR: 无法加载模块:Ueditor

[ 2016-02-22T22:15:51+08:00 ] 68.180.230.60 /robots.txt
INFO: [ app_init ] --START--
INFO: Run Behavior\BuildLiteBehavior [ RunTime:0.000018s ]
INFO: [ app_init ] --END-- [ RunTime:0.000318s ]
ERR: 无法加载模块:Robots

[ 2016-02-22T22:58:55+08:00 ] 121.42.0.14 /admin/images/menu-current-arrow.gif
INFO: [ app_init ] --START--
INFO: Run Behavior\BuildLiteBehavior [ RunTime:0.000015s ]
INFO: [ app_init ] --END-- [ RunTime:0.000353s ]
ERR: 无法加载模块:Admin

[ 2016-02-22T22:58:55+08:00 ] 121.42.0.14 /install/images/default/top1_r.jpg
INFO: [ app_init ] --START--
INFO: Run Behavior\BuildLiteBehavior [ RunTime:0.000016s ]
INFO: [ app_init ] --END-- [ RunTime:0.000379s ]
ERR: 无法加载模块:Install

[ 2016-02-22T22:58:57+08:00 ] 121.42.0.14 /upload/200812/20081230023106860.gif
INFO: [ app_init ] --START--
INFO: Run Behavior\BuildLiteBehavior [ RunTime:0.000016s ]
INFO: [ app_init ] --END-- [ RunTime:0.000373s ]
ERR: 无法加载模块:Upload

[ 2016-02-22T22:58:57+08:00 ] 121.42.0.14 /Images/Mlogin/Bitmap02.gif
INFO: [ app_init ] --START--
INFO: Run Behavior\BuildLiteBehavior [ RunTime:0.000018s ]
INFO: [ app_init ] --END-- [ RunTime:0.000382s ]
ERR: 无法加载模块:Images

[ 2016-02-22T22:58:58+08:00 ] 121.42.0.14 /theme/admin/images/upload.gif
INFO: [ app_init ] --START--
INFO: Run Behavior\BuildLiteBehavior [ RunTime:0.000015s ]
INFO: [ app_init ] --END-- [ RunTime:0.000310s ]
ERR: 无法加载模块:Theme

[ 2016-02-22T22:59:02+08:00 ] 121.42.0.14 /admin/image/menu_h4.png
INFO: [ app_init ] --START--
INFO: Run Behavior\BuildLiteBehavior [ RunTime:0.000016s ]
INFO: [ app_init ] --END-- [ RunTime:0.000306s ]
ERR: 无法加载模块:Admin

[ 2016-02-22T22:59:03+08:00 ] 121.42.0.14 /images/list_bg.png
INFO: [ app_init ] --START--
INFO: Run Behavior\BuildLiteBehavior [ RunTime:0.000015s ]
INFO: [ app_init ] --END-- [ RunTime:0.000350s ]
ERR: 无法加载模块:Images

[ 2016-02-22T22:59:03+08:00 ] 121.42.0.14 /data/admin/allowurl.txt
INFO: [ app_init ] --START--
INFO: Run Behavior\BuildLiteBehavior [ RunTime:0.000016s ]
INFO: [ app_init ] --END-- [ RunTime:0.000308s ]
ERR: 无法加载模块:Data

[ 2016-02-22T22:59:03+08:00 ] 121.42.0.14 /include/data/vdcode.jpg
INFO: [ app_init ] --START--
INFO: Run Behavior\BuildLiteBehavior [ RunTime:0.000015s ]
INFO: [ app_init ] --END-- [ RunTime:0.000350s ]
ERR: 无法加载模块:Include

[ 2016-02-22T22:59:03+08:00 ] 121.42.0.14 /images/loadinglit.gif
INFO: [ app_init ] --START--
INFO: Run Behavior\BuildLiteBehavior [ RunTime:0.000016s ]
INFO: [ app_init ] --END-- [ RunTime:0.000384s ]
ERR: 无法加载模块:Images

[ 2016-02-22T22:59:03+08:00 ] 121.42.0.14 /plus/img/wbg.gif
INFO: [ app_init ] --START--
INFO: Run Behavior\BuildLiteBehavior [ RunTime:0.000015s ]
INFO: [ app_init ] --END-- [ RunTime:0.000296s ]
ERR: 无法加载模块:Plus

[ 2016-02-22T22:59:04+08:00 ] 121.42.0.14 /data/cache/index.htm
INFO: [ app_init ] --START--
INFO: Run Behavior\BuildLiteBehavior [ RunTime:0.000016s ]
INFO: [ app_init ] --END-- [ RunTime:0.000365s ]
ERR: 无法加载模块:Data

[ 2016-02-22T22:59:04+08:00 ] 121.42.0.14 /templets/default/images/ico-3.gif
INFO: [ app_init ] --START--
INFO: Run Behavior\BuildLiteBehavior [ RunTime:0.000015s ]
INFO: [ app_init ] --END-- [ RunTime:0.000296s ]
ERR: 无法加载模块:Templets

[ 2016-02-22T22:59:04+08:00 ] 121.42.0.14 /images/topbanner_bg.png
INFO: [ app_init ] --START--
INFO: Run Behavior\BuildLiteBehavior [ RunTime:0.000019s ]
INFO: [ app_init ] --END-- [ RunTime:0.000342s ]
ERR: 无法加载模块:Images

[ 2016-02-22T22:59:04+08:00 ] 121.42.0.14 /system/images/lnk/system.gif
INFO: [ app_init ] --START--
INFO: Run Behavior\BuildLiteBehavior [ RunTime:0.000015s ]
INFO: [ app_init ] --END-- [ RunTime:0.000300s ]
ERR: 无法加载模块:System

[ 2016-02-22T22:59:04+08:00 ] 121.42.0.14 /images/confirm_close.gif
INFO: [ app_init ] --START--
INFO: Run Behavior\BuildLiteBehavior [ RunTime:0.000015s ]
INFO: [ app_init ] --END-- [ RunTime:0.000355s ]
ERR: 无法加载模块:Images

[ 2016-02-22T22:59:05+08:00 ] 121.42.0.14 /user/images/must.gif
INFO: [ app_init ] --START--
INFO: Run Behavior\BuildLiteBehavior [ RunTime:0.000016s ]
INFO: [ app_init ] --END-- [ RunTime:0.000302s ]
ERR: 无法加载模块:User

[ 2016-02-22T22:59:05+08:00 ] 121.42.0.14 /template/images/li1.gif
INFO: [ app_init ] --START--
INFO: Run Behavior\BuildLiteBehavior [ RunTime:0.000015s ]
INFO: [ app_init ] --END-- [ RunTime:0.000298s ]
ERR: 无法加载模块:Template

[ 2016-02-22T22:59:05+08:00 ] 121.42.0.14 /favicon.ico
INFO: [ app_init ] --START--
INFO: Run Behavior\BuildLiteBehavior [ RunTime:0.000015s ]
INFO: [ app_init ] --END-- [ RunTime:0.000353s ]
ERR: 无法加载模块:Favicon

[ 2016-02-22T22:59:08+08:00 ] 121.42.0.14 /editors/index.html
INFO: [ app_init ] --START--
INFO: Run Behavior\BuildLiteBehavior [ RunTime:0.000018s ]
INFO: [ app_init ] --END-- [ RunTime:0.000320s ]
ERR: 无法加载模块:Editors

[ 2016-02-22T22:59:08+08:00 ] 121.42.0.14 /images/samples/4_small.jpg
INFO: [ app_init ] --START--
INFO: Run Behavior\BuildLiteBehavior [ RunTime:0.000016s ]
INFO: [ app_init ] --END-- [ RunTime:0.000356s ]
ERR: 无法加载模块:Images

[ 2016-02-22T22:59:10+08:00 ] 121.42.0.14 /includes/templates/template_default/images/always-free-shipping.gif
INFO: [ app_init ] --START--
INFO: Run Behavior\BuildLiteBehavior [ RunTime:0.000016s ]
INFO: [ app_init ] --END-- [ RunTime:0.000353s ]
ERR: 无法加载模块:Includes

[ 2016-02-22T22:59:10+08:00 ] 121.42.0.14 /includes/templates/template_default/buttons/english/button_tell_a_friend.gif
INFO: [ app_init ] --START--
INFO: Run Behavior\BuildLiteBehavior [ RunTime:0.000015s ]
INFO: [ app_init ] --END-- [ RunTime:0.000335s ]
ERR: 无法加载模块:Includes

[ 2016-02-22T22:59:11+08:00 ] 121.42.0.14 /admin/images/login/index_hz02.gif
INFO: [ app_init ] --START--
INFO: Run Behavior\BuildLiteBehavior [ RunTime:0.000016s ]
INFO: [ app_init ] --END-- [ RunTime:0.000368s ]
ERR: 无法加载模块:Admin

[ 2016-02-22T22:59:11+08:00 ] 121.42.0.14 /admin/images/login/index_hz03.gif
INFO: [ app_init ] --START--
INFO: Run Behavior\BuildLiteBehavior [ RunTime:0.000016s ]
INFO: [ app_init ] --END-- [ RunTime:0.000304s ]
ERR: 无法加载模块:Admin

[ 2016-02-22T22:59:11+08:00 ] 121.42.0.14 /images/default/ico_loading3.gif
INFO: [ app_init ] --START--
INFO: Run Behavior\BuildLiteBehavior [ RunTime:0.000016s ]
INFO: [ app_init ] --END-- [ RunTime:0.000301s ]
ERR: 无法加载模块:Images

[ 2016-02-22T22:59:20+08:00 ] 121.42.0.14 /images/gengtie.jpg
INFO: [ app_init ] --START--
INFO: Run Behavior\BuildLiteBehavior [ RunTime:0.000016s ]
INFO: [ app_init ] --END-- [ RunTime:0.000296s ]
ERR: 无法加载模块:Images

[ 2016-02-22T22:59:20+08:00 ] 121.42.0.14 /README.txt
INFO: [ app_init ] --START--
INFO: Run Behavior\BuildLiteBehavior [ RunTime:0.000016s ]
INFO: [ app_init ] --END-- [ RunTime:0.000309s ]
ERR: 无法加载模块:README

[ 2016-02-22T22:59:21+08:00 ] 121.42.0.14 /themes/README.txt
INFO: [ app_init ] --START--
INFO: Run Behavior\BuildLiteBehavior [ RunTime:0.000015s ]
INFO: [ app_init ] --END-- [ RunTime:0.000295s ]
ERR: 无法加载模块:Themes

[ 2016-02-22T22:59:23+08:00 ] 121.42.0.14 /store/Images/hdfk.gif
INFO: [ app_init ] --START--
INFO: Run Behavior\BuildLiteBehavior [ RunTime:0.000018s ]
INFO: [ app_init ] --END-- [ RunTime:0.000314s ]
ERR: 无法加载模块:Store

[ 2016-02-22T22:59:23+08:00 ] 121.42.0.14 /skins/doccms_model_1/images/bg_contact_a.png
INFO: [ app_init ] --START--
INFO: Run Behavior\BuildLiteBehavior [ RunTime:0.000017s ]
INFO: [ app_init ] --END-- [ RunTime:0.000311s ]
ERR: 无法加载模块:Skins

[ 2016-02-22T22:59:24+08:00 ] 121.42.0.14 /admini/images/s_managehtml/icon_refresh.png
INFO: [ app_init ] --START--
INFO: Run Behavior\BuildLiteBehavior [ RunTime:0.000016s ]
INFO: [ app_init ] --END-- [ RunTime:0.000300s ]
ERR: 无法加载模块:Admini

[ 2016-02-22T22:59:24+08:00 ] 121.42.0.14 /Admin/Images/Icon-Nav-Close-over.gif
INFO: [ app_init ] --START--
INFO: Run Behavior\BuildLiteBehavior [ RunTime:0.000016s ]
INFO: [ app_init ] --END-- [ RunTime:0.000354s ]
ERR: 无法加载模块:Admin

[ 2016-02-22T22:59:24+08:00 ] 121.42.0.14 /images/menu_righttop.gif
INFO: [ app_init ] --START--
INFO: Run Behavior\BuildLiteBehavior [ RunTime:0.000016s ]
INFO: [ app_init ] --END-- [ RunTime:0.000447s ]
ERR: 无法加载模块:Images

[ 2016-02-22T22:59:24+08:00 ] 121.42.0.14 /face/5.gif
INFO: [ app_init ] --START--
INFO: Run Behavior\BuildLiteBehavior [ RunTime:0.000015s ]
INFO: [ app_init ] --END-- [ RunTime:0.000295s ]
ERR: 无法加载模块:Face

[ 2016-02-22T22:59:31+08:00 ] 121.42.0.14 /Public/img_loading.gif
INFO: [ app_init ] --START--
INFO: Run Behavior\BuildLiteBehavior [ RunTime:0.000037s ]
INFO: [ app_init ] --END-- [ RunTime:0.000697s ]
ERR: 无法加载模块:Public

[ 2016-02-22T22:59:31+08:00 ] 121.42.0.14 /robots.txt
INFO: [ app_init ] --START--
INFO: Run Behavior\BuildLiteBehavior [ RunTime:0.000015s ]
INFO: [ app_init ] --END-- [ RunTime:0.000297s ]
ERR: 无法加载模块:Robots

[ 2016-02-22T22:59:31+08:00 ] 121.42.0.14 /system/images/tab_17.gif
INFO: [ app_init ] --START--
INFO: Run Behavior\BuildLiteBehavior [ RunTime:0.000016s ]
INFO: [ app_init ] --END-- [ RunTime:0.000356s ]
ERR: 无法加载模块:System

[ 2016-02-22T22:59:32+08:00 ] 121.42.0.14 /admin/images/tab_17.gif
INFO: [ app_init ] --START--
INFO: Run Behavior\BuildLiteBehavior [ RunTime:0.000015s ]
INFO: [ app_init ] --END-- [ RunTime:0.000296s ]
ERR: 无法加载模块:Admin

[ 2016-02-22T22:59:32+08:00 ] 121.42.0.14 /admin/images/top_tt_bg.gif
INFO: [ app_init ] --START--
INFO: Run Behavior\BuildLiteBehavior [ RunTime:0.000015s ]
INFO: [ app_init ] --END-- [ RunTime:0.000294s ]
ERR: 无法加载模块:Admin

[ 2016-02-22T22:59:32+08:00 ] 121.42.0.14 /m/_/images/fileicon/jpg.png
INFO: [ app_init ] --START--
INFO: Run Behavior\BuildLiteBehavior [ RunTime:0.000015s ]
INFO: [ app_init ] --END-- [ RunTime:0.000377s ]
ERR: 无法加载模块:M

[ 2016-02-22T22:59:32+08:00 ] 121.42.0.14 /Public/img/fotorama.png
INFO: [ app_init ] --START--
INFO: Run Behavior\BuildLiteBehavior [ RunTime:0.000024s ]
INFO: [ app_init ] --END-- [ RunTime:0.000491s ]
ERR: 无法加载模块:Public

[ 2016-02-22T22:59:32+08:00 ] 121.42.0.14 /inc_img/vote/vote2_1.gif
INFO: [ app_init ] --START--
INFO: Run Behavior\BuildLiteBehavior [ RunTime:0.000016s ]
INFO: [ app_init ] --END-- [ RunTime:0.000359s ]
ERR: 无法加载模块:Inc_img

[ 2016-02-22T22:59:33+08:00 ] 121.42.0.14 /admin/images/login/login_submit.gif
INFO: [ app_init ] --START--
INFO: Run Behavior\BuildLiteBehavior [ RunTime:0.000015s ]
INFO: [ app_init ] --END-- [ RunTime:0.000352s ]
ERR: 无法加载模块:Admin

[ 2016-02-22T22:59:33+08:00 ] 121.42.0.14 /images/webZx_bg.jpg
INFO: [ app_init ] --START--
INFO: Run Behavior\BuildLiteBehavior [ RunTime:0.000015s ]
INFO: [ app_init ] --END-- [ RunTime:0.000365s ]
ERR: 无法加载模块:Images

[ 2016-02-22T22:59:33+08:00 ] 121.42.0.14 /skins/images/ico_catalogue.png
INFO: [ app_init ] --START--
INFO: Run Behavior\BuildLiteBehavior [ RunTime:0.000015s ]
INFO: [ app_init ] --END-- [ RunTime:0.000308s ]
ERR: 无法加载模块:Skins

[ 2016-02-22T22:59:33+08:00 ] 121.42.0.14 /images/logout1.png
INFO: [ app_init ] --START--
INFO: Run Behavior\BuildLiteBehavior [ RunTime:0.000016s ]
INFO: [ app_init ] --END-- [ RunTime:0.000361s ]
ERR: 无法加载模块:Images

[ 2016-02-22T22:59:34+08:00 ] 121.42.0.14 /forum/images/logout1.png
INFO: [ app_init ] --START--
INFO: Run Behavior\BuildLiteBehavior [ RunTime:0.000019s ]
INFO: [ app_init ] --END-- [ RunTime:0.000357s ]
ERR: 无法加载模块:Forum

[ 2016-02-22T22:59:34+08:00 ] 121.42.0.14 /console/images/bg11.jpg
INFO: [ app_init ] --START--
INFO: Run Behavior\BuildLiteBehavior [ RunTime:0.000015s ]
INFO: [ app_init ] --END-- [ RunTime:0.000304s ]
ERR: 无法加载模块:Console

[ 2016-02-22T22:59:34+08:00 ] 121.42.0.14 /console/images/login.gif
INFO: [ app_init ] --START--
INFO: Run Behavior\BuildLiteBehavior [ RunTime:0.000017s ]
INFO: [ app_init ] --END-- [ RunTime:0.000354s ]
ERR: 无法加载模块:Console

[ 2016-02-22T22:59:34+08:00 ] 121.42.0.14 /images-global/zoom/zoom-caption-fill.png
INFO: [ app_init ] --START--
INFO: Run Behavior\BuildLiteBehavior [ RunTime:0.000015s ]
INFO: [ app_init ] --END-- [ RunTime:0.000299s ]
ERR: 无法加载模块:Images-global

[ 2016-02-22T22:59:34+08:00 ] 121.42.0.14 /statics/blueth.gif
INFO: [ app_init ] --START--
INFO: Run Behavior\BuildLiteBehavior [ RunTime:0.000016s ]
INFO: [ app_init ] --END-- [ RunTime:0.000296s ]
ERR: 无法加载模块:Statics

[ 2016-02-22T22:59:35+08:00 ] 121.42.0.14 /statics/arrowleft-orange.gif
INFO: [ app_init ] --START--
INFO: Run Behavior\BuildLiteBehavior [ RunTime:0.000015s ]
INFO: [ app_init ] --END-- [ RunTime:0.000355s ]
ERR: 无法加载模块:Statics

[ 2016-02-22T22:59:35+08:00 ] 121.42.0.14 /favicon.ico
INFO: [ app_init ] --START--
INFO: Run Behavior\BuildLiteBehavior [ RunTime:0.000016s ]
INFO: [ app_init ] --END-- [ RunTime:0.000353s ]
ERR: 无法加载模块:Favicon

[ 2016-02-22T22:59:35+08:00 ] 121.42.0.14 /admin/images/netgather_com.gif
INFO: [ app_init ] --START--
INFO: Run Behavior\BuildLiteBehavior [ RunTime:0.000015s ]
INFO: [ app_init ] --END-- [ RunTime:0.000361s ]
ERR: 无法加载模块:Admin

[ 2016-02-22T22:59:37+08:00 ] 121.42.0.14 /themes/forum/default/images/forum/lock.gif
INFO: [ app_init ] --START--
INFO: Run Behavior\BuildLiteBehavior [ RunTime:0.000017s ]
INFO: [ app_init ] --END-- [ RunTime:0.000364s ]
ERR: 无法加载模块:Themes

[ 2016-02-22T22:59:42+08:00 ] 121.42.0.14 /favicon.ico
INFO: [ app_init ] --START--
INFO: Run Behavior\BuildLiteBehavior [ RunTime:0.000015s ]
INFO: [ app_init ] --END-- [ RunTime:0.000397s ]
ERR: 无法加载模块:Favicon

[ 2016-02-22T22:59:42+08:00 ] 121.42.0.14 /js/pw_ajax.js
INFO: [ app_init ] --START--
INFO: Run Behavior\BuildLiteBehavior [ RunTime:0.000015s ]
INFO: [ app_init ] --END-- [ RunTime:0.000296s ]
ERR: 无法加载模块:Js

[ 2016-02-22T22:59:43+08:00 ] 121.42.0.14 /licence.txt
INFO: [ app_init ] --START--
INFO: Run Behavior\BuildLiteBehavior [ RunTime:0.000016s ]
INFO: [ app_init ] --END-- [ RunTime:0.000351s ]
ERR: 无法加载模块:Licence

[ 2016-02-22T22:59:43+08:00 ] 121.42.0.14 /include/image/dui_r.gif
INFO: [ app_init ] --START--
INFO: Run Behavior\BuildLiteBehavior [ RunTime:0.000015s ]
INFO: [ app_init ] --END-- [ RunTime:0.000299s ]
ERR: 无法加载模块:Include

[ 2016-02-22T22:59:43+08:00 ] 121.42.0.14 /template/default/index/images/anvico.png
INFO: [ app_init ] --START--
INFO: Run Behavior\BuildLiteBehavior [ RunTime:0.000016s ]
INFO: [ app_init ] --END-- [ RunTime:0.000311s ]
ERR: 无法加载模块:Template

[ 2016-02-22T22:59:43+08:00 ] 121.42.0.14 /skin/default/image/add_job.gif
INFO: [ app_init ] --START--
INFO: Run Behavior\BuildLiteBehavior [ RunTime:0.000017s ]
INFO: [ app_init ] --END-- [ RunTime:0.000304s ]
ERR: 无法加载模块:Skin

[ 2016-02-22T22:59:46+08:00 ] 121.42.0.14 /inc/templates/manage/images/cross_grey_small.png
INFO: [ app_init ] --START--
INFO: Run Behavior\BuildLiteBehavior [ RunTime:0.000015s ]
INFO: [ app_init ] --END-- [ RunTime:0.000295s ]
ERR: 无法加载模块:Inc

[ 2016-02-22T22:59:50+08:00 ] 121.42.0.14 /admin/views/images/admindex_itembg.gif
INFO: [ app_init ] --START--
INFO: Run Behavior\BuildLiteBehavior [ RunTime:0.000016s ]
INFO: [ app_init ] --END-- [ RunTime:0.000335s ]
ERR: 无法加载模块:Admin

[ 2016-02-22T22:59:53+08:00 ] 121.42.0.14 /admin/templates/met/images/logosmall.gif
INFO: [ app_init ] --START--
INFO: Run Behavior\BuildLiteBehavior [ RunTime:0.000016s ]
INFO: [ app_init ] --END-- [ RunTime:0.000301s ]
ERR: 无法加载模块:Admin

[ 2016-02-22T22:59:53+08:00 ] 121.42.0.14 /favicon.ico
INFO: [ app_init ] --START--
INFO: Run Behavior\BuildLiteBehavior [ RunTime:0.000015s ]
INFO: [ app_init ] --END-- [ RunTime:0.000300s ]
ERR: 无法加载模块:Favicon

[ 2016-02-22T22:59:53+08:00 ] 121.42.0.14 /job/templates/met/css/style.css
INFO: [ app_init ] --START--
INFO: Run Behavior\BuildLiteBehavior [ RunTime:0.000017s ]
INFO: [ app_init ] --END-- [ RunTime:0.000345s ]
ERR: 无法加载模块:Job

[ 2016-02-22T22:59:53+08:00 ] 121.42.0.14 /wap/templates/met/images/listico.gif
INFO: [ app_init ] --START--
INFO: Run Behavior\BuildLiteBehavior [ RunTime:0.000015s ]
INFO: [ app_init ] --END-- [ RunTime:0.000308s ]
ERR: 无法加载模块:Wap

[ 2016-02-22T22:59:56+08:00 ] 121.42.0.14 /images/wap_logo.png
INFO: [ app_init ] --START--
INFO: Run Behavior\BuildLiteBehavior [ RunTime:0.000016s ]
INFO: [ app_init ] --END-- [ RunTime:0.000359s ]
ERR: 无法加载模块:Images

[ 2016-02-22T23:00:00+08:00 ] 121.42.0.14 /favicon.ico
INFO: [ app_init ] --START--
INFO: Run Behavior\BuildLiteBehavior [ RunTime:0.000015s ]
INFO: [ app_init ] --END-- [ RunTime:0.000299s ]
ERR: 无法加载模块:Favicon

[ 2016-02-22T23:00:01+08:00 ] 121.42.0.14 /Images/estar.gif
INFO: [ app_init ] --START--
INFO: Run Behavior\BuildLiteBehavior [ RunTime:0.000015s ]
INFO: [ app_init ] --END-- [ RunTime:0.000296s ]
ERR: 无法加载模块:Images

[ 2016-02-22T23:00:01+08:00 ] 121.42.0.14 /Template/Default/Layout/1s2s2/ico.gif
INFO: [ app_init ] --START--
INFO: Run Behavior\BuildLiteBehavior [ RunTime:0.000015s ]
INFO: [ app_init ] --END-- [ RunTime:0.000298s ]
ERR: 无法加载模块:Template

[ 2016-02-22T23:00:01+08:00 ] 121.42.0.14 /t3/style/css/common/card.css
INFO: [ app_init ] --START--
INFO: Run Behavior\BuildLiteBehavior [ RunTime:0.000016s ]
INFO: [ app_init ] --END-- [ RunTime:0.000305s ]
ERR: 无法加载模块:T3

[ 2016-02-22T23:00:01+08:00 ] 121.42.0.14 /images/admina/logo.png
INFO: [ app_init ] --START--
INFO: Run Behavior\BuildLiteBehavior [ RunTime:0.000016s ]
INFO: [ app_init ] --END-- [ RunTime:0.000297s ]
ERR: 无法加载模块:Images

[ 2016-02-22T23:00:01+08:00 ] 121.42.0.14 /images/admina/sitmap0.png
INFO: [ app_init ] --START--
INFO: Run Behavior\BuildLiteBehavior [ RunTime:0.000017s ]
INFO: [ app_init ] --END-- [ RunTime:0.000342s ]
ERR: 无法加载模块:Images

[ 2016-02-22T23:00:02+08:00 ] 121.42.0.14 /e/tool/feedback/temp/test.txt
INFO: [ app_init ] --START--
INFO: Run Behavior\BuildLiteBehavior [ RunTime:0.000016s ]
INFO: [ app_init ] --END-- [ RunTime:0.000473s ]
ERR: 无法加载模块:E

[ 2016-02-22T23:00:02+08:00 ] 121.42.0.14 /e/data/ecmseditor/images/blank.html
INFO: [ app_init ] --START--
INFO: Run Behavior\BuildLiteBehavior [ RunTime:0.000016s ]
INFO: [ app_init ] --END-- [ RunTime:0.000359s ]
ERR: 无法加载模块:E

[ 2016-02-22T23:00:02+08:00 ] 121.42.0.14 /robots.txt
INFO: [ app_init ] --START--
INFO: Run Behavior\BuildLiteBehavior [ RunTime:0.000016s ]
INFO: [ app_init ] --END-- [ RunTime:0.000358s ]
ERR: 无法加载模块:Robots

[ 2016-02-22T23:00:02+08:00 ] 121.42.0.14 /robots.txt
INFO: [ app_init ] --START--
INFO: Run Behavior\BuildLiteBehavior [ RunTime:0.000015s ]
INFO: [ app_init ] --END-- [ RunTime:0.000348s ]
ERR: 无法加载模块:Robots

[ 2016-02-22T23:00:02+08:00 ] 121.42.0.14 /siteserver/pic/company/logo.gif
INFO: [ app_init ] --START--
INFO: Run Behavior\BuildLiteBehavior [ RunTime:0.000016s ]
INFO: [ app_init ] --END-- [ RunTime:0.000325s ]
ERR: 无法加载模块:Siteserver

[ 2016-02-22T23:00:03+08:00 ] 121.42.0.14 /system/blue_point.png
INFO: [ app_init ] --START--
INFO: Run Behavior\BuildLiteBehavior [ RunTime:0.000015s ]
INFO: [ app_init ] --END-- [ RunTime:0.000357s ]
ERR: 无法加载模块:System

[ 2016-02-22T23:00:03+08:00 ] 121.42.0.14 /admin/Tpl/default/Common/images/blank.gif
INFO: [ app_init ] --START--
INFO: Run Behavior\BuildLiteBehavior [ RunTime:0.000015s ]
INFO: [ app_init ] --END-- [ RunTime:0.000315s ]
ERR: 无法加载模块:Admin

[ 2016-02-22T23:00:03+08:00 ] 121.42.0.14 /statics/images/applst_lbg.jpg
INFO: [ app_init ] --START--
INFO: Run Behavior\BuildLiteBehavior [ RunTime:0.000016s ]
INFO: [ app_init ] --END-- [ RunTime:0.000300s ]
ERR: 无法加载模块:Statics

[ 2016-02-22T23:00:03+08:00 ] 121.42.0.14 /statics/images/icon/error.png
INFO: [ app_init ] --START--
INFO: Run Behavior\BuildLiteBehavior [ RunTime:0.000016s ]
INFO: [ app_init ] --END-- [ RunTime:0.000305s ]
ERR: 无法加载模块:Statics

[ 2016-02-22T23:00:04+08:00 ] 121.42.0.14 /robots.txt
INFO: [ app_init ] --START--
INFO: Run Behavior\BuildLiteBehavior [ RunTime:0.000024s ]
INFO: [ app_init ] --END-- [ RunTime:0.000336s ]
ERR: 无法加载模块:Robots

[ 2016-02-22T23:00:04+08:00 ] 121.42.0.14 /favicon.ico
INFO: [ app_init ] --START--
INFO: Run Behavior\BuildLiteBehavior [ RunTime:0.000016s ]
INFO: [ app_init ] --END-- [ RunTime:0.000377s ]
ERR: 无法加载模块:Favicon

[ 2016-02-22T23:00:04+08:00 ] 121.42.0.14 /images/buddies.png
INFO: [ app_init ] --START--
INFO: Run Behavior\BuildLiteBehavior [ RunTime:0.000016s ]
INFO: [ app_init ] --END-- [ RunTime:0.000308s ]
ERR: 无法加载模块:Images

[ 2016-02-22T23:00:04+08:00 ] 121.42.0.14 /script/valid_formdata.js
INFO: [ app_init ] --START--
INFO: Run Behavior\BuildLiteBehavior [ RunTime:0.000015s ]
INFO: [ app_init ] --END-- [ RunTime:0.000299s ]
ERR: 无法加载模块:Script

[ 2016-02-22T23:00:04+08:00 ] 121.42.0.14 /images/ad_location_middle_center1.jpg
INFO: [ app_init ] --START--
INFO: Run Behavior\BuildLiteBehavior [ RunTime:0.000015s ]
INFO: [ app_init ] --END-- [ RunTime:0.000308s ]
ERR: 无法加载模块:Images

[ 2016-02-22T23:00:05+08:00 ] 121.42.0.14 /theme/t1/themebg_preview.jpg
INFO: [ app_init ] --START--
INFO: Run Behavior\BuildLiteBehavior [ RunTime:0.000015s ]
INFO: [ app_init ] --END-- [ RunTime:0.000309s ]
ERR: 无法加载模块:Theme

[ 2016-02-22T23:00:05+08:00 ] 121.42.0.14 /images/table_bg.jpg
INFO: [ app_init ] --START--
INFO: Run Behavior\BuildLiteBehavior [ RunTime:0.000015s ]
INFO: [ app_init ] --END-- [ RunTime:0.000318s ]
ERR: 无法加载模块:Images

[ 2016-02-22T23:00:05+08:00 ] 121.42.0.14 /images/ext/midi.gif
INFO: [ app_init ] --START--
INFO: Run Behavior\BuildLiteBehavior [ RunTime:0.000016s ]
INFO: [ app_init ] --END-- [ RunTime:0.000300s ]
ERR: 无法加载模块:Images

[ 2016-02-22T23:00:05+08:00 ] 121.42.0.14 /data/setmealimg/3.gif
INFO: [ app_init ] --START--
INFO: Run Behavior\BuildLiteBehavior [ RunTime:0.000016s ]
INFO: [ app_init ] --END-- [ RunTime:0.000300s ]
ERR: 无法加载模块:Data

[ 2016-02-22T23:00:05+08:00 ] 121.42.0.14 /admin/images/admin_submit.jpg
INFO: [ app_init ] --START--
INFO: Run Behavior\BuildLiteBehavior [ RunTime:0.000016s ]
INFO: [ app_init ] --END-- [ RunTime:0.000299s ]
ERR: 无法加载模块:Admin

[ 2016-02-22T23:00:06+08:00 ] 121.42.0.14 /include/payment/logo/remittance.gif
INFO: [ app_init ] --START--
INFO: Run Behavior\BuildLiteBehavior [ RunTime:0.000016s ]
INFO: [ app_init ] --END-- [ RunTime:0.000329s ]
ERR: 无法加载模块:Include

[ 2016-02-22T23:00:06+08:00 ] 121.42.0.14 /views/default/skin/blue/images/front/buying.gif
INFO: [ app_init ] --START--
INFO: Run Behavior\BuildLiteBehavior [ RunTime:0.000015s ]
INFO: [ app_init ] --END-- [ RunTime:0.000303s ]
ERR: 无法加载模块:Views

[ 2016-02-22T23:00:06+08:00 ] 121.42.0.14 /install/images/guide_1.gif
INFO: [ app_init ] --START--
INFO: Run Behavior\BuildLiteBehavior [ RunTime:0.000016s ]
INFO: [ app_init ] --END-- [ RunTime:0.000299s ]
ERR: 无法加载模块:Install

[ 2016-02-22T23:00:06+08:00 ] 121.42.0.14 /upload/2011/11/30/20111130113535527.jpg
INFO: [ app_init ] --START--
INFO: Run Behavior\BuildLiteBehavior [ RunTime:0.000017s ]
INFO: [ app_init ] --END-- [ RunTime:0.000352s ]
ERR: 无法加载模块:Upload

[ 2016-02-22T23:00:07+08:00 ] 121.42.0.14 /plus/weather/icon/a_12.gif
INFO: [ app_init ] --START--
INFO: Run Behavior\BuildLiteBehavior [ RunTime:0.000031s ]
INFO: [ app_init ] --END-- [ RunTime:0.000697s ]
ERR: 无法加载模块:Plus

[ 2016-02-22T23:00:07+08:00 ] 121.42.0.14 /question/images/face/images/ico_face_arrow.gif
INFO: [ app_init ] --START--
INFO: Run Behavior\BuildLiteBehavior [ RunTime:0.000016s ]
INFO: [ app_init ] --END-- [ RunTime:0.000364s ]
ERR: 无法加载模块:Question

[ 2016-02-22T23:00:07+08:00 ] 121.42.0.14 /wp-includes/images/icon-pointer-flag.png
INFO: [ app_init ] --START--
INFO: Run Behavior\BuildLiteBehavior [ RunTime:0.000015s ]
INFO: [ app_init ] --END-- [ RunTime:0.000356s ]
ERR: 无法加载模块:Wp-includes

[ 2016-02-22T23:00:07+08:00 ] 121.42.0.14 /wp-admin/images/yes.png
INFO: [ app_init ] --START--
INFO: Run Behavior\BuildLiteBehavior [ RunTime:0.000016s ]
INFO: [ app_init ] --END-- [ RunTime:0.000304s ]
ERR: 无法加载模块:Wp-admin

[ 2016-02-22T23:00:07+08:00 ] 121.42.0.14 /wp-includes/js/swfobject.js
INFO: [ app_init ] --START--
INFO: Run Behavior\BuildLiteBehavior [ RunTime:0.000016s ]
INFO: [ app_init ] --END-- [ RunTime:0.000297s ]
ERR: 无法加载模块:Wp-includes

[ 2016-02-22T23:00:08+08:00 ] 121.42.0.14 /base/admin/images/linksup.gif
INFO: [ app_init ] --START--
INFO: Run Behavior\BuildLiteBehavior [ RunTime:0.000015s ]
INFO: [ app_init ] --END-- [ RunTime:0.000296s ]
ERR: 无法加载模块:Base

[ 2016-02-22T23:00:08+08:00 ] 121.42.0.14 /base/templates/images/2.png
INFO: [ app_init ] --START--
INFO: Run Behavior\BuildLiteBehavior [ RunTime:0.000016s ]
INFO: [ app_init ] --END-- [ RunTime:0.000368s ]
ERR: 无法加载模块:Base

[ 2016-02-22T23:00:08+08:00 ] 121.42.0.14 /zb_users/AVATAR/0.png
INFO: [ app_init ] --START--
INFO: Run Behavior\BuildLiteBehavior [ RunTime:0.000016s ]
INFO: [ app_init ] --END-- [ RunTime:0.000304s ]
ERR: 无法加载模块:Zb_users

[ 2016-02-22T23:00:08+08:00 ] 121.42.0.14 /zb_users/avatar/0.png
INFO: [ app_init ] --START--
INFO: Run Behavior\BuildLiteBehavior [ RunTime:0.000016s ]
INFO: [ app_init ] --END-- [ RunTime:0.000362s ]
ERR: 无法加载模块:Zb_users

[ 2016-02-22T23:00:11+08:00 ] 121.42.0.14 /images/forum_readme.gif
INFO: [ app_init ] --START--
INFO: Run Behavior\BuildLiteBehavior [ RunTime:0.000016s ]
INFO: [ app_init ] --END-- [ RunTime:0.000303s ]
ERR: 无法加载模块:Images

[ 2016-02-22T23:00:11+08:00 ] 121.42.0.14 /img/images/commentLoad.gif
INFO: [ app_init ] --START--
INFO: Run Behavior\BuildLiteBehavior [ RunTime:0.000015s ]
INFO: [ app_init ] --END-- [ RunTime:0.000299s ]
ERR: 无法加载模块:Img

[ 2016-02-22T23:00:13+08:00 ] 121.42.0.14 /admin/images/loadingAnimation.gif
INFO: [ app_init ] --START--
INFO: Run Behavior\BuildLiteBehavior [ RunTime:0.000015s ]
INFO: [ app_init ] --END-- [ RunTime:0.000348s ]
ERR: 无法加载模块:Admin

[ 2016-02-22T23:00:13+08:00 ] 121.42.0.14 /data/adtool/theme/d2.jpg
INFO: [ app_init ] --START--
INFO: Run Behavior\BuildLiteBehavior [ RunTime:0.000016s ]
INFO: [ app_init ] --END-- [ RunTime:0.000297s ]
ERR: 无法加载模块:Data

[ 2016-02-22T23:00:14+08:00 ] 121.42.0.14 /images/wp-background-preview-bg.gif
INFO: [ app_init ] --START--
INFO: Run Behavior\BuildLiteBehavior [ RunTime:0.000015s ]
INFO: [ app_init ] --END-- [ RunTime:0.000298s ]
ERR: 无法加载模块:Images

[ 2016-02-22T23:00:14+08:00 ] 121.42.0.14 /install/images/r.gif
INFO: [ app_init ] --START--
INFO: Run Behavior\BuildLiteBehavior [ RunTime:0.000015s ]
INFO: [ app_init ] --END-- [ RunTime:0.000357s ]
ERR: 无法加载模块:Install

[ 2016-02-22T23:00:14+08:00 ] 121.42.0.14 /images/sampledata/fruitshop/fruits.gif
INFO: [ app_init ] --START--
INFO: Run Behavior\BuildLiteBehavior [ RunTime:0.000017s ]
INFO: [ app_init ] --END-- [ RunTime:0.000363s ]
ERR: 无法加载模块:Images

[ 2016-02-22T23:00:14+08:00 ] 121.42.0.14 /images/banners/shop-ad-books.jpg
INFO: [ app_init ] --START--
INFO: Run Behavior\BuildLiteBehavior [ RunTime:0.000016s ]
INFO: [ app_init ] --END-- [ RunTime:0.000362s ]
ERR: 无法加载模块:Images

[ 2016-02-22T23:00:15+08:00 ] 121.42.0.14 /components/com_mailto/views/sent/metadata.xml
INFO: [ app_init ] --START--
INFO: Run Behavior\BuildLiteBehavior [ RunTime:0.000029s ]
INFO: [ app_init ] --END-- [ RunTime:0.000546s ]
ERR: 无法加载模块:Components

[ 2016-02-22T23:00:15+08:00 ] 121.42.0.14 /Images/arrow_04.gif
INFO: [ app_init ] --START--
INFO: Run Behavior\BuildLiteBehavior [ RunTime:0.000016s ]
INFO: [ app_init ] --END-- [ RunTime:0.000357s ]
ERR: 无法加载模块:Images

[ 2016-02-22T23:00:15+08:00 ] 121.42.0.14 /Images/bg_bodyer_page.gif
INFO: [ app_init ] --START--
INFO: Run Behavior\BuildLiteBehavior [ RunTime:0.000016s ]
INFO: [ app_init ] --END-- [ RunTime:0.000305s ]
ERR: 无法加载模块:Images

[ 2016-02-22T23:00:15+08:00 ] 121.42.0.14 /Admin/Images/southidc.css
INFO: [ app_init ] --START--
INFO: Run Behavior\BuildLiteBehavior [ RunTime:0.000016s ]
INFO: [ app_init ] --END-- [ RunTime:0.000357s ]
ERR: 无法加载模块:Admin

[ 2016-02-22T23:00:15+08:00 ] 121.42.0.14 /Inc/NoSqlHack.Asp
INFO: [ app_init ] --START--
INFO: Run Behavior\BuildLiteBehavior [ RunTime:0.000015s ]
INFO: [ app_init ] --END-- [ RunTime:0.000301s ]
ERR: 无法加载模块:Inc

[ 2016-02-22T23:00:16+08:00 ] 121.42.0.14 /Script/Html.js
INFO: [ app_init ] --START--
INFO: Run Behavior\BuildLiteBehavior [ RunTime:0.000018s ]
INFO: [ app_init ] --END-- [ RunTime:0.000433s ]
ERR: 无法加载模块:Script

[ 2016-02-22T23:00:16+08:00 ] 121.42.0.14 /e/install/images/bg_1.gif
INFO: [ app_init ] --START--
INFO: Run Behavior\BuildLiteBehavior [ RunTime:0.000015s ]
INFO: [ app_init ] --END-- [ RunTime:0.000295s ]
ERR: 无法加载模块:E

[ 2016-02-22T23:00:16+08:00 ] 121.42.0.14 /e/install/images/logo.gif
INFO: [ app_init ] --START--
INFO: Run Behavior\BuildLiteBehavior [ RunTime:0.000015s ]
INFO: [ app_init ] --END-- [ RunTime:0.000295s ]
ERR: 无法加载模块:E

[ 2016-02-22T23:00:16+08:00 ] 121.42.0.14 /e/js/lang/zh-cn.js
INFO: [ app_init ] --START--
INFO: Run Behavior\BuildLiteBehavior [ RunTime:0.000015s ]
INFO: [ app_init ] --END-- [ RunTime:0.000305s ]
ERR: 无法加载模块:E

[ 2016-02-22T23:00:19+08:00 ] 121.42.0.14 /e/master/images/login_r1_c1.jpg
INFO: [ app_init ] --START--
INFO: Run Behavior\BuildLiteBehavior [ RunTime:0.000015s ]
INFO: [ app_init ] --END-- [ RunTime:0.000299s ]
ERR: 无法加载模块:E

[ 2016-02-22T23:00:19+08:00 ] 121.42.0.14 /admin/Images/del.gif
INFO: [ app_init ] --START--
INFO: Run Behavior\BuildLiteBehavior [ RunTime:0.000016s ]
INFO: [ app_init ] --END-- [ RunTime:0.000357s ]
ERR: 无法加载模块:Admin

[ 2016-02-22T23:00:19+08:00 ] 121.42.0.14 /Admin/Include/version.xml
INFO: [ app_init ] --START--
INFO: Run Behavior\BuildLiteBehavior [ RunTime:0.000016s ]
INFO: [ app_init ] --END-- [ RunTime:0.000305s ]
ERR: 无法加载模块:Admin

[ 2016-02-22T23:00:19+08:00 ] 61.135.189.110 /robots.txt
INFO: [ app_init ] --START--
INFO: Run Behavior\BuildLiteBehavior [ RunTime:0.000015s ]
INFO: [ app_init ] --END-- [ RunTime:0.000310s ]
ERR: 无法加载模块:Robots

[ 2016-02-22T23:00:19+08:00 ] 121.42.0.14 /KS_Inc/ajax.js
INFO: [ app_init ] --START--
INFO: Run Behavior\BuildLiteBehavior [ RunTime:0.000013s ]
INFO: [ app_init ] --END-- [ RunTime:0.000307s ]
ERR: 无法加载模块:KS_Inc

[ 2016-02-22T23:00:20+08:00 ] 121.42.0.14 /KS_Inc/common.js
INFO: [ app_init ] --START--
INFO: Run Behavior\BuildLiteBehavior [ RunTime:0.000016s ]
INFO: [ app_init ] --END-- [ RunTime:0.000300s ]
ERR: 无法加载模块:KS_Inc

[ 2016-02-22T23:00:20+08:00 ] 121.42.0.14 /template/skin6/cn/images/ico_zlxz.gif
INFO: [ app_init ] --START--
INFO: Run Behavior\BuildLiteBehavior [ RunTime:0.000016s ]
INFO: [ app_init ] --END-- [ RunTime:0.000297s ]
ERR: 无法加载模块:Template

[ 2016-02-22T23:00:20+08:00 ] 121.42.0.14 /inc/image/bj.gif
INFO: [ app_init ] --START--
INFO: Run Behavior\BuildLiteBehavior [ RunTime:0.000016s ]
INFO: [ app_init ] --END-- [ RunTime:0.000298s ]
ERR: 无法加载模块:Inc

[ 2016-02-22T23:00:20+08:00 ] 121.42.0.14 /install/style.css
INFO: [ app_init ] --START--
INFO: Run Behavior\BuildLiteBehavior [ RunTime:0.000015s ]
INFO: [ app_init ] --END-- [ RunTime:0.000301s ]
ERR: 无法加载模块:Install

[ 2016-02-22T23:00:20+08:00 ] 121.42.0.14 /admin/images/arrow_right_8x8.png
INFO: [ app_init ] --START--
INFO: Run Behavior\BuildLiteBehavior [ RunTime:0.000016s ]
INFO: [ app_init ] --END-- [ RunTime:0.000300s ]
ERR: 无法加载模块:Admin

[ 2016-02-22T23:00:21+08:00 ] 121.42.0.14 /static/common/topic-min-img.png
INFO: [ app_init ] --START--
INFO: Run Behavior\BuildLiteBehavior [ RunTime:0.000016s ]
INFO: [ app_init ] --END-- [ RunTime:0.000302s ]
ERR: 无法加载模块:Static

[ 2016-02-22T23:00:21+08:00 ] 121.42.0.14 /image/admin/add.gif
INFO: [ app_init ] --START--
INFO: Run Behavior\BuildLiteBehavior [ RunTime:0.000015s ]
INFO: [ app_init ] --END-- [ RunTime:0.000296s ]
ERR: 无法加载模块:Image

[ 2016-02-22T23:00:21+08:00 ] 121.42.0.14 /image/cflag/ad.gif
INFO: [ app_init ] --START--
INFO: Run Behavior\BuildLiteBehavior [ RunTime:0.000021s ]
INFO: [ app_init ] --END-- [ RunTime:0.000380s ]
ERR: 无法加载模块:Image

[ 2016-02-22T23:00:21+08:00 ] 121.42.0.14 /Admin/images/houtaijs_16.jpg
INFO: [ app_init ] --START--
INFO: Run Behavior\BuildLiteBehavior [ RunTime:0.000015s ]
INFO: [ app_init ] --END-- [ RunTime:0.000301s ]
ERR: 无法加载模块:Admin

[ 2016-02-22T23:00:21+08:00 ] 121.42.0.14 /Templates/master/default/images/ddwc_06.gif
INFO: [ app_init ] --START--
INFO: Run Behavior\BuildLiteBehavior [ RunTime:0.000016s ]
INFO: [ app_init ] --END-- [ RunTime:0.000349s ]
ERR: 无法加载模块:Templates

[ 2016-02-22T23:00:22+08:00 ] 121.42.0.14 /Admin/images/install_logo.jpg
INFO: [ app_init ] --START--
INFO: Run Behavior\BuildLiteBehavior [ RunTime:0.000015s ]
INFO: [ app_init ] --END-- [ RunTime:0.000345s ]
ERR: 无法加载模块:Admin

[ 2016-02-22T23:00:22+08:00 ] 121.42.0.14 /images/i_3.jpg
INFO: [ app_init ] --START--
INFO: Run Behavior\BuildLiteBehavior [ RunTime:0.000016s ]
INFO: [ app_init ] --END-- [ RunTime:0.000298s ]
ERR: 无法加载模块:Images

[ 2016-02-22T23:00:22+08:00 ] 121.42.0.14 /system/phpqrcode/cache/frame_6.png
INFO: [ app_init ] --START--
INFO: Run Behavior\BuildLiteBehavior [ RunTime:0.000015s ]
INFO: [ app_init ] --END-- [ RunTime:0.000350s ]
ERR: 无法加载模块:System

[ 2016-02-22T23:00:22+08:00 ] 121.42.0.14 /public/attachment/201011/4cdde85a27105.gif
INFO: [ app_init ] --START--
INFO: Run Behavior\BuildLiteBehavior [ RunTime:0.000018s ]
INFO: [ app_init ] --END-- [ RunTime:0.000401s ]
ERR: 无法加载模块:Public

[ 2016-02-22T23:00:23+08:00 ] 121.42.0.14 /product/waterimage/200x200.png
INFO: [ app_init ] --START--
INFO: Run Behavior\BuildLiteBehavior [ RunTime:0.000015s ]
INFO: [ app_init ] --END-- [ RunTime:0.000298s ]
ERR: 无法加载模块:Product

[ 2016-02-22T23:00:23+08:00 ] 121.42.0.14 /install/images/header-corners.png
INFO: [ app_init ] --START--
INFO: Run Behavior\BuildLiteBehavior [ RunTime:0.000014s ]
INFO: [ app_init ] --END-- [ RunTime:0.000335s ]
ERR: 无法加载模块:Install

[ 2016-02-22T23:00:23+08:00 ] 121.42.0.14 /images/gif_47_106.gif
INFO: [ app_init ] --START--
INFO: Run Behavior\BuildLiteBehavior [ RunTime:0.000015s ]
INFO: [ app_init ] --END-- [ RunTime:0.000300s ]
ERR: 无法加载模块:Images

[ 2016-02-22T23:00:23+08:00 ] 121.42.0.14 /zb_users/plugin/UEditor/themes/default/images/highlighted.gif
INFO: [ app_init ] --START--
INFO: Run Behavior\BuildLiteBehavior [ RunTime:0.000015s ]
INFO: [ app_init ] --END-- [ RunTime:0.000301s ]
ERR: 无法加载模块:Zb_users

[ 2016-02-22T23:00:23+08:00 ] 121.42.0.14 /media/xmlconnect/system/ok.gif
INFO: [ app_init ] --START--
INFO: Run Behavior\BuildLiteBehavior [ RunTime:0.000016s ]
INFO: [ app_init ] --END-- [ RunTime:0.000303s ]
ERR: 无法加载模块:Media

[ 2016-02-22T23:00:24+08:00 ] 121.42.0.14 /LICENSE.txt
INFO: [ app_init ] --START--
INFO: Run Behavior\BuildLiteBehavior [ RunTime:0.000015s ]
INFO: [ app_init ] --END-- [ RunTime:0.000300s ]
ERR: 无法加载模块:LICENSE

[ 2016-02-22T23:00:24+08:00 ] 121.42.0.14 /skin/frontend/base/default/favicon.ico
INFO: [ app_init ] --START--
INFO: Run Behavior\BuildLiteBehavior [ RunTime:0.000022s ]
INFO: [ app_init ] --END-- [ RunTime:0.000320s ]
ERR: 无法加载模块:Skin

[ 2016-02-22T23:00:24+08:00 ] 121.42.0.14 /static/ayacms.gif
INFO: [ app_init ] --START--
INFO: Run Behavior\BuildLiteBehavior [ RunTime:0.000015s ]
INFO: [ app_init ] --END-- [ RunTime:0.000296s ]
ERR: 无法加载模块:Static

[ 2016-02-22T23:00:24+08:00 ] 121.42.0.14 /static/none.gif
INFO: [ app_init ] --START--
INFO: Run Behavior\BuildLiteBehavior [ RunTime:0.000016s ]
INFO: [ app_init ] --END-- [ RunTime:0.000382s ]
ERR: 无法加载模块:Static

[ 2016-02-22T23:00:24+08:00 ] 121.42.0.14 /bbs/css/images/announ.gif
INFO: [ app_init ] --START--
INFO: Run Behavior\BuildLiteBehavior [ RunTime:0.000015s ]
INFO: [ app_init ] --END-- [ RunTime:0.000349s ]
ERR: 无法加载模块:Bbs

[ 2016-02-22T23:00:25+08:00 ] 121.42.0.14 /bbs/css/images/avatar.gif
INFO: [ app_init ] --START--
INFO: Run Behavior\BuildLiteBehavior [ RunTime:0.000016s ]
INFO: [ app_init ] --END-- [ RunTime:0.000344s ]
ERR: 无法加载模块:Bbs

[ 2016-02-22T23:00:25+08:00 ] 121.42.0.14 /celive/admin/live/loading.gif
INFO: [ app_init ] --START--
INFO: Run Behavior\BuildLiteBehavior [ RunTime:0.000015s ]
INFO: [ app_init ] --END-- [ RunTime:0.000349s ]
ERR: 无法加载模块:Celive

[ 2016-02-22T23:00:25+08:00 ] 121.42.0.14 /celive/js/images/btn.gif
INFO: [ app_init ] --START--
INFO: Run Behavior\BuildLiteBehavior [ RunTime:0.000016s ]
INFO: [ app_init ] --END-- [ RunTime:0.000470s ]
ERR: 无法加载模块:Celive

[ 2016-02-22T23:00:25+08:00 ] 121.42.0.14 /celive/templates/default/images/admin/yes.gif
INFO: [ app_init ] --START--
INFO: Run Behavior\BuildLiteBehavior [ RunTime:0.000015s ]
INFO: [ app_init ] --END-- [ RunTime:0.000302s ]
ERR: 无法加载模块:Celive

[ 2016-02-22T23:00:26+08:00 ] 121.42.0.14 /zb_users/PLUGIN/Gravatar/Logo.png
INFO: [ app_init ] --START--
INFO: Run Behavior\BuildLiteBehavior [ RunTime:0.000016s ]
INFO: [ app_init ] --END-- [ RunTime:0.000314s ]
ERR: 无法加载模块:Zb_users

[ 2016-02-22T23:00:26+08:00 ] 121.42.0.14 /images/qq/qqkf2/Kf_bg03_03.gif
INFO: [ app_init ] --START--
INFO: Run Behavior\BuildLiteBehavior [ RunTime:0.000015s ]
INFO: [ app_init ] --END-- [ RunTime:0.000315s ]
ERR: 无法加载模块:Images

[ 2016-02-22T23:00:26+08:00 ] 121.42.0.14 /js/close.gif
INFO: [ app_init ] --START--
INFO: Run Behavior\BuildLiteBehavior [ RunTime:0.000016s ]
INFO: [ app_init ] --END-- [ RunTime:0.000360s ]
ERR: 无法加载模块:Js

[ 2016-02-22T23:00:26+08:00 ] 121.42.0.14 /dayrui/statics/default/images/sd02.png
INFO: [ app_init ] --START--
INFO: Run Behavior\BuildLiteBehavior [ RunTime:0.000016s ]
INFO: [ app_init ] --END-- [ RunTime:0.000349s ]
ERR: 无法加载模块:Dayrui

[ 2016-02-22T23:00:26+08:00 ] 121.42.0.14 /dayrui/statics/default/images/shop/login.gif
INFO: [ app_init ] --START--
INFO: Run Behavior\BuildLiteBehavior [ RunTime:0.000017s ]
INFO: [ app_init ] --END-- [ RunTime:0.000311s ]
ERR: 无法加载模块:Dayrui

[ 2016-02-22T23:00:27+08:00 ] 121.42.0.14 /dayrui/statics/default/images/touming.png
INFO: [ app_init ] --START--
INFO: Run Behavior\BuildLiteBehavior [ RunTime:0.000015s ]
INFO: [ app_init ] --END-- [ RunTime:0.000303s ]
ERR: 无法加载模块:Dayrui

[ 2016-02-22T23:00:27+08:00 ] 121.42.0.14 /extensions/calendar/img/nav-left.gif
INFO: [ app_init ] --START--
INFO: Run Behavior\BuildLiteBehavior [ RunTime:0.000016s ]
INFO: [ app_init ] --END-- [ RunTime:0.000356s ]
ERR: 无法加载模块:Extensions

[ 2016-02-22T23:00:27+08:00 ] 121.42.0.14 /extensions/kindeditor/plugins/emoticons/images/118.gif
INFO: [ app_init ] --START--
INFO: Run Behavior\BuildLiteBehavior [ RunTime:0.000015s ]
INFO: [ app_init ] --END-- [ RunTime:0.000299s ]
ERR: 无法加载模块:Extensions

[ 2016-02-22T23:00:27+08:00 ] 121.42.0.14 /style/default/hdwiki.css
INFO: [ app_init ] --START--
INFO: Run Behavior\BuildLiteBehavior [ RunTime:0.000015s ]
INFO: [ app_init ] --END-- [ RunTime:0.000298s ]
ERR: 无法加载模块:Style

[ 2016-02-22T23:00:28+08:00 ] 121.42.0.14 /style/default/fujian_top_bg.jpg
INFO: [ app_init ] --START--
INFO: Run Behavior\BuildLiteBehavior [ RunTime:0.000015s ]
INFO: [ app_init ] --END-- [ RunTime:0.000353s ]
ERR: 无法加载模块:Style

[ 2016-02-22T23:00:28+08:00 ] 121.42.0.14 /style/default/index_login_bg.jpg
INFO: [ app_init ] --START--
INFO: Run Behavior\BuildLiteBehavior [ RunTime:0.000015s ]
INFO: [ app_init ] --END-- [ RunTime:0.000350s ]
ERR: 无法加载模块:Style

[ 2016-02-22T23:00:28+08:00 ] 121.42.0.14 /style/default/style/bg_title.jpg
INFO: [ app_init ] --START--
INFO: Run Behavior\BuildLiteBehavior [ RunTime:0.000015s ]
INFO: [ app_init ] --END-- [ RunTime:0.000300s ]
ERR: 无法加载模块:Style

[ 2016-02-22T23:00:28+08:00 ] 121.42.0.14 /style/default/login_bg.jpg
INFO: [ app_init ] --START--
INFO: Run Behavior\BuildLiteBehavior [ RunTime:0.000015s ]
INFO: [ app_init ] --END-- [ RunTime:0.000305s ]
ERR: 无法加载模块:Style

[ 2016-02-22T23:00:28+08:00 ] 121.42.0.14 /CN/nite/images/title.gif
INFO: [ app_init ] --START--
INFO: Run Behavior\BuildLiteBehavior [ RunTime:0.000015s ]
INFO: [ app_init ] --END-- [ RunTime:0.000299s ]
ERR: 无法加载模块:CN

[ 2016-02-22T23:00:29+08:00 ] 121.42.0.14 /Images/dialog_closebtn_over.gif
INFO: [ app_init ] --START--
INFO: Run Behavior\BuildLiteBehavior [ RunTime:0.000016s ]
INFO: [ app_init ] --END-- [ RunTime:0.000351s ]
ERR: 无法加载模块:Images

[ 2016-02-22T23:00:29+08:00 ] 121.42.0.14 /App_Themes/AdminDefaultTheme/DateTheme/bgteuw.jpg
INFO: [ app_init ] --START--
INFO: Run Behavior\BuildLiteBehavior [ RunTime:0.000015s ]
INFO: [ app_init ] --END-- [ RunTime:0.000362s ]
ERR: 无法加载模块:App_Themes

[ 2016-02-22T23:00:29+08:00 ] 121.42.0.14 /Images/Microblog/dialog_rt.gif
INFO: [ app_init ] --START--
INFO: Run Behavior\BuildLiteBehavior [ RunTime:0.000015s ]
INFO: [ app_init ] --END-- [ RunTime:0.000356s ]
ERR: 无法加载模块:Images

[ 2016-02-22T23:00:29+08:00 ] 121.42.0.14 /admin/Images/Login_tit.gif
INFO: [ app_init ] --START--
INFO: Run Behavior\BuildLiteBehavior [ RunTime:0.000015s ]
INFO: [ app_init ] --END-- [ RunTime:0.000303s ]
ERR: 无法加载模块:Admin

[ 2016-02-22T23:00:29+08:00 ] 121.42.0.14 /admin/Images/Sort_Folder_Close.gif
INFO: [ app_init ] --START--
INFO: Run Behavior\BuildLiteBehavior [ RunTime:0.000016s ]
INFO: [ app_init ] --END-- [ RunTime:0.000297s ]
ERR: 无法加载模块:Admin

[ 2016-02-22T23:00:30+08:00 ] 121.42.0.14 /admin/Limages/left-corners.png
INFO: [ app_init ] --START--
INFO: Run Behavior\BuildLiteBehavior [ RunTime:0.000015s ]
INFO: [ app_init ] --END-- [ RunTime:0.000296s ]
ERR: 无法加载模块:Admin

[ 2016-02-22T23:00:30+08:00 ] 121.42.0.14 /admin/images/li_4.gif
INFO: [ app_init ] --START--
INFO: Run Behavior\BuildLiteBehavior [ RunTime:0.000016s ]
INFO: [ app_init ] --END-- [ RunTime:0.000298s ]
ERR: 无法加载模块:Admin

[ 2016-02-22T23:00:30+08:00 ] 121.42.0.14 /images/default/listico.gif
INFO: [ app_init ] --START--
INFO: Run Behavior\BuildLiteBehavior [ RunTime:0.000016s ]
INFO: [ app_init ] --END-- [ RunTime:0.000556s ]
ERR: 无法加载模块:Images

[ 2016-02-22T23:00:30+08:00 ] 121.42.0.14 /images/default/images/button_plain_hover.png
INFO: [ app_init ] --START--
INFO: Run Behavior\BuildLiteBehavior [ RunTime:0.000016s ]
INFO: [ app_init ] --END-- [ RunTime:0.000315s ]
ERR: 无法加载模块:Images

[ 2016-02-22T23:00:31+08:00 ] 121.42.0.14 /admin/tpl/images/welcome_h1.gif
INFO: [ app_init ] --START--
INFO: Run Behavior\BuildLiteBehavior [ RunTime:0.000017s ]
INFO: [ app_init ] --END-- [ RunTime:0.000319s ]
ERR: 无法加载模块:Admin

[ 2016-02-22T23:00:31+08:00 ] 121.42.0.14 /admin/images/bg-pay-return-success.gif
INFO: [ app_init ] --START--
INFO: Run Behavior\BuildLiteBehavior [ RunTime:0.000016s ]
INFO: [ app_init ] --END-- [ RunTime:0.000308s ]
ERR: 无法加载模块:Admin

[ 2016-02-22T23:00:31+08:00 ] 121.42.0.14 /template/default/images/ad_scroll_forward.png
INFO: [ app_init ] --START--
INFO: Run Behavior\BuildLiteBehavior [ RunTime:0.000016s ]
INFO: [ app_init ] --END-- [ RunTime:0.000352s ]
ERR: 无法加载模块:Template

[ 2016-02-22T23:00:31+08:00 ] 121.42.0.14 /adfile/ad9.js
INFO: [ app_init ] --START--
INFO: Run Behavior\BuildLiteBehavior [ RunTime:0.000016s ]
INFO: [ app_init ] --END-- [ RunTime:0.000297s ]
ERR: 无法加载模块:Adfile

[ 2016-02-22T23:00:31+08:00 ] 121.42.0.14 /admin/images/login_06.jpg
INFO: [ app_init ] --START--
INFO: Run Behavior\BuildLiteBehavior [ RunTime:0.000015s ]
INFO: [ app_init ] --END-- [ RunTime:0.000298s ]
ERR: 无法加载模块:Admin

[ 2016-02-22T23:00:32+08:00 ] 121.42.0.14 /robots.txt
INFO: [ app_init ] --START--
INFO: Run Behavior\BuildLiteBehavior [ RunTime:0.000016s ]
INFO: [ app_init ] --END-- [ RunTime:0.000582s ]
ERR: 无法加载模块:Robots

[ 2016-02-22T23:00:32+08:00 ] 121.42.0.14 /images/common/online_member.gif
INFO: [ app_init ] --START--
INFO: Run Behavior\BuildLiteBehavior [ RunTime:0.000015s ]
INFO: [ app_init ] --END-- [ RunTime:0.000301s ]
ERR: 无法加载模块:Images

[ 2016-02-22T23:00:32+08:00 ] 121.42.0.14 /images/default/reply.gif
INFO: [ app_init ] --START--
INFO: Run Behavior\BuildLiteBehavior [ RunTime:0.000015s ]
INFO: [ app_init ] --END-- [ RunTime:0.000311s ]
ERR: 无法加载模块:Images

[ 2016-02-22T23:00:32+08:00 ] 121.42.0.14 /static/image/admincp/ajax_loader.gif
INFO: [ app_init ] --START--
INFO: Run Behavior\BuildLiteBehavior [ RunTime:0.000015s ]
INFO: [ app_init ] --END-- [ RunTime:0.000310s ]
ERR: 无法加载模块:Static

[ 2016-02-22T23:00:32+08:00 ] 121.42.0.14 /templates/uchome/images/title.gif
INFO: [ app_init ] --START--
INFO: Run Behavior\BuildLiteBehavior [ RunTime:0.000022s ]
INFO: [ app_init ] --END-- [ RunTime:0.000482s ]
ERR: 无法加载模块:Templates

[ 2016-02-22T23:00:33+08:00 ] 121.42.0.14 /extmail/default/images/lastpg.d.gif
INFO: [ app_init ] --START--
INFO: Run Behavior\BuildLiteBehavior [ RunTime:0.000066s ]
INFO: [ app_init ] --END-- [ RunTime:0.000353s ]
ERR: 无法加载模块:Extmail

[ 2016-02-22T23:00:33+08:00 ] 121.42.0.14 /adminsoft/templates/images/login_line.png
INFO: [ app_init ] --START--
INFO: Run Behavior\BuildLiteBehavior [ RunTime:0.000015s ]
INFO: [ app_init ] --END-- [ RunTime:0.000360s ]
ERR: 无法加载模块:Adminsoft

[ 2016-02-22T23:00:33+08:00 ] 121.42.0.14 /adminsoft/templates/images/login_title.png
INFO: [ app_init ] --START--
INFO: Run Behavior\BuildLiteBehavior [ RunTime:0.000017s ]
INFO: [ app_init ] --END-- [ RunTime:0.000587s ]
ERR: 无法加载模块:Adminsoft

[ 2016-02-22T23:00:33+08:00 ] 121.42.0.14 /public/plug/im/im_bg.png
INFO: [ app_init ] --START--
INFO: Run Behavior\BuildLiteBehavior [ RunTime:0.000015s ]
INFO: [ app_init ] --END-- [ RunTime:0.000301s ]
ERR: 无法加载模块:Public

[ 2016-02-22T23:00:34+08:00 ] 121.42.0.14 /images/admin/logo.gif
INFO: [ app_init ] --START--
INFO: Run Behavior\BuildLiteBehavior [ RunTime:0.000015s ]
INFO: [ app_init ] --END-- [ RunTime:0.000301s ]
ERR: 无法加载模块:Images

[ 2016-02-22T23:00:34+08:00 ] 121.42.0.14 /images/admin/sprites.png
INFO: [ app_init ] --START--
INFO: Run Behavior\BuildLiteBehavior [ RunTime:0.000015s ]
INFO: [ app_init ] --END-- [ RunTime:0.000331s ]
ERR: 无法加载模块:Images

[ 2016-02-22T23:00:34+08:00 ] 121.42.0.14 /ACT_inc/ItemBg.gif
INFO: [ app_init ] --START--
INFO: Run Behavior\BuildLiteBehavior [ RunTime:0.000017s ]
INFO: [ app_init ] --END-- [ RunTime:0.000306s ]
ERR: 无法加载模块:ACT_inc

[ 2016-02-22T23:00:34+08:00 ] 121.42.0.14 /ACT_inc/share/minusbottom.gif
INFO: [ app_init ] --START--
INFO: Run Behavior\BuildLiteBehavior [ RunTime:0.000015s ]
INFO: [ app_init ] --END-- [ RunTime:0.000304s ]
ERR: 无法加载模块:ACT_inc

[ 2016-02-22T23:00:34+08:00 ] 121.42.0.14 /Admin/Images/bg_admin.jpg
INFO: [ app_init ] --START--
INFO: Run Behavior\BuildLiteBehavior [ RunTime:0.000016s ]
INFO: [ app_init ] --END-- [ RunTime:0.000351s ]
ERR: 无法加载模块:Admin

[ 2016-02-22T23:00:35+08:00 ] 121.42.0.14 /images/act_1.gif
INFO: [ app_init ] --START--
INFO: Run Behavior\BuildLiteBehavior [ RunTime:0.000016s ]
INFO: [ app_init ] --END-- [ RunTime:0.000298s ]
ERR: 无法加载模块:Images

[ 2016-02-22T23:00:35+08:00 ] 121.42.0.14 /images/reg.gif
INFO: [ app_init ] --START--
INFO: Run Behavior\BuildLiteBehavior [ RunTime:0.000018s ]
INFO: [ app_init ] --END-- [ RunTime:0.000366s ]
ERR: 无法加载模块:Images

