[ 2016-03-25T00:46:09+08:00 ] 207.46.13.63 /robots.txt
INFO: [ app_init ] --START--
INFO: Run Behavior\BuildLiteBehavior [ RunTime:0.000015s ]
INFO: [ app_init ] --END-- [ RunTime:0.000296s ]
ERR: æ— æ³•åŠ è½½æ¨¡å—:Robots

[ 2016-03-25T01:56:13+08:00 ] 42.62.36.231 /robots.txt
INFO: [ app_init ] --START--
INFO: Run Behavior\BuildLiteBehavior [ RunTime:0.000017s ]
INFO: [ app_init ] --END-- [ RunTime:0.000322s ]
ERR: æ— æ³•åŠ è½½æ¨¡å—:Robots

[ 2016-03-25T02:56:03+08:00 ] 111.13.102.7 /robots.txt
INFO: [ app_init ] --START--
INFO: Run Behavior\BuildLiteBehavior [ RunTime:0.000015s ]
INFO: [ app_init ] --END-- [ RunTime:0.000293s ]
ERR: æ— æ³•åŠ è½½æ¨¡å—:Robots

[ 2016-03-25T05:15:43+08:00 ] 203.208.60.129 /robots.txt
INFO: [ app_init ] --START--
INFO: Run Behavior\BuildLiteBehavior [ RunTime:0.000016s ]
INFO: [ app_init ] --END-- [ RunTime:0.000304s ]
ERR: æ— æ³•åŠ è½½æ¨¡å—:Robots

[ 2016-03-25T07:25:38+08:00 ] 203.208.60.144 /jrbsiutcranbe.html
INFO: [ app_init ] --START--
INFO: Run Behavior\BuildLiteBehavior [ RunTime:0.000016s ]
INFO: [ app_init ] --END-- [ RunTime:0.000304s ]
ERR: æ— æ³•åŠ è½½æ¨¡å—:Jrbsiutcranbe

[ 2016-03-25T10:25:43+08:00 ] 211.103.255.175 /data.rar
INFO: [ app_init ] --START--
INFO: Run Behavior\BuildLiteBehavior [ RunTime:0.000016s ]
INFO: [ app_init ] --END-- [ RunTime:0.000300s ]
ERR: æ— æ³•åŠ è½½æ¨¡å—:Data

[ 2016-03-25T10:25:43+08:00 ] 211.103.255.175 /gg.rar
INFO: [ app_init ] --START--
INFO: Run Behavior\BuildLiteBehavior [ RunTime:0.000015s ]
INFO: [ app_init ] --END-- [ RunTime:0.000340s ]
ERR: æ— æ³•åŠ è½½æ¨¡å—:Gg

[ 2016-03-25T10:26:49+08:00 ] 211.103.255.175 /www_scausy_cn.rar
INFO: [ app_init ] --START--
INFO: Run Behavior\BuildLiteBehavior [ RunTime:0.000016s ]
INFO: [ app_init ] --END-- [ RunTime:0.000314s ]
ERR: æ— æ³•åŠ è½½æ¨¡å—:Www_scausy_cn

[ 2016-03-25T10:26:51+08:00 ] 211.103.255.175 /2010.rar
INFO: [ app_init ] --START--
INFO: Run Behavior\BuildLiteBehavior [ RunTime:0.000016s ]
INFO: [ app_init ] --END-- [ RunTime:0.000300s ]
ERR: æ— æ³•åŠ è½½æ¨¡å—:2010

[ 2016-03-25T10:26:51+08:00 ] 211.103.255.175 /2010.zip
INFO: [ app_init ] --START--
INFO: Run Behavior\BuildLiteBehavior [ RunTime:0.000017s ]
INFO: [ app_init ] --END-- [ RunTime:0.000317s ]
ERR: æ— æ³•åŠ è½½æ¨¡å—:2010

[ 2016-03-25T10:26:52+08:00 ] 211.103.255.175 /2011.rar
INFO: [ app_init ] --START--
INFO: Run Behavior\BuildLiteBehavior [ RunTime:0.000016s ]
INFO: [ app_init ] --END-- [ RunTime:0.000360s ]
ERR: æ— æ³•åŠ è½½æ¨¡å—:2011

[ 2016-03-25T10:26:52+08:00 ] 211.103.255.175 /2011.zip
INFO: [ app_init ] --START--
INFO: Run Behavior\BuildLiteBehavior [ RunTime:0.000017s ]
INFO: [ app_init ] --END-- [ RunTime:0.000305s ]
ERR: æ— æ³•åŠ è½½æ¨¡å—:2011

[ 2016-03-25T10:26:54+08:00 ] 211.103.255.175 /2012.rar
INFO: [ app_init ] --START--
INFO: Run Behavior\BuildLiteBehavior [ RunTime:0.000016s ]
INFO: [ app_init ] --END-- [ RunTime:0.000304s ]
ERR: æ— æ³•åŠ è½½æ¨¡å—:2012

[ 2016-03-25T10:26:54+08:00 ] 211.103.255.175 /2012.zip
INFO: [ app_init ] --START--
INFO: Run Behavior\BuildLiteBehavior [ RunTime:0.000014s ]
INFO: [ app_init ] --END-- [ RunTime:0.000308s ]
ERR: æ— æ³•åŠ è½½æ¨¡å—:2012

[ 2016-03-25T10:26:54+08:00 ] 211.103.255.175 /2013.rar
INFO: [ app_init ] --START--
INFO: Run Behavior\BuildLiteBehavior [ RunTime:0.000015s ]
INFO: [ app_init ] --END-- [ RunTime:0.000379s ]
ERR: æ— æ³•åŠ è½½æ¨¡å—:2013

[ 2016-03-25T10:26:54+08:00 ] 211.103.255.175 /2013.zip
INFO: [ app_init ] --START--
INFO: Run Behavior\BuildLiteBehavior [ RunTime:0.000014s ]
INFO: [ app_init ] --END-- [ RunTime:0.000293s ]
ERR: æ— æ³•åŠ è½½æ¨¡å—:2013

[ 2016-03-25T10:26:54+08:00 ] 211.103.255.175 /bf.rar
INFO: [ app_init ] --START--
INFO: Run Behavior\BuildLiteBehavior [ RunTime:0.000023s ]
INFO: [ app_init ] --END-- [ RunTime:0.000477s ]
ERR: æ— æ³•åŠ è½½æ¨¡å—:Bf

[ 2016-03-25T10:27:05+08:00 ] 211.103.255.175 /ÍøÕ¾.zip
INFO: [ app_init ] --START--
INFO: Run Behavior\BuildLiteBehavior [ RunTime:0.000015s ]
INFO: [ app_init ] --END-- [ RunTime:0.000358s ]
ERR: æ— æ³•åŠ è½½æ¨¡å—:ÍøÕ¾

[ 2016-03-25T10:27:27+08:00 ] 211.103.255.175 /11.zip
INFO: [ app_init ] --START--
INFO: Run Behavior\BuildLiteBehavior [ RunTime:0.000016s ]
INFO: [ app_init ] --END-- [ RunTime:0.000297s ]
ERR: æ— æ³•åŠ è½½æ¨¡å—:11

[ 2016-03-25T10:27:27+08:00 ] 211.103.255.175 /11.rar
INFO: [ app_init ] --START--
INFO: Run Behavior\BuildLiteBehavior [ RunTime:0.000015s ]
INFO: [ app_init ] --END-- [ RunTime:0.000291s ]
ERR: æ— æ³•åŠ è½½æ¨¡å—:11

[ 2016-03-25T10:27:30+08:00 ] 211.103.255.175 /22.rar
INFO: [ app_init ] --START--
INFO: Run Behavior\BuildLiteBehavior [ RunTime:0.000016s ]
INFO: [ app_init ] --END-- [ RunTime:0.000298s ]
ERR: æ— æ³•åŠ è½½æ¨¡å—:22

[ 2016-03-25T10:27:30+08:00 ] 211.103.255.175 /22.zip
INFO: [ app_init ] --START--
INFO: Run Behavior\BuildLiteBehavior [ RunTime:0.000015s ]
INFO: [ app_init ] --END-- [ RunTime:0.000298s ]
ERR: æ— æ³•åŠ è½½æ¨¡å—:22

[ 2016-03-25T10:27:33+08:00 ] 211.103.255.175 /33.zip
INFO: [ app_init ] --START--
INFO: Run Behavior\BuildLiteBehavior [ RunTime:0.000016s ]
INFO: [ app_init ] --END-- [ RunTime:0.000372s ]
ERR: æ— æ³•åŠ è½½æ¨¡å—:33

[ 2016-03-25T10:27:33+08:00 ] 211.103.255.175 /33.rar
INFO: [ app_init ] --START--
INFO: Run Behavior\BuildLiteBehavior [ RunTime:0.000016s ]
INFO: [ app_init ] --END-- [ RunTime:0.000340s ]
ERR: æ— æ³•åŠ è½½æ¨¡å—:33

[ 2016-03-25T10:27:33+08:00 ] 211.103.255.175 /44.zip
INFO: [ app_init ] --START--
INFO: Run Behavior\BuildLiteBehavior [ RunTime:0.000015s ]
INFO: [ app_init ] --END-- [ RunTime:0.000303s ]
ERR: æ— æ³•åŠ è½½æ¨¡å—:44

[ 2016-03-25T10:27:36+08:00 ] 211.103.255.175 /44.rar
INFO: [ app_init ] --START--
INFO: Run Behavior\BuildLiteBehavior [ RunTime:0.000016s ]
INFO: [ app_init ] --END-- [ RunTime:0.000365s ]
ERR: æ— æ³•åŠ è½½æ¨¡å—:44

[ 2016-03-25T10:27:38+08:00 ] 211.103.255.175 /55.zip
INFO: [ app_init ] --START--
INFO: Run Behavior\BuildLiteBehavior [ RunTime:0.000025s ]
INFO: [ app_init ] --END-- [ RunTime:0.000579s ]
ERR: æ— æ³•åŠ è½½æ¨¡å—:55

[ 2016-03-25T10:27:38+08:00 ] 211.103.255.175 /55.rar
INFO: [ app_init ] --START--
INFO: Run Behavior\BuildLiteBehavior [ RunTime:0.000016s ]
INFO: [ app_init ] --END-- [ RunTime:0.000375s ]
ERR: æ— æ³•åŠ è½½æ¨¡å—:55

[ 2016-03-25T10:27:39+08:00 ] 211.103.255.175 /66.rar
INFO: [ app_init ] --START--
INFO: Run Behavior\BuildLiteBehavior [ RunTime:0.000015s ]
INFO: [ app_init ] --END-- [ RunTime:0.000350s ]
ERR: æ— æ³•åŠ è½½æ¨¡å—:66

[ 2016-03-25T10:27:39+08:00 ] 211.103.255.175 /66.zip
INFO: [ app_init ] --START--
INFO: Run Behavior\BuildLiteBehavior [ RunTime:0.000016s ]
INFO: [ app_init ] --END-- [ RunTime:0.000298s ]
ERR: æ— æ³•åŠ è½½æ¨¡å—:66

[ 2016-03-25T10:27:41+08:00 ] 211.103.255.175 /77.zip
INFO: [ app_init ] --START--
INFO: Run Behavior\BuildLiteBehavior [ RunTime:0.000016s ]
INFO: [ app_init ] --END-- [ RunTime:0.000313s ]
ERR: æ— æ³•åŠ è½½æ¨¡å—:77

[ 2016-03-25T10:27:41+08:00 ] 211.103.255.175 /77.rar
INFO: [ app_init ] --START--
INFO: Run Behavior\BuildLiteBehavior [ RunTime:0.000016s ]
INFO: [ app_init ] --END-- [ RunTime:0.000297s ]
ERR: æ— æ³•åŠ è½½æ¨¡å—:77

[ 2016-03-25T10:27:41+08:00 ] 211.103.255.175 /88.rar
INFO: [ app_init ] --START--
INFO: Run Behavior\BuildLiteBehavior [ RunTime:0.000015s ]
INFO: [ app_init ] --END-- [ RunTime:0.000299s ]
ERR: æ— æ³•åŠ è½½æ¨¡å—:88

[ 2016-03-25T10:27:41+08:00 ] 211.103.255.175 /88.zip
INFO: [ app_init ] --START--
INFO: Run Behavior\BuildLiteBehavior [ RunTime:0.000016s ]
INFO: [ app_init ] --END-- [ RunTime:0.000304s ]
ERR: æ— æ³•åŠ è½½æ¨¡å—:88

[ 2016-03-25T10:27:41+08:00 ] 211.103.255.175 /99.zip
INFO: [ app_init ] --START--
INFO: Run Behavior\BuildLiteBehavior [ RunTime:0.000015s ]
INFO: [ app_init ] --END-- [ RunTime:0.000355s ]
ERR: æ— æ³•åŠ è½½æ¨¡å—:99

[ 2016-03-25T10:27:43+08:00 ] 211.103.255.175 /99.rar
INFO: [ app_init ] --START--
INFO: Run Behavior\BuildLiteBehavior [ RunTime:0.000020s ]
INFO: [ app_init ] --END-- [ RunTime:0.000400s ]
ERR: æ— æ³•åŠ è½½æ¨¡å—:99

[ 2016-03-25T10:27:43+08:00 ] 211.103.255.175 /4.zip
INFO: [ app_init ] --START--
INFO: Run Behavior\BuildLiteBehavior [ RunTime:0.000016s ]
INFO: [ app_init ] --END-- [ RunTime:0.000304s ]
ERR: æ— æ³•åŠ è½½æ¨¡å—:4

[ 2016-03-25T10:27:43+08:00 ] 211.103.255.175 /4.rar
INFO: [ app_init ] --START--
INFO: Run Behavior\BuildLiteBehavior [ RunTime:0.000017s ]
INFO: [ app_init ] --END-- [ RunTime:0.000312s ]
ERR: æ— æ³•åŠ è½½æ¨¡å—:4

[ 2016-03-25T10:27:43+08:00 ] 211.103.255.175 /5.zip
INFO: [ app_init ] --START--
INFO: Run Behavior\BuildLiteBehavior [ RunTime:0.000016s ]
INFO: [ app_init ] --END-- [ RunTime:0.000299s ]
ERR: æ— æ³•åŠ è½½æ¨¡å—:5

[ 2016-03-25T10:27:43+08:00 ] 211.103.255.175 /5.rar
INFO: [ app_init ] --START--
INFO: Run Behavior\BuildLiteBehavior [ RunTime:0.000021s ]
INFO: [ app_init ] --END-- [ RunTime:0.000532s ]
ERR: æ— æ³•åŠ è½½æ¨¡å—:5

[ 2016-03-25T10:27:43+08:00 ] 211.103.255.175 /6.rar
INFO: [ app_init ] --START--
INFO: Run Behavior\BuildLiteBehavior [ RunTime:0.000016s ]
INFO: [ app_init ] --END-- [ RunTime:0.000359s ]
ERR: æ— æ³•åŠ è½½æ¨¡å—:6

[ 2016-03-25T10:27:44+08:00 ] 211.103.255.175 /6.zip
INFO: [ app_init ] --START--
INFO: Run Behavior\BuildLiteBehavior [ RunTime:0.000066s ]
INFO: [ app_init ] --END-- [ RunTime:0.000356s ]
ERR: æ— æ³•åŠ è½½æ¨¡å—:6

[ 2016-03-25T10:27:45+08:00 ] 211.103.255.175 /7.rar
INFO: [ app_init ] --START--
INFO: Run Behavior\BuildLiteBehavior [ RunTime:0.000016s ]
INFO: [ app_init ] --END-- [ RunTime:0.000363s ]
ERR: æ— æ³•åŠ è½½æ¨¡å—:7

[ 2016-03-25T10:27:45+08:00 ] 211.103.255.175 /7.zip
INFO: [ app_init ] --START--
INFO: Run Behavior\BuildLiteBehavior [ RunTime:0.000016s ]
INFO: [ app_init ] --END-- [ RunTime:0.000302s ]
ERR: æ— æ³•åŠ è½½æ¨¡å—:7

[ 2016-03-25T10:27:45+08:00 ] 211.103.255.175 /8.rar
INFO: [ app_init ] --START--
INFO: Run Behavior\BuildLiteBehavior [ RunTime:0.000015s ]
INFO: [ app_init ] --END-- [ RunTime:0.000299s ]
ERR: æ— æ³•åŠ è½½æ¨¡å—:8

[ 2016-03-25T10:27:46+08:00 ] 211.103.255.175 /8.zip
INFO: [ app_init ] --START--
INFO: Run Behavior\BuildLiteBehavior [ RunTime:0.000067s ]
INFO: [ app_init ] --END-- [ RunTime:0.000378s ]
ERR: æ— æ³•åŠ è½½æ¨¡å—:8

[ 2016-03-25T10:27:46+08:00 ] 211.103.255.175 /9.rar
INFO: [ app_init ] --START--
INFO: Run Behavior\BuildLiteBehavior [ RunTime:0.000015s ]
INFO: [ app_init ] --END-- [ RunTime:0.000354s ]
ERR: æ— æ³•åŠ è½½æ¨¡å—:9

[ 2016-03-25T10:27:50+08:00 ] 211.103.255.175 /9.zip
INFO: [ app_init ] --START--
INFO: Run Behavior\BuildLiteBehavior [ RunTime:0.000015s ]
INFO: [ app_init ] --END-- [ RunTime:0.000298s ]
ERR: æ— æ³•åŠ è½½æ¨¡å—:9

[ 2016-03-25T10:27:52+08:00 ] 211.103.255.175 /00.rar
INFO: [ app_init ] --START--
INFO: Run Behavior\BuildLiteBehavior [ RunTime:0.000016s ]
INFO: [ app_init ] --END-- [ RunTime:0.000300s ]
ERR: æ— æ³•åŠ è½½æ¨¡å—:00

[ 2016-03-25T10:27:53+08:00 ] 211.103.255.175 /00.zip
INFO: [ app_init ] --START--
INFO: Run Behavior\BuildLiteBehavior [ RunTime:0.000015s ]
INFO: [ app_init ] --END-- [ RunTime:0.000300s ]
ERR: æ— æ³•åŠ è½½æ¨¡å—:00

[ 2016-03-25T10:27:53+08:00 ] 211.103.255.175 /000.rar
INFO: [ app_init ] --START--
INFO: Run Behavior\BuildLiteBehavior [ RunTime:0.000015s ]
INFO: [ app_init ] --END-- [ RunTime:0.000350s ]
ERR: æ— æ³•åŠ è½½æ¨¡å—:000

[ 2016-03-25T10:27:53+08:00 ] 211.103.255.175 /000.zip
INFO: [ app_init ] --START--
INFO: Run Behavior\BuildLiteBehavior [ RunTime:0.000015s ]
INFO: [ app_init ] --END-- [ RunTime:0.000294s ]
ERR: æ— æ³•åŠ è½½æ¨¡å—:000

[ 2016-03-25T10:27:53+08:00 ] 211.103.255.175 /ftp.rar
INFO: [ app_init ] --START--
INFO: Run Behavior\BuildLiteBehavior [ RunTime:0.000013s ]
INFO: [ app_init ] --END-- [ RunTime:0.000286s ]
ERR: æ— æ³•åŠ è½½æ¨¡å—:Ftp

[ 2016-03-25T10:27:53+08:00 ] 211.103.255.175 /ftp.zip
INFO: [ app_init ] --START--
INFO: Run Behavior\BuildLiteBehavior [ RunTime:0.000015s ]
INFO: [ app_init ] --END-- [ RunTime:0.000429s ]
ERR: æ— æ³•åŠ è½½æ¨¡å—:Ftp

[ 2016-03-25T10:27:53+08:00 ] 211.103.255.175 /fxp.rar
INFO: [ app_init ] --START--
INFO: Run Behavior\BuildLiteBehavior [ RunTime:0.000015s ]
INFO: [ app_init ] --END-- [ RunTime:0.000298s ]
ERR: æ— æ³•åŠ è½½æ¨¡å—:Fxp

[ 2016-03-25T10:27:54+08:00 ] 211.103.255.175 /fxp.zip
INFO: [ app_init ] --START--
INFO: Run Behavior\BuildLiteBehavior [ RunTime:0.000017s ]
INFO: [ app_init ] --END-- [ RunTime:0.000422s ]
ERR: æ— æ³•åŠ è½½æ¨¡å—:Fxp

[ 2016-03-25T10:27:54+08:00 ] 211.103.255.175 /ÃØÃÜ.rar
INFO: [ app_init ] --START--
INFO: Run Behavior\BuildLiteBehavior [ RunTime:0.000016s ]
INFO: [ app_init ] --END-- [ RunTime:0.000308s ]
ERR: æ— æ³•åŠ è½½æ¨¡å—:ÃØÃÜ

[ 2016-03-25T10:27:55+08:00 ] 211.103.255.175 /ÃØÃÜ.zip
INFO: [ app_init ] --START--
INFO: Run Behavior\BuildLiteBehavior [ RunTime:0.000015s ]
INFO: [ app_init ] --END-- [ RunTime:0.000302s ]
ERR: æ— æ³•åŠ è½½æ¨¡å—:ÃØÃÜ

[ 2016-03-25T10:27:55+08:00 ] 211.103.255.175 /¸öÈË.zip
INFO: [ app_init ] --START--
INFO: Run Behavior\BuildLiteBehavior [ RunTime:0.000031s ]
INFO: [ app_init ] --END-- [ RunTime:0.000646s ]
ERR: æ— æ³•åŠ è½½æ¨¡å—:¸öÈË

[ 2016-03-25T10:27:55+08:00 ] 211.103.255.175 /¸öÈË.rar
INFO: [ app_init ] --START--
INFO: Run Behavior\BuildLiteBehavior [ RunTime:0.000018s ]
INFO: [ app_init ] --END-- [ RunTime:0.000683s ]
ERR: æ— æ³•åŠ è½½æ¨¡å—:¸öÈË

[ 2016-03-25T10:27:56+08:00 ] 211.103.255.175 /ÕûÕ¾.rar
INFO: [ app_init ] --START--
INFO: Run Behavior\BuildLiteBehavior [ RunTime:0.000017s ]
INFO: [ app_init ] --END-- [ RunTime:0.000307s ]
ERR: æ— æ³•åŠ è½½æ¨¡å—:ÕûÕ¾

[ 2016-03-25T10:27:56+08:00 ] 211.103.255.175 /ÀÏÆÅ.rar
INFO: [ app_init ] --START--
INFO: Run Behavior\BuildLiteBehavior [ RunTime:0.000017s ]
INFO: [ app_init ] --END-- [ RunTime:0.000312s ]
ERR: æ— æ³•åŠ è½½æ¨¡å—:ÀÏÆÅ

[ 2016-03-25T10:27:56+08:00 ] 211.103.255.175 /Ïà²á.rar
INFO: [ app_init ] --START--
INFO: Run Behavior\BuildLiteBehavior [ RunTime:0.000016s ]
INFO: [ app_init ] --END-- [ RunTime:0.000354s ]
ERR: æ— æ³•åŠ è½½æ¨¡å—:Ïà²á

[ 2016-03-25T10:27:57+08:00 ] 211.103.255.175 /ÏµÍ³.rar
INFO: [ app_init ] --START--
INFO: Run Behavior\BuildLiteBehavior [ RunTime:0.000015s ]
INFO: [ app_init ] --END-- [ RunTime:0.000350s ]
ERR: æ— æ³•åŠ è½½æ¨¡å—:ÏµÍ³

[ 2016-03-25T10:27:57+08:00 ] 211.103.255.175 /ÏµÍ³.zip
INFO: [ app_init ] --START--
INFO: Run Behavior\BuildLiteBehavior [ RunTime:0.000020s ]
INFO: [ app_init ] --END-- [ RunTime:0.000372s ]
ERR: æ— æ³•åŠ è½½æ¨¡å—:ÏµÍ³

[ 2016-03-25T10:27:57+08:00 ] 211.103.255.175 /xitong.rar
INFO: [ app_init ] --START--
INFO: Run Behavior\BuildLiteBehavior [ RunTime:0.000016s ]
INFO: [ app_init ] --END-- [ RunTime:0.000307s ]
ERR: æ— æ³•åŠ è½½æ¨¡å—:Xitong

[ 2016-03-25T10:33:40+08:00 ] 68.180.228.114 /robots.txt
INFO: [ app_init ] --START--
INFO: Run Behavior\BuildLiteBehavior [ RunTime:0.000016s ]
INFO: [ app_init ] --END-- [ RunTime:0.000303s ]
ERR: æ— æ³•åŠ è½½æ¨¡å—:Robots

[ 2016-03-25T12:06:42+08:00 ] 61.135.189.110 /robots.txt
INFO: [ app_init ] --START--
INFO: Run Behavior\BuildLiteBehavior [ RunTime:0.000014s ]
INFO: [ app_init ] --END-- [ RunTime:0.000349s ]
ERR: æ— æ³•åŠ è½½æ¨¡å—:Robots

[ 2016-03-25T13:58:59+08:00 ] 211.103.255.175 /cx.rar
INFO: [ app_init ] --START--
INFO: Run Behavior\BuildLiteBehavior [ RunTime:0.000017s ]
INFO: [ app_init ] --END-- [ RunTime:0.000299s ]
ERR: æ— æ³•åŠ è½½æ¨¡å—:Cx

[ 2016-03-25T13:58:59+08:00 ] 211.103.255.175 /cx.zip
INFO: [ app_init ] --START--
INFO: Run Behavior\BuildLiteBehavior [ RunTime:0.000015s ]
INFO: [ app_init ] --END-- [ RunTime:0.000294s ]
ERR: æ— æ³•åŠ è½½æ¨¡å—:Cx

[ 2016-03-25T13:58:59+08:00 ] 211.103.255.175 /rj.rar
INFO: [ app_init ] --START--
INFO: Run Behavior\BuildLiteBehavior [ RunTime:0.000015s ]
INFO: [ app_init ] --END-- [ RunTime:0.000297s ]
ERR: æ— æ³•åŠ è½½æ¨¡å—:Rj

[ 2016-03-25T13:58:59+08:00 ] 211.103.255.175 /rj.zip
INFO: [ app_init ] --START--
INFO: Run Behavior\BuildLiteBehavior [ RunTime:0.000016s ]
INFO: [ app_init ] --END-- [ RunTime:0.000294s ]
ERR: æ— æ³•åŠ è½½æ¨¡å—:Rj

[ 2016-03-25T13:58:59+08:00 ] 211.103.255.175 /db.rar
INFO: [ app_init ] --START--
INFO: Run Behavior\BuildLiteBehavior [ RunTime:0.000015s ]
INFO: [ app_init ] --END-- [ RunTime:0.000293s ]
ERR: æ— æ³•åŠ è½½æ¨¡å—:Db

[ 2016-03-25T13:59:00+08:00 ] 211.103.255.175 /db.zip
INFO: [ app_init ] --START--
INFO: Run Behavior\BuildLiteBehavior [ RunTime:0.000015s ]
INFO: [ app_init ] --END-- [ RunTime:0.000295s ]
ERR: æ— æ³•åŠ è½½æ¨¡å—:Db

[ 2016-03-25T13:59:00+08:00 ] 211.103.255.175 /wz.rar
INFO: [ app_init ] --START--
INFO: Run Behavior\BuildLiteBehavior [ RunTime:0.000016s ]
INFO: [ app_init ] --END-- [ RunTime:0.000297s ]
ERR: æ— æ³•åŠ è½½æ¨¡å—:Wz

[ 2016-03-25T13:59:00+08:00 ] 211.103.255.175 /wz.zip
INFO: [ app_init ] --START--
INFO: Run Behavior\BuildLiteBehavior [ RunTime:0.000016s ]
INFO: [ app_init ] --END-- [ RunTime:0.000346s ]
ERR: æ— æ³•åŠ è½½æ¨¡å—:Wz

[ 2016-03-25T13:59:00+08:00 ] 211.103.255.175 /Website.rar
INFO: [ app_init ] --START--
INFO: Run Behavior\BuildLiteBehavior [ RunTime:0.000016s ]
INFO: [ app_init ] --END-- [ RunTime:0.000293s ]
ERR: æ— æ³•åŠ è½½æ¨¡å—:Website

[ 2016-03-25T13:59:00+08:00 ] 211.103.255.175 /Website.zip
INFO: [ app_init ] --START--
INFO: Run Behavior\BuildLiteBehavior [ RunTime:0.000016s ]
INFO: [ app_init ] --END-- [ RunTime:0.000308s ]
ERR: æ— æ³•åŠ è½½æ¨¡å—:Website

[ 2016-03-25T13:59:00+08:00 ] 211.103.255.175 /Backup.rar
INFO: [ app_init ] --START--
INFO: Run Behavior\BuildLiteBehavior [ RunTime:0.000017s ]
INFO: [ app_init ] --END-- [ RunTime:0.000312s ]
ERR: æ— æ³•åŠ è½½æ¨¡å—:Backup

[ 2016-03-25T13:59:00+08:00 ] 211.103.255.175 /Backup.zip
INFO: [ app_init ] --START--
INFO: Run Behavior\BuildLiteBehavior [ RunTime:0.000016s ]
INFO: [ app_init ] --END-- [ RunTime:0.000298s ]
ERR: æ— æ³•åŠ è½½æ¨¡å—:Backup

[ 2016-03-25T13:59:00+08:00 ] 211.103.255.175 /fdsa.rar
INFO: [ app_init ] --START--
INFO: Run Behavior\BuildLiteBehavior [ RunTime:0.000016s ]
INFO: [ app_init ] --END-- [ RunTime:0.000299s ]
ERR: æ— æ³•åŠ è½½æ¨¡å—:Fdsa

[ 2016-03-25T13:59:00+08:00 ] 211.103.255.175 /fdsa.zip
INFO: [ app_init ] --START--
INFO: Run Behavior\BuildLiteBehavior [ RunTime:0.000019s ]
INFO: [ app_init ] --END-- [ RunTime:0.000312s ]
ERR: æ— æ³•åŠ è½½æ¨¡å—:Fdsa

[ 2016-03-25T13:59:01+08:00 ] 211.103.255.175 /wangzhan.rar
INFO: [ app_init ] --START--
INFO: Run Behavior\BuildLiteBehavior [ RunTime:0.000015s ]
INFO: [ app_init ] --END-- [ RunTime:0.000294s ]
ERR: æ— æ³•åŠ è½½æ¨¡å—:Wangzhan

[ 2016-03-25T13:59:01+08:00 ] 211.103.255.175 /wangzhan.zip
INFO: [ app_init ] --START--
INFO: Run Behavior\BuildLiteBehavior [ RunTime:0.000016s ]
INFO: [ app_init ] --END-- [ RunTime:0.000303s ]
ERR: æ— æ³•åŠ è½½æ¨¡å—:Wangzhan

[ 2016-03-25T13:59:01+08:00 ] 211.103.255.175 /root.rar
INFO: [ app_init ] --START--
INFO: Run Behavior\BuildLiteBehavior [ RunTime:0.000016s ]
INFO: [ app_init ] --END-- [ RunTime:0.000351s ]
ERR: æ— æ³•åŠ è½½æ¨¡å—:Root

[ 2016-03-25T13:59:01+08:00 ] 211.103.255.175 /root.zip
INFO: [ app_init ] --START--
INFO: Run Behavior\BuildLiteBehavior [ RunTime:0.000015s ]
INFO: [ app_init ] --END-- [ RunTime:0.000288s ]
ERR: æ— æ³•åŠ è½½æ¨¡å—:Root

[ 2016-03-25T13:59:01+08:00 ] 211.103.255.175 /admin.rar
INFO: [ app_init ] --START--
INFO: Run Behavior\BuildLiteBehavior [ RunTime:0.000014s ]
INFO: [ app_init ] --END-- [ RunTime:0.000283s ]
ERR: æ— æ³•åŠ è½½æ¨¡å—:Admin

[ 2016-03-25T13:59:01+08:00 ] 211.103.255.175 /admin.zip
INFO: [ app_init ] --START--
INFO: Run Behavior\BuildLiteBehavior [ RunTime:0.000015s ]
INFO: [ app_init ] --END-- [ RunTime:0.000331s ]
ERR: æ— æ³•åŠ è½½æ¨¡å—:Admin

[ 2016-03-25T13:59:01+08:00 ] 211.103.255.175 /data.rar
INFO: [ app_init ] --START--
INFO: Run Behavior\BuildLiteBehavior [ RunTime:0.000017s ]
INFO: [ app_init ] --END-- [ RunTime:0.000576s ]
ERR: æ— æ³•åŠ è½½æ¨¡å—:Data

[ 2016-03-25T13:59:01+08:00 ] 211.103.255.175 /gg.rar
INFO: [ app_init ] --START--
INFO: Run Behavior\BuildLiteBehavior [ RunTime:0.000015s ]
INFO: [ app_init ] --END-- [ RunTime:0.000298s ]
ERR: æ— æ³•åŠ è½½æ¨¡å—:Gg

[ 2016-03-25T13:59:01+08:00 ] 211.103.255.175 /vip.rar
INFO: [ app_init ] --START--
INFO: Run Behavior\BuildLiteBehavior [ RunTime:0.000015s ]
INFO: [ app_init ] --END-- [ RunTime:0.000302s ]
ERR: æ— æ³•åŠ è½½æ¨¡å—:Vip

[ 2016-03-25T13:59:02+08:00 ] 211.103.255.175 /vip.zip
INFO: [ app_init ] --START--
INFO: Run Behavior\BuildLiteBehavior [ RunTime:0.000015s ]
INFO: [ app_init ] --END-- [ RunTime:0.000292s ]
ERR: æ— æ³•åŠ è½½æ¨¡å—:Vip

[ 2016-03-25T13:59:02+08:00 ] 211.103.255.175 /flashfxp.zip
INFO: [ app_init ] --START--
INFO: Run Behavior\BuildLiteBehavior [ RunTime:0.000015s ]
INFO: [ app_init ] --END-- [ RunTime:0.000303s ]
ERR: æ— æ³•åŠ è½½æ¨¡å—:Flashfxp

[ 2016-03-25T13:59:02+08:00 ] 211.103.255.175 /flashfxp.rar
INFO: [ app_init ] --START--
INFO: Run Behavior\BuildLiteBehavior [ RunTime:0.000015s ]
INFO: [ app_init ] --END-- [ RunTime:0.000295s ]
ERR: æ— æ³•åŠ è½½æ¨¡å—:Flashfxp

[ 2016-03-25T13:59:02+08:00 ] 211.103.255.175 /ĞÂ½¨ÎÄ¼ş¼Ğ.rar
INFO: [ app_init ] --START--
INFO: Run Behavior\BuildLiteBehavior [ RunTime:0.000016s ]
INFO: [ app_init ] --END-- [ RunTime:0.000300s ]
ERR: æ— æ³•åŠ è½½æ¨¡å—:ĞÂ½¨ÎÄ¼ş¼Ğ

[ 2016-03-25T13:59:02+08:00 ] 211.103.255.175 /ĞÂ½¨ÎÄ¼ş¼Ğ.zip
INFO: [ app_init ] --START--
INFO: Run Behavior\BuildLiteBehavior [ RunTime:0.000017s ]
INFO: [ app_init ] --END-- [ RunTime:0.000354s ]
ERR: æ— æ³•åŠ è½½æ¨¡å—:ĞÂ½¨ÎÄ¼ş¼Ğ

[ 2016-03-25T13:59:02+08:00 ] 211.103.255.175 /qq.rar
INFO: [ app_init ] --START--
INFO: Run Behavior\BuildLiteBehavior [ RunTime:0.000021s ]
INFO: [ app_init ] --END-- [ RunTime:0.000407s ]
ERR: æ— æ³•åŠ è½½æ¨¡å—:Qq

[ 2016-03-25T13:59:02+08:00 ] 211.103.255.175 /qq.zip
INFO: [ app_init ] --START--
INFO: Run Behavior\BuildLiteBehavior [ RunTime:0.000016s ]
INFO: [ app_init ] --END-- [ RunTime:0.000349s ]
ERR: æ— æ³•åŠ è½½æ¨¡å—:Qq

[ 2016-03-25T13:59:02+08:00 ] 211.103.255.175 /1.zip
INFO: [ app_init ] --START--
INFO: Run Behavior\BuildLiteBehavior [ RunTime:0.000016s ]
INFO: [ app_init ] --END-- [ RunTime:0.000298s ]
ERR: æ— æ³•åŠ è½½æ¨¡å—:1

[ 2016-03-25T13:59:02+08:00 ] 211.103.255.175 /1.rar
INFO: [ app_init ] --START--
INFO: Run Behavior\BuildLiteBehavior [ RunTime:0.000015s ]
INFO: [ app_init ] --END-- [ RunTime:0.000296s ]
ERR: æ— æ³•åŠ è½½æ¨¡å—:1

[ 2016-03-25T13:59:03+08:00 ] 211.103.255.175 /2.zip
INFO: [ app_init ] --START--
INFO: Run Behavior\BuildLiteBehavior [ RunTime:0.000015s ]
INFO: [ app_init ] --END-- [ RunTime:0.000295s ]
ERR: æ— æ³•åŠ è½½æ¨¡å—:2

[ 2016-03-25T13:59:03+08:00 ] 211.103.255.175 /2.rar
INFO: [ app_init ] --START--
INFO: Run Behavior\BuildLiteBehavior [ RunTime:0.000016s ]
INFO: [ app_init ] --END-- [ RunTime:0.000299s ]
ERR: æ— æ³•åŠ è½½æ¨¡å—:2

[ 2016-03-25T13:59:03+08:00 ] 211.103.255.175 /3.zip
INFO: [ app_init ] --START--
INFO: Run Behavior\BuildLiteBehavior [ RunTime:0.000023s ]
INFO: [ app_init ] --END-- [ RunTime:0.000390s ]
ERR: æ— æ³•åŠ è½½æ¨¡å—:3

[ 2016-03-25T13:59:03+08:00 ] 211.103.255.175 /3.rar
INFO: [ app_init ] --START--
INFO: Run Behavior\BuildLiteBehavior [ RunTime:0.000016s ]
INFO: [ app_init ] --END-- [ RunTime:0.000361s ]
ERR: æ— æ³•åŠ è½½æ¨¡å—:3

[ 2016-03-25T13:59:03+08:00 ] 211.103.255.175 /wwwroot.rar
INFO: [ app_init ] --START--
INFO: Run Behavior\BuildLiteBehavior [ RunTime:0.000016s ]
INFO: [ app_init ] --END-- [ RunTime:0.000304s ]
ERR: æ— æ³•åŠ è½½æ¨¡å—:Wwwroot

[ 2016-03-25T13:59:03+08:00 ] 211.103.255.175 /wwwroot.zip
INFO: [ app_init ] --START--
INFO: Run Behavior\BuildLiteBehavior [ RunTime:0.000015s ]
INFO: [ app_init ] --END-- [ RunTime:0.000341s ]
ERR: æ— æ³•åŠ è½½æ¨¡å—:Wwwroot

[ 2016-03-25T13:59:03+08:00 ] 211.103.255.175 /HYTop.mdb
INFO: [ app_init ] --START--
INFO: Run Behavior\BuildLiteBehavior [ RunTime:0.000017s ]
INFO: [ app_init ] --END-- [ RunTime:0.000320s ]
ERR: æ— æ³•åŠ è½½æ¨¡å—:HYTop

[ 2016-03-25T13:59:03+08:00 ] 211.103.255.175 /www.rar
INFO: [ app_init ] --START--
INFO: Run Behavior\BuildLiteBehavior [ RunTime:0.000016s ]
INFO: [ app_init ] --END-- [ RunTime:0.000302s ]
ERR: æ— æ³•åŠ è½½æ¨¡å—:Www

[ 2016-03-25T13:59:03+08:00 ] 211.103.255.175 /www.zip
INFO: [ app_init ] --START--
INFO: Run Behavior\BuildLiteBehavior [ RunTime:0.000015s ]
INFO: [ app_init ] --END-- [ RunTime:0.000345s ]
ERR: æ— æ³•åŠ è½½æ¨¡å—:Www

[ 2016-03-25T13:59:04+08:00 ] 211.103.255.175 /web.rar
INFO: [ app_init ] --START--
INFO: Run Behavior\BuildLiteBehavior [ RunTime:0.000019s ]
INFO: [ app_init ] --END-- [ RunTime:0.000358s ]
ERR: æ— æ³•åŠ è½½æ¨¡å—:Web

[ 2016-03-25T13:59:04+08:00 ] 211.103.255.175 /web.zip
INFO: [ app_init ] --START--
INFO: Run Behavior\BuildLiteBehavior [ RunTime:0.000018s ]
INFO: [ app_init ] --END-- [ RunTime:0.000361s ]
ERR: æ— æ³•åŠ è½½æ¨¡å—:Web

[ 2016-03-25T13:59:04+08:00 ] 211.103.255.175 /www.scausy.cn.rar
INFO: [ app_init ] --START--
INFO: Run Behavior\BuildLiteBehavior [ RunTime:0.000018s ]
INFO: [ app_init ] --END-- [ RunTime:0.000316s ]
ERR: æ— æ³•åŠ è½½æ¨¡å—:Www.scausy.cn

[ 2016-03-25T13:59:04+08:00 ] 211.103.255.175 /www.scausy.cn.zip
INFO: [ app_init ] --START--
INFO: Run Behavior\BuildLiteBehavior [ RunTime:0.000016s ]
INFO: [ app_init ] --END-- [ RunTime:0.000301s ]
ERR: æ— æ³•åŠ è½½æ¨¡å—:Www.scausy.cn

[ 2016-03-25T13:59:04+08:00 ] 211.103.255.175 /wwwscausycn.rar
INFO: [ app_init ] --START--
INFO: Run Behavior\BuildLiteBehavior [ RunTime:0.000016s ]
INFO: [ app_init ] --END-- [ RunTime:0.000299s ]
ERR: æ— æ³•åŠ è½½æ¨¡å—:Wwwscausycn

[ 2016-03-25T13:59:04+08:00 ] 211.103.255.175 /wwwscausycn.zip
INFO: [ app_init ] --START--
INFO: Run Behavior\BuildLiteBehavior [ RunTime:0.000016s ]
INFO: [ app_init ] --END-- [ RunTime:0.000344s ]
ERR: æ— æ³•åŠ è½½æ¨¡å—:Wwwscausycn

[ 2016-03-25T13:59:04+08:00 ] 211.103.255.175 /scausy.cn.rar
INFO: [ app_init ] --START--
INFO: Run Behavior\BuildLiteBehavior [ RunTime:0.000016s ]
INFO: [ app_init ] --END-- [ RunTime:0.000297s ]
ERR: æ— æ³•åŠ è½½æ¨¡å—:Scausy.cn

[ 2016-03-25T13:59:04+08:00 ] 211.103.255.175 /scausy.cn.zip
INFO: [ app_init ] --START--
INFO: Run Behavior\BuildLiteBehavior [ RunTime:0.000015s ]
INFO: [ app_init ] --END-- [ RunTime:0.000347s ]
ERR: æ— æ³•åŠ è½½æ¨¡å—:Scausy.cn

[ 2016-03-25T13:59:04+08:00 ] 211.103.255.175 /scausy.rar
INFO: [ app_init ] --START--
INFO: Run Behavior\BuildLiteBehavior [ RunTime:0.000016s ]
INFO: [ app_init ] --END-- [ RunTime:0.000344s ]
ERR: æ— æ³•åŠ è½½æ¨¡å—:Scausy

[ 2016-03-25T13:59:05+08:00 ] 211.103.255.175 /scausy.zip
INFO: [ app_init ] --START--
INFO: Run Behavior\BuildLiteBehavior [ RunTime:0.000015s ]
INFO: [ app_init ] --END-- [ RunTime:0.000296s ]
ERR: æ— æ³•åŠ è½½æ¨¡å—:Scausy

[ 2016-03-25T13:59:05+08:00 ] 211.103.255.175 /www_scausy_cn.zip
INFO: [ app_init ] --START--
INFO: Run Behavior\BuildLiteBehavior [ RunTime:0.000015s ]
INFO: [ app_init ] --END-- [ RunTime:0.000355s ]
ERR: æ— æ³•åŠ è½½æ¨¡å—:Www_scausy_cn

[ 2016-03-25T13:59:05+08:00 ] 211.103.255.175 /www_scausy_cn.rar
INFO: [ app_init ] --START--
INFO: Run Behavior\BuildLiteBehavior [ RunTime:0.000015s ]
INFO: [ app_init ] --END-- [ RunTime:0.000352s ]
ERR: æ— æ³•åŠ è½½æ¨¡å—:Www_scausy_cn

[ 2016-03-25T13:59:05+08:00 ] 211.103.255.175 /2010.rar
INFO: [ app_init ] --START--
INFO: Run Behavior\BuildLiteBehavior [ RunTime:0.000015s ]
INFO: [ app_init ] --END-- [ RunTime:0.000299s ]
ERR: æ— æ³•åŠ è½½æ¨¡å—:2010

[ 2016-03-25T13:59:05+08:00 ] 211.103.255.175 /2010.zip
INFO: [ app_init ] --START--
INFO: Run Behavior\BuildLiteBehavior [ RunTime:0.000016s ]
INFO: [ app_init ] --END-- [ RunTime:0.000351s ]
ERR: æ— æ³•åŠ è½½æ¨¡å—:2010

[ 2016-03-25T13:59:05+08:00 ] 211.103.255.175 /2011.rar
INFO: [ app_init ] --START--
INFO: Run Behavior\BuildLiteBehavior [ RunTime:0.000015s ]
INFO: [ app_init ] --END-- [ RunTime:0.000290s ]
ERR: æ— æ³•åŠ è½½æ¨¡å—:2011

[ 2016-03-25T13:59:05+08:00 ] 211.103.255.175 /2011.zip
INFO: [ app_init ] --START--
INFO: Run Behavior\BuildLiteBehavior [ RunTime:0.000021s ]
INFO: [ app_init ] --END-- [ RunTime:0.000353s ]
ERR: æ— æ³•åŠ è½½æ¨¡å—:2011

[ 2016-03-25T13:59:05+08:00 ] 211.103.255.175 /2012.rar
INFO: [ app_init ] --START--
INFO: Run Behavior\BuildLiteBehavior [ RunTime:0.000014s ]
INFO: [ app_init ] --END-- [ RunTime:0.000285s ]
ERR: æ— æ³•åŠ è½½æ¨¡å—:2012

[ 2016-03-25T13:59:05+08:00 ] 211.103.255.175 /2012.zip
INFO: [ app_init ] --START--
INFO: Run Behavior\BuildLiteBehavior [ RunTime:0.000017s ]
INFO: [ app_init ] --END-- [ RunTime:0.000361s ]
ERR: æ— æ³•åŠ è½½æ¨¡å—:2012

[ 2016-03-25T13:59:06+08:00 ] 211.103.255.175 /2013.rar
INFO: [ app_init ] --START--
INFO: Run Behavior\BuildLiteBehavior [ RunTime:0.000015s ]
INFO: [ app_init ] --END-- [ RunTime:0.000348s ]
ERR: æ— æ³•åŠ è½½æ¨¡å—:2013

[ 2016-03-25T13:59:06+08:00 ] 211.103.255.175 /2013.zip
INFO: [ app_init ] --START--
INFO: Run Behavior\BuildLiteBehavior [ RunTime:0.000016s ]
INFO: [ app_init ] --END-- [ RunTime:0.000352s ]
ERR: æ— æ³•åŠ è½½æ¨¡å—:2013

[ 2016-03-25T13:59:06+08:00 ] 211.103.255.175 /bf.rar
INFO: [ app_init ] --START--
INFO: Run Behavior\BuildLiteBehavior [ RunTime:0.000016s ]
INFO: [ app_init ] --END-- [ RunTime:0.000302s ]
ERR: æ— æ³•åŠ è½½æ¨¡å—:Bf

[ 2016-03-25T13:59:06+08:00 ] 211.103.255.175 /bf.zip
INFO: [ app_init ] --START--
INFO: Run Behavior\BuildLiteBehavior [ RunTime:0.000022s ]
INFO: [ app_init ] --END-- [ RunTime:0.000439s ]
ERR: æ— æ³•åŠ è½½æ¨¡å—:Bf

[ 2016-03-25T13:59:06+08:00 ] 211.103.255.175 /ÍøÕ¾.rar
INFO: [ app_init ] --START--
INFO: Run Behavior\BuildLiteBehavior [ RunTime:0.000016s ]
INFO: [ app_init ] --END-- [ RunTime:0.000291s ]
ERR: æ— æ³•åŠ è½½æ¨¡å—:ÍøÕ¾

[ 2016-03-25T13:59:06+08:00 ] 211.103.255.175 /ÍøÕ¾.zip
INFO: [ app_init ] --START--
INFO: Run Behavior\BuildLiteBehavior [ RunTime:0.000020s ]
INFO: [ app_init ] --END-- [ RunTime:0.000385s ]
ERR: æ— æ³•åŠ è½½æ¨¡å—:ÍøÕ¾

[ 2016-03-25T13:59:06+08:00 ] 211.103.255.175 /±¸·İ.zip
INFO: [ app_init ] --START--
INFO: Run Behavior\BuildLiteBehavior [ RunTime:0.000016s ]
INFO: [ app_init ] --END-- [ RunTime:0.000357s ]
ERR: æ— æ³•åŠ è½½æ¨¡å—:±¸·İ

[ 2016-03-25T13:59:06+08:00 ] 211.103.255.175 /±¸·İ.rar
INFO: [ app_init ] --START--
INFO: Run Behavior\BuildLiteBehavior [ RunTime:0.000016s ]
INFO: [ app_init ] --END-- [ RunTime:0.000305s ]
ERR: æ— æ³•åŠ è½½æ¨¡å—:±¸·İ

[ 2016-03-25T13:59:06+08:00 ] 211.103.255.175 /´ò°ü.rar
INFO: [ app_init ] --START--
INFO: Run Behavior\BuildLiteBehavior [ RunTime:0.000016s ]
INFO: [ app_init ] --END-- [ RunTime:0.000299s ]
ERR: æ— æ³•åŠ è½½æ¨¡å—:´ò°ü

[ 2016-03-25T13:59:07+08:00 ] 211.103.255.175 /´ò°ü.zip
INFO: [ app_init ] --START--
INFO: Run Behavior\BuildLiteBehavior [ RunTime:0.000016s ]
INFO: [ app_init ] --END-- [ RunTime:0.000302s ]
ERR: æ— æ³•åŠ è½½æ¨¡å—:´ò°ü

[ 2016-03-25T13:59:07+08:00 ] 211.103.255.175 /Èí¼ş.rar
INFO: [ app_init ] --START--
INFO: Run Behavior\BuildLiteBehavior [ RunTime:0.000015s ]
INFO: [ app_init ] --END-- [ RunTime:0.000292s ]
ERR: æ— æ³•åŠ è½½æ¨¡å—:Èí¼ş

[ 2016-03-25T13:59:07+08:00 ] 211.103.255.175 /Èí¼ş.zip
INFO: [ app_init ] --START--
INFO: Run Behavior\BuildLiteBehavior [ RunTime:0.000022s ]
INFO: [ app_init ] --END-- [ RunTime:0.000402s ]
ERR: æ— æ³•åŠ è½½æ¨¡å—:Èí¼ş

[ 2016-03-25T13:59:07+08:00 ] 211.103.255.175 /¹«Ë¾ÍøÕ¾.zip
INFO: [ app_init ] --START--
INFO: Run Behavior\BuildLiteBehavior [ RunTime:0.000015s ]
INFO: [ app_init ] --END-- [ RunTime:0.000337s ]
ERR: æ— æ³•åŠ è½½æ¨¡å—:¹«Ë¾ÍøÕ¾

[ 2016-03-25T13:59:07+08:00 ] 211.103.255.175 /¹«Ë¾ÍøÕ¾.rar
INFO: [ app_init ] --START--
INFO: Run Behavior\BuildLiteBehavior [ RunTime:0.000020s ]
INFO: [ app_init ] --END-- [ RunTime:0.000420s ]
ERR: æ— æ³•åŠ è½½æ¨¡å—:¹«Ë¾ÍøÕ¾

[ 2016-03-25T13:59:07+08:00 ] 211.103.255.175 /11.zip
INFO: [ app_init ] --START--
INFO: Run Behavior\BuildLiteBehavior [ RunTime:0.000016s ]
INFO: [ app_init ] --END-- [ RunTime:0.000297s ]
ERR: æ— æ³•åŠ è½½æ¨¡å—:11

[ 2016-03-25T13:59:07+08:00 ] 211.103.255.175 /11.rar
INFO: [ app_init ] --START--
INFO: Run Behavior\BuildLiteBehavior [ RunTime:0.000015s ]
INFO: [ app_init ] --END-- [ RunTime:0.000355s ]
ERR: æ— æ³•åŠ è½½æ¨¡å—:11

[ 2016-03-25T13:59:07+08:00 ] 211.103.255.175 /22.rar
INFO: [ app_init ] --START--
INFO: Run Behavior\BuildLiteBehavior [ RunTime:0.000014s ]
INFO: [ app_init ] --END-- [ RunTime:0.000333s ]
ERR: æ— æ³•åŠ è½½æ¨¡å—:22

[ 2016-03-25T13:59:07+08:00 ] 211.103.255.175 /22.zip
INFO: [ app_init ] --START--
INFO: Run Behavior\BuildLiteBehavior [ RunTime:0.000016s ]
INFO: [ app_init ] --END-- [ RunTime:0.000342s ]
ERR: æ— æ³•åŠ è½½æ¨¡å—:22

[ 2016-03-25T13:59:08+08:00 ] 211.103.255.175 /33.zip
INFO: [ app_init ] --START--
INFO: Run Behavior\BuildLiteBehavior [ RunTime:0.000015s ]
INFO: [ app_init ] --END-- [ RunTime:0.000295s ]
ERR: æ— æ³•åŠ è½½æ¨¡å—:33

[ 2016-03-25T13:59:08+08:00 ] 211.103.255.175 /33.rar
INFO: [ app_init ] --START--
INFO: Run Behavior\BuildLiteBehavior [ RunTime:0.000016s ]
INFO: [ app_init ] --END-- [ RunTime:0.000289s ]
ERR: æ— æ³•åŠ è½½æ¨¡å—:33

[ 2016-03-25T13:59:08+08:00 ] 211.103.255.175 /44.zip
INFO: [ app_init ] --START--
INFO: Run Behavior\BuildLiteBehavior [ RunTime:0.000015s ]
INFO: [ app_init ] --END-- [ RunTime:0.000296s ]
ERR: æ— æ³•åŠ è½½æ¨¡å—:44

[ 2016-03-25T13:59:08+08:00 ] 211.103.255.175 /44.rar
INFO: [ app_init ] --START--
INFO: Run Behavior\BuildLiteBehavior [ RunTime:0.000020s ]
INFO: [ app_init ] --END-- [ RunTime:0.000393s ]
ERR: æ— æ³•åŠ è½½æ¨¡å—:44

[ 2016-03-25T13:59:08+08:00 ] 211.103.255.175 /55.zip
INFO: [ app_init ] --START--
INFO: Run Behavior\BuildLiteBehavior [ RunTime:0.000015s ]
INFO: [ app_init ] --END-- [ RunTime:0.000290s ]
ERR: æ— æ³•åŠ è½½æ¨¡å—:55

[ 2016-03-25T13:59:08+08:00 ] 211.103.255.175 /55.rar
INFO: [ app_init ] --START--
INFO: Run Behavior\BuildLiteBehavior [ RunTime:0.000016s ]
INFO: [ app_init ] --END-- [ RunTime:0.000343s ]
ERR: æ— æ³•åŠ è½½æ¨¡å—:55

[ 2016-03-25T13:59:08+08:00 ] 211.103.255.175 /66.rar
INFO: [ app_init ] --START--
INFO: Run Behavior\BuildLiteBehavior [ RunTime:0.000015s ]
INFO: [ app_init ] --END-- [ RunTime:0.000290s ]
ERR: æ— æ³•åŠ è½½æ¨¡å—:66

[ 2016-03-25T13:59:08+08:00 ] 211.103.255.175 /66.zip
INFO: [ app_init ] --START--
INFO: Run Behavior\BuildLiteBehavior [ RunTime:0.000014s ]
INFO: [ app_init ] --END-- [ RunTime:0.000276s ]
ERR: æ— æ³•åŠ è½½æ¨¡å—:66

[ 2016-03-25T13:59:08+08:00 ] 211.103.255.175 /77.zip
INFO: [ app_init ] --START--
INFO: Run Behavior\BuildLiteBehavior [ RunTime:0.000016s ]
INFO: [ app_init ] --END-- [ RunTime:0.000562s ]
ERR: æ— æ³•åŠ è½½æ¨¡å—:77

[ 2016-03-25T13:59:09+08:00 ] 211.103.255.175 /77.rar
INFO: [ app_init ] --START--
INFO: Run Behavior\BuildLiteBehavior [ RunTime:0.000016s ]
INFO: [ app_init ] --END-- [ RunTime:0.000298s ]
ERR: æ— æ³•åŠ è½½æ¨¡å—:77

[ 2016-03-25T13:59:09+08:00 ] 211.103.255.175 /88.rar
INFO: [ app_init ] --START--
INFO: Run Behavior\BuildLiteBehavior [ RunTime:0.000016s ]
INFO: [ app_init ] --END-- [ RunTime:0.000554s ]
ERR: æ— æ³•åŠ è½½æ¨¡å—:88

[ 2016-03-25T13:59:09+08:00 ] 211.103.255.175 /88.zip
INFO: [ app_init ] --START--
INFO: Run Behavior\BuildLiteBehavior [ RunTime:0.000015s ]
INFO: [ app_init ] --END-- [ RunTime:0.000347s ]
ERR: æ— æ³•åŠ è½½æ¨¡å—:88

[ 2016-03-25T13:59:09+08:00 ] 211.103.255.175 /99.zip
INFO: [ app_init ] --START--
INFO: Run Behavior\BuildLiteBehavior [ RunTime:0.000015s ]
INFO: [ app_init ] --END-- [ RunTime:0.000296s ]
ERR: æ— æ³•åŠ è½½æ¨¡å—:99

[ 2016-03-25T13:59:09+08:00 ] 211.103.255.175 /99.rar
INFO: [ app_init ] --START--
INFO: Run Behavior\BuildLiteBehavior [ RunTime:0.000016s ]
INFO: [ app_init ] --END-- [ RunTime:0.000352s ]
ERR: æ— æ³•åŠ è½½æ¨¡å—:99

[ 2016-03-25T13:59:09+08:00 ] 211.103.255.175 /4.zip
INFO: [ app_init ] --START--
INFO: Run Behavior\BuildLiteBehavior [ RunTime:0.000019s ]
INFO: [ app_init ] --END-- [ RunTime:0.000390s ]
ERR: æ— æ³•åŠ è½½æ¨¡å—:4

[ 2016-03-25T13:59:09+08:00 ] 211.103.255.175 /4.rar
INFO: [ app_init ] --START--
INFO: Run Behavior\BuildLiteBehavior [ RunTime:0.000018s ]
INFO: [ app_init ] --END-- [ RunTime:0.000301s ]
ERR: æ— æ³•åŠ è½½æ¨¡å—:4

[ 2016-03-25T13:59:09+08:00 ] 211.103.255.175 /5.zip
INFO: [ app_init ] --START--
INFO: Run Behavior\BuildLiteBehavior [ RunTime:0.000015s ]
INFO: [ app_init ] --END-- [ RunTime:0.000292s ]
ERR: æ— æ³•åŠ è½½æ¨¡å—:5

[ 2016-03-25T13:59:09+08:00 ] 211.103.255.175 /5.rar
INFO: [ app_init ] --START--
INFO: Run Behavior\BuildLiteBehavior [ RunTime:0.000016s ]
INFO: [ app_init ] --END-- [ RunTime:0.000407s ]
ERR: æ— æ³•åŠ è½½æ¨¡å—:5

[ 2016-03-25T13:59:10+08:00 ] 211.103.255.175 /6.rar
INFO: [ app_init ] --START--
INFO: Run Behavior\BuildLiteBehavior [ RunTime:0.000014s ]
INFO: [ app_init ] --END-- [ RunTime:0.000343s ]
ERR: æ— æ³•åŠ è½½æ¨¡å—:6

[ 2016-03-25T13:59:10+08:00 ] 211.103.255.175 /6.zip
INFO: [ app_init ] --START--
INFO: Run Behavior\BuildLiteBehavior [ RunTime:0.000016s ]
INFO: [ app_init ] --END-- [ RunTime:0.000350s ]
ERR: æ— æ³•åŠ è½½æ¨¡å—:6

[ 2016-03-25T13:59:10+08:00 ] 211.103.255.175 /7.rar
INFO: [ app_init ] --START--
INFO: Run Behavior\BuildLiteBehavior [ RunTime:0.000015s ]
INFO: [ app_init ] --END-- [ RunTime:0.000291s ]
ERR: æ— æ³•åŠ è½½æ¨¡å—:7

[ 2016-03-25T13:59:10+08:00 ] 211.103.255.175 /7.zip
INFO: [ app_init ] --START--
INFO: Run Behavior\BuildLiteBehavior [ RunTime:0.000015s ]
INFO: [ app_init ] --END-- [ RunTime:0.000346s ]
ERR: æ— æ³•åŠ è½½æ¨¡å—:7

[ 2016-03-25T13:59:10+08:00 ] 211.103.255.175 /8.rar
INFO: [ app_init ] --START--
INFO: Run Behavior\BuildLiteBehavior [ RunTime:0.000016s ]
INFO: [ app_init ] --END-- [ RunTime:0.000342s ]
ERR: æ— æ³•åŠ è½½æ¨¡å—:8

[ 2016-03-25T13:59:10+08:00 ] 211.103.255.175 /8.zip
INFO: [ app_init ] --START--
INFO: Run Behavior\BuildLiteBehavior [ RunTime:0.000017s ]
INFO: [ app_init ] --END-- [ RunTime:0.000305s ]
ERR: æ— æ³•åŠ è½½æ¨¡å—:8

[ 2016-03-25T13:59:12+08:00 ] 211.103.255.175 /00.rar
INFO: [ app_init ] --START--
INFO: Run Behavior\BuildLiteBehavior [ RunTime:0.000015s ]
INFO: [ app_init ] --END-- [ RunTime:0.000351s ]
ERR: æ— æ³•åŠ è½½æ¨¡å—:00

[ 2016-03-25T13:59:12+08:00 ] 211.103.255.175 /00.zip
INFO: [ app_init ] --START--
INFO: Run Behavior\BuildLiteBehavior [ RunTime:0.000016s ]
INFO: [ app_init ] --END-- [ RunTime:0.000346s ]
ERR: æ— æ³•åŠ è½½æ¨¡å—:00

[ 2016-03-25T13:59:12+08:00 ] 211.103.255.175 /000.rar
INFO: [ app_init ] --START--
INFO: Run Behavior\BuildLiteBehavior [ RunTime:0.000015s ]
INFO: [ app_init ] --END-- [ RunTime:0.000298s ]
ERR: æ— æ³•åŠ è½½æ¨¡å—:000

[ 2016-03-25T13:59:12+08:00 ] 211.103.255.175 /000.zip
INFO: [ app_init ] --START--
INFO: Run Behavior\BuildLiteBehavior [ RunTime:0.000015s ]
INFO: [ app_init ] --END-- [ RunTime:0.000296s ]
ERR: æ— æ³•åŠ è½½æ¨¡å—:000

[ 2016-03-25T13:59:12+08:00 ] 211.103.255.175 /ftp.rar
INFO: [ app_init ] --START--
INFO: Run Behavior\BuildLiteBehavior [ RunTime:0.000015s ]
INFO: [ app_init ] --END-- [ RunTime:0.000301s ]
ERR: æ— æ³•åŠ è½½æ¨¡å—:Ftp

[ 2016-03-25T13:59:13+08:00 ] 211.103.255.175 /ftp.zip
INFO: [ app_init ] --START--
INFO: Run Behavior\BuildLiteBehavior [ RunTime:0.000015s ]
INFO: [ app_init ] --END-- [ RunTime:0.000290s ]
ERR: æ— æ³•åŠ è½½æ¨¡å—:Ftp

[ 2016-03-25T13:59:13+08:00 ] 211.103.255.175 /fxp.rar
INFO: [ app_init ] --START--
INFO: Run Behavior\BuildLiteBehavior [ RunTime:0.000016s ]
INFO: [ app_init ] --END-- [ RunTime:0.000357s ]
ERR: æ— æ³•åŠ è½½æ¨¡å—:Fxp

[ 2016-03-25T13:59:13+08:00 ] 211.103.255.175 /fxp.zip
INFO: [ app_init ] --START--
INFO: Run Behavior\BuildLiteBehavior [ RunTime:0.000019s ]
INFO: [ app_init ] --END-- [ RunTime:0.000471s ]
ERR: æ— æ³•åŠ è½½æ¨¡å—:Fxp

[ 2016-03-25T13:59:13+08:00 ] 211.103.255.175 /ÃØÃÜ.rar
INFO: [ app_init ] --START--
INFO: Run Behavior\BuildLiteBehavior [ RunTime:0.000016s ]
INFO: [ app_init ] --END-- [ RunTime:0.000354s ]
ERR: æ— æ³•åŠ è½½æ¨¡å—:ÃØÃÜ

[ 2016-03-25T13:59:13+08:00 ] 211.103.255.175 /ÃØÃÜ.zip
INFO: [ app_init ] --START--
INFO: Run Behavior\BuildLiteBehavior [ RunTime:0.000017s ]
INFO: [ app_init ] --END-- [ RunTime:0.000354s ]
ERR: æ— æ³•åŠ è½½æ¨¡å—:ÃØÃÜ

[ 2016-03-25T13:59:13+08:00 ] 211.103.255.175 /¸öÈË.zip
INFO: [ app_init ] --START--
INFO: Run Behavior\BuildLiteBehavior [ RunTime:0.000015s ]
INFO: [ app_init ] --END-- [ RunTime:0.000294s ]
ERR: æ— æ³•åŠ è½½æ¨¡å—:¸öÈË

[ 2016-03-25T13:59:13+08:00 ] 211.103.255.175 /¸öÈË.rar
INFO: [ app_init ] --START--
INFO: Run Behavior\BuildLiteBehavior [ RunTime:0.000014s ]
INFO: [ app_init ] --END-- [ RunTime:0.000294s ]
ERR: æ— æ³•åŠ è½½æ¨¡å—:¸öÈË

[ 2016-03-25T13:59:13+08:00 ] 211.103.255.175 /ÕûÕ¾.rar
INFO: [ app_init ] --START--
INFO: Run Behavior\BuildLiteBehavior [ RunTime:0.000014s ]
INFO: [ app_init ] --END-- [ RunTime:0.000289s ]
ERR: æ— æ³•åŠ è½½æ¨¡å—:ÕûÕ¾

[ 2016-03-25T13:59:13+08:00 ] 211.103.255.175 /ÀÏÆÅ.rar
INFO: [ app_init ] --START--
INFO: Run Behavior\BuildLiteBehavior [ RunTime:0.000021s ]
INFO: [ app_init ] --END-- [ RunTime:0.000364s ]
ERR: æ— æ³•åŠ è½½æ¨¡å—:ÀÏÆÅ

[ 2016-03-25T13:59:14+08:00 ] 211.103.255.175 /Ïà²á.rar
INFO: [ app_init ] --START--
INFO: Run Behavior\BuildLiteBehavior [ RunTime:0.000017s ]
INFO: [ app_init ] --END-- [ RunTime:0.000306s ]
ERR: æ— æ³•åŠ è½½æ¨¡å—:Ïà²á

[ 2016-03-25T13:59:14+08:00 ] 211.103.255.175 /ÏµÍ³.rar
INFO: [ app_init ] --START--
INFO: Run Behavior\BuildLiteBehavior [ RunTime:0.000016s ]
INFO: [ app_init ] --END-- [ RunTime:0.000301s ]
ERR: æ— æ³•åŠ è½½æ¨¡å—:ÏµÍ³

[ 2016-03-25T13:59:14+08:00 ] 211.103.255.175 /ÏµÍ³.zip
INFO: [ app_init ] --START--
INFO: Run Behavior\BuildLiteBehavior [ RunTime:0.000015s ]
INFO: [ app_init ] --END-- [ RunTime:0.000301s ]
ERR: æ— æ³•åŠ è½½æ¨¡å—:ÏµÍ³

[ 2016-03-25T13:59:14+08:00 ] 211.103.255.175 /xitong.rar
INFO: [ app_init ] --START--
INFO: Run Behavior\BuildLiteBehavior [ RunTime:0.000015s ]
INFO: [ app_init ] --END-- [ RunTime:0.000296s ]
ERR: æ— æ³•åŠ è½½æ¨¡å—:Xitong

[ 2016-03-25T15:15:23+08:00 ] 203.208.60.191 /robots.txt
INFO: [ app_init ] --START--
INFO: Run Behavior\BuildLiteBehavior [ RunTime:0.000016s ]
INFO: [ app_init ] --END-- [ RunTime:0.000300s ]
ERR: æ— æ³•åŠ è½½æ¨¡å—:Robots

[ 2016-03-25T17:46:26+08:00 ] 211.103.255.175 /cx.rar
INFO: [ app_init ] --START--
INFO: Run Behavior\BuildLiteBehavior [ RunTime:0.000016s ]
INFO: [ app_init ] --END-- [ RunTime:0.000309s ]
ERR: æ— æ³•åŠ è½½æ¨¡å—:Cx

[ 2016-03-25T17:46:26+08:00 ] 211.103.255.175 /cx.zip
INFO: [ app_init ] --START--
INFO: Run Behavior\BuildLiteBehavior [ RunTime:0.000019s ]
INFO: [ app_init ] --END-- [ RunTime:0.000475s ]
ERR: æ— æ³•åŠ è½½æ¨¡å—:Cx

[ 2016-03-25T17:46:26+08:00 ] 211.103.255.175 /rj.rar
INFO: [ app_init ] --START--
INFO: Run Behavior\BuildLiteBehavior [ RunTime:0.000016s ]
INFO: [ app_init ] --END-- [ RunTime:0.000349s ]
ERR: æ— æ³•åŠ è½½æ¨¡å—:Rj

[ 2016-03-25T17:46:27+08:00 ] 211.103.255.175 /rj.zip
INFO: [ app_init ] --START--
INFO: Run Behavior\BuildLiteBehavior [ RunTime:0.000016s ]
INFO: [ app_init ] --END-- [ RunTime:0.000305s ]
ERR: æ— æ³•åŠ è½½æ¨¡å—:Rj

[ 2016-03-25T17:46:27+08:00 ] 211.103.255.175 /db.rar
INFO: [ app_init ] --START--
INFO: Run Behavior\BuildLiteBehavior [ RunTime:0.000015s ]
INFO: [ app_init ] --END-- [ RunTime:0.000353s ]
ERR: æ— æ³•åŠ è½½æ¨¡å—:Db

[ 2016-03-25T17:46:27+08:00 ] 211.103.255.175 /db.zip
INFO: [ app_init ] --START--
INFO: Run Behavior\BuildLiteBehavior [ RunTime:0.000021s ]
INFO: [ app_init ] --END-- [ RunTime:0.000413s ]
ERR: æ— æ³•åŠ è½½æ¨¡å—:Db

[ 2016-03-25T17:46:27+08:00 ] 211.103.255.175 /wz.rar
INFO: [ app_init ] --START--
INFO: Run Behavior\BuildLiteBehavior [ RunTime:0.000016s ]
INFO: [ app_init ] --END-- [ RunTime:0.000358s ]
ERR: æ— æ³•åŠ è½½æ¨¡å—:Wz

[ 2016-03-25T17:46:27+08:00 ] 211.103.255.175 /wz.zip
INFO: [ app_init ] --START--
INFO: Run Behavior\BuildLiteBehavior [ RunTime:0.000014s ]
INFO: [ app_init ] --END-- [ RunTime:0.000298s ]
ERR: æ— æ³•åŠ è½½æ¨¡å—:Wz

[ 2016-03-25T17:46:27+08:00 ] 211.103.255.175 /Website.rar
INFO: [ app_init ] --START--
INFO: Run Behavior\BuildLiteBehavior [ RunTime:0.000015s ]
INFO: [ app_init ] --END-- [ RunTime:0.000360s ]
ERR: æ— æ³•åŠ è½½æ¨¡å—:Website

[ 2016-03-25T17:46:27+08:00 ] 211.103.255.175 /Website.zip
INFO: [ app_init ] --START--
INFO: Run Behavior\BuildLiteBehavior [ RunTime:0.000066s ]
INFO: [ app_init ] --END-- [ RunTime:0.000353s ]
ERR: æ— æ³•åŠ è½½æ¨¡å—:Website

[ 2016-03-25T17:46:27+08:00 ] 211.103.255.175 /Backup.rar
INFO: [ app_init ] --START--
INFO: Run Behavior\BuildLiteBehavior [ RunTime:0.000016s ]
INFO: [ app_init ] --END-- [ RunTime:0.000304s ]
ERR: æ— æ³•åŠ è½½æ¨¡å—:Backup

[ 2016-03-25T17:46:27+08:00 ] 211.103.255.175 /Backup.zip
INFO: [ app_init ] --START--
INFO: Run Behavior\BuildLiteBehavior [ RunTime:0.000016s ]
INFO: [ app_init ] --END-- [ RunTime:0.000300s ]
ERR: æ— æ³•åŠ è½½æ¨¡å—:Backup

[ 2016-03-25T17:46:27+08:00 ] 211.103.255.175 /fdsa.rar
INFO: [ app_init ] --START--
INFO: Run Behavior\BuildLiteBehavior [ RunTime:0.000016s ]
INFO: [ app_init ] --END-- [ RunTime:0.000308s ]
ERR: æ— æ³•åŠ è½½æ¨¡å—:Fdsa

[ 2016-03-25T17:46:28+08:00 ] 211.103.255.175 /fdsa.zip
INFO: [ app_init ] --START--
INFO: Run Behavior\BuildLiteBehavior [ RunTime:0.000016s ]
INFO: [ app_init ] --END-- [ RunTime:0.000301s ]
ERR: æ— æ³•åŠ è½½æ¨¡å—:Fdsa

[ 2016-03-25T17:46:28+08:00 ] 211.103.255.175 /wangzhan.rar
INFO: [ app_init ] --START--
INFO: Run Behavior\BuildLiteBehavior [ RunTime:0.000015s ]
INFO: [ app_init ] --END-- [ RunTime:0.000293s ]
ERR: æ— æ³•åŠ è½½æ¨¡å—:Wangzhan

[ 2016-03-25T17:46:28+08:00 ] 211.103.255.175 /wangzhan.zip
INFO: [ app_init ] --START--
INFO: Run Behavior\BuildLiteBehavior [ RunTime:0.000016s ]
INFO: [ app_init ] --END-- [ RunTime:0.000305s ]
ERR: æ— æ³•åŠ è½½æ¨¡å—:Wangzhan

[ 2016-03-25T17:46:28+08:00 ] 211.103.255.175 /root.rar
INFO: [ app_init ] --START--
INFO: Run Behavior\BuildLiteBehavior [ RunTime:0.000015s ]
INFO: [ app_init ] --END-- [ RunTime:0.000347s ]
ERR: æ— æ³•åŠ è½½æ¨¡å—:Root

[ 2016-03-25T17:46:28+08:00 ] 211.103.255.175 /root.zip
INFO: [ app_init ] --START--
INFO: Run Behavior\BuildLiteBehavior [ RunTime:0.000016s ]
INFO: [ app_init ] --END-- [ RunTime:0.000351s ]
ERR: æ— æ³•åŠ è½½æ¨¡å—:Root

[ 2016-03-25T17:46:28+08:00 ] 211.103.255.175 /admin.rar
INFO: [ app_init ] --START--
INFO: Run Behavior\BuildLiteBehavior [ RunTime:0.000020s ]
INFO: [ app_init ] --END-- [ RunTime:0.000330s ]
ERR: æ— æ³•åŠ è½½æ¨¡å—:Admin

[ 2016-03-25T17:46:28+08:00 ] 211.103.255.175 /admin.zip
INFO: [ app_init ] --START--
INFO: Run Behavior\BuildLiteBehavior [ RunTime:0.000018s ]
INFO: [ app_init ] --END-- [ RunTime:0.000316s ]
ERR: æ— æ³•åŠ è½½æ¨¡å—:Admin

[ 2016-03-25T17:46:28+08:00 ] 211.103.255.175 /data.rar
INFO: [ app_init ] --START--
INFO: Run Behavior\BuildLiteBehavior [ RunTime:0.000017s ]
INFO: [ app_init ] --END-- [ RunTime:0.000370s ]
ERR: æ— æ³•åŠ è½½æ¨¡å—:Data

[ 2016-03-25T17:46:28+08:00 ] 211.103.255.175 /gg.rar
INFO: [ app_init ] --START--
INFO: Run Behavior\BuildLiteBehavior [ RunTime:0.000015s ]
INFO: [ app_init ] --END-- [ RunTime:0.000362s ]
ERR: æ— æ³•åŠ è½½æ¨¡å—:Gg

[ 2016-03-25T17:46:29+08:00 ] 211.103.255.175 /vip.rar
INFO: [ app_init ] --START--
INFO: Run Behavior\BuildLiteBehavior [ RunTime:0.000016s ]
INFO: [ app_init ] --END-- [ RunTime:0.000305s ]
ERR: æ— æ³•åŠ è½½æ¨¡å—:Vip

[ 2016-03-25T17:46:29+08:00 ] 211.103.255.175 /vip.zip
INFO: [ app_init ] --START--
INFO: Run Behavior\BuildLiteBehavior [ RunTime:0.000015s ]
INFO: [ app_init ] --END-- [ RunTime:0.000359s ]
ERR: æ— æ³•åŠ è½½æ¨¡å—:Vip

[ 2016-03-25T17:46:29+08:00 ] 211.103.255.175 /flashfxp.zip
INFO: [ app_init ] --START--
INFO: Run Behavior\BuildLiteBehavior [ RunTime:0.000016s ]
INFO: [ app_init ] --END-- [ RunTime:0.000315s ]
ERR: æ— æ³•åŠ è½½æ¨¡å—:Flashfxp

[ 2016-03-25T17:46:29+08:00 ] 211.103.255.175 /flashfxp.rar
INFO: [ app_init ] --START--
INFO: Run Behavior\BuildLiteBehavior [ RunTime:0.000016s ]
INFO: [ app_init ] --END-- [ RunTime:0.000303s ]
ERR: æ— æ³•åŠ è½½æ¨¡å—:Flashfxp

[ 2016-03-25T17:46:29+08:00 ] 211.103.255.175 /ĞÂ½¨ÎÄ¼ş¼Ğ.rar
INFO: [ app_init ] --START--
INFO: Run Behavior\BuildLiteBehavior [ RunTime:0.000016s ]
INFO: [ app_init ] --END-- [ RunTime:0.000361s ]
ERR: æ— æ³•åŠ è½½æ¨¡å—:ĞÂ½¨ÎÄ¼ş¼Ğ

[ 2016-03-25T17:46:29+08:00 ] 211.103.255.175 /ĞÂ½¨ÎÄ¼ş¼Ğ.zip
INFO: [ app_init ] --START--
INFO: Run Behavior\BuildLiteBehavior [ RunTime:0.000016s ]
INFO: [ app_init ] --END-- [ RunTime:0.000349s ]
ERR: æ— æ³•åŠ è½½æ¨¡å—:ĞÂ½¨ÎÄ¼ş¼Ğ

[ 2016-03-25T17:46:29+08:00 ] 211.103.255.175 /qq.rar
INFO: [ app_init ] --START--
INFO: Run Behavior\BuildLiteBehavior [ RunTime:0.000016s ]
INFO: [ app_init ] --END-- [ RunTime:0.000300s ]
ERR: æ— æ³•åŠ è½½æ¨¡å—:Qq

[ 2016-03-25T17:46:29+08:00 ] 211.103.255.175 /qq.zip
INFO: [ app_init ] --START--
INFO: Run Behavior\BuildLiteBehavior [ RunTime:0.000016s ]
INFO: [ app_init ] --END-- [ RunTime:0.000311s ]
ERR: æ— æ³•åŠ è½½æ¨¡å—:Qq

[ 2016-03-25T17:46:29+08:00 ] 211.103.255.175 /1.zip
INFO: [ app_init ] --START--
INFO: Run Behavior\BuildLiteBehavior [ RunTime:0.000014s ]
INFO: [ app_init ] --END-- [ RunTime:0.000293s ]
ERR: æ— æ³•åŠ è½½æ¨¡å—:1

[ 2016-03-25T17:46:30+08:00 ] 211.103.255.175 /1.rar
INFO: [ app_init ] --START--
INFO: Run Behavior\BuildLiteBehavior [ RunTime:0.000016s ]
INFO: [ app_init ] --END-- [ RunTime:0.000370s ]
ERR: æ— æ³•åŠ è½½æ¨¡å—:1

[ 2016-03-25T17:46:30+08:00 ] 211.103.255.175 /2.zip
INFO: [ app_init ] --START--
INFO: Run Behavior\BuildLiteBehavior [ RunTime:0.000015s ]
INFO: [ app_init ] --END-- [ RunTime:0.000296s ]
ERR: æ— æ³•åŠ è½½æ¨¡å—:2

[ 2016-03-25T17:46:30+08:00 ] 211.103.255.175 /2.rar
INFO: [ app_init ] --START--
INFO: Run Behavior\BuildLiteBehavior [ RunTime:0.000015s ]
INFO: [ app_init ] --END-- [ RunTime:0.000353s ]
ERR: æ— æ³•åŠ è½½æ¨¡å—:2

[ 2016-03-25T17:46:30+08:00 ] 211.103.255.175 /3.zip
INFO: [ app_init ] --START--
INFO: Run Behavior\BuildLiteBehavior [ RunTime:0.000015s ]
INFO: [ app_init ] --END-- [ RunTime:0.000347s ]
ERR: æ— æ³•åŠ è½½æ¨¡å—:3

[ 2016-03-25T17:46:30+08:00 ] 211.103.255.175 /3.rar
INFO: [ app_init ] --START--
INFO: Run Behavior\BuildLiteBehavior [ RunTime:0.000014s ]
INFO: [ app_init ] --END-- [ RunTime:0.000299s ]
ERR: æ— æ³•åŠ è½½æ¨¡å—:3

[ 2016-03-25T17:46:30+08:00 ] 211.103.255.175 /wwwroot.rar
INFO: [ app_init ] --START--
INFO: Run Behavior\BuildLiteBehavior [ RunTime:0.000065s ]
INFO: [ app_init ] --END-- [ RunTime:0.000396s ]
ERR: æ— æ³•åŠ è½½æ¨¡å—:Wwwroot

[ 2016-03-25T17:46:30+08:00 ] 211.103.255.175 /wwwroot.zip
INFO: [ app_init ] --START--
INFO: Run Behavior\BuildLiteBehavior [ RunTime:0.000015s ]
INFO: [ app_init ] --END-- [ RunTime:0.000301s ]
ERR: æ— æ³•åŠ è½½æ¨¡å—:Wwwroot

[ 2016-03-25T17:46:30+08:00 ] 211.103.255.175 /HYTop.mdb
INFO: [ app_init ] --START--
INFO: Run Behavior\BuildLiteBehavior [ RunTime:0.000023s ]
INFO: [ app_init ] --END-- [ RunTime:0.000323s ]
ERR: æ— æ³•åŠ è½½æ¨¡å—:HYTop

[ 2016-03-25T17:46:30+08:00 ] 211.103.255.175 /www.rar
INFO: [ app_init ] --START--
INFO: Run Behavior\BuildLiteBehavior [ RunTime:0.000017s ]
INFO: [ app_init ] --END-- [ RunTime:0.000306s ]
ERR: æ— æ³•åŠ è½½æ¨¡å—:Www

[ 2016-03-25T17:46:30+08:00 ] 211.103.255.175 /www.zip
INFO: [ app_init ] --START--
INFO: Run Behavior\BuildLiteBehavior [ RunTime:0.000017s ]
INFO: [ app_init ] --END-- [ RunTime:0.000349s ]
ERR: æ— æ³•åŠ è½½æ¨¡å—:Www

[ 2016-03-25T17:46:31+08:00 ] 211.103.255.175 /web.rar
INFO: [ app_init ] --START--
INFO: Run Behavior\BuildLiteBehavior [ RunTime:0.000017s ]
INFO: [ app_init ] --END-- [ RunTime:0.000367s ]
ERR: æ— æ³•åŠ è½½æ¨¡å—:Web

[ 2016-03-25T17:46:31+08:00 ] 211.103.255.175 /web.zip
INFO: [ app_init ] --START--
INFO: Run Behavior\BuildLiteBehavior [ RunTime:0.000015s ]
INFO: [ app_init ] --END-- [ RunTime:0.000424s ]
ERR: æ— æ³•åŠ è½½æ¨¡å—:Web

[ 2016-03-25T17:46:31+08:00 ] 211.103.255.175 /www.scausy.cn.rar
INFO: [ app_init ] --START--
INFO: Run Behavior\BuildLiteBehavior [ RunTime:0.000016s ]
INFO: [ app_init ] --END-- [ RunTime:0.000303s ]
ERR: æ— æ³•åŠ è½½æ¨¡å—:Www.scausy.cn

[ 2016-03-25T17:46:31+08:00 ] 211.103.255.175 /www.scausy.cn.zip
INFO: [ app_init ] --START--
INFO: Run Behavior\BuildLiteBehavior [ RunTime:0.000015s ]
INFO: [ app_init ] --END-- [ RunTime:0.000351s ]
ERR: æ— æ³•åŠ è½½æ¨¡å—:Www.scausy.cn

[ 2016-03-25T17:46:31+08:00 ] 211.103.255.175 /wwwscausycn.rar
INFO: [ app_init ] --START--
INFO: Run Behavior\BuildLiteBehavior [ RunTime:0.000015s ]
INFO: [ app_init ] --END-- [ RunTime:0.000384s ]
ERR: æ— æ³•åŠ è½½æ¨¡å—:Wwwscausycn

[ 2016-03-25T17:46:31+08:00 ] 211.103.255.175 /wwwscausycn.zip
INFO: [ app_init ] --START--
INFO: Run Behavior\BuildLiteBehavior [ RunTime:0.000017s ]
INFO: [ app_init ] --END-- [ RunTime:0.000313s ]
ERR: æ— æ³•åŠ è½½æ¨¡å—:Wwwscausycn

[ 2016-03-25T17:46:31+08:00 ] 211.103.255.175 /scausy.cn.rar
INFO: [ app_init ] --START--
INFO: Run Behavior\BuildLiteBehavior [ RunTime:0.000024s ]
INFO: [ app_init ] --END-- [ RunTime:0.000576s ]
ERR: æ— æ³•åŠ è½½æ¨¡å—:Scausy.cn

[ 2016-03-25T17:46:31+08:00 ] 211.103.255.175 /scausy.cn.zip
INFO: [ app_init ] --START--
INFO: Run Behavior\BuildLiteBehavior [ RunTime:0.000019s ]
INFO: [ app_init ] --END-- [ RunTime:0.000399s ]
ERR: æ— æ³•åŠ è½½æ¨¡å—:Scausy.cn

[ 2016-03-25T17:46:31+08:00 ] 211.103.255.175 /scausy.rar
INFO: [ app_init ] --START--
INFO: Run Behavior\BuildLiteBehavior [ RunTime:0.000016s ]
INFO: [ app_init ] --END-- [ RunTime:0.000297s ]
ERR: æ— æ³•åŠ è½½æ¨¡å—:Scausy

[ 2016-03-25T17:46:32+08:00 ] 211.103.255.175 /scausy.zip
INFO: [ app_init ] --START--
INFO: Run Behavior\BuildLiteBehavior [ RunTime:0.000017s ]
INFO: [ app_init ] --END-- [ RunTime:0.000303s ]
ERR: æ— æ³•åŠ è½½æ¨¡å—:Scausy

[ 2016-03-25T17:46:32+08:00 ] 211.103.255.175 /www_scausy_cn.zip
INFO: [ app_init ] --START--
INFO: Run Behavior\BuildLiteBehavior [ RunTime:0.000030s ]
INFO: [ app_init ] --END-- [ RunTime:0.000562s ]
ERR: æ— æ³•åŠ è½½æ¨¡å—:Www_scausy_cn

[ 2016-03-25T17:46:32+08:00 ] 211.103.255.175 /www_scausy_cn.rar
INFO: [ app_init ] --START--
INFO: Run Behavior\BuildLiteBehavior [ RunTime:0.000015s ]
INFO: [ app_init ] --END-- [ RunTime:0.000294s ]
ERR: æ— æ³•åŠ è½½æ¨¡å—:Www_scausy_cn

[ 2016-03-25T17:46:32+08:00 ] 211.103.255.175 /2010.rar
INFO: [ app_init ] --START--
INFO: Run Behavior\BuildLiteBehavior [ RunTime:0.000015s ]
INFO: [ app_init ] --END-- [ RunTime:0.000289s ]
ERR: æ— æ³•åŠ è½½æ¨¡å—:2010

[ 2016-03-25T17:46:32+08:00 ] 211.103.255.175 /2010.zip
INFO: [ app_init ] --START--
INFO: Run Behavior\BuildLiteBehavior [ RunTime:0.000015s ]
INFO: [ app_init ] --END-- [ RunTime:0.000348s ]
ERR: æ— æ³•åŠ è½½æ¨¡å—:2010

[ 2016-03-25T17:46:32+08:00 ] 211.103.255.175 /2011.rar
INFO: [ app_init ] --START--
INFO: Run Behavior\BuildLiteBehavior [ RunTime:0.000014s ]
INFO: [ app_init ] --END-- [ RunTime:0.000294s ]
ERR: æ— æ³•åŠ è½½æ¨¡å—:2011

[ 2016-03-25T17:46:32+08:00 ] 211.103.255.175 /2011.zip
INFO: [ app_init ] --START--
INFO: Run Behavior\BuildLiteBehavior [ RunTime:0.000016s ]
INFO: [ app_init ] --END-- [ RunTime:0.000381s ]
ERR: æ— æ³•åŠ è½½æ¨¡å—:2011

[ 2016-03-25T17:46:32+08:00 ] 211.103.255.175 /2012.rar
INFO: [ app_init ] --START--
INFO: Run Behavior\BuildLiteBehavior [ RunTime:0.000016s ]
INFO: [ app_init ] --END-- [ RunTime:0.000380s ]
ERR: æ— æ³•åŠ è½½æ¨¡å—:2012

[ 2016-03-25T17:46:32+08:00 ] 211.103.255.175 /2012.zip
INFO: [ app_init ] --START--
INFO: Run Behavior\BuildLiteBehavior [ RunTime:0.000016s ]
INFO: [ app_init ] --END-- [ RunTime:0.000316s ]
ERR: æ— æ³•åŠ è½½æ¨¡å—:2012

[ 2016-03-25T17:46:33+08:00 ] 211.103.255.175 /2013.rar
INFO: [ app_init ] --START--
INFO: Run Behavior\BuildLiteBehavior [ RunTime:0.000021s ]
INFO: [ app_init ] --END-- [ RunTime:0.000333s ]
ERR: æ— æ³•åŠ è½½æ¨¡å—:2013

[ 2016-03-25T17:46:33+08:00 ] 211.103.255.175 /2013.zip
INFO: [ app_init ] --START--
INFO: Run Behavior\BuildLiteBehavior [ RunTime:0.000015s ]
INFO: [ app_init ] --END-- [ RunTime:0.000300s ]
ERR: æ— æ³•åŠ è½½æ¨¡å—:2013

[ 2016-03-25T17:46:33+08:00 ] 211.103.255.175 /bf.rar
INFO: [ app_init ] --START--
INFO: Run Behavior\BuildLiteBehavior [ RunTime:0.000015s ]
INFO: [ app_init ] --END-- [ RunTime:0.000291s ]
ERR: æ— æ³•åŠ è½½æ¨¡å—:Bf

[ 2016-03-25T17:46:33+08:00 ] 211.103.255.175 /bf.zip
INFO: [ app_init ] --START--
INFO: Run Behavior\BuildLiteBehavior [ RunTime:0.000015s ]
INFO: [ app_init ] --END-- [ RunTime:0.000291s ]
ERR: æ— æ³•åŠ è½½æ¨¡å—:Bf

[ 2016-03-25T17:46:33+08:00 ] 211.103.255.175 /ÍøÕ¾.rar
INFO: [ app_init ] --START--
INFO: Run Behavior\BuildLiteBehavior [ RunTime:0.000015s ]
INFO: [ app_init ] --END-- [ RunTime:0.000298s ]
ERR: æ— æ³•åŠ è½½æ¨¡å—:ÍøÕ¾

[ 2016-03-25T17:46:33+08:00 ] 211.103.255.175 /ÍøÕ¾.zip
INFO: [ app_init ] --START--
INFO: Run Behavior\BuildLiteBehavior [ RunTime:0.000015s ]
INFO: [ app_init ] --END-- [ RunTime:0.000295s ]
ERR: æ— æ³•åŠ è½½æ¨¡å—:ÍøÕ¾

[ 2016-03-25T17:46:33+08:00 ] 211.103.255.175 /±¸·İ.zip
INFO: [ app_init ] --START--
INFO: Run Behavior\BuildLiteBehavior [ RunTime:0.000065s ]
INFO: [ app_init ] --END-- [ RunTime:0.000348s ]
ERR: æ— æ³•åŠ è½½æ¨¡å—:±¸·İ

[ 2016-03-25T17:46:33+08:00 ] 211.103.255.175 /±¸·İ.rar
INFO: [ app_init ] --START--
INFO: Run Behavior\BuildLiteBehavior [ RunTime:0.000015s ]
INFO: [ app_init ] --END-- [ RunTime:0.000301s ]
ERR: æ— æ³•åŠ è½½æ¨¡å—:±¸·İ

[ 2016-03-25T17:46:33+08:00 ] 211.103.255.175 /´ò°ü.rar
INFO: [ app_init ] --START--
INFO: Run Behavior\BuildLiteBehavior [ RunTime:0.000021s ]
INFO: [ app_init ] --END-- [ RunTime:0.000377s ]
ERR: æ— æ³•åŠ è½½æ¨¡å—:´ò°ü

[ 2016-03-25T17:46:33+08:00 ] 211.103.255.175 /´ò°ü.zip
INFO: [ app_init ] --START--
INFO: Run Behavior\BuildLiteBehavior [ RunTime:0.000015s ]
INFO: [ app_init ] --END-- [ RunTime:0.000346s ]
ERR: æ— æ³•åŠ è½½æ¨¡å—:´ò°ü

[ 2016-03-25T17:46:34+08:00 ] 211.103.255.175 /Èí¼ş.rar
INFO: [ app_init ] --START--
INFO: Run Behavior\BuildLiteBehavior [ RunTime:0.000017s ]
INFO: [ app_init ] --END-- [ RunTime:0.000359s ]
ERR: æ— æ³•åŠ è½½æ¨¡å—:Èí¼ş

[ 2016-03-25T17:46:34+08:00 ] 211.103.255.175 /Èí¼ş.zip
INFO: [ app_init ] --START--
INFO: Run Behavior\BuildLiteBehavior [ RunTime:0.000016s ]
INFO: [ app_init ] --END-- [ RunTime:0.000352s ]
ERR: æ— æ³•åŠ è½½æ¨¡å—:Èí¼ş

[ 2016-03-25T17:46:34+08:00 ] 211.103.255.175 /¹«Ë¾ÍøÕ¾.zip
INFO: [ app_init ] --START--
INFO: Run Behavior\BuildLiteBehavior [ RunTime:0.000016s ]
INFO: [ app_init ] --END-- [ RunTime:0.000305s ]
ERR: æ— æ³•åŠ è½½æ¨¡å—:¹«Ë¾ÍøÕ¾

[ 2016-03-25T17:46:34+08:00 ] 211.103.255.175 /¹«Ë¾ÍøÕ¾.rar
INFO: [ app_init ] --START--
INFO: Run Behavior\BuildLiteBehavior [ RunTime:0.000015s ]
INFO: [ app_init ] --END-- [ RunTime:0.000303s ]
ERR: æ— æ³•åŠ è½½æ¨¡å—:¹«Ë¾ÍøÕ¾

[ 2016-03-25T17:46:34+08:00 ] 211.103.255.175 /11.zip
INFO: [ app_init ] --START--
INFO: Run Behavior\BuildLiteBehavior [ RunTime:0.000014s ]
INFO: [ app_init ] --END-- [ RunTime:0.000303s ]
ERR: æ— æ³•åŠ è½½æ¨¡å—:11

[ 2016-03-25T17:46:34+08:00 ] 211.103.255.175 /11.rar
INFO: [ app_init ] --START--
INFO: Run Behavior\BuildLiteBehavior [ RunTime:0.000016s ]
INFO: [ app_init ] --END-- [ RunTime:0.000297s ]
ERR: æ— æ³•åŠ è½½æ¨¡å—:11

[ 2016-03-25T17:46:34+08:00 ] 211.103.255.175 /22.rar
INFO: [ app_init ] --START--
INFO: Run Behavior\BuildLiteBehavior [ RunTime:0.000016s ]
INFO: [ app_init ] --END-- [ RunTime:0.000370s ]
ERR: æ— æ³•åŠ è½½æ¨¡å—:22

[ 2016-03-25T17:46:34+08:00 ] 211.103.255.175 /22.zip
INFO: [ app_init ] --START--
INFO: Run Behavior\BuildLiteBehavior [ RunTime:0.000017s ]
INFO: [ app_init ] --END-- [ RunTime:0.000316s ]
ERR: æ— æ³•åŠ è½½æ¨¡å—:22

[ 2016-03-25T17:46:34+08:00 ] 211.103.255.175 /33.zip
INFO: [ app_init ] --START--
INFO: Run Behavior\BuildLiteBehavior [ RunTime:0.000018s ]
INFO: [ app_init ] --END-- [ RunTime:0.000315s ]
ERR: æ— æ³•åŠ è½½æ¨¡å—:33

[ 2016-03-25T17:46:35+08:00 ] 211.103.255.175 /33.rar
INFO: [ app_init ] --START--
INFO: Run Behavior\BuildLiteBehavior [ RunTime:0.000067s ]
INFO: [ app_init ] --END-- [ RunTime:0.000382s ]
ERR: æ— æ³•åŠ è½½æ¨¡å—:33

[ 2016-03-25T17:46:35+08:00 ] 211.103.255.175 /44.zip
INFO: [ app_init ] --START--
INFO: Run Behavior\BuildLiteBehavior [ RunTime:0.000016s ]
INFO: [ app_init ] --END-- [ RunTime:0.000304s ]
ERR: æ— æ³•åŠ è½½æ¨¡å—:44

[ 2016-03-25T17:46:35+08:00 ] 211.103.255.175 /44.rar
INFO: [ app_init ] --START--
INFO: Run Behavior\BuildLiteBehavior [ RunTime:0.000023s ]
INFO: [ app_init ] --END-- [ RunTime:0.000435s ]
ERR: æ— æ³•åŠ è½½æ¨¡å—:44

[ 2016-03-25T17:46:35+08:00 ] 211.103.255.175 /55.zip
INFO: [ app_init ] --START--
INFO: Run Behavior\BuildLiteBehavior [ RunTime:0.000015s ]
INFO: [ app_init ] --END-- [ RunTime:0.000302s ]
ERR: æ— æ³•åŠ è½½æ¨¡å—:55

[ 2016-03-25T17:46:35+08:00 ] 211.103.255.175 /55.rar
INFO: [ app_init ] --START--
INFO: Run Behavior\BuildLiteBehavior [ RunTime:0.000017s ]
INFO: [ app_init ] --END-- [ RunTime:0.000359s ]
ERR: æ— æ³•åŠ è½½æ¨¡å—:55

[ 2016-03-25T17:46:35+08:00 ] 211.103.255.175 /66.rar
INFO: [ app_init ] --START--
INFO: Run Behavior\BuildLiteBehavior [ RunTime:0.000016s ]
INFO: [ app_init ] --END-- [ RunTime:0.000300s ]
ERR: æ— æ³•åŠ è½½æ¨¡å—:66

[ 2016-03-25T17:46:35+08:00 ] 211.103.255.175 /66.zip
INFO: [ app_init ] --START--
INFO: Run Behavior\BuildLiteBehavior [ RunTime:0.000016s ]
INFO: [ app_init ] --END-- [ RunTime:0.000353s ]
ERR: æ— æ³•åŠ è½½æ¨¡å—:66

[ 2016-03-25T17:46:35+08:00 ] 211.103.255.175 /77.zip
INFO: [ app_init ] --START--
INFO: Run Behavior\BuildLiteBehavior [ RunTime:0.000024s ]
INFO: [ app_init ] --END-- [ RunTime:0.000563s ]
ERR: æ— æ³•åŠ è½½æ¨¡å—:77

[ 2016-03-25T17:46:35+08:00 ] 211.103.255.175 /77.rar
INFO: [ app_init ] --START--
INFO: Run Behavior\BuildLiteBehavior [ RunTime:0.000015s ]
INFO: [ app_init ] --END-- [ RunTime:0.000299s ]
ERR: æ— æ³•åŠ è½½æ¨¡å—:77

[ 2016-03-25T17:46:36+08:00 ] 211.103.255.175 /88.rar
INFO: [ app_init ] --START--
INFO: Run Behavior\BuildLiteBehavior [ RunTime:0.000031s ]
INFO: [ app_init ] --END-- [ RunTime:0.000591s ]
ERR: æ— æ³•åŠ è½½æ¨¡å—:88

[ 2016-03-25T17:46:36+08:00 ] 211.103.255.175 /88.zip
INFO: [ app_init ] --START--
INFO: Run Behavior\BuildLiteBehavior [ RunTime:0.000017s ]
INFO: [ app_init ] --END-- [ RunTime:0.000308s ]
ERR: æ— æ³•åŠ è½½æ¨¡å—:88

[ 2016-03-25T17:46:36+08:00 ] 211.103.255.175 /99.zip
INFO: [ app_init ] --START--
INFO: Run Behavior\BuildLiteBehavior [ RunTime:0.000015s ]
INFO: [ app_init ] --END-- [ RunTime:0.000300s ]
ERR: æ— æ³•åŠ è½½æ¨¡å—:99

[ 2016-03-25T17:46:36+08:00 ] 211.103.255.175 /99.rar
INFO: [ app_init ] --START--
INFO: Run Behavior\BuildLiteBehavior [ RunTime:0.000016s ]
INFO: [ app_init ] --END-- [ RunTime:0.000304s ]
ERR: æ— æ³•åŠ è½½æ¨¡å—:99

[ 2016-03-25T17:46:36+08:00 ] 211.103.255.175 /4.zip
INFO: [ app_init ] --START--
INFO: Run Behavior\BuildLiteBehavior [ RunTime:0.000016s ]
INFO: [ app_init ] --END-- [ RunTime:0.000353s ]
ERR: æ— æ³•åŠ è½½æ¨¡å—:4

[ 2016-03-25T17:46:36+08:00 ] 211.103.255.175 /4.rar
INFO: [ app_init ] --START--
INFO: Run Behavior\BuildLiteBehavior [ RunTime:0.000015s ]
INFO: [ app_init ] --END-- [ RunTime:0.000301s ]
ERR: æ— æ³•åŠ è½½æ¨¡å—:4

[ 2016-03-25T17:46:36+08:00 ] 211.103.255.175 /5.zip
INFO: [ app_init ] --START--
INFO: Run Behavior\BuildLiteBehavior [ RunTime:0.000016s ]
INFO: [ app_init ] --END-- [ RunTime:0.000354s ]
ERR: æ— æ³•åŠ è½½æ¨¡å—:5

[ 2016-03-25T17:46:36+08:00 ] 211.103.255.175 /5.rar
INFO: [ app_init ] --START--
INFO: Run Behavior\BuildLiteBehavior [ RunTime:0.000016s ]
INFO: [ app_init ] --END-- [ RunTime:0.000308s ]
ERR: æ— æ³•åŠ è½½æ¨¡å—:5

[ 2016-03-25T17:46:36+08:00 ] 211.103.255.175 /6.rar
INFO: [ app_init ] --START--
INFO: Run Behavior\BuildLiteBehavior [ RunTime:0.000016s ]
INFO: [ app_init ] --END-- [ RunTime:0.000295s ]
ERR: æ— æ³•åŠ è½½æ¨¡å—:6

[ 2016-03-25T17:46:36+08:00 ] 211.103.255.175 /6.zip
INFO: [ app_init ] --START--
INFO: Run Behavior\BuildLiteBehavior [ RunTime:0.000015s ]
INFO: [ app_init ] --END-- [ RunTime:0.000312s ]
ERR: æ— æ³•åŠ è½½æ¨¡å—:6

[ 2016-03-25T17:46:37+08:00 ] 211.103.255.175 /7.rar
INFO: [ app_init ] --START--
INFO: Run Behavior\BuildLiteBehavior [ RunTime:0.000016s ]
INFO: [ app_init ] --END-- [ RunTime:0.000356s ]
ERR: æ— æ³•åŠ è½½æ¨¡å—:7

[ 2016-03-25T17:46:37+08:00 ] 211.103.255.175 /7.zip
INFO: [ app_init ] --START--
INFO: Run Behavior\BuildLiteBehavior [ RunTime:0.000016s ]
INFO: [ app_init ] --END-- [ RunTime:0.000369s ]
ERR: æ— æ³•åŠ è½½æ¨¡å—:7

[ 2016-03-25T17:46:37+08:00 ] 211.103.255.175 /8.rar
INFO: [ app_init ] --START--
INFO: Run Behavior\BuildLiteBehavior [ RunTime:0.000016s ]
INFO: [ app_init ] --END-- [ RunTime:0.000304s ]
ERR: æ— æ³•åŠ è½½æ¨¡å—:8

[ 2016-03-25T17:46:37+08:00 ] 211.103.255.175 /8.zip
INFO: [ app_init ] --START--
INFO: Run Behavior\BuildLiteBehavior [ RunTime:0.000015s ]
INFO: [ app_init ] --END-- [ RunTime:0.000302s ]
ERR: æ— æ³•åŠ è½½æ¨¡å—:8

[ 2016-03-25T17:46:37+08:00 ] 211.103.255.175 /9.rar
INFO: [ app_init ] --START--
INFO: Run Behavior\BuildLiteBehavior [ RunTime:0.000016s ]
INFO: [ app_init ] --END-- [ RunTime:0.000297s ]
ERR: æ— æ³•åŠ è½½æ¨¡å—:9

[ 2016-03-25T17:46:37+08:00 ] 211.103.255.175 /9.zip
INFO: [ app_init ] --START--
INFO: Run Behavior\BuildLiteBehavior [ RunTime:0.000029s ]
INFO: [ app_init ] --END-- [ RunTime:0.000621s ]
ERR: æ— æ³•åŠ è½½æ¨¡å—:9

[ 2016-03-25T17:46:38+08:00 ] 211.103.255.175 /00.rar
INFO: [ app_init ] --START--
INFO: Run Behavior\BuildLiteBehavior [ RunTime:0.000015s ]
INFO: [ app_init ] --END-- [ RunTime:0.000305s ]
ERR: æ— æ³•åŠ è½½æ¨¡å—:00

[ 2016-03-25T17:46:38+08:00 ] 211.103.255.175 /00.zip
INFO: [ app_init ] --START--
INFO: Run Behavior\BuildLiteBehavior [ RunTime:0.000020s ]
INFO: [ app_init ] --END-- [ RunTime:0.000363s ]
ERR: æ— æ³•åŠ è½½æ¨¡å—:00

[ 2016-03-25T17:46:38+08:00 ] 211.103.255.175 /000.rar
INFO: [ app_init ] --START--
INFO: Run Behavior\BuildLiteBehavior [ RunTime:0.000016s ]
INFO: [ app_init ] --END-- [ RunTime:0.000308s ]
ERR: æ— æ³•åŠ è½½æ¨¡å—:000

[ 2016-03-25T17:46:38+08:00 ] 211.103.255.175 /000.zip
INFO: [ app_init ] --START--
INFO: Run Behavior\BuildLiteBehavior [ RunTime:0.000015s ]
INFO: [ app_init ] --END-- [ RunTime:0.000304s ]
ERR: æ— æ³•åŠ è½½æ¨¡å—:000

[ 2016-03-25T17:46:39+08:00 ] 211.103.255.175 /ftp.rar
INFO: [ app_init ] --START--
INFO: Run Behavior\BuildLiteBehavior [ RunTime:0.000020s ]
INFO: [ app_init ] --END-- [ RunTime:0.000352s ]
ERR: æ— æ³•åŠ è½½æ¨¡å—:Ftp

[ 2016-03-25T17:46:39+08:00 ] 211.103.255.175 /ftp.zip
INFO: [ app_init ] --START--
INFO: Run Behavior\BuildLiteBehavior [ RunTime:0.000016s ]
INFO: [ app_init ] --END-- [ RunTime:0.000299s ]
ERR: æ— æ³•åŠ è½½æ¨¡å—:Ftp

[ 2016-03-25T17:46:39+08:00 ] 211.103.255.175 /fxp.rar
INFO: [ app_init ] --START--
INFO: Run Behavior\BuildLiteBehavior [ RunTime:0.000015s ]
INFO: [ app_init ] --END-- [ RunTime:0.000303s ]
ERR: æ— æ³•åŠ è½½æ¨¡å—:Fxp

[ 2016-03-25T17:46:39+08:00 ] 211.103.255.175 /fxp.zip
INFO: [ app_init ] --START--
INFO: Run Behavior\BuildLiteBehavior [ RunTime:0.000018s ]
INFO: [ app_init ] --END-- [ RunTime:0.000326s ]
ERR: æ— æ³•åŠ è½½æ¨¡å—:Fxp

[ 2016-03-25T17:46:39+08:00 ] 211.103.255.175 /ÃØÃÜ.rar
INFO: [ app_init ] --START--
INFO: Run Behavior\BuildLiteBehavior [ RunTime:0.000064s ]
INFO: [ app_init ] --END-- [ RunTime:0.000350s ]
ERR: æ— æ³•åŠ è½½æ¨¡å—:ÃØÃÜ

[ 2016-03-25T17:46:39+08:00 ] 211.103.255.175 /ÃØÃÜ.zip
INFO: [ app_init ] --START--
INFO: Run Behavior\BuildLiteBehavior [ RunTime:0.000015s ]
INFO: [ app_init ] --END-- [ RunTime:0.000383s ]
ERR: æ— æ³•åŠ è½½æ¨¡å—:ÃØÃÜ

[ 2016-03-25T17:46:39+08:00 ] 211.103.255.175 /¸öÈË.zip
INFO: [ app_init ] --START--
INFO: Run Behavior\BuildLiteBehavior [ RunTime:0.000015s ]
INFO: [ app_init ] --END-- [ RunTime:0.000560s ]
ERR: æ— æ³•åŠ è½½æ¨¡å—:¸öÈË

[ 2016-03-25T17:46:39+08:00 ] 211.103.255.175 /¸öÈË.rar
INFO: [ app_init ] --START--
INFO: Run Behavior\BuildLiteBehavior [ RunTime:0.000014s ]
INFO: [ app_init ] --END-- [ RunTime:0.000286s ]
ERR: æ— æ³•åŠ è½½æ¨¡å—:¸öÈË

[ 2016-03-25T17:46:39+08:00 ] 211.103.255.175 /ÕûÕ¾.rar
INFO: [ app_init ] --START--
INFO: Run Behavior\BuildLiteBehavior [ RunTime:0.000020s ]
INFO: [ app_init ] --END-- [ RunTime:0.000318s ]
ERR: æ— æ³•åŠ è½½æ¨¡å—:ÕûÕ¾

[ 2016-03-25T17:46:39+08:00 ] 211.103.255.175 /ÀÏÆÅ.rar
INFO: [ app_init ] --START--
INFO: Run Behavior\BuildLiteBehavior [ RunTime:0.000015s ]
INFO: [ app_init ] --END-- [ RunTime:0.000296s ]
ERR: æ— æ³•åŠ è½½æ¨¡å—:ÀÏÆÅ

[ 2016-03-25T17:46:39+08:00 ] 211.103.255.175 /Ïà²á.rar
INFO: [ app_init ] --START--
INFO: Run Behavior\BuildLiteBehavior [ RunTime:0.000015s ]
INFO: [ app_init ] --END-- [ RunTime:0.000352s ]
ERR: æ— æ³•åŠ è½½æ¨¡å—:Ïà²á

[ 2016-03-25T17:46:40+08:00 ] 211.103.255.175 /ÏµÍ³.rar
INFO: [ app_init ] --START--
INFO: Run Behavior\BuildLiteBehavior [ RunTime:0.000016s ]
INFO: [ app_init ] --END-- [ RunTime:0.000300s ]
ERR: æ— æ³•åŠ è½½æ¨¡å—:ÏµÍ³

[ 2016-03-25T17:46:40+08:00 ] 211.103.255.175 /ÏµÍ³.zip
INFO: [ app_init ] --START--
INFO: Run Behavior\BuildLiteBehavior [ RunTime:0.000015s ]
INFO: [ app_init ] --END-- [ RunTime:0.000339s ]
ERR: æ— æ³•åŠ è½½æ¨¡å—:ÏµÍ³

[ 2016-03-25T17:46:40+08:00 ] 211.103.255.175 /xitong.rar
INFO: [ app_init ] --START--
INFO: Run Behavior\BuildLiteBehavior [ RunTime:0.000016s ]
INFO: [ app_init ] --END-- [ RunTime:0.000306s ]
ERR: æ— æ³•åŠ è½½æ¨¡å—:Xitong

[ 2016-03-25T19:23:04+08:00 ] 42.156.138.37 /robots.txt
INFO: [ app_init ] --START--
INFO: Run Behavior\BuildLiteBehavior [ RunTime:0.000016s ]
INFO: [ app_init ] --END-- [ RunTime:0.000364s ]
ERR: æ— æ³•åŠ è½½æ¨¡å—:Robots

[ 2016-03-25T19:39:42+08:00 ] 66.249.69.36 /robots.txt
INFO: [ app_init ] --START--
INFO: Run Behavior\BuildLiteBehavior [ RunTime:0.000016s ]
INFO: [ app_init ] --END-- [ RunTime:0.000307s ]
ERR: æ— æ³•åŠ è½½æ¨¡å—:Robots

[ 2016-03-25T19:52:57+08:00 ] 42.62.37.19 /robots.txt
INFO: [ app_init ] --START--
INFO: Run Behavior\BuildLiteBehavior [ RunTime:0.000015s ]
INFO: [ app_init ] --END-- [ RunTime:0.000311s ]
ERR: æ— æ³•åŠ è½½æ¨¡å—:Robots

[ 2016-03-25T22:12:13+08:00 ] 42.62.36.71 /robots.txt
INFO: [ app_init ] --START--
INFO: Run Behavior\BuildLiteBehavior [ RunTime:0.000016s ]
INFO: [ app_init ] --END-- [ RunTime:0.000359s ]
ERR: æ— æ³•åŠ è½½æ¨¡å—:Robots

