[ 2016-02-02T03:19:03+08:00 ] 123.125.71.91 /robots.txt
INFO: [ app_init ] --START--
INFO: Run Behavior\BuildLiteBehavior [ RunTime:0.000016s ]
INFO: [ app_init ] --END-- [ RunTime:0.000354s ]
ERR: 无法加载模块:Robots

[ 2016-02-02T08:08:41+08:00 ] 203.208.60.135 /robots.txt
INFO: [ app_init ] --START--
INFO: Run Behavior\BuildLiteBehavior [ RunTime:0.000016s ]
INFO: [ app_init ] --END-- [ RunTime:0.000380s ]
ERR: 无法加载模块:Robots

[ 2016-02-02T10:58:22+08:00 ] 61.135.189.110 /robots.txt
INFO: [ app_init ] --START--
INFO: Run Behavior\BuildLiteBehavior [ RunTime:0.000016s ]
INFO: [ app_init ] --END-- [ RunTime:0.000314s ]
ERR: 无法加载模块:Robots

[ 2016-02-02T13:01:58+08:00 ] 157.55.39.202 /robots.txt
INFO: [ app_init ] --START--
INFO: Run Behavior\BuildLiteBehavior [ RunTime:0.000015s ]
INFO: [ app_init ] --END-- [ RunTime:0.000302s ]
ERR: 无法加载模块:Robots

[ 2016-02-02T14:37:26+08:00 ] 42.62.36.76 /robots.txt
INFO: [ app_init ] --START--
INFO: Run Behavior\BuildLiteBehavior [ RunTime:0.000016s ]
INFO: [ app_init ] --END-- [ RunTime:0.000300s ]
ERR: 无法加载模块:Robots

[ 2016-02-02T14:37:35+08:00 ] 192.99.107.175 /robots.txt
INFO: [ app_init ] --START--
INFO: Run Behavior\BuildLiteBehavior [ RunTime:0.000017s ]
INFO: [ app_init ] --END-- [ RunTime:0.000305s ]
ERR: 无法加载模块:Robots

[ 2016-02-02T14:43:29+08:00 ] 111.13.102.139 /robots.txt
INFO: [ app_init ] --START--
INFO: Run Behavior\BuildLiteBehavior [ RunTime:0.000016s ]
INFO: [ app_init ] --END-- [ RunTime:0.000305s ]
ERR: 无法加载模块:Robots

[ 2016-02-02T18:26:18+08:00 ] 42.62.36.231 /robots.txt
INFO: [ app_init ] --START--
INFO: Run Behavior\BuildLiteBehavior [ RunTime:0.000015s ]
INFO: [ app_init ] --END-- [ RunTime:0.000297s ]
ERR: 无法加载模块:Robots

[ 2016-02-02T19:53:24+08:00 ] 203.208.60.179 /robots.txt
INFO: [ app_init ] --START--
INFO: Run Behavior\BuildLiteBehavior [ RunTime:0.000015s ]
INFO: [ app_init ] --END-- [ RunTime:0.000362s ]
ERR: 无法加载模块:Robots

[ 2016-02-02T20:17:00+08:00 ] 42.62.37.11 /robots.txt
INFO: [ app_init ] --START--
INFO: Run Behavior\BuildLiteBehavior [ RunTime:0.000020s ]
INFO: [ app_init ] --END-- [ RunTime:0.000383s ]
ERR: 无法加载模块:Robots

[ 2016-02-02T20:51:05+08:00 ] 203.208.60.127 /robots.txt
INFO: [ app_init ] --START--
INFO: Run Behavior\BuildLiteBehavior [ RunTime:0.000016s ]
INFO: [ app_init ] --END-- [ RunTime:0.000302s ]
ERR: 无法加载模块:Robots

